   37492	[INFO]	XnLog.cpp	161	OpenNI version is 1.1.0 (Build 41)-MacOSX (Jul  9 2011 14:48:28)
   37585	[INFO]	XnLog.cpp	169	Log system initialized. Console: 1, File: 1, Severity: VERBOSE, Masks: ALL
   52464	[INFO]	XnLog.cpp	169	Log system initialized. Console: 1, File: 1, Severity: VERBOSE, Masks: ALL
   53620	[VERBOSE]	XnModuleLoader.cpp	288	Checking ./../../../data/openni/lib/libnimMockNodes.dylib...
   54196	[VERBOSE]	XnModuleLoader.cpp	446	Found exported production node. ProductionNode: OpenNI/Mock/1.1.0.41
   54351	[VERBOSE]	XnModuleLoader.cpp	446	Found exported production node. Generator: OpenNI/Mock/1.1.0.41
   54430	[VERBOSE]	XnModuleLoader.cpp	446	Found exported production node. MapGenerator: OpenNI/Mock/1.1.0.41
   54581	[VERBOSE]	XnModuleLoader.cpp	446	Found exported production node. Device: OpenNI/Mock/1.1.0.41
   54657	[VERBOSE]	XnModuleLoader.cpp	446	Found exported production node. Depth: OpenNI/Mock/1.1.0.41
   54732	[VERBOSE]	XnModuleLoader.cpp	446	Found exported production node. IR: OpenNI/Mock/1.1.0.41
   54815	[VERBOSE]	XnModuleLoader.cpp	446	Found exported production node. Image: OpenNI/Mock/1.1.0.41
   54908	[VERBOSE]	XnModuleLoader.cpp	446	Found exported production node. Audio: OpenNI/Mock/1.1.0.41
   55010	[VERBOSE]	XnModuleLoader.cpp	288	Checking ./../../../data/openni/lib/libnimCodecs.dylib...
   55303	[VERBOSE]	XnModuleLoader.cpp	446	Found exported production node. Codec: OpenNI/16zP/1.1.0.41
   55369	[VERBOSE]	XnModuleLoader.cpp	446	Found exported production node. Codec: OpenNI/16zT/1.1.0.41
   55398	[VERBOSE]	XnModuleLoader.cpp	446	Found exported production node. Codec: OpenNI/Im8z/1.1.0.41
   55420	[VERBOSE]	XnModuleLoader.cpp	446	Found exported production node. Codec: OpenNI/JPEG/1.1.0.41
   55444	[VERBOSE]	XnModuleLoader.cpp	446	Found exported production node. Codec: OpenNI/NONE/1.1.0.41
   55465	[VERBOSE]	XnModuleLoader.cpp	288	Checking ./../../../data/openni/lib/libnimRecorder.dylib...
   55559	[VERBOSE]	XnModuleLoader.cpp	446	Found exported production node. Recorder: OpenNI/Recorder/1.1.0.41
   55591	[VERBOSE]	XnModuleLoader.cpp	446	Found exported production node. Player: OpenNI/Player/1.1.0.41
   55625	[VERBOSE]	XnModuleLoader.cpp	288	Checking ./../../../data/openni/lib/libXnDeviceSensorV2KM.dylib...
   71648	[VERBOSE]	XnModuleLoader.cpp	446	Found exported production node. Device: PrimeSense/SensorKinect/5.0.1.32
   71724	[VERBOSE]	XnModuleLoader.cpp	446	Found exported production node. Depth: PrimeSense/SensorKinect/5.0.1.32
   71749	[VERBOSE]	XnModuleLoader.cpp	446	Found exported production node. Image: PrimeSense/SensorKinect/5.0.1.32
   71766	[VERBOSE]	XnModuleLoader.cpp	446	Found exported production node. IR: PrimeSense/SensorKinect/5.0.1.32
   71811	[VERBOSE]	XnModuleLoader.cpp	446	Found exported production node. Audio: PrimeSense/SensorKinect/5.0.1.32
   71830	[VERBOSE]	XnModuleLoader.cpp	288	Checking ./../../../data/openni/lib/libXnVFeatures_1_3_1.dylib...
   71980	[VERBOSE]	XnModuleLoader.cpp	446	Found exported production node. Scene: PrimeSense/XnVSceneAnalyzer/1.3.1.4
   72012	[VERBOSE]	XnModuleLoader.cpp	446	Found exported production node. User: PrimeSense/XnVSkeletonGenerator/1.3.1.4
   72045	[VERBOSE]	XnModuleLoader.cpp	288	Checking ./../../../data/openni/lib/libXnVHandGenerator_1_3_1.dylib...
   72153	[VERBOSE]	XnModuleLoader.cpp	446	Found exported production node. Gesture: PrimeSense/XnVGestureGenrator/1.3.1.4
   72194	[VERBOSE]	XnModuleLoader.cpp	446	Found exported production node. Hands: PrimeSense/XnVHandTracker/1.3.1.4
  112233	[VERBOSE]	XnXmlConfig.cpp	736	Requested to create a node of type Depth...
  112337	[VERBOSE]	XnUSBLinux-x86.cpp	83	Initializing USB...
  124147	[INFO]	XnUSBLinux-x86.cpp	94	USB is initialized.
 1429966	[INFO]	XnOpenNI.cpp	1258	Creating node 'Device1' of type Device: PrimeSense/SensorKinect/5.0.1.32...
 1431668	[VERBOSE]	XnSensor.cpp	837	Global configuration file './../../../data/openni/config//GlobalDefaultsKinect.ini' was not found.
 1431737	[VERBOSE]	XnSensor.cpp	157	Initializing device sensor...
 1431876	[VERBOSE]	XnDeviceModule.cpp	417	Configuring module 'Device' from section 'Device' in file './../../../data/openni/config//GlobalDefaultsKinect.ini'...
 1432029	[INFO]	XnDeviceModule.cpp	431	Module 'Device' configuration was loaded from file.
 1432117	[VERBOSE]	XnDeviceSensorIO.cpp	76	Connecting to USB device...
 1432146	[VERBOSE]	XnDeviceSensorIO.cpp	94	Trying to open sensor '045e/02ae@253/8'...
 2086783	[VERBOSE]	XnDeviceSensorIO.cpp	107	Trying to open endpoint 0x4 for control out (for old firmwares)...
 2086842	[INFO]	XnDeviceSensorIO.cpp	128	Connected to USB device
 2086868	[INFO]	XnProperty.cpp	151	Property Device.USBPath was changed to 045e/02ae@253/8.
 2146480	[VERBOSE]	XnHostProtocol.cpp	706	Getting hardware versions...
 2147846	[INFO]	XnHostProtocol.cpp	859	Hardware versions: FW=5.1.4 (7) HW=4 Chip=2 Sensor=4 SYS=7
 2160164	[VERBOSE]	XnHostProtocol.cpp	869	Requesting KeepAlive...
 2172593	[VERBOSE]	XnHostProtocol.cpp	880	Got KeepAlive Reply.
 2172662	[VERBOSE]	XnHostProtocol.cpp	1156	Setting mode to 3...
 2985251	[VERBOSE]	XnHostProtocol.cpp	869	Requesting KeepAlive...
 2997964	[VERBOSE]	XnHostProtocol.cpp	880	Got KeepAlive Reply.
 3010471	[VERBOSE]	XnProperty.cpp	151	Property Firmware.ReferenceResolution was changed to 2.
 3010517	[VERBOSE]	XnSensorFirmwareParams.cpp	282	Reading all params from firmware...
 3085179	[VERBOSE]	XnProperty.cpp	151	Property Firmware.DepthHoleFilter (22) was changed to 1.
 3085226	[VERBOSE]	XnProperty.cpp	151	Property Firmware.ImageSharpness (76) was changed to 50.
 3109966	[VERBOSE]	XnProperty.cpp	151	Property Firmware.DepthGain (21) was changed to 30.
 3122257	[VERBOSE]	XnProperty.cpp	151	Property Firmware.GMCMode (36) was changed to 1.
 3147322	[VERBOSE]	XnProperty.cpp	151	Property Firmware.DepthFPS (20) was changed to 30.
 3159956	[VERBOSE]	XnProperty.cpp	151	Property Firmware.DepthWhiteBalance (45) was changed to 1.
 3172392	[VERBOSE]	XnProperty.cpp	151	Property Firmware.DepthResolution (19) was changed to 1.
 3184544	[VERBOSE]	XnProperty.cpp	151	Property Firmware.DepthFormat (18) was changed to 3.
 3333870	[VERBOSE]	XnProperty.cpp	151	Property Firmware.ImageFlicker (17) was changed to 1.
 3383730	[VERBOSE]	XnProperty.cpp	151	Property Firmware.ImageFPS (14) was changed to 30.
 3408328	[VERBOSE]	XnProperty.cpp	151	Property Firmware.ImageResolution (13) was changed to 1.
 3544758	[VERBOSE]	XnSensorFirmwareParams.cpp	291	Firmware params were updated.
 3544846	[VERBOSE]	XnHostProtocol.cpp	989	Getting the fixed params...
 3558383	[VERBOSE]	XnSensorFixedParams.cpp	54	Sensor serial number: 0
 3558437	[INFO]	XnProperty.cpp	151	Property Device.PhysicalDeviceName was changed to PrimeSense Sensor.
 3558457	[INFO]	XnProperty.cpp	151	Property Device.ID was changed to 0.
 3558495	[INFO]	XnSensor.cpp	185	Device sensor initialized
 3558642	[INFO]	XnOpenNI.cpp	1258	Creating node 'Depth1' of type Depth: PrimeSense/SensorKinect/5.0.1.32...
 3558693	[INFO]	XnDeviceBase.cpp	1383	Creating stream 'Depth1' of type 'Depth'...
 3558718	[INFO]	XnProperty.cpp	74	Setting Device.ReadData to 1...
 3558734	[VERBOSE]	XnDeviceSensorIO.cpp	160	Opening endpoints...
 3558748	[VERBOSE]	XnDeviceSensorIO.cpp	170	Opening endpoint 0x81 for depth...
 3558771	[VERBOSE]	XnDeviceSensorIO.cpp	194	Depth endpoint is isochronous.
 3558793	[VERBOSE]	XnDeviceSensorIO.cpp	220	Opening endpoint 0x82 for image...
 3558814	[VERBOSE]	XnDeviceSensorIO.cpp	233	Image endpoint is isochronous.
 3558830	[VERBOSE]	XnDeviceSensorIO.cpp	250	Opening endpoint 0x83 for misc...
 3558847	[VERBOSE]	XnDeviceSensorIO.cpp	264	Misc endpoint is not supported...
 3558861	[INFO]	XnDeviceSensorIO.cpp	291	Endpoints open
 3558874	[VERBOSE]	XnHostProtocol.cpp	1203	Getting algorithm params 0x80 for resolution 0 and fps 0....
 3571181	[INFO]	XnProperty.cpp	151	Property Device.ReadData was changed to 1.
 3571230	[INFO]	XnProperty.cpp	101	Device.ReadData was successfully set.
 3571444	[VERBOSE]	XnDeviceBase.cpp	1419	Initializing stream 'Depth1'...
 3571652	[INFO]	XnProperty.cpp	151	Property Depth1.FPS was changed to 30.
 3571669	[INFO]	XnProperty.cpp	151	Property Depth1.OutputFormat was changed to 1.
 3571717	[INFO]	XnProperty.cpp	151	Property Depth1.BytesPerPixel was changed to 2.
 3571729	[INFO]	XnProperty.cpp	151	Property Depth1.RequiredDataSize was changed to 614400.
 3571751	[INFO]	XnProperty.cpp	151	Property Depth1.ParamCoeff was changed to 4.
 3571812	[INFO]	XnProperty.cpp	151	Property Depth1.ShiftScale was changed to 10.
 3571869	[VERBOSE]	XnHostProtocol.cpp	1203	Getting algorithm params 0x0 for resolution 1 and fps 30....
 3584605	[INFO]	XnProperty.cpp	151	Property Depth1.ConstShift was changed to 200.
 3584723	[INFO]	XnProperty.cpp	151	Property Depth1.ZPD was changed to 120.
 3584857	[INFO]	XnProperty.cpp	151	Property Depth1.ZPPS was changed to 0.104200.
 3584883	[INFO]	XnProperty.cpp	151	Property Depth1.LDDIS was changed to 7.500000.
 3584995	[INFO]	XnProperty.cpp	151	Property Depth1.Gain was changed to 30.
 3585029	[INFO]	XnProperty.cpp	151	Property Depth1.SupportedModesCount was changed to 9.
 3585052	[INFO]	XnDeviceBase.cpp	1458	Stream 'Depth1' was initialized.
 3585066	[INFO]	XnDeviceBase.cpp	1463	'Depth1' stream was created.
 3585084	[VERBOSE]	XnDeviceModule.cpp	417	Configuring module 'Depth1' from section 'Depth' in file './../../../data/openni/config//GlobalDefaultsKinect.ini'...
 3585274	[INFO]	XnDeviceModule.cpp	431	Module 'Depth1' configuration was loaded from file.
 3585424	[INFO]	XnProperty.cpp	74	Setting Depth1.Mirror to 1...
 3585442	[INFO]	XnProperty.cpp	151	Property Depth1.FirmwareMirror was changed to 1.
 3585455	[INFO]	XnProperty.cpp	151	Property Depth1.Mirror was changed to 1.
 3585465	[INFO]	XnProperty.cpp	101	Depth1.Mirror was successfully set.
 3585480	[VERBOSE]	XnDeviceBase.cpp	359	Opening stream Depth1...
 3585501	[VERBOSE]	XnFirmwareStreams.cpp	202	FW Stream Depth was claimed by Depth1
 3585516	[VERBOSE]	XnSensorDepthStream.cpp	336	Creating USB depth read thread...
 3585534	[VERBOSE]	XnUSBLinux-x86.cpp	104	Starting libusb asynch thread...
 3585623	[WARNING]	Linux-x86Threads.cpp	166	Failed to set thread priority: Invalid argument
 3585639	[WARNING]	XnUSBLinux-x86.cpp	122	USB events thread: Failed to set thread priority to critical. This might cause loss of data...
 3585656	[VERBOSE]	XnUSBLinux-x86.cpp	1128	Starting a USB read thread...
 3586608	[INFO]	XnUSBLinux-x86.cpp	1220	USB read thread was started.
 3586645	[INFO]	XnProperty.cpp	151	Property Depth1.ActualReadData was changed to 1.
 3586676	[VERBOSE]	XnProperty.cpp	74	Setting Firmware.DepthFormat (18) to 3...
 3599087	[VERBOSE]	XnProperty.cpp	101	Firmware.DepthFormat (18) was successfully set.
 3599136	[VERBOSE]	XnProperty.cpp	74	Setting Firmware.DepthResolution (19) to 1...
 3611314	[VERBOSE]	XnProperty.cpp	101	Firmware.DepthResolution (19) was successfully set.
 3611375	[VERBOSE]	XnProperty.cpp	74	Setting Firmware.DepthFPS (20) to 30...
 3623588	[VERBOSE]	XnProperty.cpp	101	Firmware.DepthFPS (20) was successfully set.
 3623640	[VERBOSE]	XnProperty.cpp	74	Setting Firmware.DepthHoleFilter (22) to 1...
 3635838	[VERBOSE]	XnProperty.cpp	101	Firmware.DepthHoleFilter (22) was successfully set.
 3635898	[VERBOSE]	XnProperty.cpp	74	Setting Firmware.DepthGain (21) to 30...
 3648083	[VERBOSE]	XnProperty.cpp	101	Firmware.DepthGain (21) was successfully set.
 3648133	[VERBOSE]	XnProperty.cpp	74	Setting Firmware.DepthDecimation (24) to 0...
 3660487	[VERBOSE]	XnProperty.cpp	101	Firmware.DepthDecimation (24) was successfully set.
 3660538	[VERBOSE]	XnProperty.cpp	74	Setting Firmware.Registration (2) to 0...
 3672836	[VERBOSE]	XnProperty.cpp	101	Firmware.Registration (2) was successfully set.
 3672882	[VERBOSE]	XnProperty.cpp	74	Setting Firmware.DepthMirror (23) to 1...
 3685065	[VERBOSE]	XnProperty.cpp	151	Property Firmware.DepthMirror (23) was changed to 1.
 3685116	[VERBOSE]	XnProperty.cpp	101	Firmware.DepthMirror (23) was successfully set.
 3685137	[VERBOSE]	XnProperty.cpp	74	Setting Firmware.GMCMode (36) to 1...
 3697339	[VERBOSE]	XnProperty.cpp	101	Firmware.GMCMode (36) was successfully set.
 3697390	[VERBOSE]	XnProperty.cpp	74	Setting Firmware.DepthWhiteBalance (45) to 1...
 3709635	[VERBOSE]	XnProperty.cpp	101	Firmware.DepthWhiteBalance (45) was successfully set.
 3709840	[VERBOSE]	XnHostProtocol.cpp	1203	Getting algorithm params 0x6 for resolution 1 and fps 30....
 3734521	[VERBOSE]	XnFirmwareStreams.cpp	284	Firmware stream 'Depth' processor was replaced.
 3734566	[VERBOSE]	XnProperty.cpp	74	Setting Firmware.Stream1Mode (6) to 2...
 3834456	[VERBOSE]	XnOpenNI.cpp	588	[FPS] Depth1 (I:  0.00, O:  0.00) ReadCalls:  0.00
 3834529	[VERBOSE]	XnSensorFPS.cpp	86	[FPS] InputFrames - I:  0.00, D:  0.00, OutputFrames - I:  0.00, D:  0.00
 4002355	[VERBOSE]	XnOpenNI.cpp	588	[FPS] Depth1 (I: 35.74, O:  0.00) ReadCalls:  0.00
 4002402	[VERBOSE]	XnSensorFPS.cpp	86	[FPS] InputFrames - I:  0.00, D: 35.74, OutputFrames - I:  0.00, D:  0.00
 4046859	[VERBOSE]	XnProperty.cpp	151	Property Firmware.Stream1Mode (6) was changed to 2.
 4046905	[VERBOSE]	XnProperty.cpp	74	Setting Firmware.FrameSync (1) to 0...
 4059060	[VERBOSE]	XnProperty.cpp	101	Firmware.FrameSync (1) was successfully set.
 4059111	[VERBOSE]	XnProperty.cpp	101	Firmware.Stream1Mode (6) was successfully set.
 4059132	[VERBOSE]	XnProperty.cpp	74	Setting Firmware.DepthCropEnabled (55) to 0...
 4071568	[VERBOSE]	XnProperty.cpp	101	Firmware.DepthCropEnabled (55) was successfully set.
 4071627	[INFO]	XnProperty.cpp	151	Property Depth1.State was changed to 1.
 4071645	[INFO]	XnDeviceBase.cpp	370	Stream Depth1 is open.
 5002440	[VERBOSE]	XnOpenNI.cpp	588	[FPS] Depth1 (I: 30.82, O: 19.87) ReadCalls: 21.19
 5002496	[VERBOSE]	XnSensorFPS.cpp	86	[FPS] InputFrames - I:  0.00, D: 30.82, OutputFrames - I:  0.00, D: 19.87
 6002471	[VERBOSE]	XnOpenNI.cpp	588	[FPS] Depth1 (I: 30.44, O: 25.64) ReadCalls: 26.21
 6002527	[VERBOSE]	XnSensorFPS.cpp	86	[FPS] InputFrames - I:  0.00, D: 30.44, OutputFrames - I:  0.00, D: 25.64
 7006424	[VERBOSE]	XnOpenNI.cpp	588	[FPS] Depth1 (I: 30.28, O: 27.18) ReadCalls: 27.55
 7006477	[VERBOSE]	XnSensorFPS.cpp	86	[FPS] InputFrames - I:  0.00, D: 30.28, OutputFrames - I:  0.00, D: 27.18
 7801135	[INFO]	XnOpenNI.cpp	1458	Destroying node 'Depth1'
 7801211	[INFO]	XnDeviceBase.cpp	1507	Destroying stream 'Depth1'...
 7801247	[VERBOSE]	XnFirmwareStreams.cpp	225	Stream Depth1 released FW Stream Depth
 7802025	[VERBOSE]	XnDeviceBase.cpp	1531	'Depth1' stream destroyed.
 7802091	[INFO]	XnOpenNI.cpp	1458	Destroying node 'Device1'
 7802132	[VERBOSE]	XnProperty.cpp	74	Setting Firmware.Stream0Mode (5) to 0...
 7815221	[VERBOSE]	XnProperty.cpp	101	Firmware.Stream0Mode (5) was successfully set.
 7815273	[VERBOSE]	XnProperty.cpp	74	Setting Firmware.Stream1Mode (6) to 0...
 8127526	[VERBOSE]	XnProperty.cpp	151	Property Firmware.Stream1Mode (6) was changed to 0.
 8127571	[VERBOSE]	XnProperty.cpp	74	Setting Firmware.FrameSync (1) to 0...
 8139785	[VERBOSE]	XnProperty.cpp	101	Firmware.FrameSync (1) was successfully set.
 8139923	[VERBOSE]	XnProperty.cpp	101	Firmware.Stream1Mode (6) was successfully set.
 8139972	[VERBOSE]	XnProperty.cpp	74	Setting Firmware.Stream2Mode (7) to 0...
 8153292	[VERBOSE]	XnProperty.cpp	101	Firmware.Stream2Mode (7) was successfully set.
 8153339	[VERBOSE]	XnDeviceSensorIO.cpp	301	Shutting down USB depth read thread...
 8153361	[VERBOSE]	XnDeviceSensorIO.cpp	311	Shutting down USB image read thread...
 8159376	[VERBOSE]	XnDeviceSensorIO.cpp	358	Device closed successfully
 8194071	[VERBOSE]	XnDeviceSensorIO.cpp	301	Shutting down USB depth read thread...
 8194117	[VERBOSE]	XnDeviceSensorIO.cpp	311	Shutting down USB image read thread...
 8194131	[VERBOSE]	XnDeviceSensorIO.cpp	358	Device closed successfully
