     632	[INFO]	XnLog.cpp	161	OpenNI version is 1.1.0 (Build 41)-MacOSX (Jul  9 2011 14:48:28)
     691	[INFO]	XnLog.cpp	169	Log system initialized. Console: 1, File: 1, Severity: VERBOSE, Masks: ALL
     733	[INFO]	XnLog.cpp	169	Log system initialized. Console: 1, File: 1, Severity: VERBOSE, Masks: ALL
     891	[VERBOSE]	XnModuleLoader.cpp	288	Checking ./../../../data/openni/lib/libnimMockNodes.dylib...
    1047	[VERBOSE]	XnModuleLoader.cpp	446	Found exported production node. ProductionNode: OpenNI/Mock/1.1.0.41
    1092	[VERBOSE]	XnModuleLoader.cpp	446	Found exported production node. Generator: OpenNI/Mock/1.1.0.41
    1118	[VERBOSE]	XnModuleLoader.cpp	446	Found exported production node. MapGenerator: OpenNI/Mock/1.1.0.41
    1144	[VERBOSE]	XnModuleLoader.cpp	446	Found exported production node. Device: OpenNI/Mock/1.1.0.41
    1168	[VERBOSE]	XnModuleLoader.cpp	446	Found exported production node. Depth: OpenNI/Mock/1.1.0.41
    1193	[VERBOSE]	XnModuleLoader.cpp	446	Found exported production node. IR: OpenNI/Mock/1.1.0.41
    1218	[VERBOSE]	XnModuleLoader.cpp	446	Found exported production node. Image: OpenNI/Mock/1.1.0.41
    1260	[VERBOSE]	XnModuleLoader.cpp	446	Found exported production node. Audio: OpenNI/Mock/1.1.0.41
    1293	[VERBOSE]	XnModuleLoader.cpp	288	Checking ./../../../data/openni/lib/libnimCodecs.dylib...
    1376	[VERBOSE]	XnModuleLoader.cpp	446	Found exported production node. Codec: OpenNI/16zP/1.1.0.41
    1407	[VERBOSE]	XnModuleLoader.cpp	446	Found exported production node. Codec: OpenNI/16zT/1.1.0.41
    1432	[VERBOSE]	XnModuleLoader.cpp	446	Found exported production node. Codec: OpenNI/Im8z/1.1.0.41
    1454	[VERBOSE]	XnModuleLoader.cpp	446	Found exported production node. Codec: OpenNI/JPEG/1.1.0.41
    1476	[VERBOSE]	XnModuleLoader.cpp	446	Found exported production node. Codec: OpenNI/NONE/1.1.0.41
    1508	[VERBOSE]	XnModuleLoader.cpp	288	Checking ./../../../data/openni/lib/libnimRecorder.dylib...
    1611	[VERBOSE]	XnModuleLoader.cpp	446	Found exported production node. Recorder: OpenNI/Recorder/1.1.0.41
    1648	[VERBOSE]	XnModuleLoader.cpp	446	Found exported production node. Player: OpenNI/Player/1.1.0.41
    1671	[VERBOSE]	XnModuleLoader.cpp	288	Checking ./../../../data/openni/lib/libXnDeviceSensorV2KM.dylib...
    1780	[VERBOSE]	XnModuleLoader.cpp	446	Found exported production node. Device: PrimeSense/SensorKinect/5.0.1.32
    1816	[VERBOSE]	XnModuleLoader.cpp	446	Found exported production node. Depth: PrimeSense/SensorKinect/5.0.1.32
    1837	[VERBOSE]	XnModuleLoader.cpp	446	Found exported production node. Image: PrimeSense/SensorKinect/5.0.1.32
    1859	[VERBOSE]	XnModuleLoader.cpp	446	Found exported production node. IR: PrimeSense/SensorKinect/5.0.1.32
    1912	[VERBOSE]	XnModuleLoader.cpp	446	Found exported production node. Audio: PrimeSense/SensorKinect/5.0.1.32
    1939	[VERBOSE]	XnModuleLoader.cpp	288	Checking ./../../../data/openni/lib/libXnVFeatures_1_3_1.dylib...
    2049	[VERBOSE]	XnModuleLoader.cpp	446	Found exported production node. Scene: PrimeSense/XnVSceneAnalyzer/1.3.1.4
    2080	[VERBOSE]	XnModuleLoader.cpp	446	Found exported production node. User: PrimeSense/XnVSkeletonGenerator/1.3.1.4
    2111	[VERBOSE]	XnModuleLoader.cpp	288	Checking ./../../../data/openni/lib/libXnVHandGenerator_1_3_1.dylib...
    2224	[VERBOSE]	XnModuleLoader.cpp	446	Found exported production node. Gesture: PrimeSense/XnVGestureGenrator/1.3.1.4
    2265	[VERBOSE]	XnModuleLoader.cpp	446	Found exported production node. Hands: PrimeSense/XnVHandTracker/1.3.1.4
    2556	[VERBOSE]	XnXmlConfig.cpp	736	Requested to create a node of type Depth...
    2654	[VERBOSE]	XnUSBLinux-x86.cpp	83	Initializing USB...
    3253	[INFO]	XnUSBLinux-x86.cpp	94	USB is initialized.
 1287748	[INFO]	XnOpenNI.cpp	1258	Creating node 'Device1' of type Device: PrimeSense/SensorKinect/5.0.1.32...
 1288172	[VERBOSE]	XnSensor.cpp	837	Global configuration file './../../../data/openni/config//GlobalDefaultsKinect.ini' was not found.
 1288221	[VERBOSE]	XnSensor.cpp	157	Initializing device sensor...
 1288408	[VERBOSE]	XnDeviceModule.cpp	417	Configuring module 'Device' from section 'Device' in file './../../../data/openni/config//GlobalDefaultsKinect.ini'...
 1288529	[INFO]	XnDeviceModule.cpp	431	Module 'Device' configuration was loaded from file.
 1288595	[VERBOSE]	XnDeviceSensorIO.cpp	76	Connecting to USB device...
 1288610	[VERBOSE]	XnDeviceSensorIO.cpp	94	Trying to open sensor '045e/02ae@253/8'...
 1654806	[VERBOSE]	XnDeviceSensorIO.cpp	107	Trying to open endpoint 0x4 for control out (for old firmwares)...
 1654860	[INFO]	XnDeviceSensorIO.cpp	128	Connected to USB device
 1654881	[INFO]	XnProperty.cpp	151	Property Device.USBPath was changed to 045e/02ae@253/8.
 1662609	[VERBOSE]	XnHostProtocol.cpp	706	Getting hardware versions...
 1663805	[INFO]	XnHostProtocol.cpp	859	Hardware versions: FW=5.1.4 (7) HW=4 Chip=2 Sensor=4 SYS=7
 1676336	[VERBOSE]	XnHostProtocol.cpp	869	Requesting KeepAlive...
 1688704	[VERBOSE]	XnHostProtocol.cpp	880	Got KeepAlive Reply.
 1688756	[VERBOSE]	XnHostProtocol.cpp	1156	Setting mode to 3...
 2501194	[VERBOSE]	XnHostProtocol.cpp	869	Requesting KeepAlive...
 2513817	[VERBOSE]	XnHostProtocol.cpp	880	Got KeepAlive Reply.
 2526221	[VERBOSE]	XnProperty.cpp	151	Property Firmware.ReferenceResolution was changed to 2.
 2526273	[VERBOSE]	XnSensorFirmwareParams.cpp	282	Reading all params from firmware...
 2575372	[VERBOSE]	XnProperty.cpp	151	Property Firmware.DepthMirror (23) was changed to 1.
 2599907	[VERBOSE]	XnProperty.cpp	151	Property Firmware.DepthHoleFilter (22) was changed to 1.
 2599951	[VERBOSE]	XnProperty.cpp	151	Property Firmware.ImageSharpness (76) was changed to 50.
 2624515	[VERBOSE]	XnProperty.cpp	151	Property Firmware.DepthGain (21) was changed to 30.
 2636829	[VERBOSE]	XnProperty.cpp	151	Property Firmware.GMCMode (36) was changed to 1.
 2661327	[VERBOSE]	XnProperty.cpp	151	Property Firmware.DepthFPS (20) was changed to 30.
 2673837	[VERBOSE]	XnProperty.cpp	151	Property Firmware.DepthWhiteBalance (45) was changed to 1.
 2686214	[VERBOSE]	XnProperty.cpp	151	Property Firmware.DepthResolution (19) was changed to 1.
 2698836	[VERBOSE]	XnProperty.cpp	151	Property Firmware.DepthFormat (18) was changed to 3.
 2845970	[VERBOSE]	XnProperty.cpp	151	Property Firmware.ImageFlicker (17) was changed to 1.
 2894332	[VERBOSE]	XnProperty.cpp	151	Property Firmware.ImageFPS (14) was changed to 30.
 2918450	[VERBOSE]	XnProperty.cpp	151	Property Firmware.ImageResolution (13) was changed to 1.
 3051239	[VERBOSE]	XnSensorFirmwareParams.cpp	291	Firmware params were updated.
 3051314	[VERBOSE]	XnHostProtocol.cpp	989	Getting the fixed params...
 3063973	[VERBOSE]	XnSensorFixedParams.cpp	54	Sensor serial number: 0
 3064027	[INFO]	XnProperty.cpp	151	Property Device.PhysicalDeviceName was changed to PrimeSense Sensor.
 3064046	[INFO]	XnProperty.cpp	151	Property Device.ID was changed to 0.
 3064078	[INFO]	XnSensor.cpp	185	Device sensor initialized
 3064185	[INFO]	XnOpenNI.cpp	1258	Creating node 'Depth1' of type Depth: PrimeSense/SensorKinect/5.0.1.32...
 3064231	[INFO]	XnDeviceBase.cpp	1383	Creating stream 'Depth1' of type 'Depth'...
 3064255	[INFO]	XnProperty.cpp	74	Setting Device.ReadData to 1...
 3064268	[VERBOSE]	XnDeviceSensorIO.cpp	160	Opening endpoints...
 3064279	[VERBOSE]	XnDeviceSensorIO.cpp	170	Opening endpoint 0x81 for depth...
 3064298	[VERBOSE]	XnDeviceSensorIO.cpp	194	Depth endpoint is isochronous.
 3064312	[VERBOSE]	XnDeviceSensorIO.cpp	220	Opening endpoint 0x82 for image...
 3064327	[VERBOSE]	XnDeviceSensorIO.cpp	233	Image endpoint is isochronous.
 3064338	[VERBOSE]	XnDeviceSensorIO.cpp	250	Opening endpoint 0x83 for misc...
 3064350	[VERBOSE]	XnDeviceSensorIO.cpp	264	Misc endpoint is not supported...
 3064360	[INFO]	XnDeviceSensorIO.cpp	291	Endpoints open
 3064371	[VERBOSE]	XnHostProtocol.cpp	1203	Getting algorithm params 0x80 for resolution 0 and fps 0....
 3076595	[INFO]	XnProperty.cpp	151	Property Device.ReadData was changed to 1.
 3076649	[INFO]	XnProperty.cpp	101	Device.ReadData was successfully set.
 3076875	[VERBOSE]	XnDeviceBase.cpp	1419	Initializing stream 'Depth1'...
 3077127	[INFO]	XnProperty.cpp	151	Property Depth1.FPS was changed to 30.
 3077183	[INFO]	XnProperty.cpp	151	Property Depth1.OutputFormat was changed to 1.
 3077196	[INFO]	XnProperty.cpp	151	Property Depth1.BytesPerPixel was changed to 2.
 3077208	[INFO]	XnProperty.cpp	151	Property Depth1.RequiredDataSize was changed to 614400.
 3077231	[INFO]	XnProperty.cpp	151	Property Depth1.ParamCoeff was changed to 4.
 3077292	[INFO]	XnProperty.cpp	151	Property Depth1.ShiftScale was changed to 10.
 3077350	[VERBOSE]	XnHostProtocol.cpp	1203	Getting algorithm params 0x0 for resolution 1 and fps 30....
 3089613	[INFO]	XnProperty.cpp	151	Property Depth1.ConstShift was changed to 200.
 3089717	[INFO]	XnProperty.cpp	151	Property Depth1.ZPD was changed to 120.
 3089828	[INFO]	XnProperty.cpp	151	Property Depth1.ZPPS was changed to 0.104200.
 3089843	[INFO]	XnProperty.cpp	151	Property Depth1.LDDIS was changed to 7.500000.
 3089945	[INFO]	XnProperty.cpp	151	Property Depth1.Gain was changed to 30.
 3089980	[INFO]	XnProperty.cpp	151	Property Depth1.SupportedModesCount was changed to 9.
 3090002	[INFO]	XnDeviceBase.cpp	1458	Stream 'Depth1' was initialized.
 3090016	[INFO]	XnDeviceBase.cpp	1463	'Depth1' stream was created.
 3090030	[VERBOSE]	XnDeviceModule.cpp	417	Configuring module 'Depth1' from section 'Depth' in file './../../../data/openni/config//GlobalDefaultsKinect.ini'...
 3090179	[INFO]	XnDeviceModule.cpp	431	Module 'Depth1' configuration was loaded from file.
 3090333	[INFO]	XnProperty.cpp	74	Setting Depth1.Mirror to 1...
 3090352	[INFO]	XnProperty.cpp	151	Property Depth1.FirmwareMirror was changed to 1.
 3090364	[INFO]	XnProperty.cpp	151	Property Depth1.Mirror was changed to 1.
 3090374	[INFO]	XnProperty.cpp	101	Depth1.Mirror was successfully set.
 3090389	[VERBOSE]	XnDeviceBase.cpp	359	Opening stream Depth1...
 3090412	[VERBOSE]	XnFirmwareStreams.cpp	202	FW Stream Depth was claimed by Depth1
 3090426	[VERBOSE]	XnSensorDepthStream.cpp	336	Creating USB depth read thread...
 3090439	[VERBOSE]	XnUSBLinux-x86.cpp	104	Starting libusb asynch thread...
 3090513	[WARNING]	Linux-x86Threads.cpp	166	Failed to set thread priority: Invalid argument
 3090529	[WARNING]	XnUSBLinux-x86.cpp	122	USB events thread: Failed to set thread priority to critical. This might cause loss of data...
 3090546	[VERBOSE]	XnUSBLinux-x86.cpp	1128	Starting a USB read thread...
 3091553	[INFO]	XnUSBLinux-x86.cpp	1220	USB read thread was started.
 3091580	[INFO]	XnProperty.cpp	151	Property Depth1.ActualReadData was changed to 1.
 3091601	[VERBOSE]	XnProperty.cpp	74	Setting Firmware.DepthFormat (18) to 3...
 3103826	[VERBOSE]	XnProperty.cpp	101	Firmware.DepthFormat (18) was successfully set.
 3103887	[VERBOSE]	XnProperty.cpp	74	Setting Firmware.DepthResolution (19) to 1...
 3115987	[VERBOSE]	XnProperty.cpp	101	Firmware.DepthResolution (19) was successfully set.
 3116045	[VERBOSE]	XnProperty.cpp	74	Setting Firmware.DepthFPS (20) to 30...
 3128196	[VERBOSE]	XnProperty.cpp	101	Firmware.DepthFPS (20) was successfully set.
 3128246	[VERBOSE]	XnProperty.cpp	74	Setting Firmware.DepthHoleFilter (22) to 1...
 3140324	[VERBOSE]	XnProperty.cpp	101	Firmware.DepthHoleFilter (22) was successfully set.
 3140385	[VERBOSE]	XnProperty.cpp	74	Setting Firmware.DepthGain (21) to 30...
 3152772	[VERBOSE]	XnProperty.cpp	101	Firmware.DepthGain (21) was successfully set.
 3152834	[VERBOSE]	XnProperty.cpp	74	Setting Firmware.DepthDecimation (24) to 0...
 3164954	[VERBOSE]	XnProperty.cpp	101	Firmware.DepthDecimation (24) was successfully set.
 3165025	[VERBOSE]	XnProperty.cpp	74	Setting Firmware.Registration (2) to 0...
 3177339	[VERBOSE]	XnProperty.cpp	101	Firmware.Registration (2) was successfully set.
 3177390	[VERBOSE]	XnProperty.cpp	74	Setting Firmware.DepthMirror (23) to 1...
 3189373	[VERBOSE]	XnProperty.cpp	101	Firmware.DepthMirror (23) was successfully set.
 3189424	[VERBOSE]	XnProperty.cpp	74	Setting Firmware.GMCMode (36) to 1...
 3201501	[VERBOSE]	XnProperty.cpp	101	Firmware.GMCMode (36) was successfully set.
 3201550	[VERBOSE]	XnProperty.cpp	74	Setting Firmware.DepthWhiteBalance (45) to 1...
 3214177	[VERBOSE]	XnProperty.cpp	101	Firmware.DepthWhiteBalance (45) was successfully set.
 3214278	[VERBOSE]	XnHostProtocol.cpp	1203	Getting algorithm params 0x6 for resolution 1 and fps 30....
 3238669	[VERBOSE]	XnFirmwareStreams.cpp	284	Firmware stream 'Depth' processor was replaced.
 3238713	[VERBOSE]	XnProperty.cpp	74	Setting Firmware.Stream1Mode (6) to 2...
 3339595	[VERBOSE]	XnOpenNI.cpp	588	[FPS] Depth1 (I:  0.00, O:  0.00) ReadCalls:  0.00
 3339661	[VERBOSE]	XnSensorFPS.cpp	86	[FPS] InputFrames - I:  0.00, D:  0.00, OutputFrames - I:  0.00, D:  0.00
 3551004	[VERBOSE]	XnProperty.cpp	151	Property Firmware.Stream1Mode (6) was changed to 2.
 3551048	[VERBOSE]	XnProperty.cpp	74	Setting Firmware.FrameSync (1) to 0...
 3563193	[VERBOSE]	XnProperty.cpp	101	Firmware.FrameSync (1) was successfully set.
 3563241	[VERBOSE]	XnProperty.cpp	101	Firmware.Stream1Mode (6) was successfully set.
 3563265	[VERBOSE]	XnProperty.cpp	74	Setting Firmware.DepthCropEnabled (55) to 0...
 3575577	[VERBOSE]	XnProperty.cpp	101	Firmware.DepthCropEnabled (55) was successfully set.
 3575637	[INFO]	XnProperty.cpp	151	Property Depth1.State was changed to 1.
 3575651	[INFO]	XnDeviceBase.cpp	370	Stream Depth1 is open.
 4007509	[VERBOSE]	XnOpenNI.cpp	588	[FPS] Depth1 (I: 31.44, O: 23.06) ReadCalls: 25.94
 4007566	[VERBOSE]	XnSensorFPS.cpp	86	[FPS] InputFrames - I:  0.00, D: 31.44, OutputFrames - I:  0.00, D: 23.06
 5011552	[VERBOSE]	XnOpenNI.cpp	588	[FPS] Depth1 (I: 30.50, O: 28.13) ReadCalls: 28.87
 5011607	[VERBOSE]	XnSensorFPS.cpp	86	[FPS] InputFrames - I:  0.00, D: 30.50, OutputFrames - I:  0.00, D: 28.13
 6011561	[VERBOSE]	XnOpenNI.cpp	588	[FPS] Depth1 (I: 30.31, O: 28.93) ReadCalls: 29.35
 6011613	[VERBOSE]	XnSensorFPS.cpp	86	[FPS] InputFrames - I:  0.00, D: 30.31, OutputFrames - I:  0.00, D: 28.92
 7011538	[VERBOSE]	XnOpenNI.cpp	588	[FPS] Depth1 (I: 30.32, O: 29.99) ReadCalls: 30.22
 7011596	[VERBOSE]	XnSensorFPS.cpp	86	[FPS] InputFrames - I:  0.00, D: 30.32, OutputFrames - I:  0.00, D: 29.99
 8011576	[VERBOSE]	XnOpenNI.cpp	588	[FPS] Depth1 (I: 30.32, O: 30.00) ReadCalls: 30.20
 8011629	[VERBOSE]	XnSensorFPS.cpp	86	[FPS] InputFrames - I:  0.00, D: 30.32, OutputFrames - I:  0.00, D: 30.00
 9015555	[VERBOSE]	XnOpenNI.cpp	588	[FPS] Depth1 (I: 30.28, O: 29.95) ReadCalls: 30.17
 9015607	[VERBOSE]	XnSensorFPS.cpp	86	[FPS] InputFrames - I:  0.00, D: 30.28, OutputFrames - I:  0.00, D: 29.95
10001925	[VERBOSE]	XnOpenNI.cpp	588	[FPS] Depth1 (I: 30.10, O: 30.10) ReadCalls: 30.33
10015611	[VERBOSE]	XnSensorFPS.cpp	86	[FPS] InputFrames - I:  0.00, D: 30.28, OutputFrames - I:  0.00, D: 29.95
11002207	[VERBOSE]	XnOpenNI.cpp	588	[FPS] Depth1 (I: 30.09, O: 30.09) ReadCalls: 30.34
11015616	[VERBOSE]	XnSensorFPS.cpp	86	[FPS] InputFrames - I:  0.00, D: 30.32, OutputFrames - I:  0.00, D: 29.99
12004825	[VERBOSE]	XnOpenNI.cpp	588	[FPS] Depth1 (I: 30.11, O: 30.11) ReadCalls: 30.34
12015614	[VERBOSE]	XnSensorFPS.cpp	86	[FPS] InputFrames - I:  0.00, D: 30.32, OutputFrames - I:  0.00, D: 30.00
13002287	[VERBOSE]	XnOpenNI.cpp	588	[FPS] Depth1 (I: 30.13, O: 30.13) ReadCalls: 30.38
13019636	[VERBOSE]	XnSensorFPS.cpp	86	[FPS] InputFrames - I:  0.00, D: 30.28, OutputFrames - I:  0.00, D: 29.95
14006022	[VERBOSE]	XnOpenNI.cpp	588	[FPS] Depth1 (I: 30.10, O: 30.10) ReadCalls: 30.36
14019600	[VERBOSE]	XnSensorFPS.cpp	86	[FPS] InputFrames - I:  0.00, D: 30.32, OutputFrames - I:  0.00, D: 29.99
15005745	[VERBOSE]	XnOpenNI.cpp	588	[FPS] Depth1 (I: 30.10, O: 30.10) ReadCalls: 30.39
15019639	[VERBOSE]	XnSensorFPS.cpp	86	[FPS] InputFrames - I:  0.00, D: 30.32, OutputFrames - I:  0.00, D: 29.99
16023702	[VERBOSE]	XnOpenNI.cpp	588	[FPS] Depth1 (I: 30.28, O: 20.19) ReadCalls: 20.14
16023752	[VERBOSE]	XnSensorFPS.cpp	86	[FPS] InputFrames - I:  0.00, D: 30.28, OutputFrames - I:  0.00, D: 20.19
17023709	[VERBOSE]	XnOpenNI.cpp	588	[FPS] Depth1 (I: 30.28, O: 10.09) ReadCalls: 10.07
17024832	[VERBOSE]	XnSensorFPS.cpp	86	[FPS] InputFrames - I:  0.00, D: 30.27, OutputFrames - I:  0.00, D: 10.09
18023659	[VERBOSE]	XnOpenNI.cpp	588	[FPS] Depth1 (I: 30.32, O:  0.00) ReadCalls:  0.00
