     550	[INFO]	XnLog.cpp	161	OpenNI version is 1.1.0 (Build 41)-MacOSX (Jul  9 2011 14:48:28)
     613	[INFO]	XnLog.cpp	169	Log system initialized. Console: 1, File: 1, Severity: VERBOSE, Masks: ALL
     653	[INFO]	XnLog.cpp	169	Log system initialized. Console: 1, File: 1, Severity: VERBOSE, Masks: ALL
     788	[VERBOSE]	XnModuleLoader.cpp	288	Checking ./../../../data/openni/lib/libnimMockNodes.dylib...
     927	[VERBOSE]	XnModuleLoader.cpp	446	Found exported production node. ProductionNode: OpenNI/Mock/1.1.0.41
     963	[VERBOSE]	XnModuleLoader.cpp	446	Found exported production node. Generator: OpenNI/Mock/1.1.0.41
     983	[VERBOSE]	XnModuleLoader.cpp	446	Found exported production node. MapGenerator: OpenNI/Mock/1.1.0.41
    1001	[VERBOSE]	XnModuleLoader.cpp	446	Found exported production node. Device: OpenNI/Mock/1.1.0.41
    1018	[VERBOSE]	XnModuleLoader.cpp	446	Found exported production node. Depth: OpenNI/Mock/1.1.0.41
    1052	[VERBOSE]	XnModuleLoader.cpp	446	Found exported production node. IR: OpenNI/Mock/1.1.0.41
    1079	[VERBOSE]	XnModuleLoader.cpp	446	Found exported production node. Image: OpenNI/Mock/1.1.0.41
    1113	[VERBOSE]	XnModuleLoader.cpp	446	Found exported production node. Audio: OpenNI/Mock/1.1.0.41
    1141	[VERBOSE]	XnModuleLoader.cpp	288	Checking ./../../../data/openni/lib/libnimCodecs.dylib...
    1236	[VERBOSE]	XnModuleLoader.cpp	446	Found exported production node. Codec: OpenNI/16zP/1.1.0.41
    1268	[VERBOSE]	XnModuleLoader.cpp	446	Found exported production node. Codec: OpenNI/16zT/1.1.0.41
    1293	[VERBOSE]	XnModuleLoader.cpp	446	Found exported production node. Codec: OpenNI/Im8z/1.1.0.41
    1329	[VERBOSE]	XnModuleLoader.cpp	446	Found exported production node. Codec: OpenNI/JPEG/1.1.0.41
    1377	[VERBOSE]	XnModuleLoader.cpp	446	Found exported production node. Codec: OpenNI/NONE/1.1.0.41
    1410	[VERBOSE]	XnModuleLoader.cpp	288	Checking ./../../../data/openni/lib/libnimRecorder.dylib...
    1529	[VERBOSE]	XnModuleLoader.cpp	446	Found exported production node. Recorder: OpenNI/Recorder/1.1.0.41
    1566	[VERBOSE]	XnModuleLoader.cpp	446	Found exported production node. Player: OpenNI/Player/1.1.0.41
    1591	[VERBOSE]	XnModuleLoader.cpp	288	Checking ./../../../data/openni/lib/libXnDeviceSensorV2KM.dylib...
    1718	[VERBOSE]	XnModuleLoader.cpp	446	Found exported production node. Device: PrimeSense/SensorKinect/5.0.1.32
    1759	[VERBOSE]	XnModuleLoader.cpp	446	Found exported production node. Depth: PrimeSense/SensorKinect/5.0.1.32
    1796	[VERBOSE]	XnModuleLoader.cpp	446	Found exported production node. Image: PrimeSense/SensorKinect/5.0.1.32
    1826	[VERBOSE]	XnModuleLoader.cpp	446	Found exported production node. IR: PrimeSense/SensorKinect/5.0.1.32
    1857	[VERBOSE]	XnModuleLoader.cpp	446	Found exported production node. Audio: PrimeSense/SensorKinect/5.0.1.32
    1882	[VERBOSE]	XnModuleLoader.cpp	288	Checking ./../../../data/openni/lib/libXnVFeatures_1_3_1.dylib...
    1996	[VERBOSE]	XnModuleLoader.cpp	446	Found exported production node. Scene: PrimeSense/XnVSceneAnalyzer/1.3.1.4
    2030	[VERBOSE]	XnModuleLoader.cpp	446	Found exported production node. User: PrimeSense/XnVSkeletonGenerator/1.3.1.4
    2066	[VERBOSE]	XnModuleLoader.cpp	288	Checking ./../../../data/openni/lib/libXnVHandGenerator_1_3_1.dylib...
    2182	[VERBOSE]	XnModuleLoader.cpp	446	Found exported production node. Gesture: PrimeSense/XnVGestureGenrator/1.3.1.4
    2224	[VERBOSE]	XnModuleLoader.cpp	446	Found exported production node. Hands: PrimeSense/XnVHandTracker/1.3.1.4
    2439	[VERBOSE]	XnXmlConfig.cpp	736	Requested to create a node of type Depth...
    2513	[VERBOSE]	XnUSBLinux-x86.cpp	83	Initializing USB...
    2989	[INFO]	XnUSBLinux-x86.cpp	94	USB is initialized.
 1286768	[INFO]	XnOpenNI.cpp	1258	Creating node 'Device1' of type Device: PrimeSense/SensorKinect/5.0.1.32...
 1287106	[VERBOSE]	XnSensor.cpp	837	Global configuration file './../../../data/openni/config//GlobalDefaultsKinect.ini' was not found.
 1287138	[VERBOSE]	XnSensor.cpp	157	Initializing device sensor...
 1287244	[VERBOSE]	XnDeviceModule.cpp	417	Configuring module 'Device' from section 'Device' in file './../../../data/openni/config//GlobalDefaultsKinect.ini'...
 1287389	[INFO]	XnDeviceModule.cpp	431	Module 'Device' configuration was loaded from file.
 1287441	[VERBOSE]	XnDeviceSensorIO.cpp	76	Connecting to USB device...
 1287461	[VERBOSE]	XnDeviceSensorIO.cpp	94	Trying to open sensor '045e/02ae@253/8'...
 1653737	[VERBOSE]	XnDeviceSensorIO.cpp	107	Trying to open endpoint 0x4 for control out (for old firmwares)...
 1653795	[INFO]	XnDeviceSensorIO.cpp	128	Connected to USB device
 1653821	[INFO]	XnProperty.cpp	151	Property Device.USBPath was changed to 045e/02ae@253/8.
 1661511	[VERBOSE]	XnHostProtocol.cpp	706	Getting hardware versions...
 1662690	[INFO]	XnHostProtocol.cpp	859	Hardware versions: FW=5.1.4 (7) HW=4 Chip=2 Sensor=4 SYS=7
 1675078	[VERBOSE]	XnHostProtocol.cpp	869	Requesting KeepAlive...
 1687470	[VERBOSE]	XnHostProtocol.cpp	880	Got KeepAlive Reply.
 1687528	[VERBOSE]	XnHostProtocol.cpp	1156	Setting mode to 3...
 2500030	[VERBOSE]	XnHostProtocol.cpp	869	Requesting KeepAlive...
 2512469	[VERBOSE]	XnHostProtocol.cpp	880	Got KeepAlive Reply.
 2525314	[VERBOSE]	XnProperty.cpp	151	Property Firmware.ReferenceResolution was changed to 2.
 2525367	[VERBOSE]	XnSensorFirmwareParams.cpp	282	Reading all params from firmware...
 2574113	[VERBOSE]	XnProperty.cpp	151	Property Firmware.DepthMirror (23) was changed to 1.
 2598614	[VERBOSE]	XnProperty.cpp	151	Property Firmware.DepthHoleFilter (22) was changed to 1.
 2598660	[VERBOSE]	XnProperty.cpp	151	Property Firmware.ImageSharpness (76) was changed to 50.
 2623205	[VERBOSE]	XnProperty.cpp	151	Property Firmware.DepthGain (21) was changed to 30.
 2635623	[VERBOSE]	XnProperty.cpp	151	Property Firmware.GMCMode (36) was changed to 1.
 2660360	[VERBOSE]	XnProperty.cpp	151	Property Firmware.DepthFPS (20) was changed to 30.
 2672786	[VERBOSE]	XnProperty.cpp	151	Property Firmware.DepthWhiteBalance (45) was changed to 1.
 2685155	[VERBOSE]	XnProperty.cpp	151	Property Firmware.DepthResolution (19) was changed to 1.
 2697649	[VERBOSE]	XnProperty.cpp	151	Property Firmware.DepthFormat (18) was changed to 3.
 2846397	[VERBOSE]	XnProperty.cpp	151	Property Firmware.ImageFlicker (17) was changed to 1.
 2895851	[VERBOSE]	XnProperty.cpp	151	Property Firmware.ImageFPS (14) was changed to 30.
 2920385	[VERBOSE]	XnProperty.cpp	151	Property Firmware.ImageResolution (13) was changed to 1.
 3056170	[VERBOSE]	XnSensorFirmwareParams.cpp	291	Firmware params were updated.
 3056258	[VERBOSE]	XnHostProtocol.cpp	989	Getting the fixed params...
 3069274	[VERBOSE]	XnSensorFixedParams.cpp	54	Sensor serial number: 0
 3069324	[INFO]	XnProperty.cpp	151	Property Device.PhysicalDeviceName was changed to PrimeSense Sensor.
 3069338	[INFO]	XnProperty.cpp	151	Property Device.ID was changed to 0.
 3069369	[INFO]	XnSensor.cpp	185	Device sensor initialized
 3069479	[INFO]	XnOpenNI.cpp	1258	Creating node 'Depth1' of type Depth: PrimeSense/SensorKinect/5.0.1.32...
 3069537	[INFO]	XnDeviceBase.cpp	1383	Creating stream 'Depth1' of type 'Depth'...
 3069564	[INFO]	XnProperty.cpp	74	Setting Device.ReadData to 1...
 3069580	[VERBOSE]	XnDeviceSensorIO.cpp	160	Opening endpoints...
 3069594	[VERBOSE]	XnDeviceSensorIO.cpp	170	Opening endpoint 0x81 for depth...
 3069638	[VERBOSE]	XnDeviceSensorIO.cpp	194	Depth endpoint is isochronous.
 3069670	[VERBOSE]	XnDeviceSensorIO.cpp	220	Opening endpoint 0x82 for image...
 3069695	[VERBOSE]	XnDeviceSensorIO.cpp	233	Image endpoint is isochronous.
 3069713	[VERBOSE]	XnDeviceSensorIO.cpp	250	Opening endpoint 0x83 for misc...
 3069732	[VERBOSE]	XnDeviceSensorIO.cpp	264	Misc endpoint is not supported...
 3069747	[INFO]	XnDeviceSensorIO.cpp	291	Endpoints open
 3069763	[VERBOSE]	XnHostProtocol.cpp	1203	Getting algorithm params 0x80 for resolution 0 and fps 0....
 3082009	[INFO]	XnProperty.cpp	151	Property Device.ReadData was changed to 1.
 3082065	[INFO]	XnProperty.cpp	101	Device.ReadData was successfully set.
 3082259	[VERBOSE]	XnDeviceBase.cpp	1419	Initializing stream 'Depth1'...
 3082519	[INFO]	XnProperty.cpp	151	Property Depth1.FPS was changed to 30.
 3082573	[INFO]	XnProperty.cpp	151	Property Depth1.OutputFormat was changed to 1.
 3082591	[INFO]	XnProperty.cpp	151	Property Depth1.BytesPerPixel was changed to 2.
 3082609	[INFO]	XnProperty.cpp	151	Property Depth1.RequiredDataSize was changed to 614400.
 3082640	[INFO]	XnProperty.cpp	151	Property Depth1.ParamCoeff was changed to 4.
 3082709	[INFO]	XnProperty.cpp	151	Property Depth1.ShiftScale was changed to 10.
 3082781	[VERBOSE]	XnHostProtocol.cpp	1203	Getting algorithm params 0x0 for resolution 1 and fps 30....
 3095128	[INFO]	XnProperty.cpp	151	Property Depth1.ConstShift was changed to 200.
 3095231	[INFO]	XnProperty.cpp	151	Property Depth1.ZPD was changed to 120.
 3095342	[INFO]	XnProperty.cpp	151	Property Depth1.ZPPS was changed to 0.104200.
 3095357	[INFO]	XnProperty.cpp	151	Property Depth1.LDDIS was changed to 7.500000.
 3095464	[INFO]	XnProperty.cpp	151	Property Depth1.Gain was changed to 30.
 3095501	[INFO]	XnProperty.cpp	151	Property Depth1.SupportedModesCount was changed to 9.
 3095524	[INFO]	XnDeviceBase.cpp	1458	Stream 'Depth1' was initialized.
 3095538	[INFO]	XnDeviceBase.cpp	1463	'Depth1' stream was created.
 3095552	[VERBOSE]	XnDeviceModule.cpp	417	Configuring module 'Depth1' from section 'Depth' in file './../../../data/openni/config//GlobalDefaultsKinect.ini'...
 3095711	[INFO]	XnDeviceModule.cpp	431	Module 'Depth1' configuration was loaded from file.
 3095853	[INFO]	XnProperty.cpp	74	Setting Depth1.Mirror to 1...
 3095873	[INFO]	XnProperty.cpp	151	Property Depth1.FirmwareMirror was changed to 1.
 3095885	[INFO]	XnProperty.cpp	151	Property Depth1.Mirror was changed to 1.
 3095895	[INFO]	XnProperty.cpp	101	Depth1.Mirror was successfully set.
 3095908	[VERBOSE]	XnDeviceBase.cpp	359	Opening stream Depth1...
 3095931	[VERBOSE]	XnFirmwareStreams.cpp	202	FW Stream Depth was claimed by Depth1
 3095946	[VERBOSE]	XnSensorDepthStream.cpp	336	Creating USB depth read thread...
 3095958	[VERBOSE]	XnUSBLinux-x86.cpp	104	Starting libusb asynch thread...
 3096043	[WARNING]	Linux-x86Threads.cpp	166	Failed to set thread priority: Invalid argument
 3096058	[WARNING]	XnUSBLinux-x86.cpp	122	USB events thread: Failed to set thread priority to critical. This might cause loss of data...
 3096083	[VERBOSE]	XnUSBLinux-x86.cpp	1128	Starting a USB read thread...
 3097044	[INFO]	XnUSBLinux-x86.cpp	1220	USB read thread was started.
 3097068	[INFO]	XnProperty.cpp	151	Property Depth1.ActualReadData was changed to 1.
 3097087	[VERBOSE]	XnProperty.cpp	74	Setting Firmware.DepthFormat (18) to 3...
 3109457	[VERBOSE]	XnProperty.cpp	101	Firmware.DepthFormat (18) was successfully set.
 3109510	[VERBOSE]	XnProperty.cpp	74	Setting Firmware.DepthResolution (19) to 1...
 3121820	[VERBOSE]	XnProperty.cpp	101	Firmware.DepthResolution (19) was successfully set.
 3121896	[VERBOSE]	XnProperty.cpp	74	Setting Firmware.DepthFPS (20) to 30...
 3133993	[VERBOSE]	XnProperty.cpp	101	Firmware.DepthFPS (20) was successfully set.
 3134060	[VERBOSE]	XnProperty.cpp	74	Setting Firmware.DepthHoleFilter (22) to 1...
 3146107	[VERBOSE]	XnProperty.cpp	101	Firmware.DepthHoleFilter (22) was successfully set.
 3146179	[VERBOSE]	XnProperty.cpp	74	Setting Firmware.DepthGain (21) to 30...
 3158362	[VERBOSE]	XnProperty.cpp	101	Firmware.DepthGain (21) was successfully set.
 3158427	[VERBOSE]	XnProperty.cpp	74	Setting Firmware.DepthDecimation (24) to 0...
 3170614	[VERBOSE]	XnProperty.cpp	101	Firmware.DepthDecimation (24) was successfully set.
 3170681	[VERBOSE]	XnProperty.cpp	74	Setting Firmware.Registration (2) to 0...
 3182839	[VERBOSE]	XnProperty.cpp	101	Firmware.Registration (2) was successfully set.
 3182898	[VERBOSE]	XnProperty.cpp	74	Setting Firmware.DepthMirror (23) to 1...
 3194964	[VERBOSE]	XnProperty.cpp	101	Firmware.DepthMirror (23) was successfully set.
 3195026	[VERBOSE]	XnProperty.cpp	74	Setting Firmware.GMCMode (36) to 1...
 3207265	[VERBOSE]	XnProperty.cpp	101	Firmware.GMCMode (36) was successfully set.
 3207317	[VERBOSE]	XnProperty.cpp	74	Setting Firmware.DepthWhiteBalance (45) to 1...
 3219391	[VERBOSE]	XnProperty.cpp	101	Firmware.DepthWhiteBalance (45) was successfully set.
 3219467	[VERBOSE]	XnHostProtocol.cpp	1203	Getting algorithm params 0x6 for resolution 1 and fps 30....
 3243783	[VERBOSE]	XnFirmwareStreams.cpp	284	Firmware stream 'Depth' processor was replaced.
 3243829	[VERBOSE]	XnProperty.cpp	74	Setting Firmware.Stream1Mode (6) to 2...
 3344315	[VERBOSE]	XnOpenNI.cpp	588	[FPS] Depth1 (I:  0.00, O:  0.00) ReadCalls:  0.00
 3344383	[VERBOSE]	XnSensorFPS.cpp	86	[FPS] InputFrames - I:  0.00, D:  0.00, OutputFrames - I:  0.00, D:  0.00
 3556118	[VERBOSE]	XnProperty.cpp	151	Property Firmware.Stream1Mode (6) was changed to 2.
 3556177	[VERBOSE]	XnProperty.cpp	74	Setting Firmware.FrameSync (1) to 0...
 3568446	[VERBOSE]	XnProperty.cpp	101	Firmware.FrameSync (1) was successfully set.
 3568495	[VERBOSE]	XnProperty.cpp	101	Firmware.Stream1Mode (6) was successfully set.
 3568510	[VERBOSE]	XnProperty.cpp	74	Setting Firmware.DepthCropEnabled (55) to 0...
 3580749	[VERBOSE]	XnProperty.cpp	101	Firmware.DepthCropEnabled (55) was successfully set.
 3580807	[INFO]	XnProperty.cpp	151	Property Depth1.State was changed to 1.
 3580820	[INFO]	XnDeviceBase.cpp	370	Stream Depth1 is open.
 4012291	[VERBOSE]	XnOpenNI.cpp	588	[FPS] Depth1 (I: 31.44, O: 23.30) ReadCalls: 26.21
 4012348	[VERBOSE]	XnSensorFPS.cpp	86	[FPS] InputFrames - I:  0.00, D: 31.44, OutputFrames - I:  0.00, D: 23.30
 5012335	[VERBOSE]	XnOpenNI.cpp	588	[FPS] Depth1 (I: 30.58, O: 28.29) ReadCalls: 29.03
 5012388	[VERBOSE]	XnSensorFPS.cpp	86	[FPS] InputFrames - I:  0.00, D: 30.58, OutputFrames - I:  0.00, D: 28.29
 6012374	[VERBOSE]	XnOpenNI.cpp	588	[FPS] Depth1 (I: 30.36, O: 29.02) ReadCalls: 29.44
 6012428	[VERBOSE]	XnSensorFPS.cpp	86	[FPS] InputFrames - I:  0.00, D: 30.36, OutputFrames - I:  0.00, D: 29.02
 7016312	[VERBOSE]	XnOpenNI.cpp	588	[FPS] Depth1 (I: 30.28, O: 29.95) ReadCalls: 30.26
 7016364	[VERBOSE]	XnSensorFPS.cpp	86	[FPS] InputFrames - I:  0.00, D: 30.28, OutputFrames - I:  0.00, D: 29.95
 8016309	[VERBOSE]	XnOpenNI.cpp	588	[FPS] Depth1 (I: 30.28, O: 29.95) ReadCalls: 30.19
 8016366	[VERBOSE]	XnSensorFPS.cpp	86	[FPS] InputFrames - I:  0.00, D: 30.28, OutputFrames - I:  0.00, D: 29.95
