     633	[INFO]	XnLog.cpp	161	OpenNI version is 1.1.0 (Build 41)-MacOSX (Jul  9 2011 14:48:28)
     703	[INFO]	XnLog.cpp	169	Log system initialized. Console: 1, File: 1, Severity: VERBOSE, Masks: ALL
     744	[INFO]	XnLog.cpp	169	Log system initialized. Console: 1, File: 1, Severity: VERBOSE, Masks: ALL
    1094	[VERBOSE]	XnModuleLoader.cpp	288	Checking ./../../../data/openni/lib/libnimMockNodes.dylib...
    1557	[VERBOSE]	XnModuleLoader.cpp	446	Found exported production node. ProductionNode: OpenNI/Mock/1.1.0.41
    1679	[VERBOSE]	XnModuleLoader.cpp	446	Found exported production node. Generator: OpenNI/Mock/1.1.0.41
    1759	[VERBOSE]	XnModuleLoader.cpp	446	Found exported production node. MapGenerator: OpenNI/Mock/1.1.0.41
    1829	[VERBOSE]	XnModuleLoader.cpp	446	Found exported production node. Device: OpenNI/Mock/1.1.0.41
    1887	[VERBOSE]	XnModuleLoader.cpp	446	Found exported production node. Depth: OpenNI/Mock/1.1.0.41
    1966	[VERBOSE]	XnModuleLoader.cpp	446	Found exported production node. IR: OpenNI/Mock/1.1.0.41
    2074	[VERBOSE]	XnModuleLoader.cpp	446	Found exported production node. Image: OpenNI/Mock/1.1.0.41
    2166	[VERBOSE]	XnModuleLoader.cpp	446	Found exported production node. Audio: OpenNI/Mock/1.1.0.41
    2241	[VERBOSE]	XnModuleLoader.cpp	288	Checking ./../../../data/openni/lib/libnimCodecs.dylib...
    2842	[VERBOSE]	XnModuleLoader.cpp	446	Found exported production node. Codec: OpenNI/16zP/1.1.0.41
    2954	[VERBOSE]	XnModuleLoader.cpp	446	Found exported production node. Codec: OpenNI/16zT/1.1.0.41
    3016	[VERBOSE]	XnModuleLoader.cpp	446	Found exported production node. Codec: OpenNI/Im8z/1.1.0.41
    3079	[VERBOSE]	XnModuleLoader.cpp	446	Found exported production node. Codec: OpenNI/JPEG/1.1.0.41
    3174	[VERBOSE]	XnModuleLoader.cpp	446	Found exported production node. Codec: OpenNI/NONE/1.1.0.41
    3238	[VERBOSE]	XnModuleLoader.cpp	288	Checking ./../../../data/openni/lib/libnimRecorder.dylib...
    3591	[VERBOSE]	XnModuleLoader.cpp	446	Found exported production node. Recorder: OpenNI/Recorder/1.1.0.41
    3716	[VERBOSE]	XnModuleLoader.cpp	446	Found exported production node. Player: OpenNI/Player/1.1.0.41
    3760	[VERBOSE]	XnModuleLoader.cpp	288	Checking ./../../../data/openni/lib/libXnDeviceSensorV2KM.dylib...
    4058	[VERBOSE]	XnModuleLoader.cpp	446	Found exported production node. Device: PrimeSense/SensorKinect/5.0.1.32
    4153	[VERBOSE]	XnModuleLoader.cpp	446	Found exported production node. Depth: PrimeSense/SensorKinect/5.0.1.32
    4232	[VERBOSE]	XnModuleLoader.cpp	446	Found exported production node. Image: PrimeSense/SensorKinect/5.0.1.32
    4331	[VERBOSE]	XnModuleLoader.cpp	446	Found exported production node. IR: PrimeSense/SensorKinect/5.0.1.32
    4401	[VERBOSE]	XnModuleLoader.cpp	446	Found exported production node. Audio: PrimeSense/SensorKinect/5.0.1.32
    4463	[VERBOSE]	XnModuleLoader.cpp	288	Checking ./../../../data/openni/lib/libXnVFeatures_1_3_1.dylib...
    4718	[VERBOSE]	XnModuleLoader.cpp	446	Found exported production node. Scene: PrimeSense/XnVSceneAnalyzer/1.3.1.4
    4816	[VERBOSE]	XnModuleLoader.cpp	446	Found exported production node. User: PrimeSense/XnVSkeletonGenerator/1.3.1.4
    4897	[VERBOSE]	XnModuleLoader.cpp	288	Checking ./../../../data/openni/lib/libXnVHandGenerator_1_3_1.dylib...
    5158	[VERBOSE]	XnModuleLoader.cpp	446	Found exported production node. Gesture: PrimeSense/XnVGestureGenrator/1.3.1.4
    5285	[VERBOSE]	XnModuleLoader.cpp	446	Found exported production node. Hands: PrimeSense/XnVHandTracker/1.3.1.4
    5934	[VERBOSE]	XnXmlConfig.cpp	736	Requested to create a node of type Depth...
    6143	[VERBOSE]	XnUSBLinux-x86.cpp	83	Initializing USB...
    7033	[INFO]	XnUSBLinux-x86.cpp	94	USB is initialized.
 1069694	[INFO]	XnOpenNI.cpp	1258	Creating node 'Device1' of type Device: PrimeSense/SensorKinect/5.0.1.32...
 1070015	[VERBOSE]	XnSensor.cpp	837	Global configuration file './../../../data/openni/config//GlobalDefaultsKinect.ini' was not found.
 1070039	[VERBOSE]	XnSensor.cpp	157	Initializing device sensor...
 1070125	[VERBOSE]	XnDeviceModule.cpp	417	Configuring module 'Device' from section 'Device' in file './../../../data/openni/config//GlobalDefaultsKinect.ini'...
 1070233	[INFO]	XnDeviceModule.cpp	431	Module 'Device' configuration was loaded from file.
 1070287	[VERBOSE]	XnDeviceSensorIO.cpp	76	Connecting to USB device...
 1070301	[VERBOSE]	XnDeviceSensorIO.cpp	94	Trying to open sensor '045e/02ae@253/8'...
 1606207	[VERBOSE]	XnDeviceSensorIO.cpp	107	Trying to open endpoint 0x4 for control out (for old firmwares)...
 1606264	[INFO]	XnDeviceSensorIO.cpp	128	Connected to USB device
 1606285	[INFO]	XnProperty.cpp	151	Property Device.USBPath was changed to 045e/02ae@253/8.
 1614088	[VERBOSE]	XnHostProtocol.cpp	706	Getting hardware versions...
 1615384	[INFO]	XnHostProtocol.cpp	859	Hardware versions: FW=5.1.4 (7) HW=4 Chip=2 Sensor=4 SYS=7
 1628012	[VERBOSE]	XnHostProtocol.cpp	869	Requesting KeepAlive...
 1640575	[VERBOSE]	XnHostProtocol.cpp	880	Got KeepAlive Reply.
 1640623	[VERBOSE]	XnHostProtocol.cpp	1156	Setting mode to 3...
 2453047	[VERBOSE]	XnHostProtocol.cpp	869	Requesting KeepAlive...
 2466026	[VERBOSE]	XnHostProtocol.cpp	880	Got KeepAlive Reply.
 2479059	[VERBOSE]	XnProperty.cpp	151	Property Firmware.ReferenceResolution was changed to 2.
 2479104	[VERBOSE]	XnSensorFirmwareParams.cpp	282	Reading all params from firmware...
 2528872	[VERBOSE]	XnProperty.cpp	151	Property Firmware.DepthMirror (23) was changed to 1.
 2553471	[VERBOSE]	XnProperty.cpp	151	Property Firmware.DepthHoleFilter (22) was changed to 1.
 2553524	[VERBOSE]	XnProperty.cpp	151	Property Firmware.ImageSharpness (76) was changed to 50.
 2578198	[VERBOSE]	XnProperty.cpp	151	Property Firmware.DepthGain (21) was changed to 30.
 2590850	[VERBOSE]	XnProperty.cpp	151	Property Firmware.GMCMode (36) was changed to 1.
 2615562	[VERBOSE]	XnProperty.cpp	151	Property Firmware.DepthFPS (20) was changed to 30.
 2628116	[VERBOSE]	XnProperty.cpp	151	Property Firmware.DepthWhiteBalance (45) was changed to 1.
 2640838	[VERBOSE]	XnProperty.cpp	151	Property Firmware.DepthResolution (19) was changed to 1.
 2653164	[VERBOSE]	XnProperty.cpp	151	Property Firmware.DepthFormat (18) was changed to 3.
 2802075	[VERBOSE]	XnProperty.cpp	151	Property Firmware.ImageFlicker (17) was changed to 1.
 2851553	[VERBOSE]	XnProperty.cpp	151	Property Firmware.ImageFPS (14) was changed to 30.
 2876307	[VERBOSE]	XnProperty.cpp	151	Property Firmware.ImageResolution (13) was changed to 1.
 3012060	[VERBOSE]	XnSensorFirmwareParams.cpp	291	Firmware params were updated.
 3012155	[VERBOSE]	XnHostProtocol.cpp	989	Getting the fixed params...
 3025147	[VERBOSE]	XnSensorFixedParams.cpp	54	Sensor serial number: 0
 3025207	[INFO]	XnProperty.cpp	151	Property Device.PhysicalDeviceName was changed to PrimeSense Sensor.
 3025235	[INFO]	XnProperty.cpp	151	Property Device.ID was changed to 0.
 3025293	[INFO]	XnSensor.cpp	185	Device sensor initialized
 3025445	[INFO]	XnOpenNI.cpp	1258	Creating node 'Depth1' of type Depth: PrimeSense/SensorKinect/5.0.1.32...
 3025507	[INFO]	XnDeviceBase.cpp	1383	Creating stream 'Depth1' of type 'Depth'...
 3025537	[INFO]	XnProperty.cpp	74	Setting Device.ReadData to 1...
 3025557	[VERBOSE]	XnDeviceSensorIO.cpp	160	Opening endpoints...
 3025574	[VERBOSE]	XnDeviceSensorIO.cpp	170	Opening endpoint 0x81 for depth...
 3025603	[VERBOSE]	XnDeviceSensorIO.cpp	194	Depth endpoint is isochronous.
 3025623	[VERBOSE]	XnDeviceSensorIO.cpp	220	Opening endpoint 0x82 for image...
 3025647	[VERBOSE]	XnDeviceSensorIO.cpp	233	Image endpoint is isochronous.
 3025664	[VERBOSE]	XnDeviceSensorIO.cpp	250	Opening endpoint 0x83 for misc...
 3025683	[VERBOSE]	XnDeviceSensorIO.cpp	264	Misc endpoint is not supported...
 3025700	[INFO]	XnDeviceSensorIO.cpp	291	Endpoints open
 3025716	[VERBOSE]	XnHostProtocol.cpp	1203	Getting algorithm params 0x80 for resolution 0 and fps 0....
 3038165	[INFO]	XnProperty.cpp	151	Property Device.ReadData was changed to 1.
 3038222	[INFO]	XnProperty.cpp	101	Device.ReadData was successfully set.
 3038480	[VERBOSE]	XnDeviceBase.cpp	1419	Initializing stream 'Depth1'...
 3038752	[INFO]	XnProperty.cpp	151	Property Depth1.FPS was changed to 30.
 3038818	[INFO]	XnProperty.cpp	151	Property Depth1.OutputFormat was changed to 1.
 3038839	[INFO]	XnProperty.cpp	151	Property Depth1.BytesPerPixel was changed to 2.
 3038858	[INFO]	XnProperty.cpp	151	Property Depth1.RequiredDataSize was changed to 614400.
 3038889	[INFO]	XnProperty.cpp	151	Property Depth1.ParamCoeff was changed to 4.
 3038964	[INFO]	XnProperty.cpp	151	Property Depth1.ShiftScale was changed to 10.
 3039035	[VERBOSE]	XnHostProtocol.cpp	1203	Getting algorithm params 0x0 for resolution 1 and fps 30....
 3051605	[INFO]	XnProperty.cpp	151	Property Depth1.ConstShift was changed to 200.
 3051730	[INFO]	XnProperty.cpp	151	Property Depth1.ZPD was changed to 120.
 3051877	[INFO]	XnProperty.cpp	151	Property Depth1.ZPPS was changed to 0.104200.
 3051898	[INFO]	XnProperty.cpp	151	Property Depth1.LDDIS was changed to 7.500000.
 3052041	[INFO]	XnProperty.cpp	151	Property Depth1.Gain was changed to 30.
 3052084	[INFO]	XnProperty.cpp	151	Property Depth1.SupportedModesCount was changed to 9.
 3052114	[INFO]	XnDeviceBase.cpp	1458	Stream 'Depth1' was initialized.
 3052132	[INFO]	XnDeviceBase.cpp	1463	'Depth1' stream was created.
 3052152	[VERBOSE]	XnDeviceModule.cpp	417	Configuring module 'Depth1' from section 'Depth' in file './../../../data/openni/config//GlobalDefaultsKinect.ini'...
 3052360	[INFO]	XnDeviceModule.cpp	431	Module 'Depth1' configuration was loaded from file.
 3052516	[INFO]	XnProperty.cpp	74	Setting Depth1.Mirror to 1...
 3052536	[INFO]	XnProperty.cpp	151	Property Depth1.FirmwareMirror was changed to 1.
 3052548	[INFO]	XnProperty.cpp	151	Property Depth1.Mirror was changed to 1.
 3052558	[INFO]	XnProperty.cpp	101	Depth1.Mirror was successfully set.
 3052573	[VERBOSE]	XnDeviceBase.cpp	359	Opening stream Depth1...
 3052594	[VERBOSE]	XnFirmwareStreams.cpp	202	FW Stream Depth was claimed by Depth1
 3052609	[VERBOSE]	XnSensorDepthStream.cpp	336	Creating USB depth read thread...
 3052621	[VERBOSE]	XnUSBLinux-x86.cpp	104	Starting libusb asynch thread...
 3052716	[WARNING]	Linux-x86Threads.cpp	166	Failed to set thread priority: Invalid argument
 3052738	[WARNING]	XnUSBLinux-x86.cpp	122	USB events thread: Failed to set thread priority to critical. This might cause loss of data...
 3052760	[VERBOSE]	XnUSBLinux-x86.cpp	1128	Starting a USB read thread...
 3053723	[INFO]	XnUSBLinux-x86.cpp	1220	USB read thread was started.
 3053772	[INFO]	XnProperty.cpp	151	Property Depth1.ActualReadData was changed to 1.
 3053802	[VERBOSE]	XnProperty.cpp	74	Setting Firmware.DepthFormat (18) to 3...
 3065935	[VERBOSE]	XnProperty.cpp	101	Firmware.DepthFormat (18) was successfully set.
 3065984	[VERBOSE]	XnProperty.cpp	74	Setting Firmware.DepthResolution (19) to 1...
 3078051	[VERBOSE]	XnProperty.cpp	101	Firmware.DepthResolution (19) was successfully set.
 3078104	[VERBOSE]	XnProperty.cpp	74	Setting Firmware.DepthFPS (20) to 30...
 3090293	[VERBOSE]	XnProperty.cpp	101	Firmware.DepthFPS (20) was successfully set.
 3090368	[VERBOSE]	XnProperty.cpp	74	Setting Firmware.DepthHoleFilter (22) to 1...
 3102409	[VERBOSE]	XnProperty.cpp	101	Firmware.DepthHoleFilter (22) was successfully set.
 3102469	[VERBOSE]	XnProperty.cpp	74	Setting Firmware.DepthGain (21) to 30...
 3114571	[VERBOSE]	XnProperty.cpp	101	Firmware.DepthGain (21) was successfully set.
 3114623	[VERBOSE]	XnProperty.cpp	74	Setting Firmware.DepthDecimation (24) to 0...
 3126712	[VERBOSE]	XnProperty.cpp	101	Firmware.DepthDecimation (24) was successfully set.
 3126768	[VERBOSE]	XnProperty.cpp	74	Setting Firmware.Registration (2) to 0...
 3138926	[VERBOSE]	XnProperty.cpp	101	Firmware.Registration (2) was successfully set.
 3138989	[VERBOSE]	XnProperty.cpp	74	Setting Firmware.DepthMirror (23) to 1...
 3151140	[VERBOSE]	XnProperty.cpp	101	Firmware.DepthMirror (23) was successfully set.
 3151185	[VERBOSE]	XnProperty.cpp	74	Setting Firmware.GMCMode (36) to 1...
 3163340	[VERBOSE]	XnProperty.cpp	101	Firmware.GMCMode (36) was successfully set.
 3163395	[VERBOSE]	XnProperty.cpp	74	Setting Firmware.DepthWhiteBalance (45) to 1...
 3175918	[VERBOSE]	XnProperty.cpp	101	Firmware.DepthWhiteBalance (45) was successfully set.
 3176004	[VERBOSE]	XnHostProtocol.cpp	1203	Getting algorithm params 0x6 for resolution 1 and fps 30....
 3200097	[VERBOSE]	XnFirmwareStreams.cpp	284	Firmware stream 'Depth' processor was replaced.
 3200144	[VERBOSE]	XnProperty.cpp	74	Setting Firmware.Stream1Mode (6) to 2...
 3301638	[VERBOSE]	XnOpenNI.cpp	588	[FPS] Depth1 (I:  0.00, O:  0.00) ReadCalls:  0.00
 3301709	[VERBOSE]	XnSensorFPS.cpp	86	[FPS] InputFrames - I:  0.00, D:  0.00, OutputFrames - I:  0.00, D:  0.00
 3512293	[VERBOSE]	XnProperty.cpp	151	Property Firmware.Stream1Mode (6) was changed to 2.
 3512351	[VERBOSE]	XnProperty.cpp	74	Setting Firmware.FrameSync (1) to 0...
 3524800	[VERBOSE]	XnProperty.cpp	101	Firmware.FrameSync (1) was successfully set.
 3524846	[VERBOSE]	XnProperty.cpp	101	Firmware.Stream1Mode (6) was successfully set.
 3524862	[VERBOSE]	XnProperty.cpp	74	Setting Firmware.DepthCropEnabled (55) to 0...
 3537046	[VERBOSE]	XnProperty.cpp	101	Firmware.DepthCropEnabled (55) was successfully set.
 3537103	[INFO]	XnProperty.cpp	151	Property Depth1.State was changed to 1.
 3537116	[INFO]	XnDeviceBase.cpp	370	Stream Depth1 is open.
 4001595	[VERBOSE]	XnOpenNI.cpp	588	[FPS] Depth1 (I: 31.43, O: 23.82) ReadCalls: 26.46
 4001650	[VERBOSE]	XnSensorFPS.cpp	86	[FPS] InputFrames - I:  0.00, D: 31.43, OutputFrames - I:  0.00, D: 23.81
 5001653	[VERBOSE]	XnOpenNI.cpp	588	[FPS] Depth1 (I: 30.59, O: 28.30) ReadCalls: 29.03
 5001707	[VERBOSE]	XnSensorFPS.cpp	86	[FPS] InputFrames - I:  0.00, D: 30.59, OutputFrames - I:  0.00, D: 28.30
 6001699	[VERBOSE]	XnOpenNI.cpp	588	[FPS] Depth1 (I: 30.37, O: 29.02) ReadCalls: 29.44
 6001751	[VERBOSE]	XnSensorFPS.cpp	86	[FPS] InputFrames - I:  0.00, D: 30.37, OutputFrames - I:  0.00, D: 29.02
 7005644	[VERBOSE]	XnOpenNI.cpp	588	[FPS] Depth1 (I: 30.28, O: 29.95) ReadCalls: 30.28
 7005697	[VERBOSE]	XnSensorFPS.cpp	86	[FPS] InputFrames - I:  0.00, D: 30.28, OutputFrames - I:  0.00, D: 29.95
 8005659	[VERBOSE]	XnOpenNI.cpp	588	[FPS] Depth1 (I: 30.28, O: 29.95) ReadCalls: 30.18
 8005712	[VERBOSE]	XnSensorFPS.cpp	86	[FPS] InputFrames - I:  0.00, D: 30.28, OutputFrames - I:  0.00, D: 29.95
 9005694	[VERBOSE]	XnOpenNI.cpp	588	[FPS] Depth1 (I: 30.32, O: 29.99) ReadCalls: 30.28
 9005746	[VERBOSE]	XnSensorFPS.cpp	86	[FPS] InputFrames - I:  0.00, D: 30.32, OutputFrames - I:  0.00, D: 29.99
10005759	[VERBOSE]	XnOpenNI.cpp	588	[FPS] Depth1 (I: 30.32, O: 29.99) ReadCalls: 30.25
10005812	[VERBOSE]	XnSensorFPS.cpp	86	[FPS] InputFrames - I:  0.00, D: 30.32, OutputFrames - I:  0.00, D: 29.99
11009634	[VERBOSE]	XnOpenNI.cpp	588	[FPS] Depth1 (I: 30.28, O: 29.95) ReadCalls: 30.17
11009686	[VERBOSE]	XnSensorFPS.cpp	86	[FPS] InputFrames - I:  0.00, D: 30.28, OutputFrames - I:  0.00, D: 29.95
12009693	[VERBOSE]	XnOpenNI.cpp	588	[FPS] Depth1 (I: 30.28, O: 29.95) ReadCalls: 30.20
12009744	[VERBOSE]	XnSensorFPS.cpp	86	[FPS] InputFrames - I:  0.00, D: 30.28, OutputFrames - I:  0.00, D: 29.95
13009783	[VERBOSE]	XnOpenNI.cpp	588	[FPS] Depth1 (I: 30.32, O: 29.99) ReadCalls: 30.18
13009845	[VERBOSE]	XnSensorFPS.cpp	86	[FPS] InputFrames - I:  0.00, D: 30.32, OutputFrames - I:  0.00, D: 29.99
14002107	[VERBOSE]	XnOpenNI.cpp	588	[FPS] Depth1 (I: 30.08, O: 30.08) ReadCalls: 30.29
14009718	[VERBOSE]	XnSensorFPS.cpp	86	[FPS] InputFrames - I:  0.00, D: 30.32, OutputFrames - I:  0.00, D: 30.00
15000148	[VERBOSE]	XnOpenNI.cpp	588	[FPS] Depth1 (I: 30.10, O: 30.10) ReadCalls: 30.31
15013679	[VERBOSE]	XnSensorFPS.cpp	86	[FPS] InputFrames - I:  0.00, D: 30.28, OutputFrames - I:  0.00, D: 29.95
16003885	[VERBOSE]	XnOpenNI.cpp	588	[FPS] Depth1 (I: 30.06, O: 30.06) ReadCalls: 30.29
16013730	[VERBOSE]	XnSensorFPS.cpp	86	[FPS] InputFrames - I:  0.00, D: 30.32, OutputFrames - I:  0.00, D: 29.99
17013849	[VERBOSE]	XnOpenNI.cpp	588	[FPS] Depth1 (I: 30.32, O: 29.99) ReadCalls: 29.87
17013910	[VERBOSE]	XnSensorFPS.cpp	86	[FPS] InputFrames - I:  0.00, D: 30.32, OutputFrames - I:  0.00, D: 29.98
18004272	[VERBOSE]	XnOpenNI.cpp	588	[FPS] Depth1 (I: 30.09, O: 30.09) ReadCalls: 30.35
18018409	[VERBOSE]	XnSensorFPS.cpp	86	[FPS] InputFrames - I:  0.00, D: 30.28, OutputFrames - I:  0.00, D: 29.94
19006045	[VERBOSE]	XnOpenNI.cpp	588	[FPS] Depth1 (I: 30.08, O: 30.08) ReadCalls: 30.31
19017751	[VERBOSE]	XnSensorFPS.cpp	86	[FPS] InputFrames - I:  0.00, D: 30.28, OutputFrames - I:  0.00, D: 29.95
20008859	[VERBOSE]	XnOpenNI.cpp	588	[FPS] Depth1 (I: 30.05, O: 30.06) ReadCalls: 30.29
20017792	[VERBOSE]	XnSensorFPS.cpp	86	[FPS] InputFrames - I:  0.00, D: 30.32, OutputFrames - I:  0.00, D: 29.99
21007965	[VERBOSE]	XnOpenNI.cpp	588	[FPS] Depth1 (I: 30.10, O: 30.11) ReadCalls: 30.36
21017817	[VERBOSE]	XnSensorFPS.cpp	86	[FPS] InputFrames - I:  0.00, D: 30.34, OutputFrames - I:  0.00, D: 30.01
22008733	[VERBOSE]	XnOpenNI.cpp	588	[FPS] Depth1 (I: 30.09, O: 30.09) ReadCalls: 30.40
22021770	[VERBOSE]	XnSensorFPS.cpp	86	[FPS] InputFrames - I:  0.00, D: 30.28, OutputFrames - I:  0.00, D: 29.95
23011852	[VERBOSE]	XnOpenNI.cpp	588	[FPS] Depth1 (I: 30.06, O: 30.06) ReadCalls: 30.31
23021818	[VERBOSE]	XnSensorFPS.cpp	86	[FPS] InputFrames - I:  0.00, D: 30.28, OutputFrames - I:  0.00, D: 29.95
24012638	[VERBOSE]	XnOpenNI.cpp	588	[FPS] Depth1 (I: 30.05, O: 30.05) ReadCalls: 30.38
24021803	[VERBOSE]	XnSensorFPS.cpp	86	[FPS] InputFrames - I:  0.00, D: 30.32, OutputFrames - I:  0.00, D: 29.99
25012014	[VERBOSE]	XnOpenNI.cpp	588	[FPS] Depth1 (I: 30.10, O: 30.10) ReadCalls: 30.35
25021835	[VERBOSE]	XnSensorFPS.cpp	86	[FPS] InputFrames - I:  0.00, D: 30.32, OutputFrames - I:  0.00, D: 29.99
26013830	[VERBOSE]	XnOpenNI.cpp	588	[FPS] Depth1 (I: 30.08, O: 30.08) ReadCalls: 30.34
26025827	[VERBOSE]	XnSensorFPS.cpp	86	[FPS] InputFrames - I:  0.00, D: 30.28, OutputFrames - I:  0.00, D: 29.95
27015843	[VERBOSE]	XnOpenNI.cpp	588	[FPS] Depth1 (I: 30.06, O: 30.06) ReadCalls: 30.34
27025799	[VERBOSE]	XnSensorFPS.cpp	86	[FPS] InputFrames - I:  0.00, D: 30.32, OutputFrames - I:  0.00, D: 29.99
28015957	[VERBOSE]	XnOpenNI.cpp	588	[FPS] Depth1 (I: 30.06, O: 30.06) ReadCalls: 30.41
28025843	[VERBOSE]	XnSensorFPS.cpp	86	[FPS] InputFrames - I:  0.00, D: 30.32, OutputFrames - I:  0.00, D: 29.99
29017157	[VERBOSE]	XnOpenNI.cpp	588	[FPS] Depth1 (I: 30.09, O: 30.09) ReadCalls: 30.36
29029802	[VERBOSE]	XnSensorFPS.cpp	86	[FPS] InputFrames - I:  0.00, D: 30.28, OutputFrames - I:  0.00, D: 29.95
30015805	[VERBOSE]	XnOpenNI.cpp	588	[FPS] Depth1 (I: 30.10, O: 30.10) ReadCalls: 30.39
30029825	[VERBOSE]	XnSensorFPS.cpp	86	[FPS] InputFrames - I:  0.00, D: 30.28, OutputFrames - I:  0.00, D: 29.95
31020418	[VERBOSE]	XnOpenNI.cpp	588	[FPS] Depth1 (I: 30.05, O: 30.05) ReadCalls: 30.41
31029876	[VERBOSE]	XnSensorFPS.cpp	86	[FPS] InputFrames - I:  0.00, D: 30.32, OutputFrames - I:  0.00, D: 29.99
32020078	[VERBOSE]	XnOpenNI.cpp	588	[FPS] Depth1 (I: 30.10, O: 30.10) ReadCalls: 30.38
32029906	[VERBOSE]	XnSensorFPS.cpp	86	[FPS] InputFrames - I:  0.00, D: 30.32, OutputFrames - I:  0.00, D: 29.99
32868584	[INFO]	XnOpenNI.cpp	1458	Destroying node 'Depth1'
32868725	[INFO]	XnDeviceBase.cpp	1507	Destroying stream 'Depth1'...
32868786	[VERBOSE]	XnFirmwareStreams.cpp	225	Stream Depth1 released FW Stream Depth
32869919	[VERBOSE]	XnDeviceBase.cpp	1531	'Depth1' stream destroyed.
32870013	[INFO]	XnOpenNI.cpp	1458	Destroying node 'Device1'
32870069	[VERBOSE]	XnProperty.cpp	74	Setting Firmware.Stream0Mode (5) to 0...
32883575	[VERBOSE]	XnProperty.cpp	101	Firmware.Stream0Mode (5) was successfully set.
32883624	[VERBOSE]	XnProperty.cpp	74	Setting Firmware.Stream1Mode (6) to 0...
33196024	[VERBOSE]	XnProperty.cpp	151	Property Firmware.Stream1Mode (6) was changed to 0.
33196075	[VERBOSE]	XnProperty.cpp	74	Setting Firmware.FrameSync (1) to 0...
33208300	[VERBOSE]	XnProperty.cpp	101	Firmware.FrameSync (1) was successfully set.
33208358	[VERBOSE]	XnProperty.cpp	101	Firmware.Stream1Mode (6) was successfully set.
33208372	[VERBOSE]	XnProperty.cpp	74	Setting Firmware.Stream2Mode (7) to 0...
33221401	[VERBOSE]	XnProperty.cpp	101	Firmware.Stream2Mode (7) was successfully set.
33221452	[VERBOSE]	XnDeviceSensorIO.cpp	301	Shutting down USB depth read thread...
33221480	[VERBOSE]	XnDeviceSensorIO.cpp	311	Shutting down USB image read thread...
33226993	[VERBOSE]	XnDeviceSensorIO.cpp	358	Device closed successfully
33228535	[VERBOSE]	XnDeviceSensorIO.cpp	301	Shutting down USB depth read thread...
33228575	[VERBOSE]	XnDeviceSensorIO.cpp	311	Shutting down USB image read thread...
33228585	[VERBOSE]	XnDeviceSensorIO.cpp	358	Device closed successfully
