  106291	[INFO]	XnLog.cpp	161	OpenNI version is 1.1.0 (Build 41)-MacOSX (Jul  9 2011 14:48:28)
  118516	[INFO]	XnLog.cpp	169	Log system initialized. Console: 1, File: 1, Severity: VERBOSE, Masks: ALL
  118572	[INFO]	XnLog.cpp	169	Log system initialized. Console: 1, File: 1, Severity: VERBOSE, Masks: ALL
  118800	[VERBOSE]	XnModuleLoader.cpp	288	Checking ./../../../data/openni/lib/libnimMockNodes.dylib...
  119026	[VERBOSE]	XnModuleLoader.cpp	446	Found exported production node. ProductionNode: OpenNI/Mock/1.1.0.41
  119076	[VERBOSE]	XnModuleLoader.cpp	446	Found exported production node. Generator: OpenNI/Mock/1.1.0.41
  119102	[VERBOSE]	XnModuleLoader.cpp	446	Found exported production node. MapGenerator: OpenNI/Mock/1.1.0.41
  119146	[VERBOSE]	XnModuleLoader.cpp	446	Found exported production node. Device: OpenNI/Mock/1.1.0.41
  119174	[VERBOSE]	XnModuleLoader.cpp	446	Found exported production node. Depth: OpenNI/Mock/1.1.0.41
  119200	[VERBOSE]	XnModuleLoader.cpp	446	Found exported production node. IR: OpenNI/Mock/1.1.0.41
  119225	[VERBOSE]	XnModuleLoader.cpp	446	Found exported production node. Image: OpenNI/Mock/1.1.0.41
  119249	[VERBOSE]	XnModuleLoader.cpp	446	Found exported production node. Audio: OpenNI/Mock/1.1.0.41
  119269	[VERBOSE]	XnModuleLoader.cpp	288	Checking ./../../../data/openni/lib/libnimCodecs.dylib...
  119352	[VERBOSE]	XnModuleLoader.cpp	446	Found exported production node. Codec: OpenNI/16zP/1.1.0.41
  119386	[VERBOSE]	XnModuleLoader.cpp	446	Found exported production node. Codec: OpenNI/16zT/1.1.0.41
  119403	[VERBOSE]	XnModuleLoader.cpp	446	Found exported production node. Codec: OpenNI/Im8z/1.1.0.41
  119424	[VERBOSE]	XnModuleLoader.cpp	446	Found exported production node. Codec: OpenNI/JPEG/1.1.0.41
  119445	[VERBOSE]	XnModuleLoader.cpp	446	Found exported production node. Codec: OpenNI/NONE/1.1.0.41
  119461	[VERBOSE]	XnModuleLoader.cpp	288	Checking ./../../../data/openni/lib/libnimRecorder.dylib...
  119539	[VERBOSE]	XnModuleLoader.cpp	446	Found exported production node. Recorder: OpenNI/Recorder/1.1.0.41
  119566	[VERBOSE]	XnModuleLoader.cpp	446	Found exported production node. Player: OpenNI/Player/1.1.0.41
  119590	[VERBOSE]	XnModuleLoader.cpp	288	Checking ./../../../data/openni/lib/libXnDeviceSensorV2KM.dylib...
  119673	[VERBOSE]	XnModuleLoader.cpp	446	Found exported production node. Device: PrimeSense/SensorKinect/5.0.1.32
  119699	[VERBOSE]	XnModuleLoader.cpp	446	Found exported production node. Depth: PrimeSense/SensorKinect/5.0.1.32
  119717	[VERBOSE]	XnModuleLoader.cpp	446	Found exported production node. Image: PrimeSense/SensorKinect/5.0.1.32
  119734	[VERBOSE]	XnModuleLoader.cpp	446	Found exported production node. IR: PrimeSense/SensorKinect/5.0.1.32
  119751	[VERBOSE]	XnModuleLoader.cpp	446	Found exported production node. Audio: PrimeSense/SensorKinect/5.0.1.32
  119766	[VERBOSE]	XnModuleLoader.cpp	288	Checking ./../../../data/openni/lib/libXnVFeatures_1_3_1.dylib...
  119842	[VERBOSE]	XnModuleLoader.cpp	446	Found exported production node. Scene: PrimeSense/XnVSceneAnalyzer/1.3.1.4
  119881	[VERBOSE]	XnModuleLoader.cpp	446	Found exported production node. User: PrimeSense/XnVSkeletonGenerator/1.3.1.4
  119914	[VERBOSE]	XnModuleLoader.cpp	288	Checking ./../../../data/openni/lib/libXnVHandGenerator_1_3_1.dylib...
  119999	[VERBOSE]	XnModuleLoader.cpp	446	Found exported production node. Gesture: PrimeSense/XnVGestureGenrator/1.3.1.4
  120029	[VERBOSE]	XnModuleLoader.cpp	446	Found exported production node. Hands: PrimeSense/XnVHandTracker/1.3.1.4
  132997	[VERBOSE]	XnXmlConfig.cpp	736	Requested to create a node of type Depth...
  133127	[VERBOSE]	XnUSBLinux-x86.cpp	83	Initializing USB...
  133584	[INFO]	XnUSBLinux-x86.cpp	94	USB is initialized.
 1428602	[INFO]	XnOpenNI.cpp	1258	Creating node 'Device1' of type Device: PrimeSense/SensorKinect/5.0.1.32...
 1428958	[VERBOSE]	XnSensor.cpp	837	Global configuration file './../../../data/openni/config//GlobalDefaultsKinect.ini' was not found.
 1428983	[VERBOSE]	XnSensor.cpp	157	Initializing device sensor...
 1429066	[VERBOSE]	XnDeviceModule.cpp	417	Configuring module 'Device' from section 'Device' in file './../../../data/openni/config//GlobalDefaultsKinect.ini'...
 1429189	[INFO]	XnDeviceModule.cpp	431	Module 'Device' configuration was loaded from file.
 1429238	[VERBOSE]	XnDeviceSensorIO.cpp	76	Connecting to USB device...
 1429252	[VERBOSE]	XnDeviceSensorIO.cpp	94	Trying to open sensor '045e/02ae@253/8'...
 1794447	[VERBOSE]	XnDeviceSensorIO.cpp	107	Trying to open endpoint 0x4 for control out (for old firmwares)...
 1794508	[INFO]	XnDeviceSensorIO.cpp	128	Connected to USB device
 1794535	[INFO]	XnProperty.cpp	151	Property Device.USBPath was changed to 045e/02ae@253/8.
 1802668	[VERBOSE]	XnHostProtocol.cpp	706	Getting hardware versions...
 1803920	[INFO]	XnHostProtocol.cpp	859	Hardware versions: FW=5.1.4 (7) HW=4 Chip=2 Sensor=4 SYS=7
 1816201	[VERBOSE]	XnHostProtocol.cpp	869	Requesting KeepAlive...
 1828662	[VERBOSE]	XnHostProtocol.cpp	880	Got KeepAlive Reply.
 1828721	[VERBOSE]	XnHostProtocol.cpp	1156	Setting mode to 3...
 2641214	[VERBOSE]	XnHostProtocol.cpp	869	Requesting KeepAlive...
 2653558	[VERBOSE]	XnHostProtocol.cpp	880	Got KeepAlive Reply.
 2665979	[VERBOSE]	XnProperty.cpp	151	Property Firmware.ReferenceResolution was changed to 2.
 2666029	[VERBOSE]	XnSensorFirmwareParams.cpp	282	Reading all params from firmware...
 2715409	[VERBOSE]	XnProperty.cpp	151	Property Firmware.DepthMirror (23) was changed to 1.
 2740344	[VERBOSE]	XnProperty.cpp	151	Property Firmware.DepthHoleFilter (22) was changed to 1.
 2740414	[VERBOSE]	XnProperty.cpp	151	Property Firmware.ImageSharpness (76) was changed to 50.
 2765170	[VERBOSE]	XnProperty.cpp	151	Property Firmware.DepthGain (21) was changed to 30.
 2777458	[VERBOSE]	XnProperty.cpp	151	Property Firmware.GMCMode (36) was changed to 1.
 2802228	[VERBOSE]	XnProperty.cpp	151	Property Firmware.DepthFPS (20) was changed to 30.
 2814427	[VERBOSE]	XnProperty.cpp	151	Property Firmware.DepthWhiteBalance (45) was changed to 1.
 2826801	[VERBOSE]	XnProperty.cpp	151	Property Firmware.DepthResolution (19) was changed to 1.
 2839228	[VERBOSE]	XnProperty.cpp	151	Property Firmware.DepthFormat (18) was changed to 3.
 2987107	[VERBOSE]	XnProperty.cpp	151	Property Firmware.ImageFlicker (17) was changed to 1.
 3035921	[VERBOSE]	XnProperty.cpp	151	Property Firmware.ImageFPS (14) was changed to 30.
 3060309	[VERBOSE]	XnProperty.cpp	151	Property Firmware.ImageResolution (13) was changed to 1.
 3193589	[VERBOSE]	XnSensorFirmwareParams.cpp	291	Firmware params were updated.
 3193668	[VERBOSE]	XnHostProtocol.cpp	989	Getting the fixed params...
 3206468	[VERBOSE]	XnSensorFixedParams.cpp	54	Sensor serial number: 0
 3206521	[INFO]	XnProperty.cpp	151	Property Device.PhysicalDeviceName was changed to PrimeSense Sensor.
 3206535	[INFO]	XnProperty.cpp	151	Property Device.ID was changed to 0.
 3206566	[INFO]	XnSensor.cpp	185	Device sensor initialized
 3206685	[INFO]	XnOpenNI.cpp	1258	Creating node 'Depth1' of type Depth: PrimeSense/SensorKinect/5.0.1.32...
 3206722	[INFO]	XnDeviceBase.cpp	1383	Creating stream 'Depth1' of type 'Depth'...
 3206739	[INFO]	XnProperty.cpp	74	Setting Device.ReadData to 1...
 3206750	[VERBOSE]	XnDeviceSensorIO.cpp	160	Opening endpoints...
 3206760	[VERBOSE]	XnDeviceSensorIO.cpp	170	Opening endpoint 0x81 for depth...
 3206778	[VERBOSE]	XnDeviceSensorIO.cpp	194	Depth endpoint is isochronous.
 3206791	[VERBOSE]	XnDeviceSensorIO.cpp	220	Opening endpoint 0x82 for image...
 3206805	[VERBOSE]	XnDeviceSensorIO.cpp	233	Image endpoint is isochronous.
 3206816	[VERBOSE]	XnDeviceSensorIO.cpp	250	Opening endpoint 0x83 for misc...
 3206828	[VERBOSE]	XnDeviceSensorIO.cpp	264	Misc endpoint is not supported...
 3206838	[INFO]	XnDeviceSensorIO.cpp	291	Endpoints open
 3206847	[VERBOSE]	XnHostProtocol.cpp	1203	Getting algorithm params 0x80 for resolution 0 and fps 0....
 3219044	[INFO]	XnProperty.cpp	151	Property Device.ReadData was changed to 1.
 3219093	[INFO]	XnProperty.cpp	101	Device.ReadData was successfully set.
 3219354	[VERBOSE]	XnDeviceBase.cpp	1419	Initializing stream 'Depth1'...
 3219630	[INFO]	XnProperty.cpp	151	Property Depth1.FPS was changed to 30.
 3219697	[INFO]	XnProperty.cpp	151	Property Depth1.OutputFormat was changed to 1.
 3219714	[INFO]	XnProperty.cpp	151	Property Depth1.BytesPerPixel was changed to 2.
 3219730	[INFO]	XnProperty.cpp	151	Property Depth1.RequiredDataSize was changed to 614400.
 3219756	[INFO]	XnProperty.cpp	151	Property Depth1.ParamCoeff was changed to 4.
 3219832	[INFO]	XnProperty.cpp	151	Property Depth1.ShiftScale was changed to 10.
 3219905	[VERBOSE]	XnHostProtocol.cpp	1203	Getting algorithm params 0x0 for resolution 1 and fps 30....
 3232613	[INFO]	XnProperty.cpp	151	Property Depth1.ConstShift was changed to 200.
 3232733	[INFO]	XnProperty.cpp	151	Property Depth1.ZPD was changed to 120.
 3232847	[INFO]	XnProperty.cpp	151	Property Depth1.ZPPS was changed to 0.104200.
 3232862	[INFO]	XnProperty.cpp	151	Property Depth1.LDDIS was changed to 7.500000.
 3232964	[INFO]	XnProperty.cpp	151	Property Depth1.Gain was changed to 30.
 3232997	[INFO]	XnProperty.cpp	151	Property Depth1.SupportedModesCount was changed to 9.
 3233019	[INFO]	XnDeviceBase.cpp	1458	Stream 'Depth1' was initialized.
 3233032	[INFO]	XnDeviceBase.cpp	1463	'Depth1' stream was created.
 3233051	[VERBOSE]	XnDeviceModule.cpp	417	Configuring module 'Depth1' from section 'Depth' in file './../../../data/openni/config//GlobalDefaultsKinect.ini'...
 3233208	[INFO]	XnDeviceModule.cpp	431	Module 'Depth1' configuration was loaded from file.
 3233377	[INFO]	XnProperty.cpp	74	Setting Depth1.Mirror to 1...
 3233396	[INFO]	XnProperty.cpp	151	Property Depth1.FirmwareMirror was changed to 1.
 3233408	[INFO]	XnProperty.cpp	151	Property Depth1.Mirror was changed to 1.
 3233419	[INFO]	XnProperty.cpp	101	Depth1.Mirror was successfully set.
 3233434	[VERBOSE]	XnDeviceBase.cpp	359	Opening stream Depth1...
 3233457	[VERBOSE]	XnFirmwareStreams.cpp	202	FW Stream Depth was claimed by Depth1
 3233472	[VERBOSE]	XnSensorDepthStream.cpp	336	Creating USB depth read thread...
 3233485	[VERBOSE]	XnUSBLinux-x86.cpp	104	Starting libusb asynch thread...
 3233556	[WARNING]	Linux-x86Threads.cpp	166	Failed to set thread priority: Invalid argument
 3233575	[WARNING]	XnUSBLinux-x86.cpp	122	USB events thread: Failed to set thread priority to critical. This might cause loss of data...
 3233601	[VERBOSE]	XnUSBLinux-x86.cpp	1128	Starting a USB read thread...
 3234771	[INFO]	XnUSBLinux-x86.cpp	1220	USB read thread was started.
 3234817	[INFO]	XnProperty.cpp	151	Property Depth1.ActualReadData was changed to 1.
 3234857	[VERBOSE]	XnProperty.cpp	74	Setting Firmware.DepthFormat (18) to 3...
 3247067	[VERBOSE]	XnProperty.cpp	101	Firmware.DepthFormat (18) was successfully set.
 3247127	[VERBOSE]	XnProperty.cpp	74	Setting Firmware.DepthResolution (19) to 1...
 3259360	[VERBOSE]	XnProperty.cpp	101	Firmware.DepthResolution (19) was successfully set.
 3259410	[VERBOSE]	XnProperty.cpp	74	Setting Firmware.DepthFPS (20) to 30...
 3271595	[VERBOSE]	XnProperty.cpp	101	Firmware.DepthFPS (20) was successfully set.
 3271655	[VERBOSE]	XnProperty.cpp	74	Setting Firmware.DepthHoleFilter (22) to 1...
 3283939	[VERBOSE]	XnProperty.cpp	101	Firmware.DepthHoleFilter (22) was successfully set.
 3283987	[VERBOSE]	XnProperty.cpp	74	Setting Firmware.DepthGain (21) to 30...
 3296177	[VERBOSE]	XnProperty.cpp	101	Firmware.DepthGain (21) was successfully set.
 3296240	[VERBOSE]	XnProperty.cpp	74	Setting Firmware.DepthDecimation (24) to 0...
 3308354	[VERBOSE]	XnProperty.cpp	101	Firmware.DepthDecimation (24) was successfully set.
 3308410	[VERBOSE]	XnProperty.cpp	74	Setting Firmware.Registration (2) to 0...
 3320649	[VERBOSE]	XnProperty.cpp	101	Firmware.Registration (2) was successfully set.
 3320710	[VERBOSE]	XnProperty.cpp	74	Setting Firmware.DepthMirror (23) to 1...
 3332853	[VERBOSE]	XnProperty.cpp	101	Firmware.DepthMirror (23) was successfully set.
 3332899	[VERBOSE]	XnProperty.cpp	74	Setting Firmware.GMCMode (36) to 1...
 3345138	[VERBOSE]	XnProperty.cpp	101	Firmware.GMCMode (36) was successfully set.
 3345190	[VERBOSE]	XnProperty.cpp	74	Setting Firmware.DepthWhiteBalance (45) to 1...
 3357356	[VERBOSE]	XnProperty.cpp	101	Firmware.DepthWhiteBalance (45) was successfully set.
 3357443	[VERBOSE]	XnHostProtocol.cpp	1203	Getting algorithm params 0x6 for resolution 1 and fps 30....
 3381909	[VERBOSE]	XnFirmwareStreams.cpp	284	Firmware stream 'Depth' processor was replaced.
 3381963	[VERBOSE]	XnProperty.cpp	74	Setting Firmware.Stream1Mode (6) to 2...
 3486922	[VERBOSE]	XnOpenNI.cpp	588	[FPS] Depth1 (I:  0.00, O:  0.00) ReadCalls:  0.00
 3486988	[VERBOSE]	XnSensorFPS.cpp	86	[FPS] InputFrames - I:  0.00, D:  0.00, OutputFrames - I:  0.00, D:  0.00
 3694068	[VERBOSE]	XnProperty.cpp	151	Property Firmware.Stream1Mode (6) was changed to 2.
 3694112	[VERBOSE]	XnProperty.cpp	74	Setting Firmware.FrameSync (1) to 0...
 3706212	[VERBOSE]	XnProperty.cpp	101	Firmware.FrameSync (1) was successfully set.
 3706261	[VERBOSE]	XnProperty.cpp	101	Firmware.Stream1Mode (6) was successfully set.
 3706276	[VERBOSE]	XnProperty.cpp	74	Setting Firmware.DepthCropEnabled (55) to 0...
 3718732	[VERBOSE]	XnProperty.cpp	101	Firmware.DepthCropEnabled (55) was successfully set.
 3718793	[INFO]	XnProperty.cpp	151	Property Depth1.State was changed to 1.
 3718812	[INFO]	XnDeviceBase.cpp	370	Stream Depth1 is open.
 4018945	[VERBOSE]	XnOpenNI.cpp	588	[FPS] Depth1 (I: 31.95, O: 18.92) ReadCalls: 18.91
 4018996	[VERBOSE]	XnSensorFPS.cpp	86	[FPS] InputFrames - I:  0.00, D: 31.95, OutputFrames - I:  0.00, D: 18.91
 5005299	[VERBOSE]	XnOpenNI.cpp	588	[FPS] Depth1 (I: 30.30, O: 28.39) ReadCalls: 29.22
 5022932	[VERBOSE]	XnSensorFPS.cpp	86	[FPS] InputFrames - I:  0.00, D: 30.60, OutputFrames - I:  0.00, D: 27.97
 6006396	[VERBOSE]	XnOpenNI.cpp	588	[FPS] Depth1 (I: 30.17, O: 29.11) ReadCalls: 29.56
 6022903	[VERBOSE]	XnSensorFPS.cpp	86	[FPS] InputFrames - I:  0.00, D: 30.36, OutputFrames - I:  0.00, D: 28.89
 7008843	[VERBOSE]	XnOpenNI.cpp	588	[FPS] Depth1 (I: 30.10, O: 30.12) ReadCalls: 30.59
 7022930	[VERBOSE]	XnSensorFPS.cpp	86	[FPS] InputFrames - I:  0.00, D: 30.32, OutputFrames - I:  0.00, D: 30.10
 8023059	[VERBOSE]	XnOpenNI.cpp	588	[FPS] Depth1 (I: 30.32, O: 20.21) ReadCalls: 20.17
 8030700	[VERBOSE]	XnSensorFPS.cpp	86	[FPS] InputFrames - I:  0.00, D: 30.24, OutputFrames - I:  0.00, D: 20.16
 9026980	[VERBOSE]	XnOpenNI.cpp	588	[FPS] Depth1 (I: 30.28, O: 10.09) ReadCalls: 10.08
 9028711	[VERBOSE]	XnSensorFPS.cpp	86	[FPS] InputFrames - I:  0.00, D: 30.26, OutputFrames - I:  0.00, D: 10.09
10026976	[VERBOSE]	XnOpenNI.cpp	588	[FPS] Depth1 (I: 30.28, O:  0.00) ReadCalls:  0.00
10029500	[VERBOSE]	XnSensorFPS.cpp	86	[FPS] InputFrames - I:  0.00, D: 30.26, OutputFrames - I:  0.00, D:  0.00
11026942	[VERBOSE]	XnOpenNI.cpp	588	[FPS] Depth1 (I: 30.32, O:  0.00) ReadCalls:  0.00
11031439	[VERBOSE]	XnSensorFPS.cpp	86	[FPS] InputFrames - I:  0.00, D: 30.28, OutputFrames - I:  0.00, D:  0.00
12027020	[VERBOSE]	XnOpenNI.cpp	588	[FPS] Depth1 (I: 30.32, O:  0.00) ReadCalls:  0.00
12035309	[VERBOSE]	XnSensorFPS.cpp	86	[FPS] InputFrames - I:  0.00, D: 30.24, OutputFrames - I:  0.00, D:  0.00
13031034	[VERBOSE]	XnOpenNI.cpp	588	[FPS] Depth1 (I: 30.28, O:  0.00) ReadCalls:  0.00
13031740	[VERBOSE]	XnSensorFPS.cpp	86	[FPS] InputFrames - I:  0.00, D: 30.27, OutputFrames - I:  0.00, D:  0.00
