     561	[INFO]	XnLog.cpp	161	OpenNI version is 1.1.0 (Build 41)-MacOSX (Jul  9 2011 14:48:28)
     618	[INFO]	XnLog.cpp	169	Log system initialized. Console: 1, File: 1, Severity: VERBOSE, Masks: ALL
     659	[INFO]	XnLog.cpp	169	Log system initialized. Console: 1, File: 1, Severity: VERBOSE, Masks: ALL
     803	[VERBOSE]	XnModuleLoader.cpp	288	Checking ./../../../data/openni/lib/libnimMockNodes.dylib...
     961	[VERBOSE]	XnModuleLoader.cpp	446	Found exported production node. ProductionNode: OpenNI/Mock/1.1.0.41
    1008	[VERBOSE]	XnModuleLoader.cpp	446	Found exported production node. Generator: OpenNI/Mock/1.1.0.41
    1035	[VERBOSE]	XnModuleLoader.cpp	446	Found exported production node. MapGenerator: OpenNI/Mock/1.1.0.41
    1061	[VERBOSE]	XnModuleLoader.cpp	446	Found exported production node. Device: OpenNI/Mock/1.1.0.41
    1085	[VERBOSE]	XnModuleLoader.cpp	446	Found exported production node. Depth: OpenNI/Mock/1.1.0.41
    1110	[VERBOSE]	XnModuleLoader.cpp	446	Found exported production node. IR: OpenNI/Mock/1.1.0.41
    1134	[VERBOSE]	XnModuleLoader.cpp	446	Found exported production node. Image: OpenNI/Mock/1.1.0.41
    1177	[VERBOSE]	XnModuleLoader.cpp	446	Found exported production node. Audio: OpenNI/Mock/1.1.0.41
    1206	[VERBOSE]	XnModuleLoader.cpp	288	Checking ./../../../data/openni/lib/libnimCodecs.dylib...
    1304	[VERBOSE]	XnModuleLoader.cpp	446	Found exported production node. Codec: OpenNI/16zP/1.1.0.41
    1337	[VERBOSE]	XnModuleLoader.cpp	446	Found exported production node. Codec: OpenNI/16zT/1.1.0.41
    1361	[VERBOSE]	XnModuleLoader.cpp	446	Found exported production node. Codec: OpenNI/Im8z/1.1.0.41
    1382	[VERBOSE]	XnModuleLoader.cpp	446	Found exported production node. Codec: OpenNI/JPEG/1.1.0.41
    1408	[VERBOSE]	XnModuleLoader.cpp	446	Found exported production node. Codec: OpenNI/NONE/1.1.0.41
    1429	[VERBOSE]	XnModuleLoader.cpp	288	Checking ./../../../data/openni/lib/libnimRecorder.dylib...
    1542	[VERBOSE]	XnModuleLoader.cpp	446	Found exported production node. Recorder: OpenNI/Recorder/1.1.0.41
    1594	[VERBOSE]	XnModuleLoader.cpp	446	Found exported production node. Player: OpenNI/Player/1.1.0.41
    1624	[VERBOSE]	XnModuleLoader.cpp	288	Checking ./../../../data/openni/lib/libXnDeviceSensorV2KM.dylib...
    1756	[VERBOSE]	XnModuleLoader.cpp	446	Found exported production node. Device: PrimeSense/SensorKinect/5.0.1.32
    1796	[VERBOSE]	XnModuleLoader.cpp	446	Found exported production node. Depth: PrimeSense/SensorKinect/5.0.1.32
    1828	[VERBOSE]	XnModuleLoader.cpp	446	Found exported production node. Image: PrimeSense/SensorKinect/5.0.1.32
    1856	[VERBOSE]	XnModuleLoader.cpp	446	Found exported production node. IR: PrimeSense/SensorKinect/5.0.1.32
    1886	[VERBOSE]	XnModuleLoader.cpp	446	Found exported production node. Audio: PrimeSense/SensorKinect/5.0.1.32
    1925	[VERBOSE]	XnModuleLoader.cpp	288	Checking ./../../../data/openni/lib/libXnVFeatures_1_3_1.dylib...
    2029	[VERBOSE]	XnModuleLoader.cpp	446	Found exported production node. Scene: PrimeSense/XnVSceneAnalyzer/1.3.1.4
    2062	[VERBOSE]	XnModuleLoader.cpp	446	Found exported production node. User: PrimeSense/XnVSkeletonGenerator/1.3.1.4
    2093	[VERBOSE]	XnModuleLoader.cpp	288	Checking ./../../../data/openni/lib/libXnVHandGenerator_1_3_1.dylib...
    2200	[VERBOSE]	XnModuleLoader.cpp	446	Found exported production node. Gesture: PrimeSense/XnVGestureGenrator/1.3.1.4
    2238	[VERBOSE]	XnModuleLoader.cpp	446	Found exported production node. Hands: PrimeSense/XnVHandTracker/1.3.1.4
    2474	[VERBOSE]	XnXmlConfig.cpp	736	Requested to create a node of type Depth...
    2550	[VERBOSE]	XnUSBLinux-x86.cpp	83	Initializing USB...
    3072	[INFO]	XnUSBLinux-x86.cpp	94	USB is initialized.
 1528688	[INFO]	XnOpenNI.cpp	1258	Creating node 'Device1' of type Device: PrimeSense/SensorKinect/5.0.1.32...
 1528996	[VERBOSE]	XnSensor.cpp	837	Global configuration file './../../../data/openni/config//GlobalDefaultsKinect.ini' was not found.
 1529022	[VERBOSE]	XnSensor.cpp	157	Initializing device sensor...
 1529102	[VERBOSE]	XnDeviceModule.cpp	417	Configuring module 'Device' from section 'Device' in file './../../../data/openni/config//GlobalDefaultsKinect.ini'...
 1529202	[INFO]	XnDeviceModule.cpp	431	Module 'Device' configuration was loaded from file.
 1529318	[VERBOSE]	XnDeviceSensorIO.cpp	76	Connecting to USB device...
 1529337	[VERBOSE]	XnDeviceSensorIO.cpp	94	Trying to open sensor '045e/02ae@253/8'...
 2201952	[VERBOSE]	XnDeviceSensorIO.cpp	107	Trying to open endpoint 0x4 for control out (for old firmwares)...
 2202015	[INFO]	XnDeviceSensorIO.cpp	128	Connected to USB device
 2202043	[INFO]	XnProperty.cpp	151	Property Device.USBPath was changed to 045e/02ae@253/8.
 2221337	[VERBOSE]	XnHostProtocol.cpp	706	Getting hardware versions...
 2222630	[INFO]	XnHostProtocol.cpp	859	Hardware versions: FW=5.1.4 (7) HW=4 Chip=2 Sensor=4 SYS=7
 2235135	[VERBOSE]	XnHostProtocol.cpp	869	Requesting KeepAlive...
 2247747	[VERBOSE]	XnHostProtocol.cpp	880	Got KeepAlive Reply.
 2247795	[VERBOSE]	XnHostProtocol.cpp	1156	Setting mode to 3...
 3060261	[VERBOSE]	XnHostProtocol.cpp	869	Requesting KeepAlive...
 3072775	[VERBOSE]	XnHostProtocol.cpp	880	Got KeepAlive Reply.
 3085244	[VERBOSE]	XnProperty.cpp	151	Property Firmware.ReferenceResolution was changed to 2.
 3085289	[VERBOSE]	XnSensorFirmwareParams.cpp	282	Reading all params from firmware...
 3134146	[VERBOSE]	XnProperty.cpp	151	Property Firmware.DepthMirror (23) was changed to 1.
 3158816	[VERBOSE]	XnProperty.cpp	151	Property Firmware.DepthHoleFilter (22) was changed to 1.
 3158870	[VERBOSE]	XnProperty.cpp	151	Property Firmware.ImageSharpness (76) was changed to 50.
 3183416	[VERBOSE]	XnProperty.cpp	151	Property Firmware.DepthGain (21) was changed to 30.
 3195772	[VERBOSE]	XnProperty.cpp	151	Property Firmware.GMCMode (36) was changed to 1.
 3220422	[VERBOSE]	XnProperty.cpp	151	Property Firmware.DepthFPS (20) was changed to 30.
 3232661	[VERBOSE]	XnProperty.cpp	151	Property Firmware.DepthWhiteBalance (45) was changed to 1.
 3244940	[VERBOSE]	XnProperty.cpp	151	Property Firmware.DepthResolution (19) was changed to 1.
 3257324	[VERBOSE]	XnProperty.cpp	151	Property Firmware.DepthFormat (18) was changed to 3.
 3404312	[VERBOSE]	XnProperty.cpp	151	Property Firmware.ImageFlicker (17) was changed to 1.
 3453158	[VERBOSE]	XnProperty.cpp	151	Property Firmware.ImageFPS (14) was changed to 30.
 3477755	[VERBOSE]	XnProperty.cpp	151	Property Firmware.ImageResolution (13) was changed to 1.
 3611537	[VERBOSE]	XnSensorFirmwareParams.cpp	291	Firmware params were updated.
 3611610	[VERBOSE]	XnHostProtocol.cpp	989	Getting the fixed params...
 3624530	[VERBOSE]	XnSensorFixedParams.cpp	54	Sensor serial number: 0
 3624596	[INFO]	XnProperty.cpp	151	Property Device.PhysicalDeviceName was changed to PrimeSense Sensor.
 3624617	[INFO]	XnProperty.cpp	151	Property Device.ID was changed to 0.
 3624656	[INFO]	XnSensor.cpp	185	Device sensor initialized
 3624812	[INFO]	XnOpenNI.cpp	1258	Creating node 'Depth1' of type Depth: PrimeSense/SensorKinect/5.0.1.32...
 3624869	[INFO]	XnDeviceBase.cpp	1383	Creating stream 'Depth1' of type 'Depth'...
 3624902	[INFO]	XnProperty.cpp	74	Setting Device.ReadData to 1...
 3624927	[VERBOSE]	XnDeviceSensorIO.cpp	160	Opening endpoints...
 3624948	[VERBOSE]	XnDeviceSensorIO.cpp	170	Opening endpoint 0x81 for depth...
 3624971	[VERBOSE]	XnDeviceSensorIO.cpp	194	Depth endpoint is isochronous.
 3624988	[VERBOSE]	XnDeviceSensorIO.cpp	220	Opening endpoint 0x82 for image...
 3625006	[VERBOSE]	XnDeviceSensorIO.cpp	233	Image endpoint is isochronous.
 3625020	[VERBOSE]	XnDeviceSensorIO.cpp	250	Opening endpoint 0x83 for misc...
 3625035	[VERBOSE]	XnDeviceSensorIO.cpp	264	Misc endpoint is not supported...
 3625048	[INFO]	XnDeviceSensorIO.cpp	291	Endpoints open
 3625060	[VERBOSE]	XnHostProtocol.cpp	1203	Getting algorithm params 0x80 for resolution 0 and fps 0....
 3637432	[INFO]	XnProperty.cpp	151	Property Device.ReadData was changed to 1.
 3637482	[INFO]	XnProperty.cpp	101	Device.ReadData was successfully set.
 3637705	[VERBOSE]	XnDeviceBase.cpp	1419	Initializing stream 'Depth1'...
 3637977	[INFO]	XnProperty.cpp	151	Property Depth1.FPS was changed to 30.
 3638041	[INFO]	XnProperty.cpp	151	Property Depth1.OutputFormat was changed to 1.
 3638059	[INFO]	XnProperty.cpp	151	Property Depth1.BytesPerPixel was changed to 2.
 3638076	[INFO]	XnProperty.cpp	151	Property Depth1.RequiredDataSize was changed to 614400.
 3638105	[INFO]	XnProperty.cpp	151	Property Depth1.ParamCoeff was changed to 4.
 3638180	[INFO]	XnProperty.cpp	151	Property Depth1.ShiftScale was changed to 10.
 3638251	[VERBOSE]	XnHostProtocol.cpp	1203	Getting algorithm params 0x0 for resolution 1 and fps 30....
 3650551	[INFO]	XnProperty.cpp	151	Property Depth1.ConstShift was changed to 200.
 3650674	[INFO]	XnProperty.cpp	151	Property Depth1.ZPD was changed to 120.
 3650805	[INFO]	XnProperty.cpp	151	Property Depth1.ZPPS was changed to 0.104200.
 3650831	[INFO]	XnProperty.cpp	151	Property Depth1.LDDIS was changed to 7.500000.
 3650961	[INFO]	XnProperty.cpp	151	Property Depth1.Gain was changed to 30.
 3651012	[INFO]	XnProperty.cpp	151	Property Depth1.SupportedModesCount was changed to 9.
 3651049	[INFO]	XnDeviceBase.cpp	1458	Stream 'Depth1' was initialized.
 3651072	[INFO]	XnDeviceBase.cpp	1463	'Depth1' stream was created.
 3651094	[VERBOSE]	XnDeviceModule.cpp	417	Configuring module 'Depth1' from section 'Depth' in file './../../../data/openni/config//GlobalDefaultsKinect.ini'...
 3651320	[INFO]	XnDeviceModule.cpp	431	Module 'Depth1' configuration was loaded from file.
 3651542	[INFO]	XnProperty.cpp	74	Setting Depth1.Mirror to 1...
 3651568	[INFO]	XnProperty.cpp	151	Property Depth1.FirmwareMirror was changed to 1.
 3651587	[INFO]	XnProperty.cpp	151	Property Depth1.Mirror was changed to 1.
 3651604	[INFO]	XnProperty.cpp	101	Depth1.Mirror was successfully set.
 3651625	[VERBOSE]	XnDeviceBase.cpp	359	Opening stream Depth1...
 3651653	[VERBOSE]	XnFirmwareStreams.cpp	202	FW Stream Depth was claimed by Depth1
 3651675	[VERBOSE]	XnSensorDepthStream.cpp	336	Creating USB depth read thread...
 3651693	[VERBOSE]	XnUSBLinux-x86.cpp	104	Starting libusb asynch thread...
 3651778	[WARNING]	Linux-x86Threads.cpp	166	Failed to set thread priority: Invalid argument
 3651803	[WARNING]	XnUSBLinux-x86.cpp	122	USB events thread: Failed to set thread priority to critical. This might cause loss of data...
 3651829	[VERBOSE]	XnUSBLinux-x86.cpp	1128	Starting a USB read thread...
 3652888	[INFO]	XnUSBLinux-x86.cpp	1220	USB read thread was started.
 3652941	[INFO]	XnProperty.cpp	151	Property Depth1.ActualReadData was changed to 1.
 3652970	[VERBOSE]	XnProperty.cpp	74	Setting Firmware.DepthFormat (18) to 3...
 3665269	[VERBOSE]	XnProperty.cpp	101	Firmware.DepthFormat (18) was successfully set.
 3665333	[VERBOSE]	XnProperty.cpp	74	Setting Firmware.DepthResolution (19) to 1...
 3677650	[VERBOSE]	XnProperty.cpp	101	Firmware.DepthResolution (19) was successfully set.
 3677703	[VERBOSE]	XnProperty.cpp	74	Setting Firmware.DepthFPS (20) to 30...
 3689997	[VERBOSE]	XnProperty.cpp	101	Firmware.DepthFPS (20) was successfully set.
 3690044	[VERBOSE]	XnProperty.cpp	74	Setting Firmware.DepthHoleFilter (22) to 1...
 3702432	[VERBOSE]	XnProperty.cpp	101	Firmware.DepthHoleFilter (22) was successfully set.
 3702495	[VERBOSE]	XnProperty.cpp	74	Setting Firmware.DepthGain (21) to 30...
 3714752	[VERBOSE]	XnProperty.cpp	101	Firmware.DepthGain (21) was successfully set.
 3714801	[VERBOSE]	XnProperty.cpp	74	Setting Firmware.DepthDecimation (24) to 0...
 3726943	[VERBOSE]	XnProperty.cpp	101	Firmware.DepthDecimation (24) was successfully set.
 3726994	[VERBOSE]	XnProperty.cpp	74	Setting Firmware.Registration (2) to 0...
 3739300	[VERBOSE]	XnProperty.cpp	101	Firmware.Registration (2) was successfully set.
 3739340	[VERBOSE]	XnProperty.cpp	74	Setting Firmware.DepthMirror (23) to 1...
 3751649	[VERBOSE]	XnProperty.cpp	101	Firmware.DepthMirror (23) was successfully set.
 3751707	[VERBOSE]	XnProperty.cpp	74	Setting Firmware.GMCMode (36) to 1...
 3763831	[VERBOSE]	XnProperty.cpp	101	Firmware.GMCMode (36) was successfully set.
 3763883	[VERBOSE]	XnProperty.cpp	74	Setting Firmware.DepthWhiteBalance (45) to 1...
 3776099	[VERBOSE]	XnProperty.cpp	101	Firmware.DepthWhiteBalance (45) was successfully set.
 3776202	[VERBOSE]	XnHostProtocol.cpp	1203	Getting algorithm params 0x6 for resolution 1 and fps 30....
 3800476	[VERBOSE]	XnFirmwareStreams.cpp	284	Firmware stream 'Depth' processor was replaced.
 3800521	[VERBOSE]	XnProperty.cpp	74	Setting Firmware.Stream1Mode (6) to 2...
 3900913	[VERBOSE]	XnOpenNI.cpp	588	[FPS] Depth1 (I:  0.00, O:  0.00) ReadCalls:  0.00
 3900983	[VERBOSE]	XnSensorFPS.cpp	86	[FPS] InputFrames - I:  0.00, D:  0.00, OutputFrames - I:  0.00, D:  0.00
 4000920	[VERBOSE]	XnOpenNI.cpp	588	[FPS] Depth1 (I: 40.00, O:  0.00) ReadCalls:  0.00
 4000969	[VERBOSE]	XnSensorFPS.cpp	86	[FPS] InputFrames - I:  0.00, D: 40.00, OutputFrames - I:  0.00, D:  0.00
 4112810	[VERBOSE]	XnProperty.cpp	151	Property Firmware.Stream1Mode (6) was changed to 2.
 4112859	[VERBOSE]	XnProperty.cpp	74	Setting Firmware.FrameSync (1) to 0...
 4125531	[VERBOSE]	XnProperty.cpp	101	Firmware.FrameSync (1) was successfully set.
 4125588	[VERBOSE]	XnProperty.cpp	101	Firmware.Stream1Mode (6) was successfully set.
 4125609	[VERBOSE]	XnProperty.cpp	74	Setting Firmware.DepthCropEnabled (55) to 0...
 4137907	[VERBOSE]	XnProperty.cpp	101	Firmware.DepthCropEnabled (55) was successfully set.
 4137972	[INFO]	XnProperty.cpp	151	Property Depth1.State was changed to 1.
 4137990	[INFO]	XnDeviceBase.cpp	370	Stream Depth1 is open.
 5000917	[VERBOSE]	XnOpenNI.cpp	588	[FPS] Depth1 (I: 30.91, O: 20.81) ReadCalls: 22.10
 5000971	[VERBOSE]	XnSensorFPS.cpp	86	[FPS] InputFrames - I:  0.00, D: 30.91, OutputFrames - I:  0.00, D: 20.80
 6000948	[VERBOSE]	XnOpenNI.cpp	588	[FPS] Depth1 (I: 30.48, O: 26.00) ReadCalls: 26.57
 6001003	[VERBOSE]	XnSensorFPS.cpp	86	[FPS] InputFrames - I:  0.00, D: 30.48, OutputFrames - I:  0.00, D: 26.00
 7004842	[VERBOSE]	XnOpenNI.cpp	588	[FPS] Depth1 (I: 30.28, O: 27.05) ReadCalls: 27.41
 7004899	[VERBOSE]	XnSensorFPS.cpp	86	[FPS] InputFrames - I:  0.00, D: 30.28, OutputFrames - I:  0.00, D: 27.05
 7560494	[INFO]	XnOpenNI.cpp	1458	Destroying node 'Depth1'
 7560583	[INFO]	XnDeviceBase.cpp	1507	Destroying stream 'Depth1'...
 7560631	[VERBOSE]	XnFirmwareStreams.cpp	225	Stream Depth1 released FW Stream Depth
 7561375	[VERBOSE]	XnDeviceBase.cpp	1531	'Depth1' stream destroyed.
 7561440	[INFO]	XnOpenNI.cpp	1458	Destroying node 'Device1'
 7561486	[VERBOSE]	XnProperty.cpp	74	Setting Firmware.Stream0Mode (5) to 0...
 7574715	[VERBOSE]	XnProperty.cpp	101	Firmware.Stream0Mode (5) was successfully set.
 7574775	[VERBOSE]	XnProperty.cpp	74	Setting Firmware.Stream1Mode (6) to 0...
 7886823	[VERBOSE]	XnProperty.cpp	151	Property Firmware.Stream1Mode (6) was changed to 0.
 7886877	[VERBOSE]	XnProperty.cpp	74	Setting Firmware.FrameSync (1) to 0...
 7899572	[VERBOSE]	XnProperty.cpp	101	Firmware.FrameSync (1) was successfully set.
 7899623	[VERBOSE]	XnProperty.cpp	101	Firmware.Stream1Mode (6) was successfully set.
 7899644	[VERBOSE]	XnProperty.cpp	74	Setting Firmware.Stream2Mode (7) to 0...
 7914066	[VERBOSE]	XnProperty.cpp	101	Firmware.Stream2Mode (7) was successfully set.
 7914116	[VERBOSE]	XnDeviceSensorIO.cpp	301	Shutting down USB depth read thread...
 7914143	[VERBOSE]	XnDeviceSensorIO.cpp	311	Shutting down USB image read thread...
 7921964	[VERBOSE]	XnDeviceSensorIO.cpp	358	Device closed successfully
 7923922	[VERBOSE]	XnDeviceSensorIO.cpp	301	Shutting down USB depth read thread...
 7923975	[VERBOSE]	XnDeviceSensorIO.cpp	311	Shutting down USB image read thread...
 7923994	[VERBOSE]	XnDeviceSensorIO.cpp	358	Device closed successfully
