     547	[INFO]	XnLog.cpp	161	OpenNI version is 1.1.0 (Build 41)-MacOSX (Jul  9 2011 14:48:28)
     600	[INFO]	XnLog.cpp	169	Log system initialized. Console: 1, File: 1, Severity: VERBOSE, Masks: ALL
     638	[INFO]	XnLog.cpp	169	Log system initialized. Console: 1, File: 1, Severity: VERBOSE, Masks: ALL
     766	[VERBOSE]	XnModuleLoader.cpp	288	Checking ./../../../data/openni/lib/libnimMockNodes.dylib...
     895	[VERBOSE]	XnModuleLoader.cpp	446	Found exported production node. ProductionNode: OpenNI/Mock/1.1.0.41
     929	[VERBOSE]	XnModuleLoader.cpp	446	Found exported production node. Generator: OpenNI/Mock/1.1.0.41
     948	[VERBOSE]	XnModuleLoader.cpp	446	Found exported production node. MapGenerator: OpenNI/Mock/1.1.0.41
     970	[VERBOSE]	XnModuleLoader.cpp	446	Found exported production node. Device: OpenNI/Mock/1.1.0.41
    1004	[VERBOSE]	XnModuleLoader.cpp	446	Found exported production node. Depth: OpenNI/Mock/1.1.0.41
    1040	[VERBOSE]	XnModuleLoader.cpp	446	Found exported production node. IR: OpenNI/Mock/1.1.0.41
    1068	[VERBOSE]	XnModuleLoader.cpp	446	Found exported production node. Image: OpenNI/Mock/1.1.0.41
    1094	[VERBOSE]	XnModuleLoader.cpp	446	Found exported production node. Audio: OpenNI/Mock/1.1.0.41
    1115	[VERBOSE]	XnModuleLoader.cpp	288	Checking ./../../../data/openni/lib/libnimCodecs.dylib...
    1194	[VERBOSE]	XnModuleLoader.cpp	446	Found exported production node. Codec: OpenNI/16zP/1.1.0.41
    1221	[VERBOSE]	XnModuleLoader.cpp	446	Found exported production node. Codec: OpenNI/16zT/1.1.0.41
    1246	[VERBOSE]	XnModuleLoader.cpp	446	Found exported production node. Codec: OpenNI/Im8z/1.1.0.41
    1263	[VERBOSE]	XnModuleLoader.cpp	446	Found exported production node. Codec: OpenNI/JPEG/1.1.0.41
    1278	[VERBOSE]	XnModuleLoader.cpp	446	Found exported production node. Codec: OpenNI/NONE/1.1.0.41
    1292	[VERBOSE]	XnModuleLoader.cpp	288	Checking ./../../../data/openni/lib/libnimRecorder.dylib...
    1370	[VERBOSE]	XnModuleLoader.cpp	446	Found exported production node. Recorder: OpenNI/Recorder/1.1.0.41
    1397	[VERBOSE]	XnModuleLoader.cpp	446	Found exported production node. Player: OpenNI/Player/1.1.0.41
    1413	[VERBOSE]	XnModuleLoader.cpp	288	Checking ./../../../data/openni/lib/libXnDeviceSensorV2KM.dylib...
    1498	[VERBOSE]	XnModuleLoader.cpp	446	Found exported production node. Device: PrimeSense/SensorKinect/5.0.1.32
    1531	[VERBOSE]	XnModuleLoader.cpp	446	Found exported production node. Depth: PrimeSense/SensorKinect/5.0.1.32
    1550	[VERBOSE]	XnModuleLoader.cpp	446	Found exported production node. Image: PrimeSense/SensorKinect/5.0.1.32
    1567	[VERBOSE]	XnModuleLoader.cpp	446	Found exported production node. IR: PrimeSense/SensorKinect/5.0.1.32
    1583	[VERBOSE]	XnModuleLoader.cpp	446	Found exported production node. Audio: PrimeSense/SensorKinect/5.0.1.32
    1598	[VERBOSE]	XnModuleLoader.cpp	288	Checking ./../../../data/openni/lib/libXnVFeatures_1_3_1.dylib...
    1682	[VERBOSE]	XnModuleLoader.cpp	446	Found exported production node. Scene: PrimeSense/XnVSceneAnalyzer/1.3.1.4
    1715	[VERBOSE]	XnModuleLoader.cpp	446	Found exported production node. User: PrimeSense/XnVSkeletonGenerator/1.3.1.4
    1739	[VERBOSE]	XnModuleLoader.cpp	288	Checking ./../../../data/openni/lib/libXnVHandGenerator_1_3_1.dylib...
    1821	[VERBOSE]	XnModuleLoader.cpp	446	Found exported production node. Gesture: PrimeSense/XnVGestureGenrator/1.3.1.4
    1850	[VERBOSE]	XnModuleLoader.cpp	446	Found exported production node. Hands: PrimeSense/XnVHandTracker/1.3.1.4
   27428	[VERBOSE]	XnXmlConfig.cpp	736	Requested to create a node of type Depth...
   27532	[VERBOSE]	XnUSBLinux-x86.cpp	83	Initializing USB...
   28058	[INFO]	XnUSBLinux-x86.cpp	94	USB is initialized.
 1318416	[INFO]	XnOpenNI.cpp	1258	Creating node 'Device1' of type Device: PrimeSense/SensorKinect/5.0.1.32...
 1318822	[VERBOSE]	XnSensor.cpp	837	Global configuration file './../../../data/openni/config//GlobalDefaultsKinect.ini' was not found.
 1318852	[VERBOSE]	XnSensor.cpp	157	Initializing device sensor...
 1318959	[VERBOSE]	XnDeviceModule.cpp	417	Configuring module 'Device' from section 'Device' in file './../../../data/openni/config//GlobalDefaultsKinect.ini'...
 1319081	[INFO]	XnDeviceModule.cpp	431	Module 'Device' configuration was loaded from file.
 1319144	[VERBOSE]	XnDeviceSensorIO.cpp	76	Connecting to USB device...
 1319162	[VERBOSE]	XnDeviceSensorIO.cpp	94	Trying to open sensor '045e/02ae@253/8'...
 1684118	[VERBOSE]	XnDeviceSensorIO.cpp	107	Trying to open endpoint 0x4 for control out (for old firmwares)...
 1684175	[INFO]	XnDeviceSensorIO.cpp	128	Connected to USB device
 1684195	[INFO]	XnProperty.cpp	151	Property Device.USBPath was changed to 045e/02ae@253/8.
 1751216	[VERBOSE]	XnHostProtocol.cpp	706	Getting hardware versions...
 1752427	[INFO]	XnHostProtocol.cpp	859	Hardware versions: FW=5.1.4 (7) HW=4 Chip=2 Sensor=4 SYS=7
 1764922	[VERBOSE]	XnHostProtocol.cpp	869	Requesting KeepAlive...
 1777158	[VERBOSE]	XnHostProtocol.cpp	880	Got KeepAlive Reply.
 1777208	[VERBOSE]	XnHostProtocol.cpp	1156	Setting mode to 3...
 2589487	[VERBOSE]	XnHostProtocol.cpp	869	Requesting KeepAlive...
 2601918	[VERBOSE]	XnHostProtocol.cpp	880	Got KeepAlive Reply.
 2614572	[VERBOSE]	XnProperty.cpp	151	Property Firmware.ReferenceResolution was changed to 2.
 2614621	[VERBOSE]	XnSensorFirmwareParams.cpp	282	Reading all params from firmware...
 2687689	[VERBOSE]	XnProperty.cpp	151	Property Firmware.DepthHoleFilter (22) was changed to 1.
 2687733	[VERBOSE]	XnProperty.cpp	151	Property Firmware.ImageSharpness (76) was changed to 50.
 2712156	[VERBOSE]	XnProperty.cpp	151	Property Firmware.DepthGain (21) was changed to 30.
 2724334	[VERBOSE]	XnProperty.cpp	151	Property Firmware.GMCMode (36) was changed to 1.
 2749051	[VERBOSE]	XnProperty.cpp	151	Property Firmware.DepthFPS (20) was changed to 30.
 2761423	[VERBOSE]	XnProperty.cpp	151	Property Firmware.DepthWhiteBalance (45) was changed to 1.
 2773812	[VERBOSE]	XnProperty.cpp	151	Property Firmware.DepthResolution (19) was changed to 1.
 2786174	[VERBOSE]	XnProperty.cpp	151	Property Firmware.DepthFormat (18) was changed to 3.
 2932836	[VERBOSE]	XnProperty.cpp	151	Property Firmware.ImageFlicker (17) was changed to 1.
 2982329	[VERBOSE]	XnProperty.cpp	151	Property Firmware.ImageFPS (14) was changed to 30.
 3007108	[VERBOSE]	XnProperty.cpp	151	Property Firmware.ImageResolution (13) was changed to 1.
 3141072	[VERBOSE]	XnSensorFirmwareParams.cpp	291	Firmware params were updated.
 3141144	[VERBOSE]	XnHostProtocol.cpp	989	Getting the fixed params...
 3153957	[VERBOSE]	XnSensorFixedParams.cpp	54	Sensor serial number: 0
 3154007	[INFO]	XnProperty.cpp	151	Property Device.PhysicalDeviceName was changed to PrimeSense Sensor.
 3154021	[INFO]	XnProperty.cpp	151	Property Device.ID was changed to 0.
 3154051	[INFO]	XnSensor.cpp	185	Device sensor initialized
 3154151	[INFO]	XnOpenNI.cpp	1258	Creating node 'Depth1' of type Depth: PrimeSense/SensorKinect/5.0.1.32...
 3154190	[INFO]	XnDeviceBase.cpp	1383	Creating stream 'Depth1' of type 'Depth'...
 3154207	[INFO]	XnProperty.cpp	74	Setting Device.ReadData to 1...
 3154219	[VERBOSE]	XnDeviceSensorIO.cpp	160	Opening endpoints...
 3154229	[VERBOSE]	XnDeviceSensorIO.cpp	170	Opening endpoint 0x81 for depth...
 3154246	[VERBOSE]	XnDeviceSensorIO.cpp	194	Depth endpoint is isochronous.
 3154260	[VERBOSE]	XnDeviceSensorIO.cpp	220	Opening endpoint 0x82 for image...
 3154274	[VERBOSE]	XnDeviceSensorIO.cpp	233	Image endpoint is isochronous.
 3154285	[VERBOSE]	XnDeviceSensorIO.cpp	250	Opening endpoint 0x83 for misc...
 3154297	[VERBOSE]	XnDeviceSensorIO.cpp	264	Misc endpoint is not supported...
 3154308	[INFO]	XnDeviceSensorIO.cpp	291	Endpoints open
 3154318	[VERBOSE]	XnHostProtocol.cpp	1203	Getting algorithm params 0x80 for resolution 0 and fps 0....
 3166686	[INFO]	XnProperty.cpp	151	Property Device.ReadData was changed to 1.
 3166730	[INFO]	XnProperty.cpp	101	Device.ReadData was successfully set.
 3167008	[VERBOSE]	XnDeviceBase.cpp	1419	Initializing stream 'Depth1'...
 3167276	[INFO]	XnProperty.cpp	151	Property Depth1.FPS was changed to 30.
 3167303	[INFO]	XnProperty.cpp	151	Property Depth1.OutputFormat was changed to 1.
 3167363	[INFO]	XnProperty.cpp	151	Property Depth1.BytesPerPixel was changed to 2.
 3167382	[INFO]	XnProperty.cpp	151	Property Depth1.RequiredDataSize was changed to 614400.
 3167414	[INFO]	XnProperty.cpp	151	Property Depth1.ParamCoeff was changed to 4.
 3167488	[INFO]	XnProperty.cpp	151	Property Depth1.ShiftScale was changed to 10.
 3167561	[VERBOSE]	XnHostProtocol.cpp	1203	Getting algorithm params 0x0 for resolution 1 and fps 30....
 3179923	[INFO]	XnProperty.cpp	151	Property Depth1.ConstShift was changed to 200.
 3180032	[INFO]	XnProperty.cpp	151	Property Depth1.ZPD was changed to 120.
 3180167	[INFO]	XnProperty.cpp	151	Property Depth1.ZPPS was changed to 0.104200.
 3180190	[INFO]	XnProperty.cpp	151	Property Depth1.LDDIS was changed to 7.500000.
 3180327	[INFO]	XnProperty.cpp	151	Property Depth1.Gain was changed to 30.
 3180400	[INFO]	XnProperty.cpp	151	Property Depth1.SupportedModesCount was changed to 9.
 3180460	[INFO]	XnDeviceBase.cpp	1458	Stream 'Depth1' was initialized.
 3180477	[INFO]	XnDeviceBase.cpp	1463	'Depth1' stream was created.
 3180495	[VERBOSE]	XnDeviceModule.cpp	417	Configuring module 'Depth1' from section 'Depth' in file './../../../data/openni/config//GlobalDefaultsKinect.ini'...
 3180689	[INFO]	XnDeviceModule.cpp	431	Module 'Depth1' configuration was loaded from file.
 3180897	[INFO]	XnProperty.cpp	74	Setting Depth1.Mirror to 1...
 3180921	[INFO]	XnProperty.cpp	151	Property Depth1.FirmwareMirror was changed to 1.
 3180936	[INFO]	XnProperty.cpp	151	Property Depth1.Mirror was changed to 1.
 3180950	[INFO]	XnProperty.cpp	101	Depth1.Mirror was successfully set.
 3180969	[VERBOSE]	XnDeviceBase.cpp	359	Opening stream Depth1...
 3180997	[VERBOSE]	XnFirmwareStreams.cpp	202	FW Stream Depth was claimed by Depth1
 3181016	[VERBOSE]	XnSensorDepthStream.cpp	336	Creating USB depth read thread...
 3181031	[VERBOSE]	XnUSBLinux-x86.cpp	104	Starting libusb asynch thread...
 3181112	[WARNING]	Linux-x86Threads.cpp	166	Failed to set thread priority: Invalid argument
 3181131	[WARNING]	XnUSBLinux-x86.cpp	122	USB events thread: Failed to set thread priority to critical. This might cause loss of data...
 3181154	[VERBOSE]	XnUSBLinux-x86.cpp	1128	Starting a USB read thread...
 3182213	[INFO]	XnUSBLinux-x86.cpp	1220	USB read thread was started.
 3182258	[INFO]	XnProperty.cpp	151	Property Depth1.ActualReadData was changed to 1.
 3182289	[VERBOSE]	XnProperty.cpp	74	Setting Firmware.DepthFormat (18) to 3...
 3194590	[VERBOSE]	XnProperty.cpp	101	Firmware.DepthFormat (18) was successfully set.
 3194650	[VERBOSE]	XnProperty.cpp	74	Setting Firmware.DepthResolution (19) to 1...
 3207047	[VERBOSE]	XnProperty.cpp	101	Firmware.DepthResolution (19) was successfully set.
 3207107	[VERBOSE]	XnProperty.cpp	74	Setting Firmware.DepthFPS (20) to 30...
 3219290	[VERBOSE]	XnProperty.cpp	101	Firmware.DepthFPS (20) was successfully set.
 3219345	[VERBOSE]	XnProperty.cpp	74	Setting Firmware.DepthHoleFilter (22) to 1...
 3231572	[VERBOSE]	XnProperty.cpp	101	Firmware.DepthHoleFilter (22) was successfully set.
 3231637	[VERBOSE]	XnProperty.cpp	74	Setting Firmware.DepthGain (21) to 30...
 3243811	[VERBOSE]	XnProperty.cpp	101	Firmware.DepthGain (21) was successfully set.
 3243875	[VERBOSE]	XnProperty.cpp	74	Setting Firmware.DepthDecimation (24) to 0...
 3256041	[VERBOSE]	XnProperty.cpp	101	Firmware.DepthDecimation (24) was successfully set.
 3256093	[VERBOSE]	XnProperty.cpp	74	Setting Firmware.Registration (2) to 0...
 3268197	[VERBOSE]	XnProperty.cpp	101	Firmware.Registration (2) was successfully set.
 3268247	[VERBOSE]	XnProperty.cpp	74	Setting Firmware.DepthMirror (23) to 1...
 3280565	[VERBOSE]	XnProperty.cpp	151	Property Firmware.DepthMirror (23) was changed to 1.
 3280620	[VERBOSE]	XnProperty.cpp	101	Firmware.DepthMirror (23) was successfully set.
 3280645	[VERBOSE]	XnProperty.cpp	74	Setting Firmware.GMCMode (36) to 1...
 3292828	[VERBOSE]	XnProperty.cpp	101	Firmware.GMCMode (36) was successfully set.
 3292875	[VERBOSE]	XnProperty.cpp	74	Setting Firmware.DepthWhiteBalance (45) to 1...
 3305292	[VERBOSE]	XnProperty.cpp	101	Firmware.DepthWhiteBalance (45) was successfully set.
 3305377	[VERBOSE]	XnHostProtocol.cpp	1203	Getting algorithm params 0x6 for resolution 1 and fps 30....
 3329853	[VERBOSE]	XnFirmwareStreams.cpp	284	Firmware stream 'Depth' processor was replaced.
 3329907	[VERBOSE]	XnProperty.cpp	74	Setting Firmware.Stream1Mode (6) to 2...
 3430209	[VERBOSE]	XnOpenNI.cpp	588	[FPS] Depth1 (I:  0.00, O:  0.00) ReadCalls:  0.00
 3430278	[VERBOSE]	XnSensorFPS.cpp	86	[FPS] InputFrames - I:  0.00, D:  0.00, OutputFrames - I:  0.00, D:  0.00
 3642148	[VERBOSE]	XnProperty.cpp	151	Property Firmware.Stream1Mode (6) was changed to 2.
 3642200	[VERBOSE]	XnProperty.cpp	74	Setting Firmware.FrameSync (1) to 0...
 3654558	[VERBOSE]	XnProperty.cpp	101	Firmware.FrameSync (1) was successfully set.
 3654606	[VERBOSE]	XnProperty.cpp	101	Firmware.Stream1Mode (6) was successfully set.
 3654621	[VERBOSE]	XnProperty.cpp	74	Setting Firmware.DepthCropEnabled (55) to 0...
 3666961	[VERBOSE]	XnProperty.cpp	101	Firmware.DepthCropEnabled (55) was successfully set.
 3667017	[INFO]	XnProperty.cpp	151	Property Depth1.State was changed to 1.
 3667030	[INFO]	XnDeviceBase.cpp	370	Stream Depth1 is open.
 4030178	[VERBOSE]	XnOpenNI.cpp	588	[FPS] Depth1 (I: 31.67, O:  0.00) ReadCalls:  0.00
 4030221	[VERBOSE]	XnSensorFPS.cpp	86	[FPS] InputFrames - I:  0.00, D: 31.67, OutputFrames - I:  0.00, D:  0.00
 5017084	[VERBOSE]	XnOpenNI.cpp	588	[FPS] Depth1 (I: 30.25, O: 24.67) ReadCalls: 25.46
 5030207	[VERBOSE]	XnSensorFPS.cpp	86	[FPS] InputFrames - I:  0.00, D: 30.63, OutputFrames - I:  0.00, D: 24.41
 6034156	[VERBOSE]	XnOpenNI.cpp	588	[FPS] Depth1 (I: 30.34, O: 26.39) ReadCalls: 26.39
 6034206	[VERBOSE]	XnSensorFPS.cpp	86	[FPS] InputFrames - I:  0.00, D: 30.34, OutputFrames - I:  0.00, D: 26.39
 7002155	[VERBOSE]	XnOpenNI.cpp	588	[FPS] Depth1 (I: 30.28, O: 29.86) ReadCalls: 30.20
 7002208	[VERBOSE]	XnSensorFPS.cpp	86	[FPS] InputFrames - I:  0.00, D: 30.28, OutputFrames - I:  0.00, D: 29.86
 8002188	[VERBOSE]	XnOpenNI.cpp	588	[FPS] Depth1 (I: 30.28, O: 29.61) ReadCalls: 29.81
 8002241	[VERBOSE]	XnSensorFPS.cpp	86	[FPS] InputFrames - I:  0.00, D: 30.28, OutputFrames - I:  0.00, D: 29.61
 9002222	[VERBOSE]	XnOpenNI.cpp	588	[FPS] Depth1 (I: 30.32, O: 30.31) ReadCalls: 30.65
 9002278	[VERBOSE]	XnSensorFPS.cpp	86	[FPS] InputFrames - I:  0.00, D: 30.32, OutputFrames - I:  0.00, D: 30.31
10002255	[VERBOSE]	XnOpenNI.cpp	588	[FPS] Depth1 (I: 30.32, O: 29.99) ReadCalls: 30.18
10002308	[VERBOSE]	XnSensorFPS.cpp	86	[FPS] InputFrames - I:  0.00, D: 30.32, OutputFrames - I:  0.00, D: 29.99
11006203	[VERBOSE]	XnOpenNI.cpp	588	[FPS] Depth1 (I: 30.28, O: 29.95) ReadCalls: 30.15
11006256	[VERBOSE]	XnSensorFPS.cpp	86	[FPS] InputFrames - I:  0.00, D: 30.28, OutputFrames - I:  0.00, D: 29.95
12006230	[VERBOSE]	XnOpenNI.cpp	588	[FPS] Depth1 (I: 30.28, O: 29.95) ReadCalls: 30.15
12006283	[VERBOSE]	XnSensorFPS.cpp	86	[FPS] InputFrames - I:  0.00, D: 30.28, OutputFrames - I:  0.00, D: 29.95
13006268	[VERBOSE]	XnOpenNI.cpp	588	[FPS] Depth1 (I: 30.32, O: 29.99) ReadCalls: 30.15
13006321	[VERBOSE]	XnSensorFPS.cpp	86	[FPS] InputFrames - I:  0.00, D: 30.32, OutputFrames - I:  0.00, D: 29.99
14006303	[VERBOSE]	XnOpenNI.cpp	588	[FPS] Depth1 (I: 30.32, O: 29.99) ReadCalls: 30.20
14006356	[VERBOSE]	XnSensorFPS.cpp	86	[FPS] InputFrames - I:  0.00, D: 30.32, OutputFrames - I:  0.00, D: 29.99
14640940	[INFO]	XnOpenNI.cpp	1458	Destroying node 'Depth1'
14641017	[INFO]	XnDeviceBase.cpp	1507	Destroying stream 'Depth1'...
14641059	[VERBOSE]	XnFirmwareStreams.cpp	225	Stream Depth1 released FW Stream Depth
14641900	[VERBOSE]	XnDeviceBase.cpp	1531	'Depth1' stream destroyed.
14641971	[INFO]	XnOpenNI.cpp	1458	Destroying node 'Device1'
14642021	[VERBOSE]	XnProperty.cpp	74	Setting Firmware.Stream0Mode (5) to 0...
14655299	[VERBOSE]	XnProperty.cpp	101	Firmware.Stream0Mode (5) was successfully set.
14655347	[VERBOSE]	XnProperty.cpp	74	Setting Firmware.Stream1Mode (6) to 0...
14967573	[VERBOSE]	XnProperty.cpp	151	Property Firmware.Stream1Mode (6) was changed to 0.
14967628	[VERBOSE]	XnProperty.cpp	74	Setting Firmware.FrameSync (1) to 0...
14979686	[VERBOSE]	XnProperty.cpp	101	Firmware.FrameSync (1) was successfully set.
14979773	[VERBOSE]	XnProperty.cpp	101	Firmware.Stream1Mode (6) was successfully set.
14979788	[VERBOSE]	XnProperty.cpp	74	Setting Firmware.Stream2Mode (7) to 0...
14992843	[VERBOSE]	XnProperty.cpp	101	Firmware.Stream2Mode (7) was successfully set.
14992886	[VERBOSE]	XnDeviceSensorIO.cpp	301	Shutting down USB depth read thread...
14992908	[VERBOSE]	XnDeviceSensorIO.cpp	311	Shutting down USB image read thread...
14999220	[VERBOSE]	XnDeviceSensorIO.cpp	358	Device closed successfully
15000829	[VERBOSE]	XnDeviceSensorIO.cpp	301	Shutting down USB depth read thread...
15000875	[VERBOSE]	XnDeviceSensorIO.cpp	311	Shutting down USB image read thread...
15000891	[VERBOSE]	XnDeviceSensorIO.cpp	358	Device closed successfully
