     931	[INFO]	XnLog.cpp	161	OpenNI version is 1.1.0 (Build 41)-MacOSX (Jul  9 2011 14:48:28)
    1017	[INFO]	XnLog.cpp	169	Log system initialized. Console: 1, File: 1, Severity: VERBOSE, Masks: ALL
    1061	[INFO]	XnLog.cpp	169	Log system initialized. Console: 1, File: 1, Severity: VERBOSE, Masks: ALL
    1272	[VERBOSE]	XnModuleLoader.cpp	288	Checking ./../../../data/openni/lib/libnimMockNodes.dylib...
    1473	[VERBOSE]	XnModuleLoader.cpp	446	Found exported production node. ProductionNode: OpenNI/Mock/1.1.0.41
    1525	[VERBOSE]	XnModuleLoader.cpp	446	Found exported production node. Generator: OpenNI/Mock/1.1.0.41
    1570	[VERBOSE]	XnModuleLoader.cpp	446	Found exported production node. MapGenerator: OpenNI/Mock/1.1.0.41
    1599	[VERBOSE]	XnModuleLoader.cpp	446	Found exported production node. Device: OpenNI/Mock/1.1.0.41
    1624	[VERBOSE]	XnModuleLoader.cpp	446	Found exported production node. Depth: OpenNI/Mock/1.1.0.41
    1651	[VERBOSE]	XnModuleLoader.cpp	446	Found exported production node. IR: OpenNI/Mock/1.1.0.41
    1676	[VERBOSE]	XnModuleLoader.cpp	446	Found exported production node. Image: OpenNI/Mock/1.1.0.41
    1710	[VERBOSE]	XnModuleLoader.cpp	446	Found exported production node. Audio: OpenNI/Mock/1.1.0.41
    1751	[VERBOSE]	XnModuleLoader.cpp	288	Checking ./../../../data/openni/lib/libnimCodecs.dylib...
    1871	[VERBOSE]	XnModuleLoader.cpp	446	Found exported production node. Codec: OpenNI/16zP/1.1.0.41
    1911	[VERBOSE]	XnModuleLoader.cpp	446	Found exported production node. Codec: OpenNI/16zT/1.1.0.41
    1936	[VERBOSE]	XnModuleLoader.cpp	446	Found exported production node. Codec: OpenNI/Im8z/1.1.0.41
    1959	[VERBOSE]	XnModuleLoader.cpp	446	Found exported production node. Codec: OpenNI/JPEG/1.1.0.41
    1983	[VERBOSE]	XnModuleLoader.cpp	446	Found exported production node. Codec: OpenNI/NONE/1.1.0.41
    2006	[VERBOSE]	XnModuleLoader.cpp	288	Checking ./../../../data/openni/lib/libnimRecorder.dylib...
    2123	[VERBOSE]	XnModuleLoader.cpp	446	Found exported production node. Recorder: OpenNI/Recorder/1.1.0.41
    2175	[VERBOSE]	XnModuleLoader.cpp	446	Found exported production node. Player: OpenNI/Player/1.1.0.41
    2204	[VERBOSE]	XnModuleLoader.cpp	288	Checking ./../../../data/openni/lib/libXnDeviceSensorV2KM.dylib...
    2327	[VERBOSE]	XnModuleLoader.cpp	446	Found exported production node. Device: PrimeSense/SensorKinect/5.0.1.32
    2367	[VERBOSE]	XnModuleLoader.cpp	446	Found exported production node. Depth: PrimeSense/SensorKinect/5.0.1.32
    2399	[VERBOSE]	XnModuleLoader.cpp	446	Found exported production node. Image: PrimeSense/SensorKinect/5.0.1.32
    2432	[VERBOSE]	XnModuleLoader.cpp	446	Found exported production node. IR: PrimeSense/SensorKinect/5.0.1.32
    2465	[VERBOSE]	XnModuleLoader.cpp	446	Found exported production node. Audio: PrimeSense/SensorKinect/5.0.1.32
    2501	[VERBOSE]	XnModuleLoader.cpp	288	Checking ./../../../data/openni/lib/libXnVFeatures_1_3_1.dylib...
    2616	[VERBOSE]	XnModuleLoader.cpp	446	Found exported production node. Scene: PrimeSense/XnVSceneAnalyzer/1.3.1.4
    2648	[VERBOSE]	XnModuleLoader.cpp	446	Found exported production node. User: PrimeSense/XnVSkeletonGenerator/1.3.1.4
    2681	[VERBOSE]	XnModuleLoader.cpp	288	Checking ./../../../data/openni/lib/libXnVHandGenerator_1_3_1.dylib...
    2810	[VERBOSE]	XnModuleLoader.cpp	446	Found exported production node. Gesture: PrimeSense/XnVGestureGenrator/1.3.1.4
    2855	[VERBOSE]	XnModuleLoader.cpp	446	Found exported production node. Hands: PrimeSense/XnVHandTracker/1.3.1.4
   27717	[VERBOSE]	XnXmlConfig.cpp	736	Requested to create a node of type Depth...
   27843	[VERBOSE]	XnUSBLinux-x86.cpp	83	Initializing USB...
   28400	[INFO]	XnUSBLinux-x86.cpp	94	USB is initialized.
 1379895	[INFO]	XnOpenNI.cpp	1258	Creating node 'Device1' of type Device: PrimeSense/SensorKinect/5.0.1.32...
 1380284	[VERBOSE]	XnSensor.cpp	837	Global configuration file './../../../data/openni/config//GlobalDefaultsKinect.ini' was not found.
 1380313	[VERBOSE]	XnSensor.cpp	157	Initializing device sensor...
 1380402	[VERBOSE]	XnDeviceModule.cpp	417	Configuring module 'Device' from section 'Device' in file './../../../data/openni/config//GlobalDefaultsKinect.ini'...
 1380527	[INFO]	XnDeviceModule.cpp	431	Module 'Device' configuration was loaded from file.
 1380571	[VERBOSE]	XnDeviceSensorIO.cpp	76	Connecting to USB device...
 1380589	[VERBOSE]	XnDeviceSensorIO.cpp	94	Trying to open sensor '045e/02ae@253/8'...
 1744090	[VERBOSE]	XnDeviceSensorIO.cpp	107	Trying to open endpoint 0x4 for control out (for old firmwares)...
 1744147	[INFO]	XnDeviceSensorIO.cpp	128	Connected to USB device
 1744175	[INFO]	XnProperty.cpp	151	Property Device.USBPath was changed to 045e/02ae@253/8.
 1751740	[VERBOSE]	XnHostProtocol.cpp	706	Getting hardware versions...
 1753067	[INFO]	XnHostProtocol.cpp	859	Hardware versions: FW=5.1.4 (7) HW=4 Chip=2 Sensor=4 SYS=7
 1765447	[VERBOSE]	XnHostProtocol.cpp	869	Requesting KeepAlive...
 1777812	[VERBOSE]	XnHostProtocol.cpp	880	Got KeepAlive Reply.
 1777861	[VERBOSE]	XnHostProtocol.cpp	1156	Setting mode to 3...
 2590456	[VERBOSE]	XnHostProtocol.cpp	869	Requesting KeepAlive...
 2602860	[VERBOSE]	XnHostProtocol.cpp	880	Got KeepAlive Reply.
 2615537	[VERBOSE]	XnProperty.cpp	151	Property Firmware.ReferenceResolution was changed to 2.
 2615591	[VERBOSE]	XnSensorFirmwareParams.cpp	282	Reading all params from firmware...
 2689214	[VERBOSE]	XnProperty.cpp	151	Property Firmware.DepthHoleFilter (22) was changed to 1.
 2689258	[VERBOSE]	XnProperty.cpp	151	Property Firmware.ImageSharpness (76) was changed to 50.
 2713978	[VERBOSE]	XnProperty.cpp	151	Property Firmware.DepthGain (21) was changed to 30.
 2726449	[VERBOSE]	XnProperty.cpp	151	Property Firmware.GMCMode (36) was changed to 1.
 2751150	[VERBOSE]	XnProperty.cpp	151	Property Firmware.DepthFPS (20) was changed to 30.
 2763465	[VERBOSE]	XnProperty.cpp	151	Property Firmware.DepthWhiteBalance (45) was changed to 1.
 2775731	[VERBOSE]	XnProperty.cpp	151	Property Firmware.DepthResolution (19) was changed to 1.
 2788060	[VERBOSE]	XnProperty.cpp	151	Property Firmware.DepthFormat (18) was changed to 3.
 2935961	[VERBOSE]	XnProperty.cpp	151	Property Firmware.ImageFlicker (17) was changed to 1.
 2984337	[VERBOSE]	XnProperty.cpp	151	Property Firmware.ImageFPS (14) was changed to 30.
 3009251	[VERBOSE]	XnProperty.cpp	151	Property Firmware.ImageResolution (13) was changed to 1.
 3141590	[VERBOSE]	XnSensorFirmwareParams.cpp	291	Firmware params were updated.
 3141669	[VERBOSE]	XnHostProtocol.cpp	989	Getting the fixed params...
 3154495	[VERBOSE]	XnSensorFixedParams.cpp	54	Sensor serial number: 0
 3154553	[INFO]	XnProperty.cpp	151	Property Device.PhysicalDeviceName was changed to PrimeSense Sensor.
 3154572	[INFO]	XnProperty.cpp	151	Property Device.ID was changed to 0.
 3154612	[INFO]	XnSensor.cpp	185	Device sensor initialized
 3154733	[INFO]	XnOpenNI.cpp	1258	Creating node 'Depth1' of type Depth: PrimeSense/SensorKinect/5.0.1.32...
 3154779	[INFO]	XnDeviceBase.cpp	1383	Creating stream 'Depth1' of type 'Depth'...
 3154805	[INFO]	XnProperty.cpp	74	Setting Device.ReadData to 1...
 3154824	[VERBOSE]	XnDeviceSensorIO.cpp	160	Opening endpoints...
 3154839	[VERBOSE]	XnDeviceSensorIO.cpp	170	Opening endpoint 0x81 for depth...
 3154864	[VERBOSE]	XnDeviceSensorIO.cpp	194	Depth endpoint is isochronous.
 3154882	[VERBOSE]	XnDeviceSensorIO.cpp	220	Opening endpoint 0x82 for image...
 3154906	[VERBOSE]	XnDeviceSensorIO.cpp	233	Image endpoint is isochronous.
 3154922	[VERBOSE]	XnDeviceSensorIO.cpp	250	Opening endpoint 0x83 for misc...
 3154941	[VERBOSE]	XnDeviceSensorIO.cpp	264	Misc endpoint is not supported...
 3154954	[INFO]	XnDeviceSensorIO.cpp	291	Endpoints open
 3154966	[VERBOSE]	XnHostProtocol.cpp	1203	Getting algorithm params 0x80 for resolution 0 and fps 0....
 3167363	[INFO]	XnProperty.cpp	151	Property Device.ReadData was changed to 1.
 3167419	[INFO]	XnProperty.cpp	101	Device.ReadData was successfully set.
 3167597	[VERBOSE]	XnDeviceBase.cpp	1419	Initializing stream 'Depth1'...
 3167896	[INFO]	XnProperty.cpp	151	Property Depth1.FPS was changed to 30.
 3167917	[INFO]	XnProperty.cpp	151	Property Depth1.OutputFormat was changed to 1.
 3167965	[INFO]	XnProperty.cpp	151	Property Depth1.BytesPerPixel was changed to 2.
 3167978	[INFO]	XnProperty.cpp	151	Property Depth1.RequiredDataSize was changed to 614400.
 3168000	[INFO]	XnProperty.cpp	151	Property Depth1.ParamCoeff was changed to 4.
 3168062	[INFO]	XnProperty.cpp	151	Property Depth1.ShiftScale was changed to 10.
 3168124	[VERBOSE]	XnHostProtocol.cpp	1203	Getting algorithm params 0x0 for resolution 1 and fps 30....
 3180463	[INFO]	XnProperty.cpp	151	Property Depth1.ConstShift was changed to 200.
 3180597	[INFO]	XnProperty.cpp	151	Property Depth1.ZPD was changed to 120.
 3180740	[INFO]	XnProperty.cpp	151	Property Depth1.ZPPS was changed to 0.104200.
 3180769	[INFO]	XnProperty.cpp	151	Property Depth1.LDDIS was changed to 7.500000.
 3180931	[INFO]	XnProperty.cpp	151	Property Depth1.Gain was changed to 30.
 3180982	[INFO]	XnProperty.cpp	151	Property Depth1.SupportedModesCount was changed to 9.
 3181025	[INFO]	XnDeviceBase.cpp	1458	Stream 'Depth1' was initialized.
 3181049	[INFO]	XnDeviceBase.cpp	1463	'Depth1' stream was created.
 3181072	[VERBOSE]	XnDeviceModule.cpp	417	Configuring module 'Depth1' from section 'Depth' in file './../../../data/openni/config//GlobalDefaultsKinect.ini'...
 3181301	[INFO]	XnDeviceModule.cpp	431	Module 'Depth1' configuration was loaded from file.
 3181494	[INFO]	XnProperty.cpp	74	Setting Depth1.Mirror to 1...
 3181515	[INFO]	XnProperty.cpp	151	Property Depth1.FirmwareMirror was changed to 1.
 3181528	[INFO]	XnProperty.cpp	151	Property Depth1.Mirror was changed to 1.
 3181539	[INFO]	XnProperty.cpp	101	Depth1.Mirror was successfully set.
 3181553	[VERBOSE]	XnDeviceBase.cpp	359	Opening stream Depth1...
 3181576	[VERBOSE]	XnFirmwareStreams.cpp	202	FW Stream Depth was claimed by Depth1
 3181595	[VERBOSE]	XnSensorDepthStream.cpp	336	Creating USB depth read thread...
 3181615	[VERBOSE]	XnUSBLinux-x86.cpp	104	Starting libusb asynch thread...
 3181697	[WARNING]	Linux-x86Threads.cpp	166	Failed to set thread priority: Invalid argument
 3181713	[WARNING]	XnUSBLinux-x86.cpp	122	USB events thread: Failed to set thread priority to critical. This might cause loss of data...
 3181731	[VERBOSE]	XnUSBLinux-x86.cpp	1128	Starting a USB read thread...
 3182659	[INFO]	XnUSBLinux-x86.cpp	1220	USB read thread was started.
 3182696	[INFO]	XnProperty.cpp	151	Property Depth1.ActualReadData was changed to 1.
 3182717	[VERBOSE]	XnProperty.cpp	74	Setting Firmware.DepthFormat (18) to 3...
 3194974	[VERBOSE]	XnProperty.cpp	101	Firmware.DepthFormat (18) was successfully set.
 3195077	[VERBOSE]	XnProperty.cpp	74	Setting Firmware.DepthResolution (19) to 1...
 3207129	[VERBOSE]	XnProperty.cpp	101	Firmware.DepthResolution (19) was successfully set.
 3207183	[VERBOSE]	XnProperty.cpp	74	Setting Firmware.DepthFPS (20) to 30...
 3219244	[VERBOSE]	XnProperty.cpp	101	Firmware.DepthFPS (20) was successfully set.
 3219297	[VERBOSE]	XnProperty.cpp	74	Setting Firmware.DepthHoleFilter (22) to 1...
 3231433	[VERBOSE]	XnProperty.cpp	101	Firmware.DepthHoleFilter (22) was successfully set.
 3231492	[VERBOSE]	XnProperty.cpp	74	Setting Firmware.DepthGain (21) to 30...
 3243618	[VERBOSE]	XnProperty.cpp	101	Firmware.DepthGain (21) was successfully set.
 3243668	[VERBOSE]	XnProperty.cpp	74	Setting Firmware.DepthDecimation (24) to 0...
 3255841	[VERBOSE]	XnProperty.cpp	101	Firmware.DepthDecimation (24) was successfully set.
 3255913	[VERBOSE]	XnProperty.cpp	74	Setting Firmware.Registration (2) to 0...
 3267991	[VERBOSE]	XnProperty.cpp	101	Firmware.Registration (2) was successfully set.
 3268044	[VERBOSE]	XnProperty.cpp	74	Setting Firmware.DepthMirror (23) to 1...
 3280224	[VERBOSE]	XnProperty.cpp	151	Property Firmware.DepthMirror (23) was changed to 1.
 3280279	[VERBOSE]	XnProperty.cpp	101	Firmware.DepthMirror (23) was successfully set.
 3280294	[VERBOSE]	XnProperty.cpp	74	Setting Firmware.GMCMode (36) to 1...
 3292488	[VERBOSE]	XnProperty.cpp	101	Firmware.GMCMode (36) was successfully set.
 3292530	[VERBOSE]	XnProperty.cpp	74	Setting Firmware.DepthWhiteBalance (45) to 1...
 3304845	[VERBOSE]	XnProperty.cpp	101	Firmware.DepthWhiteBalance (45) was successfully set.
 3304944	[VERBOSE]	XnHostProtocol.cpp	1203	Getting algorithm params 0x6 for resolution 1 and fps 30....
 3329366	[VERBOSE]	XnFirmwareStreams.cpp	284	Firmware stream 'Depth' processor was replaced.
 3329412	[VERBOSE]	XnProperty.cpp	74	Setting Firmware.Stream1Mode (6) to 2...
 3430335	[VERBOSE]	XnOpenNI.cpp	588	[FPS] Depth1 (I:  0.00, O:  0.00) ReadCalls:  0.00
 3430401	[VERBOSE]	XnSensorFPS.cpp	86	[FPS] InputFrames - I:  0.00, D:  0.00, OutputFrames - I:  0.00, D:  0.00
 3641746	[VERBOSE]	XnProperty.cpp	151	Property Firmware.Stream1Mode (6) was changed to 2.
 3641794	[VERBOSE]	XnProperty.cpp	74	Setting Firmware.FrameSync (1) to 0...
 3654099	[VERBOSE]	XnProperty.cpp	101	Firmware.FrameSync (1) was successfully set.
 3654159	[VERBOSE]	XnProperty.cpp	101	Firmware.Stream1Mode (6) was successfully set.
 3654180	[VERBOSE]	XnProperty.cpp	74	Setting Firmware.DepthCropEnabled (55) to 0...
 3666488	[VERBOSE]	XnProperty.cpp	101	Firmware.DepthCropEnabled (55) was successfully set.
 3666549	[INFO]	XnProperty.cpp	151	Property Depth1.State was changed to 1.
 3666568	[INFO]	XnDeviceBase.cpp	370	Stream Depth1 is open.
 4025289	[VERBOSE]	XnOpenNI.cpp	588	[FPS] Depth1 (I: 30.25, O: 18.67) ReadCalls: 22.40
 4030344	[VERBOSE]	XnSensorFPS.cpp	86	[FPS] InputFrames - I:  0.00, D: 31.67, OutputFrames - I:  0.00, D: 18.33
 5019474	[VERBOSE]	XnOpenNI.cpp	588	[FPS] Depth1 (I: 30.21, O: 27.73) ReadCalls: 28.53
 5030345	[VERBOSE]	XnSensorFPS.cpp	86	[FPS] InputFrames - I:  0.00, D: 30.63, OutputFrames - I:  0.00, D: 27.50
 6019904	[VERBOSE]	XnOpenNI.cpp	588	[FPS] Depth1 (I: 30.12, O: 28.73) ReadCalls: 29.17
 6030396	[VERBOSE]	XnSensorFPS.cpp	86	[FPS] InputFrames - I:  0.00, D: 30.38, OutputFrames - I:  0.00, D: 28.60
 7019757	[VERBOSE]	XnOpenNI.cpp	588	[FPS] Depth1 (I: 30.11, O: 30.11) ReadCalls: 30.39
 7034328	[VERBOSE]	XnSensorFPS.cpp	86	[FPS] InputFrames - I:  0.00, D: 30.28, OutputFrames - I:  0.00, D: 29.95
 7169351	[INFO]	XnOpenNI.cpp	1458	Destroying node 'Depth1'
 7169438	[INFO]	XnDeviceBase.cpp	1507	Destroying stream 'Depth1'...
 7169488	[VERBOSE]	XnFirmwareStreams.cpp	225	Stream Depth1 released FW Stream Depth
 7170431	[VERBOSE]	XnDeviceBase.cpp	1531	'Depth1' stream destroyed.
 7170510	[INFO]	XnOpenNI.cpp	1458	Destroying node 'Device1'
 7170565	[VERBOSE]	XnProperty.cpp	74	Setting Firmware.Stream0Mode (5) to 0...
 7184025	[VERBOSE]	XnProperty.cpp	101	Firmware.Stream0Mode (5) was successfully set.
 7184086	[VERBOSE]	XnProperty.cpp	74	Setting Firmware.Stream1Mode (6) to 0...
 7496416	[VERBOSE]	XnProperty.cpp	151	Property Firmware.Stream1Mode (6) was changed to 0.
 7496461	[VERBOSE]	XnProperty.cpp	74	Setting Firmware.FrameSync (1) to 0...
 7508671	[VERBOSE]	XnProperty.cpp	101	Firmware.FrameSync (1) was successfully set.
 7508718	[VERBOSE]	XnProperty.cpp	101	Firmware.Stream1Mode (6) was successfully set.
 7508732	[VERBOSE]	XnProperty.cpp	74	Setting Firmware.Stream2Mode (7) to 0...
 7521938	[VERBOSE]	XnProperty.cpp	101	Firmware.Stream2Mode (7) was successfully set.
 7521988	[VERBOSE]	XnDeviceSensorIO.cpp	301	Shutting down USB depth read thread...
 7522015	[VERBOSE]	XnDeviceSensorIO.cpp	311	Shutting down USB image read thread...
 7527328	[VERBOSE]	XnDeviceSensorIO.cpp	358	Device closed successfully
 7528881	[VERBOSE]	XnDeviceSensorIO.cpp	301	Shutting down USB depth read thread...
 7528932	[VERBOSE]	XnDeviceSensorIO.cpp	311	Shutting down USB image read thread...
 7528952	[VERBOSE]	XnDeviceSensorIO.cpp	358	Device closed successfully
