     591	[INFO]	XnLog.cpp	161	OpenNI version is 1.1.0 (Build 41)-MacOSX (Jul  9 2011 14:48:28)
     647	[INFO]	XnLog.cpp	169	Log system initialized. Console: 1, File: 1, Severity: VERBOSE, Masks: ALL
     687	[INFO]	XnLog.cpp	169	Log system initialized. Console: 1, File: 1, Severity: VERBOSE, Masks: ALL
     831	[VERBOSE]	XnModuleLoader.cpp	288	Checking ./../../../data/openni/lib/libnimMockNodes.dylib...
     986	[VERBOSE]	XnModuleLoader.cpp	446	Found exported production node. ProductionNode: OpenNI/Mock/1.1.0.41
    1031	[VERBOSE]	XnModuleLoader.cpp	446	Found exported production node. Generator: OpenNI/Mock/1.1.0.41
    1057	[VERBOSE]	XnModuleLoader.cpp	446	Found exported production node. MapGenerator: OpenNI/Mock/1.1.0.41
    1082	[VERBOSE]	XnModuleLoader.cpp	446	Found exported production node. Device: OpenNI/Mock/1.1.0.41
    1105	[VERBOSE]	XnModuleLoader.cpp	446	Found exported production node. Depth: OpenNI/Mock/1.1.0.41
    1132	[VERBOSE]	XnModuleLoader.cpp	446	Found exported production node. IR: OpenNI/Mock/1.1.0.41
    1164	[VERBOSE]	XnModuleLoader.cpp	446	Found exported production node. Image: OpenNI/Mock/1.1.0.41
    1194	[VERBOSE]	XnModuleLoader.cpp	446	Found exported production node. Audio: OpenNI/Mock/1.1.0.41
    1228	[VERBOSE]	XnModuleLoader.cpp	288	Checking ./../../../data/openni/lib/libnimCodecs.dylib...
    1326	[VERBOSE]	XnModuleLoader.cpp	446	Found exported production node. Codec: OpenNI/16zP/1.1.0.41
    1358	[VERBOSE]	XnModuleLoader.cpp	446	Found exported production node. Codec: OpenNI/16zT/1.1.0.41
    1382	[VERBOSE]	XnModuleLoader.cpp	446	Found exported production node. Codec: OpenNI/Im8z/1.1.0.41
    1411	[VERBOSE]	XnModuleLoader.cpp	446	Found exported production node. Codec: OpenNI/JPEG/1.1.0.41
    1470	[VERBOSE]	XnModuleLoader.cpp	446	Found exported production node. Codec: OpenNI/NONE/1.1.0.41
    1495	[VERBOSE]	XnModuleLoader.cpp	288	Checking ./../../../data/openni/lib/libnimRecorder.dylib...
    1600	[VERBOSE]	XnModuleLoader.cpp	446	Found exported production node. Recorder: OpenNI/Recorder/1.1.0.41
    1630	[VERBOSE]	XnModuleLoader.cpp	446	Found exported production node. Player: OpenNI/Player/1.1.0.41
    1646	[VERBOSE]	XnModuleLoader.cpp	288	Checking ./../../../data/openni/lib/libXnDeviceSensorV2KM.dylib...
    1753	[VERBOSE]	XnModuleLoader.cpp	446	Found exported production node. Device: PrimeSense/SensorKinect/5.0.1.32
    1794	[VERBOSE]	XnModuleLoader.cpp	446	Found exported production node. Depth: PrimeSense/SensorKinect/5.0.1.32
    1829	[VERBOSE]	XnModuleLoader.cpp	446	Found exported production node. Image: PrimeSense/SensorKinect/5.0.1.32
    1880	[VERBOSE]	XnModuleLoader.cpp	446	Found exported production node. IR: PrimeSense/SensorKinect/5.0.1.32
    1914	[VERBOSE]	XnModuleLoader.cpp	446	Found exported production node. Audio: PrimeSense/SensorKinect/5.0.1.32
    1941	[VERBOSE]	XnModuleLoader.cpp	288	Checking ./../../../data/openni/lib/libXnVFeatures_1_3_1.dylib...
    2046	[VERBOSE]	XnModuleLoader.cpp	446	Found exported production node. Scene: PrimeSense/XnVSceneAnalyzer/1.3.1.4
    2074	[VERBOSE]	XnModuleLoader.cpp	446	Found exported production node. User: PrimeSense/XnVSkeletonGenerator/1.3.1.4
    2106	[VERBOSE]	XnModuleLoader.cpp	288	Checking ./../../../data/openni/lib/libXnVHandGenerator_1_3_1.dylib...
    2215	[VERBOSE]	XnModuleLoader.cpp	446	Found exported production node. Gesture: PrimeSense/XnVGestureGenrator/1.3.1.4
    2264	[VERBOSE]	XnModuleLoader.cpp	446	Found exported production node. Hands: PrimeSense/XnVHandTracker/1.3.1.4
   25231	[VERBOSE]	XnXmlConfig.cpp	736	Requested to create a node of type Depth...
   25346	[VERBOSE]	XnUSBLinux-x86.cpp	83	Initializing USB...
   25793	[INFO]	XnUSBLinux-x86.cpp	94	USB is initialized.
 1345462	[INFO]	XnOpenNI.cpp	1258	Creating node 'Device1' of type Device: PrimeSense/SensorKinect/5.0.1.32...
 1346184	[VERBOSE]	XnSensor.cpp	837	Global configuration file './../../../data/openni/config//GlobalDefaultsKinect.ini' was not found.
 1346214	[VERBOSE]	XnSensor.cpp	157	Initializing device sensor...
 1346319	[VERBOSE]	XnDeviceModule.cpp	417	Configuring module 'Device' from section 'Device' in file './../../../data/openni/config//GlobalDefaultsKinect.ini'...
 1346430	[INFO]	XnDeviceModule.cpp	431	Module 'Device' configuration was loaded from file.
 1346475	[VERBOSE]	XnDeviceSensorIO.cpp	76	Connecting to USB device...
 1346489	[VERBOSE]	XnDeviceSensorIO.cpp	94	Trying to open sensor '045e/02ae@253/8'...
 1710815	[VERBOSE]	XnDeviceSensorIO.cpp	107	Trying to open endpoint 0x4 for control out (for old firmwares)...
 1710879	[INFO]	XnDeviceSensorIO.cpp	128	Connected to USB device
 1710901	[INFO]	XnProperty.cpp	151	Property Device.USBPath was changed to 045e/02ae@253/8.
 1760560	[VERBOSE]	XnHostProtocol.cpp	706	Getting hardware versions...
 1761768	[INFO]	XnHostProtocol.cpp	859	Hardware versions: FW=5.1.4 (7) HW=4 Chip=2 Sensor=4 SYS=7
 1774178	[VERBOSE]	XnHostProtocol.cpp	869	Requesting KeepAlive...
 1786450	[VERBOSE]	XnHostProtocol.cpp	880	Got KeepAlive Reply.
 1786498	[VERBOSE]	XnHostProtocol.cpp	1156	Setting mode to 3...
 2598740	[VERBOSE]	XnHostProtocol.cpp	869	Requesting KeepAlive...
 2610934	[VERBOSE]	XnHostProtocol.cpp	880	Got KeepAlive Reply.
 2623348	[VERBOSE]	XnProperty.cpp	151	Property Firmware.ReferenceResolution was changed to 2.
 2623390	[VERBOSE]	XnSensorFirmwareParams.cpp	282	Reading all params from firmware...
 2672493	[VERBOSE]	XnProperty.cpp	151	Property Firmware.DepthMirror (23) was changed to 1.
 2697100	[VERBOSE]	XnProperty.cpp	151	Property Firmware.DepthHoleFilter (22) was changed to 1.
 2697154	[VERBOSE]	XnProperty.cpp	151	Property Firmware.ImageSharpness (76) was changed to 50.
 2721597	[VERBOSE]	XnProperty.cpp	151	Property Firmware.DepthGain (21) was changed to 30.
 2733988	[VERBOSE]	XnProperty.cpp	151	Property Firmware.GMCMode (36) was changed to 1.
 2758504	[VERBOSE]	XnProperty.cpp	151	Property Firmware.DepthFPS (20) was changed to 30.
 2770848	[VERBOSE]	XnProperty.cpp	151	Property Firmware.DepthWhiteBalance (45) was changed to 1.
 2783094	[VERBOSE]	XnProperty.cpp	151	Property Firmware.DepthResolution (19) was changed to 1.
 2795336	[VERBOSE]	XnProperty.cpp	151	Property Firmware.DepthFormat (18) was changed to 3.
 2940725	[VERBOSE]	XnProperty.cpp	151	Property Firmware.ImageFlicker (17) was changed to 1.
 2989581	[VERBOSE]	XnProperty.cpp	151	Property Firmware.ImageFPS (14) was changed to 30.
 3013746	[VERBOSE]	XnProperty.cpp	151	Property Firmware.ImageResolution (13) was changed to 1.
 3147703	[VERBOSE]	XnSensorFirmwareParams.cpp	291	Firmware params were updated.
 3147798	[VERBOSE]	XnHostProtocol.cpp	989	Getting the fixed params...
 3160713	[VERBOSE]	XnSensorFixedParams.cpp	54	Sensor serial number: 0
 3160764	[INFO]	XnProperty.cpp	151	Property Device.PhysicalDeviceName was changed to PrimeSense Sensor.
 3160778	[INFO]	XnProperty.cpp	151	Property Device.ID was changed to 0.
 3160817	[INFO]	XnSensor.cpp	185	Device sensor initialized
 3160961	[INFO]	XnOpenNI.cpp	1258	Creating node 'Depth1' of type Depth: PrimeSense/SensorKinect/5.0.1.32...
 3161003	[INFO]	XnDeviceBase.cpp	1383	Creating stream 'Depth1' of type 'Depth'...
 3161022	[INFO]	XnProperty.cpp	74	Setting Device.ReadData to 1...
 3161034	[VERBOSE]	XnDeviceSensorIO.cpp	160	Opening endpoints...
 3161045	[VERBOSE]	XnDeviceSensorIO.cpp	170	Opening endpoint 0x81 for depth...
 3161062	[VERBOSE]	XnDeviceSensorIO.cpp	194	Depth endpoint is isochronous.
 3161076	[VERBOSE]	XnDeviceSensorIO.cpp	220	Opening endpoint 0x82 for image...
 3161090	[VERBOSE]	XnDeviceSensorIO.cpp	233	Image endpoint is isochronous.
 3161101	[VERBOSE]	XnDeviceSensorIO.cpp	250	Opening endpoint 0x83 for misc...
 3161113	[VERBOSE]	XnDeviceSensorIO.cpp	264	Misc endpoint is not supported...
 3161124	[INFO]	XnDeviceSensorIO.cpp	291	Endpoints open
 3161134	[VERBOSE]	XnHostProtocol.cpp	1203	Getting algorithm params 0x80 for resolution 0 and fps 0....
 3173475	[INFO]	XnProperty.cpp	151	Property Device.ReadData was changed to 1.
 3173524	[INFO]	XnProperty.cpp	101	Device.ReadData was successfully set.
 3173729	[VERBOSE]	XnDeviceBase.cpp	1419	Initializing stream 'Depth1'...
 3173999	[INFO]	XnProperty.cpp	151	Property Depth1.FPS was changed to 30.
 3174057	[INFO]	XnProperty.cpp	151	Property Depth1.OutputFormat was changed to 1.
 3174074	[INFO]	XnProperty.cpp	151	Property Depth1.BytesPerPixel was changed to 2.
 3174089	[INFO]	XnProperty.cpp	151	Property Depth1.RequiredDataSize was changed to 614400.
 3174116	[INFO]	XnProperty.cpp	151	Property Depth1.ParamCoeff was changed to 4.
 3174192	[INFO]	XnProperty.cpp	151	Property Depth1.ShiftScale was changed to 10.
 3174265	[VERBOSE]	XnHostProtocol.cpp	1203	Getting algorithm params 0x0 for resolution 1 and fps 30....
 3186482	[INFO]	XnProperty.cpp	151	Property Depth1.ConstShift was changed to 200.
 3186600	[INFO]	XnProperty.cpp	151	Property Depth1.ZPD was changed to 120.
 3186750	[INFO]	XnProperty.cpp	151	Property Depth1.ZPPS was changed to 0.104200.
 3186770	[INFO]	XnProperty.cpp	151	Property Depth1.LDDIS was changed to 7.500000.
 3186913	[INFO]	XnProperty.cpp	151	Property Depth1.Gain was changed to 30.
 3186954	[INFO]	XnProperty.cpp	151	Property Depth1.SupportedModesCount was changed to 9.
 3186980	[INFO]	XnDeviceBase.cpp	1458	Stream 'Depth1' was initialized.
 3186995	[INFO]	XnDeviceBase.cpp	1463	'Depth1' stream was created.
 3187012	[VERBOSE]	XnDeviceModule.cpp	417	Configuring module 'Depth1' from section 'Depth' in file './../../../data/openni/config//GlobalDefaultsKinect.ini'...
 3187205	[INFO]	XnDeviceModule.cpp	431	Module 'Depth1' configuration was loaded from file.
 3187399	[INFO]	XnProperty.cpp	74	Setting Depth1.Mirror to 1...
 3187420	[INFO]	XnProperty.cpp	151	Property Depth1.FirmwareMirror was changed to 1.
 3187434	[INFO]	XnProperty.cpp	151	Property Depth1.Mirror was changed to 1.
 3187447	[INFO]	XnProperty.cpp	101	Depth1.Mirror was successfully set.
 3187465	[VERBOSE]	XnDeviceBase.cpp	359	Opening stream Depth1...
 3187490	[VERBOSE]	XnFirmwareStreams.cpp	202	FW Stream Depth was claimed by Depth1
 3187508	[VERBOSE]	XnSensorDepthStream.cpp	336	Creating USB depth read thread...
 3187522	[VERBOSE]	XnUSBLinux-x86.cpp	104	Starting libusb asynch thread...
 3193476	[WARNING]	Linux-x86Threads.cpp	166	Failed to set thread priority: Invalid argument
 3193524	[WARNING]	XnUSBLinux-x86.cpp	122	USB events thread: Failed to set thread priority to critical. This might cause loss of data...
 3193552	[VERBOSE]	XnUSBLinux-x86.cpp	1128	Starting a USB read thread...
 3194836	[INFO]	XnUSBLinux-x86.cpp	1220	USB read thread was started.
 3194893	[INFO]	XnProperty.cpp	151	Property Depth1.ActualReadData was changed to 1.
 3194935	[VERBOSE]	XnProperty.cpp	74	Setting Firmware.DepthFormat (18) to 3...
 3207275	[VERBOSE]	XnProperty.cpp	101	Firmware.DepthFormat (18) was successfully set.
 3207331	[VERBOSE]	XnProperty.cpp	74	Setting Firmware.DepthResolution (19) to 1...
 3219456	[VERBOSE]	XnProperty.cpp	101	Firmware.DepthResolution (19) was successfully set.
 3219514	[VERBOSE]	XnProperty.cpp	74	Setting Firmware.DepthFPS (20) to 30...
 3231732	[VERBOSE]	XnProperty.cpp	101	Firmware.DepthFPS (20) was successfully set.
 3231787	[VERBOSE]	XnProperty.cpp	74	Setting Firmware.DepthHoleFilter (22) to 1...
 3243847	[VERBOSE]	XnProperty.cpp	101	Firmware.DepthHoleFilter (22) was successfully set.
 3243907	[VERBOSE]	XnProperty.cpp	74	Setting Firmware.DepthGain (21) to 30...
 3256239	[VERBOSE]	XnProperty.cpp	101	Firmware.DepthGain (21) was successfully set.
 3256289	[VERBOSE]	XnProperty.cpp	74	Setting Firmware.DepthDecimation (24) to 0...
 3268473	[VERBOSE]	XnProperty.cpp	101	Firmware.DepthDecimation (24) was successfully set.
 3268526	[VERBOSE]	XnProperty.cpp	74	Setting Firmware.Registration (2) to 0...
 3280597	[VERBOSE]	XnProperty.cpp	101	Firmware.Registration (2) was successfully set.
 3280648	[VERBOSE]	XnProperty.cpp	74	Setting Firmware.DepthMirror (23) to 1...
 3292837	[VERBOSE]	XnProperty.cpp	101	Firmware.DepthMirror (23) was successfully set.
 3292890	[VERBOSE]	XnProperty.cpp	74	Setting Firmware.GMCMode (36) to 1...
 3304863	[VERBOSE]	XnProperty.cpp	101	Firmware.GMCMode (36) was successfully set.
 3304921	[VERBOSE]	XnProperty.cpp	74	Setting Firmware.DepthWhiteBalance (45) to 1...
 3316981	[VERBOSE]	XnProperty.cpp	101	Firmware.DepthWhiteBalance (45) was successfully set.
 3317087	[VERBOSE]	XnHostProtocol.cpp	1203	Getting algorithm params 0x6 for resolution 1 and fps 30....
 3341522	[VERBOSE]	XnFirmwareStreams.cpp	284	Firmware stream 'Depth' processor was replaced.
 3341567	[VERBOSE]	XnProperty.cpp	74	Setting Firmware.Stream1Mode (6) to 2...
 3442972	[VERBOSE]	XnOpenNI.cpp	588	[FPS] Depth1 (I:  0.00, O:  0.00) ReadCalls:  0.00
 3443043	[VERBOSE]	XnSensorFPS.cpp	86	[FPS] InputFrames - I:  0.00, D:  0.00, OutputFrames - I:  0.00, D:  0.00
 3653868	[VERBOSE]	XnProperty.cpp	151	Property Firmware.Stream1Mode (6) was changed to 2.
 3653916	[VERBOSE]	XnProperty.cpp	74	Setting Firmware.FrameSync (1) to 0...
 3666129	[VERBOSE]	XnProperty.cpp	101	Firmware.FrameSync (1) was successfully set.
 3666172	[VERBOSE]	XnProperty.cpp	101	Firmware.Stream1Mode (6) was successfully set.
 3666193	[VERBOSE]	XnProperty.cpp	74	Setting Firmware.DepthCropEnabled (55) to 0...
 3678588	[VERBOSE]	XnProperty.cpp	101	Firmware.DepthCropEnabled (55) was successfully set.
 3678636	[INFO]	XnProperty.cpp	151	Property Depth1.State was changed to 1.
 3678656	[INFO]	XnDeviceBase.cpp	370	Stream Depth1 is open.
 4005200	[VERBOSE]	XnOpenNI.cpp	588	[FPS] Depth1 (I: 30.24, O:  0.00) ReadCalls:  8.26
 4005280	[VERBOSE]	XnSensorFPS.cpp	86	[FPS] InputFrames - I:  0.00, D: 30.24, OutputFrames - I:  0.00, D:  8.26
 5010997	[VERBOSE]	XnOpenNI.cpp	588	[FPS] Depth1 (I: 30.61, O: 25.64) ReadCalls: 26.44
 5011071	[VERBOSE]	XnSensorFPS.cpp	86	[FPS] InputFrames - I:  0.00, D: 30.61, OutputFrames - I:  0.00, D: 25.64
 6010951	[VERBOSE]	XnOpenNI.cpp	588	[FPS] Depth1 (I: 30.37, O: 27.14) ReadCalls: 27.58
 6011004	[VERBOSE]	XnSensorFPS.cpp	86	[FPS] InputFrames - I:  0.00, D: 30.37, OutputFrames - I:  0.00, D: 27.14
 7011026	[VERBOSE]	XnOpenNI.cpp	588	[FPS] Depth1 (I: 30.32, O: 29.91) ReadCalls: 30.25
 7011079	[VERBOSE]	XnSensorFPS.cpp	86	[FPS] InputFrames - I:  0.00, D: 30.32, OutputFrames - I:  0.00, D: 29.91
 8003020	[VERBOSE]	XnOpenNI.cpp	588	[FPS] Depth1 (I: 30.08, O: 29.41) ReadCalls: 29.62
 8014954	[VERBOSE]	XnSensorFPS.cpp	86	[FPS] InputFrames - I:  0.00, D: 30.28, OutputFrames - I:  0.00, D: 29.27
 9014952	[VERBOSE]	XnOpenNI.cpp	588	[FPS] Depth1 (I: 30.28, O: 29.61) ReadCalls: 29.82
 9015014	[VERBOSE]	XnSensorFPS.cpp	86	[FPS] InputFrames - I:  0.00, D: 30.28, OutputFrames - I:  0.00, D: 29.61
10002084	[VERBOSE]	XnOpenNI.cpp	588	[FPS] Depth1 (I: 30.09, O: 29.76) ReadCalls: 29.97
10014970	[VERBOSE]	XnSensorFPS.cpp	86	[FPS] InputFrames - I:  0.00, D: 30.32, OutputFrames - I:  0.00, D: 29.65
11001250	[VERBOSE]	XnOpenNI.cpp	588	[FPS] Depth1 (I: 30.14, O: 30.14) ReadCalls: 30.37
11015091	[VERBOSE]	XnSensorFPS.cpp	86	[FPS] InputFrames - I:  0.00, D: 30.32, OutputFrames - I:  0.00, D: 29.99
12001236	[VERBOSE]	XnOpenNI.cpp	588	[FPS] Depth1 (I: 30.14, O: 30.14) ReadCalls: 30.36
12019005	[VERBOSE]	XnSensorFPS.cpp	86	[FPS] InputFrames - I:  0.00, D: 30.28, OutputFrames - I:  0.00, D: 29.95
13005876	[VERBOSE]	XnOpenNI.cpp	588	[FPS] Depth1 (I: 30.09, O: 30.09) ReadCalls: 30.33
13019053	[VERBOSE]	XnSensorFPS.cpp	86	[FPS] InputFrames - I:  0.00, D: 30.28, OutputFrames - I:  0.00, D: 29.95
14019200	[VERBOSE]	XnOpenNI.cpp	588	[FPS] Depth1 (I: 30.32, O: 26.62) ReadCalls: 26.52
14019271	[VERBOSE]	XnSensorFPS.cpp	86	[FPS] InputFrames - I:  0.00, D: 30.32, OutputFrames - I:  0.00, D: 26.61
15019199	[VERBOSE]	XnOpenNI.cpp	588	[FPS] Depth1 (I: 30.32, O: 16.51) ReadCalls: 16.46
15019746	[VERBOSE]	XnSensorFPS.cpp	86	[FPS] InputFrames - I:  0.00, D: 30.32, OutputFrames - I:  0.00, D: 16.51
16023051	[VERBOSE]	XnOpenNI.cpp	588	[FPS] Depth1 (I: 30.28, O:  6.39) ReadCalls:  6.38
16037061	[VERBOSE]	XnSensorFPS.cpp	86	[FPS] InputFrames - I:  0.00, D: 30.14, OutputFrames - I:  0.00, D:  6.36
17023158	[VERBOSE]	XnOpenNI.cpp	588	[FPS] Depth1 (I: 30.28, O:  0.00) ReadCalls:  0.00
17023209	[VERBOSE]	XnSensorFPS.cpp	86	[FPS] InputFrames - I:  0.00, D: 30.28, OutputFrames - I:  0.00, D:  0.00
18023128	[VERBOSE]	XnOpenNI.cpp	588	[FPS] Depth1 (I: 30.32, O:  0.00) ReadCalls:  0.00
18025579	[VERBOSE]	XnSensorFPS.cpp	86	[FPS] InputFrames - I:  0.00, D: 30.30, OutputFrames - I:  0.00, D:  0.00
19023210	[VERBOSE]	XnOpenNI.cpp	588	[FPS] Depth1 (I: 30.32, O:  0.00) ReadCalls:  0.00
19031701	[VERBOSE]	XnSensorFPS.cpp	86	[FPS] InputFrames - I:  0.00, D: 30.39, OutputFrames - I:  0.00, D:  0.00
20027100	[VERBOSE]	XnOpenNI.cpp	588	[FPS] Depth1 (I: 30.28, O:  0.00) ReadCalls:  0.00
20028930	[VERBOSE]	XnSensorFPS.cpp	86	[FPS] InputFrames - I:  0.00, D: 30.26, OutputFrames - I:  0.00, D:  0.00
21027080	[VERBOSE]	XnOpenNI.cpp	588	[FPS] Depth1 (I: 30.32, O:  0.00) ReadCalls:  0.00
21034497	[VERBOSE]	XnSensorFPS.cpp	86	[FPS] InputFrames - I:  0.00, D: 30.25, OutputFrames - I:  0.00, D:  0.00
22027330	[VERBOSE]	XnOpenNI.cpp	588	[FPS] Depth1 (I: 30.32, O:  0.00) ReadCalls:  0.00
22033992	[VERBOSE]	XnSensorFPS.cpp	86	[FPS] InputFrames - I:  0.00, D: 30.25, OutputFrames - I:  0.00, D:  0.00
23031079	[VERBOSE]	XnOpenNI.cpp	588	[FPS] Depth1 (I: 30.28, O:  0.00) ReadCalls:  0.00
23053085	[VERBOSE]	XnSensorFPS.cpp	86	[FPS] InputFrames - I:  0.00, D: 30.06, OutputFrames - I:  0.00, D:  0.00
24031132	[VERBOSE]	XnOpenNI.cpp	588	[FPS] Depth1 (I: 30.28, O:  0.00) ReadCalls:  0.00
24046106	[VERBOSE]	XnSensorFPS.cpp	86	[FPS] InputFrames - I:  0.00, D: 30.13, OutputFrames - I:  0.00, D:  0.00
