     566	[INFO]	XnLog.cpp	161	OpenNI version is 1.1.0 (Build 41)-MacOSX (Jul  9 2011 14:48:28)
     627	[INFO]	XnLog.cpp	169	Log system initialized. Console: 1, File: 1, Severity: VERBOSE, Masks: ALL
     658	[INFO]	XnLog.cpp	169	Log system initialized. Console: 1, File: 1, Severity: VERBOSE, Masks: ALL
     791	[VERBOSE]	XnModuleLoader.cpp	288	Checking ./../../../data/openni/lib/libnimMockNodes.dylib...
     934	[VERBOSE]	XnModuleLoader.cpp	446	Found exported production node. ProductionNode: OpenNI/Mock/1.1.0.41
     972	[VERBOSE]	XnModuleLoader.cpp	446	Found exported production node. Generator: OpenNI/Mock/1.1.0.41
     992	[VERBOSE]	XnModuleLoader.cpp	446	Found exported production node. MapGenerator: OpenNI/Mock/1.1.0.41
    1018	[VERBOSE]	XnModuleLoader.cpp	446	Found exported production node. Device: OpenNI/Mock/1.1.0.41
    1040	[VERBOSE]	XnModuleLoader.cpp	446	Found exported production node. Depth: OpenNI/Mock/1.1.0.41
    1057	[VERBOSE]	XnModuleLoader.cpp	446	Found exported production node. IR: OpenNI/Mock/1.1.0.41
    1073	[VERBOSE]	XnModuleLoader.cpp	446	Found exported production node. Image: OpenNI/Mock/1.1.0.41
    1095	[VERBOSE]	XnModuleLoader.cpp	446	Found exported production node. Audio: OpenNI/Mock/1.1.0.41
    1115	[VERBOSE]	XnModuleLoader.cpp	288	Checking ./../../../data/openni/lib/libnimCodecs.dylib...
    1195	[VERBOSE]	XnModuleLoader.cpp	446	Found exported production node. Codec: OpenNI/16zP/1.1.0.41
    1229	[VERBOSE]	XnModuleLoader.cpp	446	Found exported production node. Codec: OpenNI/16zT/1.1.0.41
    1246	[VERBOSE]	XnModuleLoader.cpp	446	Found exported production node. Codec: OpenNI/Im8z/1.1.0.41
    1261	[VERBOSE]	XnModuleLoader.cpp	446	Found exported production node. Codec: OpenNI/JPEG/1.1.0.41
    1276	[VERBOSE]	XnModuleLoader.cpp	446	Found exported production node. Codec: OpenNI/NONE/1.1.0.41
    1291	[VERBOSE]	XnModuleLoader.cpp	288	Checking ./../../../data/openni/lib/libnimRecorder.dylib...
    1368	[VERBOSE]	XnModuleLoader.cpp	446	Found exported production node. Recorder: OpenNI/Recorder/1.1.0.41
    1396	[VERBOSE]	XnModuleLoader.cpp	446	Found exported production node. Player: OpenNI/Player/1.1.0.41
    1419	[VERBOSE]	XnModuleLoader.cpp	288	Checking ./../../../data/openni/lib/libXnDeviceSensorV2KM.dylib...
    1523	[VERBOSE]	XnModuleLoader.cpp	446	Found exported production node. Device: PrimeSense/SensorKinect/5.0.1.32
    1563	[VERBOSE]	XnModuleLoader.cpp	446	Found exported production node. Depth: PrimeSense/SensorKinect/5.0.1.32
    1583	[VERBOSE]	XnModuleLoader.cpp	446	Found exported production node. Image: PrimeSense/SensorKinect/5.0.1.32
    1600	[VERBOSE]	XnModuleLoader.cpp	446	Found exported production node. IR: PrimeSense/SensorKinect/5.0.1.32
    1616	[VERBOSE]	XnModuleLoader.cpp	446	Found exported production node. Audio: PrimeSense/SensorKinect/5.0.1.32
    1631	[VERBOSE]	XnModuleLoader.cpp	288	Checking ./../../../data/openni/lib/libXnVFeatures_1_3_1.dylib...
    1711	[VERBOSE]	XnModuleLoader.cpp	446	Found exported production node. Scene: PrimeSense/XnVSceneAnalyzer/1.3.1.4
    1742	[VERBOSE]	XnModuleLoader.cpp	446	Found exported production node. User: PrimeSense/XnVSkeletonGenerator/1.3.1.4
    1766	[VERBOSE]	XnModuleLoader.cpp	288	Checking ./../../../data/openni/lib/libXnVHandGenerator_1_3_1.dylib...
    1848	[VERBOSE]	XnModuleLoader.cpp	446	Found exported production node. Gesture: PrimeSense/XnVGestureGenrator/1.3.1.4
    1878	[VERBOSE]	XnModuleLoader.cpp	446	Found exported production node. Hands: PrimeSense/XnVHandTracker/1.3.1.4
    2065	[VERBOSE]	XnXmlConfig.cpp	736	Requested to create a node of type Depth...
    2128	[VERBOSE]	XnUSBLinux-x86.cpp	83	Initializing USB...
    2630	[INFO]	XnUSBLinux-x86.cpp	94	USB is initialized.
 1295410	[INFO]	XnOpenNI.cpp	1258	Creating node 'Device1' of type Device: PrimeSense/SensorKinect/5.0.1.32...
 1295929	[VERBOSE]	XnSensor.cpp	837	Global configuration file './../../../data/openni/config//GlobalDefaultsKinect.ini' was not found.
 1295965	[VERBOSE]	XnSensor.cpp	157	Initializing device sensor...
 1296082	[VERBOSE]	XnDeviceModule.cpp	417	Configuring module 'Device' from section 'Device' in file './../../../data/openni/config//GlobalDefaultsKinect.ini'...
 1296225	[INFO]	XnDeviceModule.cpp	431	Module 'Device' configuration was loaded from file.
 1296306	[VERBOSE]	XnDeviceSensorIO.cpp	76	Connecting to USB device...
 1296326	[VERBOSE]	XnDeviceSensorIO.cpp	94	Trying to open sensor '045e/02ae@253/8'...
 1947537	[VERBOSE]	XnDeviceSensorIO.cpp	107	Trying to open endpoint 0x4 for control out (for old firmwares)...
 1947592	[INFO]	XnDeviceSensorIO.cpp	128	Connected to USB device
 1947612	[INFO]	XnProperty.cpp	151	Property Device.USBPath was changed to 045e/02ae@253/8.
 1955345	[VERBOSE]	XnHostProtocol.cpp	706	Getting hardware versions...
 1956585	[INFO]	XnHostProtocol.cpp	859	Hardware versions: FW=5.1.4 (7) HW=4 Chip=2 Sensor=4 SYS=7
 1968853	[VERBOSE]	XnHostProtocol.cpp	869	Requesting KeepAlive...
 1981204	[VERBOSE]	XnHostProtocol.cpp	880	Got KeepAlive Reply.
 1981253	[VERBOSE]	XnHostProtocol.cpp	1156	Setting mode to 3...
 2793866	[VERBOSE]	XnHostProtocol.cpp	869	Requesting KeepAlive...
 2806391	[VERBOSE]	XnHostProtocol.cpp	880	Got KeepAlive Reply.
 2818764	[VERBOSE]	XnProperty.cpp	151	Property Firmware.ReferenceResolution was changed to 2.
 2818809	[VERBOSE]	XnSensorFirmwareParams.cpp	282	Reading all params from firmware...
 2867721	[VERBOSE]	XnProperty.cpp	151	Property Firmware.DepthMirror (23) was changed to 1.
 2892128	[VERBOSE]	XnProperty.cpp	151	Property Firmware.DepthHoleFilter (22) was changed to 1.
 2892172	[VERBOSE]	XnProperty.cpp	151	Property Firmware.ImageSharpness (76) was changed to 50.
 2916757	[VERBOSE]	XnProperty.cpp	151	Property Firmware.DepthGain (21) was changed to 30.
 2929003	[VERBOSE]	XnProperty.cpp	151	Property Firmware.GMCMode (36) was changed to 1.
 2953669	[VERBOSE]	XnProperty.cpp	151	Property Firmware.DepthFPS (20) was changed to 30.
 2965971	[VERBOSE]	XnProperty.cpp	151	Property Firmware.DepthWhiteBalance (45) was changed to 1.
 2978224	[VERBOSE]	XnProperty.cpp	151	Property Firmware.DepthResolution (19) was changed to 1.
 2990479	[VERBOSE]	XnProperty.cpp	151	Property Firmware.DepthFormat (18) was changed to 3.
 3137516	[VERBOSE]	XnProperty.cpp	151	Property Firmware.ImageFlicker (17) was changed to 1.
 3186416	[VERBOSE]	XnProperty.cpp	151	Property Firmware.ImageFPS (14) was changed to 30.
 3210590	[VERBOSE]	XnProperty.cpp	151	Property Firmware.ImageResolution (13) was changed to 1.
 3345269	[VERBOSE]	XnSensorFirmwareParams.cpp	291	Firmware params were updated.
 3345342	[VERBOSE]	XnHostProtocol.cpp	989	Getting the fixed params...
 3358124	[VERBOSE]	XnSensorFixedParams.cpp	54	Sensor serial number: 0
 3358175	[INFO]	XnProperty.cpp	151	Property Device.PhysicalDeviceName was changed to PrimeSense Sensor.
 3358190	[INFO]	XnProperty.cpp	151	Property Device.ID was changed to 0.
 3358223	[INFO]	XnSensor.cpp	185	Device sensor initialized
 3358358	[INFO]	XnOpenNI.cpp	1258	Creating node 'Depth1' of type Depth: PrimeSense/SensorKinect/5.0.1.32...
 3358409	[INFO]	XnDeviceBase.cpp	1383	Creating stream 'Depth1' of type 'Depth'...
 3358436	[INFO]	XnProperty.cpp	74	Setting Device.ReadData to 1...
 3358455	[VERBOSE]	XnDeviceSensorIO.cpp	160	Opening endpoints...
 3358470	[VERBOSE]	XnDeviceSensorIO.cpp	170	Opening endpoint 0x81 for depth...
 3358496	[VERBOSE]	XnDeviceSensorIO.cpp	194	Depth endpoint is isochronous.
 3358516	[VERBOSE]	XnDeviceSensorIO.cpp	220	Opening endpoint 0x82 for image...
 3358539	[VERBOSE]	XnDeviceSensorIO.cpp	233	Image endpoint is isochronous.
 3358555	[VERBOSE]	XnDeviceSensorIO.cpp	250	Opening endpoint 0x83 for misc...
 3358573	[VERBOSE]	XnDeviceSensorIO.cpp	264	Misc endpoint is not supported...
 3358588	[INFO]	XnDeviceSensorIO.cpp	291	Endpoints open
 3358603	[VERBOSE]	XnHostProtocol.cpp	1203	Getting algorithm params 0x80 for resolution 0 and fps 0....
 3370876	[INFO]	XnProperty.cpp	151	Property Device.ReadData was changed to 1.
 3370928	[INFO]	XnProperty.cpp	101	Device.ReadData was successfully set.
 3371172	[VERBOSE]	XnDeviceBase.cpp	1419	Initializing stream 'Depth1'...
 3371395	[INFO]	XnProperty.cpp	151	Property Depth1.FPS was changed to 30.
 3371448	[INFO]	XnProperty.cpp	151	Property Depth1.OutputFormat was changed to 1.
 3371461	[INFO]	XnProperty.cpp	151	Property Depth1.BytesPerPixel was changed to 2.
 3371473	[INFO]	XnProperty.cpp	151	Property Depth1.RequiredDataSize was changed to 614400.
 3371504	[INFO]	XnProperty.cpp	151	Property Depth1.ParamCoeff was changed to 4.
 3371577	[INFO]	XnProperty.cpp	151	Property Depth1.ShiftScale was changed to 10.
 3371637	[VERBOSE]	XnHostProtocol.cpp	1203	Getting algorithm params 0x0 for resolution 1 and fps 30....
 3383981	[INFO]	XnProperty.cpp	151	Property Depth1.ConstShift was changed to 200.
 3384098	[INFO]	XnProperty.cpp	151	Property Depth1.ZPD was changed to 120.
 3384219	[INFO]	XnProperty.cpp	151	Property Depth1.ZPPS was changed to 0.104200.
 3384239	[INFO]	XnProperty.cpp	151	Property Depth1.LDDIS was changed to 7.500000.
 3384363	[INFO]	XnProperty.cpp	151	Property Depth1.Gain was changed to 30.
 3384404	[INFO]	XnProperty.cpp	151	Property Depth1.SupportedModesCount was changed to 9.
 3384437	[INFO]	XnDeviceBase.cpp	1458	Stream 'Depth1' was initialized.
 3384456	[INFO]	XnDeviceBase.cpp	1463	'Depth1' stream was created.
 3384477	[VERBOSE]	XnDeviceModule.cpp	417	Configuring module 'Depth1' from section 'Depth' in file './../../../data/openni/config//GlobalDefaultsKinect.ini'...
 3384643	[INFO]	XnDeviceModule.cpp	431	Module 'Depth1' configuration was loaded from file.
 3384811	[INFO]	XnProperty.cpp	74	Setting Depth1.Mirror to 1...
 3384832	[INFO]	XnProperty.cpp	151	Property Depth1.FirmwareMirror was changed to 1.
 3384850	[INFO]	XnProperty.cpp	151	Property Depth1.Mirror was changed to 1.
 3384867	[INFO]	XnProperty.cpp	101	Depth1.Mirror was successfully set.
 3384889	[VERBOSE]	XnDeviceBase.cpp	359	Opening stream Depth1...
 3384920	[VERBOSE]	XnFirmwareStreams.cpp	202	FW Stream Depth was claimed by Depth1
 3384940	[VERBOSE]	XnSensorDepthStream.cpp	336	Creating USB depth read thread...
 3384959	[VERBOSE]	XnUSBLinux-x86.cpp	104	Starting libusb asynch thread...
 3385061	[WARNING]	Linux-x86Threads.cpp	166	Failed to set thread priority: Invalid argument
 3385085	[WARNING]	XnUSBLinux-x86.cpp	122	USB events thread: Failed to set thread priority to critical. This might cause loss of data...
 3385112	[VERBOSE]	XnUSBLinux-x86.cpp	1128	Starting a USB read thread...
 3386089	[INFO]	XnUSBLinux-x86.cpp	1220	USB read thread was started.
 3386119	[INFO]	XnProperty.cpp	151	Property Depth1.ActualReadData was changed to 1.
 3386148	[VERBOSE]	XnProperty.cpp	74	Setting Firmware.DepthFormat (18) to 3...
 3398359	[VERBOSE]	XnProperty.cpp	101	Firmware.DepthFormat (18) was successfully set.
 3398410	[VERBOSE]	XnProperty.cpp	74	Setting Firmware.DepthResolution (19) to 1...
 3410466	[VERBOSE]	XnProperty.cpp	101	Firmware.DepthResolution (19) was successfully set.
 3410532	[VERBOSE]	XnProperty.cpp	74	Setting Firmware.DepthFPS (20) to 30...
 3422642	[VERBOSE]	XnProperty.cpp	101	Firmware.DepthFPS (20) was successfully set.
 3422693	[VERBOSE]	XnProperty.cpp	74	Setting Firmware.DepthHoleFilter (22) to 1...
 3434776	[VERBOSE]	XnProperty.cpp	101	Firmware.DepthHoleFilter (22) was successfully set.
 3434830	[VERBOSE]	XnProperty.cpp	74	Setting Firmware.DepthGain (21) to 30...
 3446880	[VERBOSE]	XnProperty.cpp	101	Firmware.DepthGain (21) was successfully set.
 3446923	[VERBOSE]	XnProperty.cpp	74	Setting Firmware.DepthDecimation (24) to 0...
 3459289	[VERBOSE]	XnProperty.cpp	101	Firmware.DepthDecimation (24) was successfully set.
 3459349	[VERBOSE]	XnProperty.cpp	74	Setting Firmware.Registration (2) to 0...
 3471407	[VERBOSE]	XnProperty.cpp	101	Firmware.Registration (2) was successfully set.
 3471460	[VERBOSE]	XnProperty.cpp	74	Setting Firmware.DepthMirror (23) to 1...
 3483521	[VERBOSE]	XnProperty.cpp	101	Firmware.DepthMirror (23) was successfully set.
 3483572	[VERBOSE]	XnProperty.cpp	74	Setting Firmware.GMCMode (36) to 1...
 3495598	[VERBOSE]	XnProperty.cpp	101	Firmware.GMCMode (36) was successfully set.
 3495652	[VERBOSE]	XnProperty.cpp	74	Setting Firmware.DepthWhiteBalance (45) to 1...
 3507835	[VERBOSE]	XnProperty.cpp	101	Firmware.DepthWhiteBalance (45) was successfully set.
 3507924	[VERBOSE]	XnHostProtocol.cpp	1203	Getting algorithm params 0x6 for resolution 1 and fps 30....
 3532320	[VERBOSE]	XnFirmwareStreams.cpp	284	Firmware stream 'Depth' processor was replaced.
 3532375	[VERBOSE]	XnProperty.cpp	74	Setting Firmware.Stream1Mode (6) to 2...
 3634199	[VERBOSE]	XnOpenNI.cpp	588	[FPS] Depth1 (I:  0.00, O:  0.00) ReadCalls:  0.00
 3634268	[VERBOSE]	XnSensorFPS.cpp	86	[FPS] InputFrames - I:  0.00, D:  0.00, OutputFrames - I:  0.00, D:  0.00
 3844636	[VERBOSE]	XnProperty.cpp	151	Property Firmware.Stream1Mode (6) was changed to 2.
 3844681	[VERBOSE]	XnProperty.cpp	74	Setting Firmware.FrameSync (1) to 0...
 3857142	[VERBOSE]	XnProperty.cpp	101	Firmware.FrameSync (1) was successfully set.
 3857192	[VERBOSE]	XnProperty.cpp	101	Firmware.Stream1Mode (6) was successfully set.
 3857213	[VERBOSE]	XnProperty.cpp	74	Setting Firmware.DepthCropEnabled (55) to 0...
 3869498	[VERBOSE]	XnProperty.cpp	101	Firmware.DepthCropEnabled (55) was successfully set.
 3869552	[INFO]	XnProperty.cpp	151	Property Depth1.State was changed to 1.
 3869566	[INFO]	XnDeviceBase.cpp	370	Stream Depth1 is open.
 4034172	[VERBOSE]	XnOpenNI.cpp	588	[FPS] Depth1 (I: 32.50, O:  0.00) ReadCalls:  0.00
 4034239	[VERBOSE]	XnSensorFPS.cpp	86	[FPS] InputFrames - I:  0.00, D: 32.50, OutputFrames - I:  0.00, D:  0.00
 5002205	[VERBOSE]	XnOpenNI.cpp	588	[FPS] Depth1 (I: 30.70, O: 26.85) ReadCalls: 27.81
 5002259	[VERBOSE]	XnSensorFPS.cpp	86	[FPS] InputFrames - I:  0.00, D: 30.70, OutputFrames - I:  0.00, D: 26.85
 5706768	[INFO]	XnOpenNI.cpp	1458	Destroying node 'Depth1'
 5706842	[INFO]	XnDeviceBase.cpp	1507	Destroying stream 'Depth1'...
 5706876	[VERBOSE]	XnFirmwareStreams.cpp	225	Stream Depth1 released FW Stream Depth
 5707544	[VERBOSE]	XnDeviceBase.cpp	1531	'Depth1' stream destroyed.
 5707595	[INFO]	XnOpenNI.cpp	1458	Destroying node 'Device1'
 5707628	[VERBOSE]	XnProperty.cpp	74	Setting Firmware.Stream0Mode (5) to 0...
 5721045	[VERBOSE]	XnProperty.cpp	101	Firmware.Stream0Mode (5) was successfully set.
 5721093	[VERBOSE]	XnProperty.cpp	74	Setting Firmware.Stream1Mode (6) to 0...
 6033369	[VERBOSE]	XnProperty.cpp	151	Property Firmware.Stream1Mode (6) was changed to 0.
 6033424	[VERBOSE]	XnProperty.cpp	74	Setting Firmware.FrameSync (1) to 0...
 6045453	[VERBOSE]	XnProperty.cpp	101	Firmware.FrameSync (1) was successfully set.
 6045511	[VERBOSE]	XnProperty.cpp	101	Firmware.Stream1Mode (6) was successfully set.
 6045530	[VERBOSE]	XnProperty.cpp	74	Setting Firmware.Stream2Mode (7) to 0...
 6058628	[VERBOSE]	XnProperty.cpp	101	Firmware.Stream2Mode (7) was successfully set.
 6058694	[VERBOSE]	XnDeviceSensorIO.cpp	301	Shutting down USB depth read thread...
 6058728	[VERBOSE]	XnDeviceSensorIO.cpp	311	Shutting down USB image read thread...
 6067157	[VERBOSE]	XnDeviceSensorIO.cpp	358	Device closed successfully
 6069085	[VERBOSE]	XnDeviceSensorIO.cpp	301	Shutting down USB depth read thread...
 6069140	[VERBOSE]	XnDeviceSensorIO.cpp	311	Shutting down USB image read thread...
 6069156	[VERBOSE]	XnDeviceSensorIO.cpp	358	Device closed successfully
