  141115	[INFO]	XnLog.cpp	161	OpenNI version is 1.1.0 (Build 41)-MacOSX (Jul  9 2011 14:48:28)
  141218	[INFO]	XnLog.cpp	169	Log system initialized. Console: 1, File: 1, Severity: VERBOSE, Masks: ALL
  155959	[INFO]	XnLog.cpp	169	Log system initialized. Console: 1, File: 1, Severity: VERBOSE, Masks: ALL
  157893	[VERBOSE]	XnModuleLoader.cpp	288	Checking ./../../../data/openni/lib/libnimMockNodes.dylib...
  158130	[VERBOSE]	XnModuleLoader.cpp	446	Found exported production node. ProductionNode: OpenNI/Mock/1.1.0.41
  158177	[VERBOSE]	XnModuleLoader.cpp	446	Found exported production node. Generator: OpenNI/Mock/1.1.0.41
  158202	[VERBOSE]	XnModuleLoader.cpp	446	Found exported production node. MapGenerator: OpenNI/Mock/1.1.0.41
  158224	[VERBOSE]	XnModuleLoader.cpp	446	Found exported production node. Device: OpenNI/Mock/1.1.0.41
  158245	[VERBOSE]	XnModuleLoader.cpp	446	Found exported production node. Depth: OpenNI/Mock/1.1.0.41
  158266	[VERBOSE]	XnModuleLoader.cpp	446	Found exported production node. IR: OpenNI/Mock/1.1.0.41
  158287	[VERBOSE]	XnModuleLoader.cpp	446	Found exported production node. Image: OpenNI/Mock/1.1.0.41
  158315	[VERBOSE]	XnModuleLoader.cpp	446	Found exported production node. Audio: OpenNI/Mock/1.1.0.41
  158341	[VERBOSE]	XnModuleLoader.cpp	288	Checking ./../../../data/openni/lib/libnimCodecs.dylib...
  158437	[VERBOSE]	XnModuleLoader.cpp	446	Found exported production node. Codec: OpenNI/16zP/1.1.0.41
  158468	[VERBOSE]	XnModuleLoader.cpp	446	Found exported production node. Codec: OpenNI/16zT/1.1.0.41
  158489	[VERBOSE]	XnModuleLoader.cpp	446	Found exported production node. Codec: OpenNI/Im8z/1.1.0.41
  158507	[VERBOSE]	XnModuleLoader.cpp	446	Found exported production node. Codec: OpenNI/JPEG/1.1.0.41
  158526	[VERBOSE]	XnModuleLoader.cpp	446	Found exported production node. Codec: OpenNI/NONE/1.1.0.41
  158546	[VERBOSE]	XnModuleLoader.cpp	288	Checking ./../../../data/openni/lib/libnimRecorder.dylib...
  158641	[VERBOSE]	XnModuleLoader.cpp	446	Found exported production node. Recorder: OpenNI/Recorder/1.1.0.41
  158672	[VERBOSE]	XnModuleLoader.cpp	446	Found exported production node. Player: OpenNI/Player/1.1.0.41
  158692	[VERBOSE]	XnModuleLoader.cpp	288	Checking ./../../../data/openni/lib/libXnDeviceSensorV2KM.dylib...
  158797	[VERBOSE]	XnModuleLoader.cpp	446	Found exported production node. Device: PrimeSense/SensorKinect/5.0.1.32
  158851	[VERBOSE]	XnModuleLoader.cpp	446	Found exported production node. Depth: PrimeSense/SensorKinect/5.0.1.32
  158875	[VERBOSE]	XnModuleLoader.cpp	446	Found exported production node. Image: PrimeSense/SensorKinect/5.0.1.32
  158896	[VERBOSE]	XnModuleLoader.cpp	446	Found exported production node. IR: PrimeSense/SensorKinect/5.0.1.32
  158918	[VERBOSE]	XnModuleLoader.cpp	446	Found exported production node. Audio: PrimeSense/SensorKinect/5.0.1.32
  158938	[VERBOSE]	XnModuleLoader.cpp	288	Checking ./../../../data/openni/lib/libXnVFeatures_1_3_1.dylib...
  159038	[VERBOSE]	XnModuleLoader.cpp	446	Found exported production node. Scene: PrimeSense/XnVSceneAnalyzer/1.3.1.4
  159076	[VERBOSE]	XnModuleLoader.cpp	446	Found exported production node. User: PrimeSense/XnVSkeletonGenerator/1.3.1.4
  159109	[VERBOSE]	XnModuleLoader.cpp	288	Checking ./../../../data/openni/lib/libXnVHandGenerator_1_3_1.dylib...
  159215	[VERBOSE]	XnModuleLoader.cpp	446	Found exported production node. Gesture: PrimeSense/XnVGestureGenrator/1.3.1.4
  159252	[VERBOSE]	XnModuleLoader.cpp	446	Found exported production node. Hands: PrimeSense/XnVHandTracker/1.3.1.4
  183152	[VERBOSE]	XnXmlConfig.cpp	736	Requested to create a node of type Depth...
  183297	[VERBOSE]	XnUSBLinux-x86.cpp	83	Initializing USB...
  185040	[INFO]	XnUSBLinux-x86.cpp	94	USB is initialized.
 1644102	[INFO]	XnOpenNI.cpp	1258	Creating node 'Device1' of type Device: PrimeSense/SensorKinect/5.0.1.32...
 1644539	[VERBOSE]	XnSensor.cpp	837	Global configuration file './../../../data/openni/config//GlobalDefaultsKinect.ini' was not found.
 1644571	[VERBOSE]	XnSensor.cpp	157	Initializing device sensor...
 1644680	[VERBOSE]	XnDeviceModule.cpp	417	Configuring module 'Device' from section 'Device' in file './../../../data/openni/config//GlobalDefaultsKinect.ini'...
 1644810	[INFO]	XnDeviceModule.cpp	431	Module 'Device' configuration was loaded from file.
 1644874	[VERBOSE]	XnDeviceSensorIO.cpp	76	Connecting to USB device...
 1644892	[VERBOSE]	XnDeviceSensorIO.cpp	94	Trying to open sensor '045e/02ae@253/8'...
 2155138	[VERBOSE]	XnDeviceSensorIO.cpp	107	Trying to open endpoint 0x4 for control out (for old firmwares)...
 2155203	[INFO]	XnDeviceSensorIO.cpp	128	Connected to USB device
 2155227	[INFO]	XnProperty.cpp	151	Property Device.USBPath was changed to 045e/02ae@253/8.
 2229883	[VERBOSE]	XnHostProtocol.cpp	706	Getting hardware versions...
 2231209	[INFO]	XnHostProtocol.cpp	859	Hardware versions: FW=5.1.4 (7) HW=4 Chip=2 Sensor=4 SYS=7
 2243524	[VERBOSE]	XnHostProtocol.cpp	869	Requesting KeepAlive...
 2255742	[VERBOSE]	XnHostProtocol.cpp	880	Got KeepAlive Reply.
 2255803	[VERBOSE]	XnHostProtocol.cpp	1156	Setting mode to 3...
 3068678	[VERBOSE]	XnHostProtocol.cpp	869	Requesting KeepAlive...
 3081182	[VERBOSE]	XnHostProtocol.cpp	880	Got KeepAlive Reply.
 3093686	[VERBOSE]	XnProperty.cpp	151	Property Firmware.ReferenceResolution was changed to 2.
 3093739	[VERBOSE]	XnSensorFirmwareParams.cpp	282	Reading all params from firmware...
 3167638	[VERBOSE]	XnProperty.cpp	151	Property Firmware.DepthHoleFilter (22) was changed to 1.
 3167684	[VERBOSE]	XnProperty.cpp	151	Property Firmware.ImageSharpness (76) was changed to 50.
 3192279	[VERBOSE]	XnProperty.cpp	151	Property Firmware.DepthGain (21) was changed to 30.
 3204668	[VERBOSE]	XnProperty.cpp	151	Property Firmware.GMCMode (36) was changed to 1.
 3229464	[VERBOSE]	XnProperty.cpp	151	Property Firmware.DepthFPS (20) was changed to 30.
 3241911	[VERBOSE]	XnProperty.cpp	151	Property Firmware.DepthWhiteBalance (45) was changed to 1.
 3254573	[VERBOSE]	XnProperty.cpp	151	Property Firmware.DepthResolution (19) was changed to 1.
 3267004	[VERBOSE]	XnProperty.cpp	151	Property Firmware.DepthFormat (18) was changed to 3.
 3414232	[VERBOSE]	XnProperty.cpp	151	Property Firmware.ImageFlicker (17) was changed to 1.
 3464342	[VERBOSE]	XnProperty.cpp	151	Property Firmware.ImageFPS (14) was changed to 30.
 3489216	[VERBOSE]	XnProperty.cpp	151	Property Firmware.ImageResolution (13) was changed to 1.
 3625047	[VERBOSE]	XnSensorFirmwareParams.cpp	291	Firmware params were updated.
 3625142	[VERBOSE]	XnHostProtocol.cpp	989	Getting the fixed params...
 3638182	[VERBOSE]	XnSensorFixedParams.cpp	54	Sensor serial number: 0
 3638240	[INFO]	XnProperty.cpp	151	Property Device.PhysicalDeviceName was changed to PrimeSense Sensor.
 3638257	[INFO]	XnProperty.cpp	151	Property Device.ID was changed to 0.
 3638293	[INFO]	XnSensor.cpp	185	Device sensor initialized
 3638408	[INFO]	XnOpenNI.cpp	1258	Creating node 'Depth1' of type Depth: PrimeSense/SensorKinect/5.0.1.32...
 3638451	[INFO]	XnDeviceBase.cpp	1383	Creating stream 'Depth1' of type 'Depth'...
 3638470	[INFO]	XnProperty.cpp	74	Setting Device.ReadData to 1...
 3638483	[VERBOSE]	XnDeviceSensorIO.cpp	160	Opening endpoints...
 3638494	[VERBOSE]	XnDeviceSensorIO.cpp	170	Opening endpoint 0x81 for depth...
 3638516	[VERBOSE]	XnDeviceSensorIO.cpp	194	Depth endpoint is isochronous.
 3638530	[VERBOSE]	XnDeviceSensorIO.cpp	220	Opening endpoint 0x82 for image...
 3638546	[VERBOSE]	XnDeviceSensorIO.cpp	233	Image endpoint is isochronous.
 3638557	[VERBOSE]	XnDeviceSensorIO.cpp	250	Opening endpoint 0x83 for misc...
 3638570	[VERBOSE]	XnDeviceSensorIO.cpp	264	Misc endpoint is not supported...
 3638581	[INFO]	XnDeviceSensorIO.cpp	291	Endpoints open
 3638592	[VERBOSE]	XnHostProtocol.cpp	1203	Getting algorithm params 0x80 for resolution 0 and fps 0....
 3658210	[INFO]	XnProperty.cpp	151	Property Device.ReadData was changed to 1.
 3658264	[INFO]	XnProperty.cpp	101	Device.ReadData was successfully set.
 3658482	[VERBOSE]	XnDeviceBase.cpp	1419	Initializing stream 'Depth1'...
 3658741	[INFO]	XnProperty.cpp	151	Property Depth1.FPS was changed to 30.
 3658762	[INFO]	XnProperty.cpp	151	Property Depth1.OutputFormat was changed to 1.
 3658839	[INFO]	XnProperty.cpp	151	Property Depth1.BytesPerPixel was changed to 2.
 3658855	[INFO]	XnProperty.cpp	151	Property Depth1.RequiredDataSize was changed to 614400.
 3658881	[INFO]	XnProperty.cpp	151	Property Depth1.ParamCoeff was changed to 4.
 3659129	[INFO]	XnProperty.cpp	151	Property Depth1.ShiftScale was changed to 10.
 3659246	[VERBOSE]	XnHostProtocol.cpp	1203	Getting algorithm params 0x0 for resolution 1 and fps 30....
 3671862	[INFO]	XnProperty.cpp	151	Property Depth1.ConstShift was changed to 200.
 3671976	[INFO]	XnProperty.cpp	151	Property Depth1.ZPD was changed to 120.
 3672091	[INFO]	XnProperty.cpp	151	Property Depth1.ZPPS was changed to 0.104200.
 3672109	[INFO]	XnProperty.cpp	151	Property Depth1.LDDIS was changed to 7.500000.
 3672236	[INFO]	XnProperty.cpp	151	Property Depth1.Gain was changed to 30.
 3672274	[INFO]	XnProperty.cpp	151	Property Depth1.SupportedModesCount was changed to 9.
 3672300	[INFO]	XnDeviceBase.cpp	1458	Stream 'Depth1' was initialized.
 3672314	[INFO]	XnDeviceBase.cpp	1463	'Depth1' stream was created.
 3672330	[VERBOSE]	XnDeviceModule.cpp	417	Configuring module 'Depth1' from section 'Depth' in file './../../../data/openni/config//GlobalDefaultsKinect.ini'...
 3672516	[INFO]	XnDeviceModule.cpp	431	Module 'Depth1' configuration was loaded from file.
 3672688	[INFO]	XnProperty.cpp	74	Setting Depth1.Mirror to 1...
 3672708	[INFO]	XnProperty.cpp	151	Property Depth1.FirmwareMirror was changed to 1.
 3672722	[INFO]	XnProperty.cpp	151	Property Depth1.Mirror was changed to 1.
 3672734	[INFO]	XnProperty.cpp	101	Depth1.Mirror was successfully set.
 3672751	[VERBOSE]	XnDeviceBase.cpp	359	Opening stream Depth1...
 3672775	[VERBOSE]	XnFirmwareStreams.cpp	202	FW Stream Depth was claimed by Depth1
 3672792	[VERBOSE]	XnSensorDepthStream.cpp	336	Creating USB depth read thread...
 3672990	[VERBOSE]	XnUSBLinux-x86.cpp	104	Starting libusb asynch thread...
 3673111	[WARNING]	Linux-x86Threads.cpp	166	Failed to set thread priority: Invalid argument
 3673136	[WARNING]	XnUSBLinux-x86.cpp	122	USB events thread: Failed to set thread priority to critical. This might cause loss of data...
 3673167	[VERBOSE]	XnUSBLinux-x86.cpp	1128	Starting a USB read thread...
 3674280	[INFO]	XnUSBLinux-x86.cpp	1220	USB read thread was started.
 3674336	[INFO]	XnProperty.cpp	151	Property Depth1.ActualReadData was changed to 1.
 3674368	[VERBOSE]	XnProperty.cpp	74	Setting Firmware.DepthFormat (18) to 3...
 3686738	[VERBOSE]	XnProperty.cpp	101	Firmware.DepthFormat (18) was successfully set.
 3686792	[VERBOSE]	XnProperty.cpp	74	Setting Firmware.DepthResolution (19) to 1...
 3698998	[VERBOSE]	XnProperty.cpp	101	Firmware.DepthResolution (19) was successfully set.
 3699059	[VERBOSE]	XnProperty.cpp	74	Setting Firmware.DepthFPS (20) to 30...
 3711375	[VERBOSE]	XnProperty.cpp	101	Firmware.DepthFPS (20) was successfully set.
 3711430	[VERBOSE]	XnProperty.cpp	74	Setting Firmware.DepthHoleFilter (22) to 1...
 3723678	[VERBOSE]	XnProperty.cpp	101	Firmware.DepthHoleFilter (22) was successfully set.
 3723737	[VERBOSE]	XnProperty.cpp	74	Setting Firmware.DepthGain (21) to 30...
 3736007	[VERBOSE]	XnProperty.cpp	101	Firmware.DepthGain (21) was successfully set.
 3736055	[VERBOSE]	XnProperty.cpp	74	Setting Firmware.DepthDecimation (24) to 0...
 3748248	[VERBOSE]	XnProperty.cpp	101	Firmware.DepthDecimation (24) was successfully set.
 3748301	[VERBOSE]	XnProperty.cpp	74	Setting Firmware.Registration (2) to 0...
 3760689	[VERBOSE]	XnProperty.cpp	101	Firmware.Registration (2) was successfully set.
 3760747	[VERBOSE]	XnProperty.cpp	74	Setting Firmware.DepthMirror (23) to 1...
 3773519	[VERBOSE]	XnProperty.cpp	151	Property Firmware.DepthMirror (23) was changed to 1.
 3773570	[VERBOSE]	XnProperty.cpp	101	Firmware.DepthMirror (23) was successfully set.
 3773589	[VERBOSE]	XnProperty.cpp	74	Setting Firmware.GMCMode (36) to 1...
 3785628	[VERBOSE]	XnProperty.cpp	101	Firmware.GMCMode (36) was successfully set.
 3785689	[VERBOSE]	XnProperty.cpp	74	Setting Firmware.DepthWhiteBalance (45) to 1...
 3797984	[VERBOSE]	XnProperty.cpp	101	Firmware.DepthWhiteBalance (45) was successfully set.
 3798077	[VERBOSE]	XnHostProtocol.cpp	1203	Getting algorithm params 0x6 for resolution 1 and fps 30....
 3822503	[VERBOSE]	XnFirmwareStreams.cpp	284	Firmware stream 'Depth' processor was replaced.
 3822555	[VERBOSE]	XnProperty.cpp	74	Setting Firmware.Stream1Mode (6) to 2...
 3921793	[VERBOSE]	XnOpenNI.cpp	588	[FPS] Depth1 (I:  0.00, O:  0.00) ReadCalls:  0.00
 3921915	[VERBOSE]	XnSensorFPS.cpp	86	[FPS] InputFrames - I:  0.00, D:  0.00, OutputFrames - I:  0.00, D:  0.00
 4021655	[VERBOSE]	XnOpenNI.cpp	588	[FPS] Depth1 (I: 40.06, O:  0.00) ReadCalls:  0.00
 4021717	[VERBOSE]	XnSensorFPS.cpp	86	[FPS] InputFrames - I:  0.00, D: 40.08, OutputFrames - I:  0.00, D:  0.00
 4134548	[VERBOSE]	XnProperty.cpp	151	Property Firmware.Stream1Mode (6) was changed to 2.
 4134602	[VERBOSE]	XnProperty.cpp	74	Setting Firmware.FrameSync (1) to 0...
 4147203	[VERBOSE]	XnProperty.cpp	101	Firmware.FrameSync (1) was successfully set.
 4147258	[VERBOSE]	XnProperty.cpp	101	Firmware.Stream1Mode (6) was successfully set.
 4147277	[VERBOSE]	XnProperty.cpp	74	Setting Firmware.DepthCropEnabled (55) to 0...
 4164241	[VERBOSE]	XnProperty.cpp	101	Firmware.DepthCropEnabled (55) was successfully set.
 4164314	[INFO]	XnProperty.cpp	151	Property Depth1.State was changed to 1.
 4164332	[INFO]	XnDeviceBase.cpp	370	Stream Depth1 is open.
 5018827	[VERBOSE]	XnOpenNI.cpp	588	[FPS] Depth1 (I: 30.08, O: 16.20) ReadCalls: 17.55
 5025213	[VERBOSE]	XnSensorFPS.cpp	86	[FPS] InputFrames - I:  0.00, D: 30.82, OutputFrames - I:  0.00, D: 16.07
 6017662	[VERBOSE]	XnOpenNI.cpp	588	[FPS] Depth1 (I: 30.06, O: 24.15) ReadCalls: 24.72
 6025055	[VERBOSE]	XnSensorFPS.cpp	86	[FPS] InputFrames - I:  0.00, D: 30.43, OutputFrames - I:  0.00, D: 24.04
 7017298	[VERBOSE]	XnOpenNI.cpp	588	[FPS] Depth1 (I: 30.04, O: 26.29) ReadCalls: 26.65
 7024849	[VERBOSE]	XnSensorFPS.cpp	86	[FPS] InputFrames - I:  0.00, D: 30.34, OutputFrames - I:  0.00, D: 26.21
 8019082	[VERBOSE]	XnOpenNI.cpp	588	[FPS] Depth1 (I: 30.06, O: 30.06) ReadCalls: 30.32
 8024646	[VERBOSE]	XnSensorFPS.cpp	86	[FPS] InputFrames - I:  0.00, D: 30.34, OutputFrames - I:  0.00, D: 30.01
 9021908	[VERBOSE]	XnOpenNI.cpp	588	[FPS] Depth1 (I: 30.03, O: 30.03) ReadCalls: 30.36
 9028400	[VERBOSE]	XnSensorFPS.cpp	86	[FPS] InputFrames - I:  0.00, D: 30.30, OutputFrames - I:  0.00, D: 29.96
10022043	[VERBOSE]	XnOpenNI.cpp	588	[FPS] Depth1 (I: 30.03, O: 29.70) ReadCalls: 29.96
10029113	[VERBOSE]	XnSensorFPS.cpp	86	[FPS] InputFrames - I:  0.00, D: 30.28, OutputFrames - I:  0.00, D: 29.61
11018286	[VERBOSE]	XnOpenNI.cpp	588	[FPS] Depth1 (I: 30.06, O: 29.73) ReadCalls: 30.01
11027985	[VERBOSE]	XnSensorFPS.cpp	86	[FPS] InputFrames - I:  0.00, D: 30.33, OutputFrames - I:  0.00, D: 29.66
12023895	[VERBOSE]	XnOpenNI.cpp	588	[FPS] Depth1 (I: 30.05, O: 29.71) ReadCalls: 29.98
12027998	[VERBOSE]	XnSensorFPS.cpp	86	[FPS] InputFrames - I:  0.00, D: 30.34, OutputFrames - I:  0.00, D: 29.67
13017923	[VERBOSE]	XnOpenNI.cpp	588	[FPS] Depth1 (I: 30.11, O: 30.12) ReadCalls: 30.62
13031531	[VERBOSE]	XnSensorFPS.cpp	86	[FPS] InputFrames - I:  0.00, D: 30.32, OutputFrames - I:  0.00, D: 30.14
14000275	[VERBOSE]	XnOpenNI.cpp	588	[FPS] Depth1 (I: 30.28, O: 29.94) ReadCalls: 29.85
14002733	[VERBOSE]	XnSensorFPS.cpp	86	[FPS] InputFrames - I:  0.00, D: 30.25, OutputFrames - I:  0.00, D: 29.92
15000722	[VERBOSE]	XnSensorFPS.cpp	86	[FPS] InputFrames - I:  0.00, D: 30.28, OutputFrames - I:  0.00, D: 30.28
15030664	[VERBOSE]	XnOpenNI.cpp	588	[FPS] Depth1 (I: 30.00, O: 30.00) ReadCalls: 30.33
16022442	[VERBOSE]	XnOpenNI.cpp	588	[FPS] Depth1 (I: 30.09, O: 30.09) ReadCalls: 30.39
16030981	[VERBOSE]	XnSensorFPS.cpp	86	[FPS] InputFrames - I:  0.00, D: 30.34, OutputFrames - I:  0.00, D: 30.01
17023972	[VERBOSE]	XnOpenNI.cpp	588	[FPS] Depth1 (I: 30.07, O: 30.39) ReadCalls: 30.66
17034693	[VERBOSE]	XnSensorFPS.cpp	86	[FPS] InputFrames - I:  0.00, D: 30.29, OutputFrames - I:  0.00, D: 30.28
18002626	[VERBOSE]	XnOpenNI.cpp	588	[FPS] Depth1 (I: 30.29, O: 29.95) ReadCalls: 30.28
18002750	[VERBOSE]	XnSensorFPS.cpp	86	[FPS] InputFrames - I:  0.00, D: 29.95, OutputFrames - I:  0.00, D: 30.29
19002356	[VERBOSE]	XnOpenNI.cpp	588	[FPS] Depth1 (I: 30.29, O: 29.95) ReadCalls: 30.20
19002426	[VERBOSE]	XnSensorFPS.cpp	86	[FPS] InputFrames - I:  0.00, D: 30.29, OutputFrames - I:  0.00, D: 29.95
20002214	[VERBOSE]	XnOpenNI.cpp	588	[FPS] Depth1 (I: 30.33, O: 29.99) ReadCalls: 30.22
20002295	[VERBOSE]	XnSensorFPS.cpp	86	[FPS] InputFrames - I:  0.00, D: 30.33, OutputFrames - I:  0.00, D: 29.99
21002038	[VERBOSE]	XnOpenNI.cpp	588	[FPS] Depth1 (I: 30.34, O: 30.01) ReadCalls: 30.35
21002111	[VERBOSE]	XnSensorFPS.cpp	86	[FPS] InputFrames - I:  0.00, D: 30.34, OutputFrames - I:  0.00, D: 30.01
22005749	[VERBOSE]	XnOpenNI.cpp	588	[FPS] Depth1 (I: 30.29, O: 29.95) ReadCalls: 30.22
22005822	[VERBOSE]	XnSensorFPS.cpp	86	[FPS] InputFrames - I:  0.00, D: 30.29, OutputFrames - I:  0.00, D: 29.95
23005531	[VERBOSE]	XnOpenNI.cpp	588	[FPS] Depth1 (I: 30.33, O: 29.99) ReadCalls: 30.26
23005604	[VERBOSE]	XnSensorFPS.cpp	86	[FPS] InputFrames - I:  0.00, D: 30.33, OutputFrames - I:  0.00, D: 29.99
24005608	[VERBOSE]	XnOpenNI.cpp	588	[FPS] Depth1 (I: 30.33, O: 29.99) ReadCalls: 29.88
24007166	[VERBOSE]	XnSensorFPS.cpp	86	[FPS] InputFrames - I:  0.00, D: 29.97, OutputFrames - I:  0.00, D: 30.31
25009039	[VERBOSE]	XnOpenNI.cpp	588	[FPS] Depth1 (I: 30.29, O: 29.96) ReadCalls: 30.25
25009108	[VERBOSE]	XnSensorFPS.cpp	86	[FPS] InputFrames - I:  0.00, D: 30.34, OutputFrames - I:  0.00, D: 29.96
25151079	[INFO]	XnOpenNI.cpp	1458	Destroying node 'Depth1'
25151171	[INFO]	XnDeviceBase.cpp	1507	Destroying stream 'Depth1'...
25151215	[VERBOSE]	XnFirmwareStreams.cpp	225	Stream Depth1 released FW Stream Depth
25152123	[VERBOSE]	XnDeviceBase.cpp	1531	'Depth1' stream destroyed.
25152180	[INFO]	XnOpenNI.cpp	1458	Destroying node 'Device1'
25152219	[VERBOSE]	XnProperty.cpp	74	Setting Firmware.Stream0Mode (5) to 0...
25165551	[VERBOSE]	XnProperty.cpp	101	Firmware.Stream0Mode (5) was successfully set.
25165605	[VERBOSE]	XnProperty.cpp	74	Setting Firmware.Stream1Mode (6) to 0...
25477920	[VERBOSE]	XnProperty.cpp	151	Property Firmware.Stream1Mode (6) was changed to 0.
25477976	[VERBOSE]	XnProperty.cpp	74	Setting Firmware.FrameSync (1) to 0...
25490237	[VERBOSE]	XnProperty.cpp	101	Firmware.FrameSync (1) was successfully set.
25490303	[VERBOSE]	XnProperty.cpp	101	Firmware.Stream1Mode (6) was successfully set.
25490329	[VERBOSE]	XnProperty.cpp	74	Setting Firmware.Stream2Mode (7) to 0...
25503651	[VERBOSE]	XnProperty.cpp	101	Firmware.Stream2Mode (7) was successfully set.
25503720	[VERBOSE]	XnDeviceSensorIO.cpp	301	Shutting down USB depth read thread...
25503756	[VERBOSE]	XnDeviceSensorIO.cpp	311	Shutting down USB image read thread...
25510139	[VERBOSE]	XnDeviceSensorIO.cpp	358	Device closed successfully
25512021	[VERBOSE]	XnDeviceSensorIO.cpp	301	Shutting down USB depth read thread...
25512072	[VERBOSE]	XnDeviceSensorIO.cpp	311	Shutting down USB image read thread...
25512086	[VERBOSE]	XnDeviceSensorIO.cpp	358	Device closed successfully
