  113783	[INFO]	XnLog.cpp	161	OpenNI version is 1.1.0 (Build 41)-MacOSX (Jul  9 2011 14:48:28)
  113851	[INFO]	XnLog.cpp	169	Log system initialized. Console: 1, File: 1, Severity: VERBOSE, Masks: ALL
  113882	[INFO]	XnLog.cpp	169	Log system initialized. Console: 1, File: 1, Severity: VERBOSE, Masks: ALL
  114245	[VERBOSE]	XnModuleLoader.cpp	288	Checking ./../../../data/openni/lib/libnimMockNodes.dylib...
  114393	[VERBOSE]	XnModuleLoader.cpp	446	Found exported production node. ProductionNode: OpenNI/Mock/1.1.0.41
  114429	[VERBOSE]	XnModuleLoader.cpp	446	Found exported production node. Generator: OpenNI/Mock/1.1.0.41
  114448	[VERBOSE]	XnModuleLoader.cpp	446	Found exported production node. MapGenerator: OpenNI/Mock/1.1.0.41
  114466	[VERBOSE]	XnModuleLoader.cpp	446	Found exported production node. Device: OpenNI/Mock/1.1.0.41
  114482	[VERBOSE]	XnModuleLoader.cpp	446	Found exported production node. Depth: OpenNI/Mock/1.1.0.41
  114512	[VERBOSE]	XnModuleLoader.cpp	446	Found exported production node. IR: OpenNI/Mock/1.1.0.41
  114544	[VERBOSE]	XnModuleLoader.cpp	446	Found exported production node. Image: OpenNI/Mock/1.1.0.41
  114577	[VERBOSE]	XnModuleLoader.cpp	446	Found exported production node. Audio: OpenNI/Mock/1.1.0.41
  114602	[VERBOSE]	XnModuleLoader.cpp	288	Checking ./../../../data/openni/lib/libnimCodecs.dylib...
  114681	[VERBOSE]	XnModuleLoader.cpp	446	Found exported production node. Codec: OpenNI/16zP/1.1.0.41
  114708	[VERBOSE]	XnModuleLoader.cpp	446	Found exported production node. Codec: OpenNI/16zT/1.1.0.41
  114724	[VERBOSE]	XnModuleLoader.cpp	446	Found exported production node. Codec: OpenNI/Im8z/1.1.0.41
  114748	[VERBOSE]	XnModuleLoader.cpp	446	Found exported production node. Codec: OpenNI/JPEG/1.1.0.41
  114767	[VERBOSE]	XnModuleLoader.cpp	446	Found exported production node. Codec: OpenNI/NONE/1.1.0.41
  114781	[VERBOSE]	XnModuleLoader.cpp	288	Checking ./../../../data/openni/lib/libnimRecorder.dylib...
  114863	[VERBOSE]	XnModuleLoader.cpp	446	Found exported production node. Recorder: OpenNI/Recorder/1.1.0.41
  114890	[VERBOSE]	XnModuleLoader.cpp	446	Found exported production node. Player: OpenNI/Player/1.1.0.41
  114906	[VERBOSE]	XnModuleLoader.cpp	288	Checking ./../../../data/openni/lib/libXnDeviceSensorV2KM.dylib...
  114988	[VERBOSE]	XnModuleLoader.cpp	446	Found exported production node. Device: PrimeSense/SensorKinect/5.0.1.32
  115015	[VERBOSE]	XnModuleLoader.cpp	446	Found exported production node. Depth: PrimeSense/SensorKinect/5.0.1.32
  115041	[VERBOSE]	XnModuleLoader.cpp	446	Found exported production node. Image: PrimeSense/SensorKinect/5.0.1.32
  115059	[VERBOSE]	XnModuleLoader.cpp	446	Found exported production node. IR: PrimeSense/SensorKinect/5.0.1.32
  115076	[VERBOSE]	XnModuleLoader.cpp	446	Found exported production node. Audio: PrimeSense/SensorKinect/5.0.1.32
  115095	[VERBOSE]	XnModuleLoader.cpp	288	Checking ./../../../data/openni/lib/libXnVFeatures_1_3_1.dylib...
  115173	[VERBOSE]	XnModuleLoader.cpp	446	Found exported production node. Scene: PrimeSense/XnVSceneAnalyzer/1.3.1.4
  115196	[VERBOSE]	XnModuleLoader.cpp	446	Found exported production node. User: PrimeSense/XnVSkeletonGenerator/1.3.1.4
  115224	[VERBOSE]	XnModuleLoader.cpp	288	Checking ./../../../data/openni/lib/libXnVHandGenerator_1_3_1.dylib...
  115308	[VERBOSE]	XnModuleLoader.cpp	446	Found exported production node. Gesture: PrimeSense/XnVGestureGenrator/1.3.1.4
  115337	[VERBOSE]	XnModuleLoader.cpp	446	Found exported production node. Hands: PrimeSense/XnVHandTracker/1.3.1.4
  209008	[VERBOSE]	XnXmlConfig.cpp	736	Requested to create a node of type Depth...
  209142	[VERBOSE]	XnUSBLinux-x86.cpp	83	Initializing USB...
  210068	[INFO]	XnUSBLinux-x86.cpp	94	USB is initialized.
 2077012	[INFO]	XnOpenNI.cpp	1258	Creating node 'Device1' of type Device: PrimeSense/SensorKinect/5.0.1.32...
 2077450	[VERBOSE]	XnSensor.cpp	837	Global configuration file './../../../data/openni/config//GlobalDefaultsKinect.ini' was not found.
 2077488	[VERBOSE]	XnSensor.cpp	157	Initializing device sensor...
 2077614	[VERBOSE]	XnDeviceModule.cpp	417	Configuring module 'Device' from section 'Device' in file './../../../data/openni/config//GlobalDefaultsKinect.ini'...
 2077764	[INFO]	XnDeviceModule.cpp	431	Module 'Device' configuration was loaded from file.
 2077840	[VERBOSE]	XnDeviceSensorIO.cpp	76	Connecting to USB device...
 2077861	[VERBOSE]	XnDeviceSensorIO.cpp	94	Trying to open sensor '045e/02ae@253/8'...
 2443094	[VERBOSE]	XnDeviceSensorIO.cpp	107	Trying to open endpoint 0x4 for control out (for old firmwares)...
 2443152	[INFO]	XnDeviceSensorIO.cpp	128	Connected to USB device
 2443173	[INFO]	XnProperty.cpp	151	Property Device.USBPath was changed to 045e/02ae@253/8.
 2488432	[VERBOSE]	XnHostProtocol.cpp	706	Getting hardware versions...
 2489646	[INFO]	XnHostProtocol.cpp	859	Hardware versions: FW=5.1.4 (7) HW=4 Chip=2 Sensor=4 SYS=7
 2501979	[VERBOSE]	XnHostProtocol.cpp	869	Requesting KeepAlive...
 2514680	[VERBOSE]	XnHostProtocol.cpp	880	Got KeepAlive Reply.
 2514742	[VERBOSE]	XnHostProtocol.cpp	1156	Setting mode to 3...
 3327120	[VERBOSE]	XnHostProtocol.cpp	869	Requesting KeepAlive...
 3339263	[VERBOSE]	XnHostProtocol.cpp	880	Got KeepAlive Reply.
 3351894	[VERBOSE]	XnProperty.cpp	151	Property Firmware.ReferenceResolution was changed to 2.
 3351940	[VERBOSE]	XnSensorFirmwareParams.cpp	282	Reading all params from firmware...
 3425644	[VERBOSE]	XnProperty.cpp	151	Property Firmware.DepthHoleFilter (22) was changed to 1.
 3425685	[VERBOSE]	XnProperty.cpp	151	Property Firmware.ImageSharpness (76) was changed to 50.
 3450315	[VERBOSE]	XnProperty.cpp	151	Property Firmware.DepthGain (21) was changed to 30.
 3462888	[VERBOSE]	XnProperty.cpp	151	Property Firmware.GMCMode (36) was changed to 1.
 3487713	[VERBOSE]	XnProperty.cpp	151	Property Firmware.DepthFPS (20) was changed to 30.
 3500016	[VERBOSE]	XnProperty.cpp	151	Property Firmware.DepthWhiteBalance (45) was changed to 1.
 3512363	[VERBOSE]	XnProperty.cpp	151	Property Firmware.DepthResolution (19) was changed to 1.
 3524655	[VERBOSE]	XnProperty.cpp	151	Property Firmware.DepthFormat (18) was changed to 3.
 3671485	[VERBOSE]	XnProperty.cpp	151	Property Firmware.ImageFlicker (17) was changed to 1.
 3720504	[VERBOSE]	XnProperty.cpp	151	Property Firmware.ImageFPS (14) was changed to 30.
 3745369	[VERBOSE]	XnProperty.cpp	151	Property Firmware.ImageResolution (13) was changed to 1.
 3880542	[VERBOSE]	XnSensorFirmwareParams.cpp	291	Firmware params were updated.
 3880616	[VERBOSE]	XnHostProtocol.cpp	989	Getting the fixed params...
 3893477	[VERBOSE]	XnSensorFixedParams.cpp	54	Sensor serial number: 0
 3893529	[INFO]	XnProperty.cpp	151	Property Device.PhysicalDeviceName was changed to PrimeSense Sensor.
 3893548	[INFO]	XnProperty.cpp	151	Property Device.ID was changed to 0.
 3893592	[INFO]	XnSensor.cpp	185	Device sensor initialized
 3893730	[INFO]	XnOpenNI.cpp	1258	Creating node 'Depth1' of type Depth: PrimeSense/SensorKinect/5.0.1.32...
 3893782	[INFO]	XnDeviceBase.cpp	1383	Creating stream 'Depth1' of type 'Depth'...
 3893808	[INFO]	XnProperty.cpp	74	Setting Device.ReadData to 1...
 3893825	[VERBOSE]	XnDeviceSensorIO.cpp	160	Opening endpoints...
 3893839	[VERBOSE]	XnDeviceSensorIO.cpp	170	Opening endpoint 0x81 for depth...
 3893862	[VERBOSE]	XnDeviceSensorIO.cpp	194	Depth endpoint is isochronous.
 3893879	[VERBOSE]	XnDeviceSensorIO.cpp	220	Opening endpoint 0x82 for image...
 3893899	[VERBOSE]	XnDeviceSensorIO.cpp	233	Image endpoint is isochronous.
 3893915	[VERBOSE]	XnDeviceSensorIO.cpp	250	Opening endpoint 0x83 for misc...
 3893933	[VERBOSE]	XnDeviceSensorIO.cpp	264	Misc endpoint is not supported...
 3893946	[INFO]	XnDeviceSensorIO.cpp	291	Endpoints open
 3893960	[VERBOSE]	XnHostProtocol.cpp	1203	Getting algorithm params 0x80 for resolution 0 and fps 0....
 3906123	[INFO]	XnProperty.cpp	151	Property Device.ReadData was changed to 1.
 3906179	[INFO]	XnProperty.cpp	101	Device.ReadData was successfully set.
 3906401	[VERBOSE]	XnDeviceBase.cpp	1419	Initializing stream 'Depth1'...
 3906669	[INFO]	XnProperty.cpp	151	Property Depth1.FPS was changed to 30.
 3906691	[INFO]	XnProperty.cpp	151	Property Depth1.OutputFormat was changed to 1.
 3918772	[INFO]	XnProperty.cpp	151	Property Depth1.BytesPerPixel was changed to 2.
 3918800	[INFO]	XnProperty.cpp	151	Property Depth1.RequiredDataSize was changed to 614400.
 3918854	[INFO]	XnProperty.cpp	151	Property Depth1.ParamCoeff was changed to 4.
 3918937	[INFO]	XnProperty.cpp	151	Property Depth1.ShiftScale was changed to 10.
 3919001	[VERBOSE]	XnHostProtocol.cpp	1203	Getting algorithm params 0x0 for resolution 1 and fps 30....
 3931287	[INFO]	XnProperty.cpp	151	Property Depth1.ConstShift was changed to 200.
 3931388	[INFO]	XnProperty.cpp	151	Property Depth1.ZPD was changed to 120.
 3931501	[INFO]	XnProperty.cpp	151	Property Depth1.ZPPS was changed to 0.104200.
 3931516	[INFO]	XnProperty.cpp	151	Property Depth1.LDDIS was changed to 7.500000.
 3931614	[INFO]	XnProperty.cpp	151	Property Depth1.Gain was changed to 30.
 3931647	[INFO]	XnProperty.cpp	151	Property Depth1.SupportedModesCount was changed to 9.
 3931670	[INFO]	XnDeviceBase.cpp	1458	Stream 'Depth1' was initialized.
 3931683	[INFO]	XnDeviceBase.cpp	1463	'Depth1' stream was created.
 3931697	[VERBOSE]	XnDeviceModule.cpp	417	Configuring module 'Depth1' from section 'Depth' in file './../../../data/openni/config//GlobalDefaultsKinect.ini'...
 3931845	[INFO]	XnDeviceModule.cpp	431	Module 'Depth1' configuration was loaded from file.
 3932006	[INFO]	XnProperty.cpp	74	Setting Depth1.Mirror to 1...
 3932024	[INFO]	XnProperty.cpp	151	Property Depth1.FirmwareMirror was changed to 1.
 3932036	[INFO]	XnProperty.cpp	151	Property Depth1.Mirror was changed to 1.
 3932047	[INFO]	XnProperty.cpp	101	Depth1.Mirror was successfully set.
 3932061	[VERBOSE]	XnDeviceBase.cpp	359	Opening stream Depth1...
 3932083	[VERBOSE]	XnFirmwareStreams.cpp	202	FW Stream Depth was claimed by Depth1
 3932099	[VERBOSE]	XnSensorDepthStream.cpp	336	Creating USB depth read thread...
 3932111	[VERBOSE]	XnUSBLinux-x86.cpp	104	Starting libusb asynch thread...
 3932190	[WARNING]	Linux-x86Threads.cpp	166	Failed to set thread priority: Invalid argument
 3932210	[WARNING]	XnUSBLinux-x86.cpp	122	USB events thread: Failed to set thread priority to critical. This might cause loss of data...
 3932236	[VERBOSE]	XnUSBLinux-x86.cpp	1128	Starting a USB read thread...
 3933104	[INFO]	XnUSBLinux-x86.cpp	1220	USB read thread was started.
 3933129	[INFO]	XnProperty.cpp	151	Property Depth1.ActualReadData was changed to 1.
 3933155	[VERBOSE]	XnProperty.cpp	74	Setting Firmware.DepthFormat (18) to 3...
 3945221	[VERBOSE]	XnProperty.cpp	101	Firmware.DepthFormat (18) was successfully set.
 3945259	[VERBOSE]	XnProperty.cpp	74	Setting Firmware.DepthResolution (19) to 1...
 3957398	[VERBOSE]	XnProperty.cpp	101	Firmware.DepthResolution (19) was successfully set.
 3957419	[VERBOSE]	XnProperty.cpp	74	Setting Firmware.DepthFPS (20) to 30...
 3969527	[VERBOSE]	XnProperty.cpp	101	Firmware.DepthFPS (20) was successfully set.
 3969572	[VERBOSE]	XnProperty.cpp	74	Setting Firmware.DepthHoleFilter (22) to 1...
 3982028	[VERBOSE]	XnProperty.cpp	101	Firmware.DepthHoleFilter (22) was successfully set.
 3982064	[VERBOSE]	XnProperty.cpp	74	Setting Firmware.DepthGain (21) to 30...
 3994160	[VERBOSE]	XnProperty.cpp	101	Firmware.DepthGain (21) was successfully set.
 3994208	[VERBOSE]	XnProperty.cpp	74	Setting Firmware.DepthDecimation (24) to 0...
 4006353	[VERBOSE]	XnProperty.cpp	101	Firmware.DepthDecimation (24) was successfully set.
 4006413	[VERBOSE]	XnProperty.cpp	74	Setting Firmware.Registration (2) to 0...
 4018646	[VERBOSE]	XnProperty.cpp	101	Firmware.Registration (2) was successfully set.
 4018698	[VERBOSE]	XnProperty.cpp	74	Setting Firmware.DepthMirror (23) to 1...
 4030995	[VERBOSE]	XnProperty.cpp	151	Property Firmware.DepthMirror (23) was changed to 1.
 4031043	[VERBOSE]	XnProperty.cpp	101	Firmware.DepthMirror (23) was successfully set.
 4031062	[VERBOSE]	XnProperty.cpp	74	Setting Firmware.GMCMode (36) to 1...
 4043223	[VERBOSE]	XnProperty.cpp	101	Firmware.GMCMode (36) was successfully set.
 4043269	[VERBOSE]	XnProperty.cpp	74	Setting Firmware.DepthWhiteBalance (45) to 1...
 4055499	[VERBOSE]	XnProperty.cpp	101	Firmware.DepthWhiteBalance (45) was successfully set.
 4055580	[VERBOSE]	XnHostProtocol.cpp	1203	Getting algorithm params 0x6 for resolution 1 and fps 30....
 4079799	[VERBOSE]	XnFirmwareStreams.cpp	284	Firmware stream 'Depth' processor was replaced.
 4079857	[VERBOSE]	XnProperty.cpp	74	Setting Firmware.Stream1Mode (6) to 2...
 4180611	[VERBOSE]	XnOpenNI.cpp	588	[FPS] Depth1 (I:  0.00, O:  0.00) ReadCalls:  0.00
 4180692	[VERBOSE]	XnSensorFPS.cpp	86	[FPS] InputFrames - I:  0.00, D:  0.00, OutputFrames - I:  0.00, D:  0.00
 4392146	[VERBOSE]	XnProperty.cpp	151	Property Firmware.Stream1Mode (6) was changed to 2.
 4392191	[VERBOSE]	XnProperty.cpp	74	Setting Firmware.FrameSync (1) to 0...
 4404568	[VERBOSE]	XnProperty.cpp	101	Firmware.FrameSync (1) was successfully set.
 4404625	[VERBOSE]	XnProperty.cpp	101	Firmware.Stream1Mode (6) was successfully set.
 4404646	[VERBOSE]	XnProperty.cpp	74	Setting Firmware.DepthCropEnabled (55) to 0...
 4416899	[VERBOSE]	XnProperty.cpp	101	Firmware.DepthCropEnabled (55) was successfully set.
 4416958	[INFO]	XnProperty.cpp	151	Property Depth1.State was changed to 1.
 4416975	[INFO]	XnDeviceBase.cpp	370	Stream Depth1 is open.
 5005101	[VERBOSE]	XnOpenNI.cpp	588	[FPS] Depth1 (I: 30.32, O: 10.32) ReadCalls: 12.38
 5012599	[VERBOSE]	XnSensorFPS.cpp	86	[FPS] InputFrames - I:  0.00, D: 31.25, OutputFrames - I:  0.00, D: 10.16
 6000849	[VERBOSE]	XnOpenNI.cpp	588	[FPS] Depth1 (I: 30.22, O: 23.64) ReadCalls: 24.32
 6016580	[VERBOSE]	XnSensorFPS.cpp	86	[FPS] InputFrames - I:  0.00, D: 30.50, OutputFrames - I:  0.00, D: 23.39
 7005331	[VERBOSE]	XnOpenNI.cpp	588	[FPS] Depth1 (I: 30.09, O: 26.16) ReadCalls: 26.56
 7016574	[VERBOSE]	XnSensorFPS.cpp	86	[FPS] InputFrames - I:  0.00, D: 30.33, OutputFrames - I:  0.00, D: 26.04
 8004244	[VERBOSE]	XnOpenNI.cpp	588	[FPS] Depth1 (I: 30.08, O: 30.08) ReadCalls: 30.39
 8016651	[VERBOSE]	XnSensorFPS.cpp	86	[FPS] InputFrames - I:  0.00, D: 30.32, OutputFrames - I:  0.00, D: 29.99
 9005655	[VERBOSE]	XnOpenNI.cpp	588	[FPS] Depth1 (I: 30.11, O: 30.11) ReadCalls: 30.37
 9016668	[VERBOSE]	XnSensorFPS.cpp	86	[FPS] InputFrames - I:  0.00, D: 30.32, OutputFrames - I:  0.00, D: 29.99
