     676	[INFO]	XnLog.cpp	161	OpenNI version is 1.1.0 (Build 41)-MacOSX (Jul  9 2011 14:48:28)
     737	[INFO]	XnLog.cpp	169	Log system initialized. Console: 1, File: 1, Severity: VERBOSE, Masks: ALL
     767	[INFO]	XnLog.cpp	169	Log system initialized. Console: 1, File: 1, Severity: VERBOSE, Masks: ALL
     934	[VERBOSE]	XnModuleLoader.cpp	288	Checking ./../../../data/openni/lib/libnimMockNodes.dylib...
    1074	[VERBOSE]	XnModuleLoader.cpp	446	Found exported production node. ProductionNode: OpenNI/Mock/1.1.0.41
    1111	[VERBOSE]	XnModuleLoader.cpp	446	Found exported production node. Generator: OpenNI/Mock/1.1.0.41
    1130	[VERBOSE]	XnModuleLoader.cpp	446	Found exported production node. MapGenerator: OpenNI/Mock/1.1.0.41
    1147	[VERBOSE]	XnModuleLoader.cpp	446	Found exported production node. Device: OpenNI/Mock/1.1.0.41
    1163	[VERBOSE]	XnModuleLoader.cpp	446	Found exported production node. Depth: OpenNI/Mock/1.1.0.41
    1180	[VERBOSE]	XnModuleLoader.cpp	446	Found exported production node. IR: OpenNI/Mock/1.1.0.41
    1195	[VERBOSE]	XnModuleLoader.cpp	446	Found exported production node. Image: OpenNI/Mock/1.1.0.41
    1226	[VERBOSE]	XnModuleLoader.cpp	446	Found exported production node. Audio: OpenNI/Mock/1.1.0.41
    1249	[VERBOSE]	XnModuleLoader.cpp	288	Checking ./../../../data/openni/lib/libnimCodecs.dylib...
    1339	[VERBOSE]	XnModuleLoader.cpp	446	Found exported production node. Codec: OpenNI/16zP/1.1.0.41
    1372	[VERBOSE]	XnModuleLoader.cpp	446	Found exported production node. Codec: OpenNI/16zT/1.1.0.41
    1397	[VERBOSE]	XnModuleLoader.cpp	446	Found exported production node. Codec: OpenNI/Im8z/1.1.0.41
    1420	[VERBOSE]	XnModuleLoader.cpp	446	Found exported production node. Codec: OpenNI/JPEG/1.1.0.41
    1465	[VERBOSE]	XnModuleLoader.cpp	446	Found exported production node. Codec: OpenNI/NONE/1.1.0.41
    1493	[VERBOSE]	XnModuleLoader.cpp	288	Checking ./../../../data/openni/lib/libnimRecorder.dylib...
    1598	[VERBOSE]	XnModuleLoader.cpp	446	Found exported production node. Recorder: OpenNI/Recorder/1.1.0.41
    1632	[VERBOSE]	XnModuleLoader.cpp	446	Found exported production node. Player: OpenNI/Player/1.1.0.41
    1657	[VERBOSE]	XnModuleLoader.cpp	288	Checking ./../../../data/openni/lib/libXnDeviceSensorV2KM.dylib...
    1763	[VERBOSE]	XnModuleLoader.cpp	446	Found exported production node. Device: PrimeSense/SensorKinect/5.0.1.32
    1812	[VERBOSE]	XnModuleLoader.cpp	446	Found exported production node. Depth: PrimeSense/SensorKinect/5.0.1.32
    1841	[VERBOSE]	XnModuleLoader.cpp	446	Found exported production node. Image: PrimeSense/SensorKinect/5.0.1.32
    1867	[VERBOSE]	XnModuleLoader.cpp	446	Found exported production node. IR: PrimeSense/SensorKinect/5.0.1.32
    1891	[VERBOSE]	XnModuleLoader.cpp	446	Found exported production node. Audio: PrimeSense/SensorKinect/5.0.1.32
    1919	[VERBOSE]	XnModuleLoader.cpp	288	Checking ./../../../data/openni/lib/libXnVFeatures_1_3_1.dylib...
    2020	[VERBOSE]	XnModuleLoader.cpp	446	Found exported production node. Scene: PrimeSense/XnVSceneAnalyzer/1.3.1.4
    2061	[VERBOSE]	XnModuleLoader.cpp	446	Found exported production node. User: PrimeSense/XnVSkeletonGenerator/1.3.1.4
    2095	[VERBOSE]	XnModuleLoader.cpp	288	Checking ./../../../data/openni/lib/libXnVHandGenerator_1_3_1.dylib...
    2215	[VERBOSE]	XnModuleLoader.cpp	446	Found exported production node. Gesture: PrimeSense/XnVGestureGenrator/1.3.1.4
    2263	[VERBOSE]	XnModuleLoader.cpp	446	Found exported production node. Hands: PrimeSense/XnVHandTracker/1.3.1.4
    2539	[VERBOSE]	XnXmlConfig.cpp	736	Requested to create a node of type Depth...
    2623	[VERBOSE]	XnUSBLinux-x86.cpp	83	Initializing USB...
    3140	[INFO]	XnUSBLinux-x86.cpp	94	USB is initialized.
 1521225	[INFO]	XnOpenNI.cpp	1258	Creating node 'Device1' of type Device: PrimeSense/SensorKinect/5.0.1.32...
 1521586	[VERBOSE]	XnSensor.cpp	837	Global configuration file './../../../data/openni/config//GlobalDefaultsKinect.ini' was not found.
 1521611	[VERBOSE]	XnSensor.cpp	157	Initializing device sensor...
 1521702	[VERBOSE]	XnDeviceModule.cpp	417	Configuring module 'Device' from section 'Device' in file './../../../data/openni/config//GlobalDefaultsKinect.ini'...
 1521812	[INFO]	XnDeviceModule.cpp	431	Module 'Device' configuration was loaded from file.
 1521858	[VERBOSE]	XnDeviceSensorIO.cpp	76	Connecting to USB device...
 1521872	[VERBOSE]	XnDeviceSensorIO.cpp	94	Trying to open sensor '045e/02ae@253/8'...
 1969077	[VERBOSE]	XnDeviceSensorIO.cpp	107	Trying to open endpoint 0x4 for control out (for old firmwares)...
 1969135	[INFO]	XnDeviceSensorIO.cpp	128	Connected to USB device
 1969155	[INFO]	XnProperty.cpp	151	Property Device.USBPath was changed to 045e/02ae@253/8.
 1977125	[VERBOSE]	XnHostProtocol.cpp	706	Getting hardware versions...
 1978359	[INFO]	XnHostProtocol.cpp	859	Hardware versions: FW=5.1.4 (7) HW=4 Chip=2 Sensor=4 SYS=7
 1990769	[VERBOSE]	XnHostProtocol.cpp	869	Requesting KeepAlive...
 2003121	[VERBOSE]	XnHostProtocol.cpp	880	Got KeepAlive Reply.
 2003171	[VERBOSE]	XnHostProtocol.cpp	1156	Setting mode to 3...
 2815508	[VERBOSE]	XnHostProtocol.cpp	869	Requesting KeepAlive...
 2827837	[VERBOSE]	XnHostProtocol.cpp	880	Got KeepAlive Reply.
 2840160	[VERBOSE]	XnProperty.cpp	151	Property Firmware.ReferenceResolution was changed to 2.
 2840210	[VERBOSE]	XnSensorFirmwareParams.cpp	282	Reading all params from firmware...
 2889473	[VERBOSE]	XnProperty.cpp	151	Property Firmware.DepthMirror (23) was changed to 1.
 2914783	[VERBOSE]	XnProperty.cpp	151	Property Firmware.DepthHoleFilter (22) was changed to 1.
 2914836	[VERBOSE]	XnProperty.cpp	151	Property Firmware.ImageSharpness (76) was changed to 50.
 2939130	[VERBOSE]	XnProperty.cpp	151	Property Firmware.DepthGain (21) was changed to 30.
 2951523	[VERBOSE]	XnProperty.cpp	151	Property Firmware.GMCMode (36) was changed to 1.
 2976648	[VERBOSE]	XnProperty.cpp	151	Property Firmware.DepthFPS (20) was changed to 30.
 2988930	[VERBOSE]	XnProperty.cpp	151	Property Firmware.DepthWhiteBalance (45) was changed to 1.
 3001390	[VERBOSE]	XnProperty.cpp	151	Property Firmware.DepthResolution (19) was changed to 1.
 3013880	[VERBOSE]	XnProperty.cpp	151	Property Firmware.DepthFormat (18) was changed to 3.
 3160989	[VERBOSE]	XnProperty.cpp	151	Property Firmware.ImageFlicker (17) was changed to 1.
 3210384	[VERBOSE]	XnProperty.cpp	151	Property Firmware.ImageFPS (14) was changed to 30.
 3235026	[VERBOSE]	XnProperty.cpp	151	Property Firmware.ImageResolution (13) was changed to 1.
 3370641	[VERBOSE]	XnSensorFirmwareParams.cpp	291	Firmware params were updated.
 3370712	[VERBOSE]	XnHostProtocol.cpp	989	Getting the fixed params...
 3383503	[VERBOSE]	XnSensorFixedParams.cpp	54	Sensor serial number: 0
 3383554	[INFO]	XnProperty.cpp	151	Property Device.PhysicalDeviceName was changed to PrimeSense Sensor.
 3383569	[INFO]	XnProperty.cpp	151	Property Device.ID was changed to 0.
 3383599	[INFO]	XnSensor.cpp	185	Device sensor initialized
 3383779	[INFO]	XnOpenNI.cpp	1258	Creating node 'Depth1' of type Depth: PrimeSense/SensorKinect/5.0.1.32...
 3383822	[INFO]	XnDeviceBase.cpp	1383	Creating stream 'Depth1' of type 'Depth'...
 3383838	[INFO]	XnProperty.cpp	74	Setting Device.ReadData to 1...
 3383850	[VERBOSE]	XnDeviceSensorIO.cpp	160	Opening endpoints...
 3383861	[VERBOSE]	XnDeviceSensorIO.cpp	170	Opening endpoint 0x81 for depth...
 3383878	[VERBOSE]	XnDeviceSensorIO.cpp	194	Depth endpoint is isochronous.
 3383891	[VERBOSE]	XnDeviceSensorIO.cpp	220	Opening endpoint 0x82 for image...
 3383906	[VERBOSE]	XnDeviceSensorIO.cpp	233	Image endpoint is isochronous.
 3383916	[VERBOSE]	XnDeviceSensorIO.cpp	250	Opening endpoint 0x83 for misc...
 3383928	[VERBOSE]	XnDeviceSensorIO.cpp	264	Misc endpoint is not supported...
 3383938	[INFO]	XnDeviceSensorIO.cpp	291	Endpoints open
 3383948	[VERBOSE]	XnHostProtocol.cpp	1203	Getting algorithm params 0x80 for resolution 0 and fps 0....
 3396462	[INFO]	XnProperty.cpp	151	Property Device.ReadData was changed to 1.
 3396506	[INFO]	XnProperty.cpp	101	Device.ReadData was successfully set.
 3396673	[VERBOSE]	XnDeviceBase.cpp	1419	Initializing stream 'Depth1'...
 3396879	[INFO]	XnProperty.cpp	151	Property Depth1.FPS was changed to 30.
 3396934	[INFO]	XnProperty.cpp	151	Property Depth1.OutputFormat was changed to 1.
 3396953	[INFO]	XnProperty.cpp	151	Property Depth1.BytesPerPixel was changed to 2.
 3396970	[INFO]	XnProperty.cpp	151	Property Depth1.RequiredDataSize was changed to 614400.
 3397000	[INFO]	XnProperty.cpp	151	Property Depth1.ParamCoeff was changed to 4.
 3397074	[INFO]	XnProperty.cpp	151	Property Depth1.ShiftScale was changed to 10.
 3397138	[VERBOSE]	XnHostProtocol.cpp	1203	Getting algorithm params 0x0 for resolution 1 and fps 30....
 3409538	[INFO]	XnProperty.cpp	151	Property Depth1.ConstShift was changed to 200.
 3409663	[INFO]	XnProperty.cpp	151	Property Depth1.ZPD was changed to 120.
 3409784	[INFO]	XnProperty.cpp	151	Property Depth1.ZPPS was changed to 0.104200.
 3409804	[INFO]	XnProperty.cpp	151	Property Depth1.LDDIS was changed to 7.500000.
 3409907	[INFO]	XnProperty.cpp	151	Property Depth1.Gain was changed to 30.
 3409941	[INFO]	XnProperty.cpp	151	Property Depth1.SupportedModesCount was changed to 9.
 3409963	[INFO]	XnDeviceBase.cpp	1458	Stream 'Depth1' was initialized.
 3409976	[INFO]	XnDeviceBase.cpp	1463	'Depth1' stream was created.
 3409990	[VERBOSE]	XnDeviceModule.cpp	417	Configuring module 'Depth1' from section 'Depth' in file './../../../data/openni/config//GlobalDefaultsKinect.ini'...
 3410157	[INFO]	XnDeviceModule.cpp	431	Module 'Depth1' configuration was loaded from file.
 3410428	[INFO]	XnProperty.cpp	74	Setting Depth1.Mirror to 1...
 3410449	[INFO]	XnProperty.cpp	151	Property Depth1.FirmwareMirror was changed to 1.
 3410462	[INFO]	XnProperty.cpp	151	Property Depth1.Mirror was changed to 1.
 3410473	[INFO]	XnProperty.cpp	101	Depth1.Mirror was successfully set.
 3410488	[VERBOSE]	XnDeviceBase.cpp	359	Opening stream Depth1...
 3410510	[VERBOSE]	XnFirmwareStreams.cpp	202	FW Stream Depth was claimed by Depth1
 3410525	[VERBOSE]	XnSensorDepthStream.cpp	336	Creating USB depth read thread...
 3410537	[VERBOSE]	XnUSBLinux-x86.cpp	104	Starting libusb asynch thread...
 3410623	[WARNING]	Linux-x86Threads.cpp	166	Failed to set thread priority: Invalid argument
 3410643	[WARNING]	XnUSBLinux-x86.cpp	122	USB events thread: Failed to set thread priority to critical. This might cause loss of data...
 3410662	[VERBOSE]	XnUSBLinux-x86.cpp	1128	Starting a USB read thread...
 3411590	[INFO]	XnUSBLinux-x86.cpp	1220	USB read thread was started.
 3411623	[INFO]	XnProperty.cpp	151	Property Depth1.ActualReadData was changed to 1.
 3411652	[VERBOSE]	XnProperty.cpp	74	Setting Firmware.DepthFormat (18) to 3...
 3424011	[VERBOSE]	XnProperty.cpp	101	Firmware.DepthFormat (18) was successfully set.
 3424075	[VERBOSE]	XnProperty.cpp	74	Setting Firmware.DepthResolution (19) to 1...
 3436383	[VERBOSE]	XnProperty.cpp	101	Firmware.DepthResolution (19) was successfully set.
 3436445	[VERBOSE]	XnProperty.cpp	74	Setting Firmware.DepthFPS (20) to 30...
 3448665	[VERBOSE]	XnProperty.cpp	101	Firmware.DepthFPS (20) was successfully set.
 3448718	[VERBOSE]	XnProperty.cpp	74	Setting Firmware.DepthHoleFilter (22) to 1...
 3460915	[VERBOSE]	XnProperty.cpp	101	Firmware.DepthHoleFilter (22) was successfully set.
 3460971	[VERBOSE]	XnProperty.cpp	74	Setting Firmware.DepthGain (21) to 30...
 3473144	[VERBOSE]	XnProperty.cpp	101	Firmware.DepthGain (21) was successfully set.
 3473206	[VERBOSE]	XnProperty.cpp	74	Setting Firmware.DepthDecimation (24) to 0...
 3485514	[VERBOSE]	XnProperty.cpp	101	Firmware.DepthDecimation (24) was successfully set.
 3485556	[VERBOSE]	XnProperty.cpp	74	Setting Firmware.Registration (2) to 0...
 3497683	[VERBOSE]	XnProperty.cpp	101	Firmware.Registration (2) was successfully set.
 3497739	[VERBOSE]	XnProperty.cpp	74	Setting Firmware.DepthMirror (23) to 1...
 3510060	[VERBOSE]	XnProperty.cpp	101	Firmware.DepthMirror (23) was successfully set.
 3510111	[VERBOSE]	XnProperty.cpp	74	Setting Firmware.GMCMode (36) to 1...
 3522432	[VERBOSE]	XnProperty.cpp	101	Firmware.GMCMode (36) was successfully set.
 3522495	[VERBOSE]	XnProperty.cpp	74	Setting Firmware.DepthWhiteBalance (45) to 1...
 3534806	[VERBOSE]	XnProperty.cpp	101	Firmware.DepthWhiteBalance (45) was successfully set.
 3534887	[VERBOSE]	XnHostProtocol.cpp	1203	Getting algorithm params 0x6 for resolution 1 and fps 30....
 3559203	[VERBOSE]	XnFirmwareStreams.cpp	284	Firmware stream 'Depth' processor was replaced.
 3559257	[VERBOSE]	XnProperty.cpp	74	Setting Firmware.Stream1Mode (6) to 2...
 3659782	[VERBOSE]	XnOpenNI.cpp	588	[FPS] Depth1 (I:  0.00, O:  0.00) ReadCalls:  0.00
 3659851	[VERBOSE]	XnSensorFPS.cpp	86	[FPS] InputFrames - I:  0.00, D:  0.00, OutputFrames - I:  0.00, D:  0.00
 3871536	[VERBOSE]	XnProperty.cpp	151	Property Firmware.Stream1Mode (6) was changed to 2.
 3871581	[VERBOSE]	XnProperty.cpp	74	Setting Firmware.FrameSync (1) to 0...
 3883711	[VERBOSE]	XnProperty.cpp	101	Firmware.FrameSync (1) was successfully set.
 3883761	[VERBOSE]	XnProperty.cpp	101	Firmware.Stream1Mode (6) was successfully set.
 3883782	[VERBOSE]	XnProperty.cpp	74	Setting Firmware.DepthCropEnabled (55) to 0...
 3896172	[VERBOSE]	XnProperty.cpp	101	Firmware.DepthCropEnabled (55) was successfully set.
 3896231	[INFO]	XnProperty.cpp	151	Property Depth1.State was changed to 1.
 3896250	[INFO]	XnDeviceBase.cpp	370	Stream Depth1 is open.
 4027707	[VERBOSE]	XnOpenNI.cpp	588	[FPS] Depth1 (I: 32.62, O:  0.00) ReadCalls:  0.00
 4027772	[VERBOSE]	XnSensorFPS.cpp	86	[FPS] InputFrames - I:  0.00, D: 32.62, OutputFrames - I:  0.00, D:  0.00
 5009969	[VERBOSE]	XnOpenNI.cpp	588	[FPS] Depth1 (I: 30.37, O: 24.34) ReadCalls: 25.31
 5010062	[VERBOSE]	XnSensorFPS.cpp	86	[FPS] InputFrames - I:  0.00, D: 30.37, OutputFrames - I:  0.00, D: 25.31
 6024854	[VERBOSE]	XnOpenNI.cpp	588	[FPS] Depth1 (I: 30.02, O: 26.93) ReadCalls: 27.42
 6027814	[VERBOSE]	XnSensorFPS.cpp	86	[FPS] InputFrames - I:  0.00, D: 30.41, OutputFrames - I:  0.00, D: 26.89
 7017202	[VERBOSE]	XnOpenNI.cpp	588	[FPS] Depth1 (I: 30.11, O: 29.15) ReadCalls: 29.50
 7027812	[VERBOSE]	XnSensorFPS.cpp	86	[FPS] InputFrames - I:  0.00, D: 30.32, OutputFrames - I:  0.00, D: 29.04
 8016627	[VERBOSE]	XnOpenNI.cpp	588	[FPS] Depth1 (I: 30.11, O: 30.20) ReadCalls: 30.54
 8031725	[VERBOSE]	XnSensorFPS.cpp	86	[FPS] InputFrames - I:  0.00, D: 30.28, OutputFrames - I:  0.00, D: 30.05
 9022066	[VERBOSE]	XnOpenNI.cpp	588	[FPS] Depth1 (I: 30.06, O: 30.06) ReadCalls: 30.31
 9031777	[VERBOSE]	XnSensorFPS.cpp	86	[FPS] InputFrames - I:  0.00, D: 30.32, OutputFrames - I:  0.00, D: 29.99
10021568	[VERBOSE]	XnOpenNI.cpp	588	[FPS] Depth1 (I: 30.06, O: 30.06) ReadCalls: 30.32
10031806	[VERBOSE]	XnSensorFPS.cpp	86	[FPS] InputFrames - I:  0.00, D: 30.32, OutputFrames - I:  0.00, D: 29.99
11021632	[VERBOSE]	XnOpenNI.cpp	588	[FPS] Depth1 (I: 30.10, O: 30.10) ReadCalls: 30.33
11035747	[VERBOSE]	XnSensorFPS.cpp	86	[FPS] InputFrames - I:  0.00, D: 30.28, OutputFrames - I:  0.00, D: 29.95
12021557	[VERBOSE]	XnOpenNI.cpp	588	[FPS] Depth1 (I: 30.10, O: 30.10) ReadCalls: 30.36
12035791	[VERBOSE]	XnSensorFPS.cpp	86	[FPS] InputFrames - I:  0.00, D: 30.28, OutputFrames - I:  0.00, D: 29.95
13003773	[VERBOSE]	XnOpenNI.cpp	588	[FPS] Depth1 (I: 30.28, O: 29.95) ReadCalls: 30.18
13003824	[VERBOSE]	XnSensorFPS.cpp	86	[FPS] InputFrames - I:  0.00, D: 30.28, OutputFrames - I:  0.00, D: 29.95
14003804	[VERBOSE]	XnOpenNI.cpp	588	[FPS] Depth1 (I: 30.32, O: 29.99) ReadCalls: 30.18
14003856	[VERBOSE]	XnSensorFPS.cpp	86	[FPS] InputFrames - I:  0.00, D: 30.32, OutputFrames - I:  0.00, D: 29.99
15003832	[VERBOSE]	XnOpenNI.cpp	588	[FPS] Depth1 (I: 30.32, O: 29.99) ReadCalls: 30.18
15003884	[VERBOSE]	XnSensorFPS.cpp	86	[FPS] InputFrames - I:  0.00, D: 30.32, OutputFrames - I:  0.00, D: 29.99
16007827	[VERBOSE]	XnOpenNI.cpp	588	[FPS] Depth1 (I: 30.28, O: 29.95) ReadCalls: 30.22
16007879	[VERBOSE]	XnSensorFPS.cpp	86	[FPS] InputFrames - I:  0.00, D: 30.28, OutputFrames - I:  0.00, D: 29.95
17007809	[VERBOSE]	XnOpenNI.cpp	588	[FPS] Depth1 (I: 30.28, O: 29.95) ReadCalls: 30.25
17007861	[VERBOSE]	XnSensorFPS.cpp	86	[FPS] InputFrames - I:  0.00, D: 30.28, OutputFrames - I:  0.00, D: 29.95
18007876	[VERBOSE]	XnOpenNI.cpp	588	[FPS] Depth1 (I: 30.32, O: 29.99) ReadCalls: 30.18
18007927	[VERBOSE]	XnSensorFPS.cpp	86	[FPS] InputFrames - I:  0.00, D: 30.32, OutputFrames - I:  0.00, D: 29.99
19007882	[VERBOSE]	XnOpenNI.cpp	588	[FPS] Depth1 (I: 30.32, O: 30.00) ReadCalls: 30.27
19007935	[VERBOSE]	XnSensorFPS.cpp	86	[FPS] InputFrames - I:  0.00, D: 30.32, OutputFrames - I:  0.00, D: 29.99
20011871	[VERBOSE]	XnOpenNI.cpp	588	[FPS] Depth1 (I: 30.28, O: 29.95) ReadCalls: 30.26
20011922	[VERBOSE]	XnSensorFPS.cpp	86	[FPS] InputFrames - I:  0.00, D: 30.28, OutputFrames - I:  0.00, D: 29.95
21002894	[VERBOSE]	XnOpenNI.cpp	588	[FPS] Depth1 (I: 30.05, O: 30.05) ReadCalls: 30.27
21011903	[VERBOSE]	XnSensorFPS.cpp	86	[FPS] InputFrames - I:  0.00, D: 30.28, OutputFrames - I:  0.00, D: 29.95
22003030	[VERBOSE]	XnOpenNI.cpp	588	[FPS] Depth1 (I: 30.05, O: 30.05) ReadCalls: 30.29
22011931	[VERBOSE]	XnSensorFPS.cpp	86	[FPS] InputFrames - I:  0.00, D: 30.32, OutputFrames - I:  0.00, D: 29.99
23001401	[VERBOSE]	XnOpenNI.cpp	588	[FPS] Depth1 (I: 30.11, O: 30.11) ReadCalls: 30.34
23011962	[VERBOSE]	XnSensorFPS.cpp	86	[FPS] InputFrames - I:  0.00, D: 30.32, OutputFrames - I:  0.00, D: 29.99
24004076	[VERBOSE]	XnOpenNI.cpp	588	[FPS] Depth1 (I: 30.08, O: 30.08) ReadCalls: 30.41
24015878	[VERBOSE]	XnSensorFPS.cpp	86	[FPS] InputFrames - I:  0.00, D: 30.28, OutputFrames - I:  0.00, D: 29.95
24350533	[INFO]	XnOpenNI.cpp	1458	Destroying node 'Depth1'
24350610	[INFO]	XnDeviceBase.cpp	1507	Destroying stream 'Depth1'...
24350656	[VERBOSE]	XnFirmwareStreams.cpp	225	Stream Depth1 released FW Stream Depth
24351506	[VERBOSE]	XnDeviceBase.cpp	1531	'Depth1' stream destroyed.
24351579	[INFO]	XnOpenNI.cpp	1458	Destroying node 'Device1'
24351638	[VERBOSE]	XnProperty.cpp	74	Setting Firmware.Stream0Mode (5) to 0...
24364958	[VERBOSE]	XnProperty.cpp	101	Firmware.Stream0Mode (5) was successfully set.
24365013	[VERBOSE]	XnProperty.cpp	74	Setting Firmware.Stream1Mode (6) to 0...
24677245	[VERBOSE]	XnProperty.cpp	151	Property Firmware.Stream1Mode (6) was changed to 0.
24677299	[VERBOSE]	XnProperty.cpp	74	Setting Firmware.FrameSync (1) to 0...
24689500	[VERBOSE]	XnProperty.cpp	101	Firmware.FrameSync (1) was successfully set.
24689560	[VERBOSE]	XnProperty.cpp	101	Firmware.Stream1Mode (6) was successfully set.
24689578	[VERBOSE]	XnProperty.cpp	74	Setting Firmware.Stream2Mode (7) to 0...
24702763	[VERBOSE]	XnProperty.cpp	101	Firmware.Stream2Mode (7) was successfully set.
24702811	[VERBOSE]	XnDeviceSensorIO.cpp	301	Shutting down USB depth read thread...
24702832	[VERBOSE]	XnDeviceSensorIO.cpp	311	Shutting down USB image read thread...
24709101	[VERBOSE]	XnDeviceSensorIO.cpp	358	Device closed successfully
24710865	[VERBOSE]	XnDeviceSensorIO.cpp	301	Shutting down USB depth read thread...
24710907	[VERBOSE]	XnDeviceSensorIO.cpp	311	Shutting down USB image read thread...
24710918	[VERBOSE]	XnDeviceSensorIO.cpp	358	Device closed successfully
