   46407	[INFO]	XnLog.cpp	161	OpenNI version is 1.1.0 (Build 41)-MacOSX (Jul  9 2011 14:48:28)
   46495	[INFO]	XnLog.cpp	169	Log system initialized. Console: 1, File: 1, Severity: VERBOSE, Masks: ALL
   68264	[INFO]	XnLog.cpp	169	Log system initialized. Console: 1, File: 1, Severity: VERBOSE, Masks: ALL
   68789	[VERBOSE]	XnModuleLoader.cpp	288	Checking ./../../../data/openni/lib/libnimMockNodes.dylib...
   68996	[VERBOSE]	XnModuleLoader.cpp	446	Found exported production node. ProductionNode: OpenNI/Mock/1.1.0.41
   69047	[VERBOSE]	XnModuleLoader.cpp	446	Found exported production node. Generator: OpenNI/Mock/1.1.0.41
   69078	[VERBOSE]	XnModuleLoader.cpp	446	Found exported production node. MapGenerator: OpenNI/Mock/1.1.0.41
   69118	[VERBOSE]	XnModuleLoader.cpp	446	Found exported production node. Device: OpenNI/Mock/1.1.0.41
   69145	[VERBOSE]	XnModuleLoader.cpp	446	Found exported production node. Depth: OpenNI/Mock/1.1.0.41
   69171	[VERBOSE]	XnModuleLoader.cpp	446	Found exported production node. IR: OpenNI/Mock/1.1.0.41
   69199	[VERBOSE]	XnModuleLoader.cpp	446	Found exported production node. Image: OpenNI/Mock/1.1.0.41
   69236	[VERBOSE]	XnModuleLoader.cpp	446	Found exported production node. Audio: OpenNI/Mock/1.1.0.41
   69267	[VERBOSE]	XnModuleLoader.cpp	288	Checking ./../../../data/openni/lib/libnimCodecs.dylib...
   69374	[VERBOSE]	XnModuleLoader.cpp	446	Found exported production node. Codec: OpenNI/16zP/1.1.0.41
   69420	[VERBOSE]	XnModuleLoader.cpp	446	Found exported production node. Codec: OpenNI/16zT/1.1.0.41
   69447	[VERBOSE]	XnModuleLoader.cpp	446	Found exported production node. Codec: OpenNI/Im8z/1.1.0.41
   69472	[VERBOSE]	XnModuleLoader.cpp	446	Found exported production node. Codec: OpenNI/JPEG/1.1.0.41
   69499	[VERBOSE]	XnModuleLoader.cpp	446	Found exported production node. Codec: OpenNI/NONE/1.1.0.41
   69529	[VERBOSE]	XnModuleLoader.cpp	288	Checking ./../../../data/openni/lib/libnimRecorder.dylib...
   69639	[VERBOSE]	XnModuleLoader.cpp	446	Found exported production node. Recorder: OpenNI/Recorder/1.1.0.41
   69675	[VERBOSE]	XnModuleLoader.cpp	446	Found exported production node. Player: OpenNI/Player/1.1.0.41
   69710	[VERBOSE]	XnModuleLoader.cpp	288	Checking ./../../../data/openni/lib/libXnDeviceSensorV2KM.dylib...
   81950	[VERBOSE]	XnModuleLoader.cpp	446	Found exported production node. Device: PrimeSense/SensorKinect/5.0.1.32
   82056	[VERBOSE]	XnModuleLoader.cpp	446	Found exported production node. Depth: PrimeSense/SensorKinect/5.0.1.32
   82087	[VERBOSE]	XnModuleLoader.cpp	446	Found exported production node. Image: PrimeSense/SensorKinect/5.0.1.32
   82105	[VERBOSE]	XnModuleLoader.cpp	446	Found exported production node. IR: PrimeSense/SensorKinect/5.0.1.32
   82127	[VERBOSE]	XnModuleLoader.cpp	446	Found exported production node. Audio: PrimeSense/SensorKinect/5.0.1.32
   82145	[VERBOSE]	XnModuleLoader.cpp	288	Checking ./../../../data/openni/lib/libXnVFeatures_1_3_1.dylib...
   82318	[VERBOSE]	XnModuleLoader.cpp	446	Found exported production node. Scene: PrimeSense/XnVSceneAnalyzer/1.3.1.4
   82361	[VERBOSE]	XnModuleLoader.cpp	446	Found exported production node. User: PrimeSense/XnVSkeletonGenerator/1.3.1.4
   82398	[VERBOSE]	XnModuleLoader.cpp	288	Checking ./../../../data/openni/lib/libXnVHandGenerator_1_3_1.dylib...
   82527	[VERBOSE]	XnModuleLoader.cpp	446	Found exported production node. Gesture: PrimeSense/XnVGestureGenrator/1.3.1.4
   82568	[VERBOSE]	XnModuleLoader.cpp	446	Found exported production node. Hands: PrimeSense/XnVHandTracker/1.3.1.4
  144191	[VERBOSE]	XnXmlConfig.cpp	736	Requested to create a node of type Depth...
  144361	[VERBOSE]	XnUSBLinux-x86.cpp	83	Initializing USB...
  145127	[INFO]	XnUSBLinux-x86.cpp	94	USB is initialized.
 1222673	[INFO]	XnOpenNI.cpp	1258	Creating node 'Device1' of type Device: PrimeSense/SensorKinect/5.0.1.32...
 1246770	[VERBOSE]	XnSensor.cpp	837	Global configuration file './../../../data/openni/config//GlobalDefaultsKinect.ini' was not found.
 1246827	[VERBOSE]	XnSensor.cpp	157	Initializing device sensor...
 1246931	[VERBOSE]	XnDeviceModule.cpp	417	Configuring module 'Device' from section 'Device' in file './../../../data/openni/config//GlobalDefaultsKinect.ini'...
 1247064	[INFO]	XnDeviceModule.cpp	431	Module 'Device' configuration was loaded from file.
 1247132	[VERBOSE]	XnDeviceSensorIO.cpp	76	Connecting to USB device...
 1247152	[VERBOSE]	XnDeviceSensorIO.cpp	94	Trying to open sensor '045e/02ae@253/8'...
 1785934	[VERBOSE]	XnDeviceSensorIO.cpp	107	Trying to open endpoint 0x4 for control out (for old firmwares)...
 1785990	[INFO]	XnDeviceSensorIO.cpp	128	Connected to USB device
 1786011	[INFO]	XnProperty.cpp	151	Property Device.USBPath was changed to 045e/02ae@253/8.
 1815936	[VERBOSE]	XnHostProtocol.cpp	706	Getting hardware versions...
 1817218	[INFO]	XnHostProtocol.cpp	859	Hardware versions: FW=5.1.4 (7) HW=4 Chip=2 Sensor=4 SYS=7
 1829612	[VERBOSE]	XnHostProtocol.cpp	869	Requesting KeepAlive...
 1842081	[VERBOSE]	XnHostProtocol.cpp	880	Got KeepAlive Reply.
 1842149	[VERBOSE]	XnHostProtocol.cpp	1156	Setting mode to 3...
 2654654	[VERBOSE]	XnHostProtocol.cpp	869	Requesting KeepAlive...
 2667349	[VERBOSE]	XnHostProtocol.cpp	880	Got KeepAlive Reply.
 2679962	[VERBOSE]	XnProperty.cpp	151	Property Firmware.ReferenceResolution was changed to 2.
 2680005	[VERBOSE]	XnSensorFirmwareParams.cpp	282	Reading all params from firmware...
 2754189	[VERBOSE]	XnProperty.cpp	151	Property Firmware.DepthHoleFilter (22) was changed to 1.
 2754234	[VERBOSE]	XnProperty.cpp	151	Property Firmware.ImageSharpness (76) was changed to 50.
 2779100	[VERBOSE]	XnProperty.cpp	151	Property Firmware.DepthGain (21) was changed to 30.
 2791692	[VERBOSE]	XnProperty.cpp	151	Property Firmware.GMCMode (36) was changed to 1.
 2816278	[VERBOSE]	XnProperty.cpp	151	Property Firmware.DepthFPS (20) was changed to 30.
 2828615	[VERBOSE]	XnProperty.cpp	151	Property Firmware.DepthWhiteBalance (45) was changed to 1.
 2841074	[VERBOSE]	XnProperty.cpp	151	Property Firmware.DepthResolution (19) was changed to 1.
 2853746	[VERBOSE]	XnProperty.cpp	151	Property Firmware.DepthFormat (18) was changed to 3.
 3002474	[VERBOSE]	XnProperty.cpp	151	Property Firmware.ImageFlicker (17) was changed to 1.
 3051679	[VERBOSE]	XnProperty.cpp	151	Property Firmware.ImageFPS (14) was changed to 30.
 3076134	[VERBOSE]	XnProperty.cpp	151	Property Firmware.ImageResolution (13) was changed to 1.
 3212166	[VERBOSE]	XnSensorFirmwareParams.cpp	291	Firmware params were updated.
 3212259	[VERBOSE]	XnHostProtocol.cpp	989	Getting the fixed params...
 3225220	[VERBOSE]	XnSensorFixedParams.cpp	54	Sensor serial number: 0
 3225280	[INFO]	XnProperty.cpp	151	Property Device.PhysicalDeviceName was changed to PrimeSense Sensor.
 3225306	[INFO]	XnProperty.cpp	151	Property Device.ID was changed to 0.
 3225350	[INFO]	XnSensor.cpp	185	Device sensor initialized
 3225529	[INFO]	XnOpenNI.cpp	1258	Creating node 'Depth1' of type Depth: PrimeSense/SensorKinect/5.0.1.32...
 3225588	[INFO]	XnDeviceBase.cpp	1383	Creating stream 'Depth1' of type 'Depth'...
 3225617	[INFO]	XnProperty.cpp	74	Setting Device.ReadData to 1...
 3225638	[VERBOSE]	XnDeviceSensorIO.cpp	160	Opening endpoints...
 3225658	[VERBOSE]	XnDeviceSensorIO.cpp	170	Opening endpoint 0x81 for depth...
 3225688	[VERBOSE]	XnDeviceSensorIO.cpp	194	Depth endpoint is isochronous.
 3225712	[VERBOSE]	XnDeviceSensorIO.cpp	220	Opening endpoint 0x82 for image...
 3225741	[VERBOSE]	XnDeviceSensorIO.cpp	233	Image endpoint is isochronous.
 3225760	[VERBOSE]	XnDeviceSensorIO.cpp	250	Opening endpoint 0x83 for misc...
 3225784	[VERBOSE]	XnDeviceSensorIO.cpp	264	Misc endpoint is not supported...
 3225803	[INFO]	XnDeviceSensorIO.cpp	291	Endpoints open
 3225819	[VERBOSE]	XnHostProtocol.cpp	1203	Getting algorithm params 0x80 for resolution 0 and fps 0....
 3238251	[INFO]	XnProperty.cpp	151	Property Device.ReadData was changed to 1.
 3238299	[INFO]	XnProperty.cpp	101	Device.ReadData was successfully set.
 3238527	[VERBOSE]	XnDeviceBase.cpp	1419	Initializing stream 'Depth1'...
 3238772	[INFO]	XnProperty.cpp	151	Property Depth1.FPS was changed to 30.
 3238793	[INFO]	XnProperty.cpp	151	Property Depth1.OutputFormat was changed to 1.
 3238853	[INFO]	XnProperty.cpp	151	Property Depth1.BytesPerPixel was changed to 2.
 3238872	[INFO]	XnProperty.cpp	151	Property Depth1.RequiredDataSize was changed to 614400.
 3238899	[INFO]	XnProperty.cpp	151	Property Depth1.ParamCoeff was changed to 4.
 3238963	[INFO]	XnProperty.cpp	151	Property Depth1.ShiftScale was changed to 10.
 3239022	[VERBOSE]	XnHostProtocol.cpp	1203	Getting algorithm params 0x0 for resolution 1 and fps 30....
 3251199	[INFO]	XnProperty.cpp	151	Property Depth1.ConstShift was changed to 200.
 3251328	[INFO]	XnProperty.cpp	151	Property Depth1.ZPD was changed to 120.
 3251467	[INFO]	XnProperty.cpp	151	Property Depth1.ZPPS was changed to 0.104200.
 3251487	[INFO]	XnProperty.cpp	151	Property Depth1.LDDIS was changed to 7.500000.
 3251622	[INFO]	XnProperty.cpp	151	Property Depth1.Gain was changed to 30.
 3251680	[INFO]	XnProperty.cpp	151	Property Depth1.SupportedModesCount was changed to 9.
 3251719	[INFO]	XnDeviceBase.cpp	1458	Stream 'Depth1' was initialized.
 3251735	[INFO]	XnDeviceBase.cpp	1463	'Depth1' stream was created.
 3251753	[VERBOSE]	XnDeviceModule.cpp	417	Configuring module 'Depth1' from section 'Depth' in file './../../../data/openni/config//GlobalDefaultsKinect.ini'...
 3251945	[INFO]	XnDeviceModule.cpp	431	Module 'Depth1' configuration was loaded from file.
 3252125	[VERBOSE]	XnDeviceBase.cpp	359	Opening stream Depth1...
 3252159	[VERBOSE]	XnFirmwareStreams.cpp	202	FW Stream Depth was claimed by Depth1
 3252181	[VERBOSE]	XnSensorDepthStream.cpp	336	Creating USB depth read thread...
 3252199	[VERBOSE]	XnUSBLinux-x86.cpp	104	Starting libusb asynch thread...
 3252279	[WARNING]	Linux-x86Threads.cpp	166	Failed to set thread priority: Invalid argument
 3252300	[WARNING]	XnUSBLinux-x86.cpp	122	USB events thread: Failed to set thread priority to critical. This might cause loss of data...
 3252326	[VERBOSE]	XnUSBLinux-x86.cpp	1128	Starting a USB read thread...
 3253230	[INFO]	XnUSBLinux-x86.cpp	1220	USB read thread was started.
 3253262	[INFO]	XnProperty.cpp	151	Property Depth1.ActualReadData was changed to 1.
 3253292	[VERBOSE]	XnProperty.cpp	74	Setting Firmware.DepthFormat (18) to 3...
 3265625	[VERBOSE]	XnProperty.cpp	101	Firmware.DepthFormat (18) was successfully set.
 3265687	[VERBOSE]	XnProperty.cpp	74	Setting Firmware.DepthResolution (19) to 1...
 3277750	[VERBOSE]	XnProperty.cpp	101	Firmware.DepthResolution (19) was successfully set.
 3277821	[VERBOSE]	XnProperty.cpp	74	Setting Firmware.DepthFPS (20) to 30...
 3289941	[VERBOSE]	XnProperty.cpp	101	Firmware.DepthFPS (20) was successfully set.
 3289987	[VERBOSE]	XnProperty.cpp	74	Setting Firmware.DepthHoleFilter (22) to 1...
 3302056	[VERBOSE]	XnProperty.cpp	101	Firmware.DepthHoleFilter (22) was successfully set.
 3302105	[VERBOSE]	XnProperty.cpp	74	Setting Firmware.DepthGain (21) to 30...
 3314312	[VERBOSE]	XnProperty.cpp	101	Firmware.DepthGain (21) was successfully set.
 3314362	[VERBOSE]	XnProperty.cpp	74	Setting Firmware.DepthDecimation (24) to 0...
 3326854	[VERBOSE]	XnProperty.cpp	101	Firmware.DepthDecimation (24) was successfully set.
 3326909	[VERBOSE]	XnProperty.cpp	74	Setting Firmware.Registration (2) to 0...
 3339060	[VERBOSE]	XnProperty.cpp	101	Firmware.Registration (2) was successfully set.
 3339106	[VERBOSE]	XnProperty.cpp	74	Setting Firmware.DepthMirror (23) to 0...
 3351311	[VERBOSE]	XnProperty.cpp	101	Firmware.DepthMirror (23) was successfully set.
 3351358	[VERBOSE]	XnProperty.cpp	74	Setting Firmware.GMCMode (36) to 1...
 3363634	[VERBOSE]	XnProperty.cpp	101	Firmware.GMCMode (36) was successfully set.
 3363686	[VERBOSE]	XnProperty.cpp	74	Setting Firmware.DepthWhiteBalance (45) to 1...
 3375790	[VERBOSE]	XnProperty.cpp	101	Firmware.DepthWhiteBalance (45) was successfully set.
 3375847	[VERBOSE]	XnHostProtocol.cpp	1203	Getting algorithm params 0x6 for resolution 1 and fps 30....
 3400181	[VERBOSE]	XnFirmwareStreams.cpp	284	Firmware stream 'Depth' processor was replaced.
 3400227	[VERBOSE]	XnProperty.cpp	74	Setting Firmware.Stream1Mode (6) to 2...
 3501264	[VERBOSE]	XnOpenNI.cpp	588	[FPS] Depth1 (I:  0.00, O:  0.00) ReadCalls:  0.00
 3501370	[VERBOSE]	XnSensorFPS.cpp	86	[FPS] InputFrames - I:  0.00, D:  0.00, OutputFrames - I:  0.00, D:  0.00
 3712551	[VERBOSE]	XnProperty.cpp	151	Property Firmware.Stream1Mode (6) was changed to 2.
 3712596	[VERBOSE]	XnProperty.cpp	74	Setting Firmware.FrameSync (1) to 0...
 3724917	[VERBOSE]	XnProperty.cpp	101	Firmware.FrameSync (1) was successfully set.
 3724968	[VERBOSE]	XnProperty.cpp	101	Firmware.Stream1Mode (6) was successfully set.
 3724993	[VERBOSE]	XnProperty.cpp	74	Setting Firmware.DepthCropEnabled (55) to 0...
 3737211	[VERBOSE]	XnProperty.cpp	101	Firmware.DepthCropEnabled (55) was successfully set.
 3737277	[INFO]	XnProperty.cpp	151	Property Depth1.State was changed to 1.
 3737296	[INFO]	XnDeviceBase.cpp	370	Stream Depth1 is open.
 4001260	[VERBOSE]	XnOpenNI.cpp	588	[FPS] Depth1 (I: 32.00, O:  0.00) ReadCalls:  0.00
 4001304	[VERBOSE]	XnSensorFPS.cpp	86	[FPS] InputFrames - I:  0.00, D: 32.00, OutputFrames - I:  0.00, D:  0.00
 5001297	[VERBOSE]	XnOpenNI.cpp	588	[FPS] Depth1 (I: 30.67, O: 19.55) ReadCalls: 20.44
 5001351	[VERBOSE]	XnSensorFPS.cpp	86	[FPS] InputFrames - I:  0.00, D: 30.67, OutputFrames - I:  0.00, D: 19.55
 6001338	[VERBOSE]	XnOpenNI.cpp	588	[FPS] Depth1 (I: 30.40, O: 24.47) ReadCalls: 24.94
 6001392	[VERBOSE]	XnSensorFPS.cpp	86	[FPS] InputFrames - I:  0.00, D: 30.40, OutputFrames - I:  0.00, D: 24.46
 7005304	[VERBOSE]	XnOpenNI.cpp	588	[FPS] Depth1 (I: 30.28, O: 30.06) ReadCalls: 30.43
 7005356	[VERBOSE]	XnSensorFPS.cpp	86	[FPS] InputFrames - I:  0.00, D: 30.28, OutputFrames - I:  0.00, D: 30.06
 7534249	[INFO]	XnOpenNI.cpp	1458	Destroying node 'Depth1'
 7534322	[INFO]	XnDeviceBase.cpp	1507	Destroying stream 'Depth1'...
 7534358	[VERBOSE]	XnFirmwareStreams.cpp	225	Stream Depth1 released FW Stream Depth
 7535155	[VERBOSE]	XnDeviceBase.cpp	1531	'Depth1' stream destroyed.
 7535220	[INFO]	XnOpenNI.cpp	1458	Destroying node 'Device1'
 7535262	[VERBOSE]	XnProperty.cpp	74	Setting Firmware.Stream0Mode (5) to 0...
 7548613	[VERBOSE]	XnProperty.cpp	101	Firmware.Stream0Mode (5) was successfully set.
 7548662	[VERBOSE]	XnProperty.cpp	74	Setting Firmware.Stream1Mode (6) to 0...
 7860995	[VERBOSE]	XnProperty.cpp	151	Property Firmware.Stream1Mode (6) was changed to 0.
 7861050	[VERBOSE]	XnProperty.cpp	74	Setting Firmware.FrameSync (1) to 0...
 7873375	[VERBOSE]	XnProperty.cpp	101	Firmware.FrameSync (1) was successfully set.
 7873423	[VERBOSE]	XnProperty.cpp	101	Firmware.Stream1Mode (6) was successfully set.
 7873444	[VERBOSE]	XnProperty.cpp	74	Setting Firmware.Stream2Mode (7) to 0...
 7886649	[VERBOSE]	XnProperty.cpp	101	Firmware.Stream2Mode (7) was successfully set.
 7886695	[VERBOSE]	XnDeviceSensorIO.cpp	301	Shutting down USB depth read thread...
 7886717	[VERBOSE]	XnDeviceSensorIO.cpp	311	Shutting down USB image read thread...
 7894445	[VERBOSE]	XnDeviceSensorIO.cpp	358	Device closed successfully
 7896104	[VERBOSE]	XnDeviceSensorIO.cpp	301	Shutting down USB depth read thread...
 7896154	[VERBOSE]	XnDeviceSensorIO.cpp	311	Shutting down USB image read thread...
 7896172	[VERBOSE]	XnDeviceSensorIO.cpp	358	Device closed successfully
