  158306	[INFO]	XnLog.cpp	161	OpenNI version is 1.1.0 (Build 41)-MacOSX (Jul  9 2011 14:48:28)
  158428	[INFO]	XnLog.cpp	169	Log system initialized. Console: 1, File: 1, Severity: VERBOSE, Masks: ALL
  158504	[INFO]	XnLog.cpp	169	Log system initialized. Console: 1, File: 1, Severity: VERBOSE, Masks: ALL
  158778	[VERBOSE]	XnModuleLoader.cpp	288	Checking ./../../../data/openni/lib/libnimMockNodes.dylib...
  159003	[VERBOSE]	XnModuleLoader.cpp	446	Found exported production node. ProductionNode: OpenNI/Mock/1.1.0.41
  159091	[VERBOSE]	XnModuleLoader.cpp	446	Found exported production node. Generator: OpenNI/Mock/1.1.0.41
  159128	[VERBOSE]	XnModuleLoader.cpp	446	Found exported production node. MapGenerator: OpenNI/Mock/1.1.0.41
  159165	[VERBOSE]	XnModuleLoader.cpp	446	Found exported production node. Device: OpenNI/Mock/1.1.0.41
  159199	[VERBOSE]	XnModuleLoader.cpp	446	Found exported production node. Depth: OpenNI/Mock/1.1.0.41
  159235	[VERBOSE]	XnModuleLoader.cpp	446	Found exported production node. IR: OpenNI/Mock/1.1.0.41
  159270	[VERBOSE]	XnModuleLoader.cpp	446	Found exported production node. Image: OpenNI/Mock/1.1.0.41
  159328	[VERBOSE]	XnModuleLoader.cpp	446	Found exported production node. Audio: OpenNI/Mock/1.1.0.41
  159364	[VERBOSE]	XnModuleLoader.cpp	288	Checking ./../../../data/openni/lib/libnimCodecs.dylib...
  159477	[VERBOSE]	XnModuleLoader.cpp	446	Found exported production node. Codec: OpenNI/16zP/1.1.0.41
  159516	[VERBOSE]	XnModuleLoader.cpp	446	Found exported production node. Codec: OpenNI/16zT/1.1.0.41
  159545	[VERBOSE]	XnModuleLoader.cpp	446	Found exported production node. Codec: OpenNI/Im8z/1.1.0.41
  159572	[VERBOSE]	XnModuleLoader.cpp	446	Found exported production node. Codec: OpenNI/JPEG/1.1.0.41
  159599	[VERBOSE]	XnModuleLoader.cpp	446	Found exported production node. Codec: OpenNI/NONE/1.1.0.41
  159637	[VERBOSE]	XnModuleLoader.cpp	288	Checking ./../../../data/openni/lib/libnimRecorder.dylib...
  159756	[VERBOSE]	XnModuleLoader.cpp	446	Found exported production node. Recorder: OpenNI/Recorder/1.1.0.41
  159794	[VERBOSE]	XnModuleLoader.cpp	446	Found exported production node. Player: OpenNI/Player/1.1.0.41
  159821	[VERBOSE]	XnModuleLoader.cpp	288	Checking ./../../../data/openni/lib/libXnDeviceSensorV2KM.dylib...
  159940	[VERBOSE]	XnModuleLoader.cpp	446	Found exported production node. Device: PrimeSense/SensorKinect/5.0.1.32
  159979	[VERBOSE]	XnModuleLoader.cpp	446	Found exported production node. Depth: PrimeSense/SensorKinect/5.0.1.32
  160011	[VERBOSE]	XnModuleLoader.cpp	446	Found exported production node. Image: PrimeSense/SensorKinect/5.0.1.32
  160040	[VERBOSE]	XnModuleLoader.cpp	446	Found exported production node. IR: PrimeSense/SensorKinect/5.0.1.32
  160083	[VERBOSE]	XnModuleLoader.cpp	446	Found exported production node. Audio: PrimeSense/SensorKinect/5.0.1.32
  160110	[VERBOSE]	XnModuleLoader.cpp	288	Checking ./../../../data/openni/lib/libXnVFeatures_1_3_1.dylib...
  160223	[VERBOSE]	XnModuleLoader.cpp	446	Found exported production node. Scene: PrimeSense/XnVSceneAnalyzer/1.3.1.4
  160255	[VERBOSE]	XnModuleLoader.cpp	446	Found exported production node. User: PrimeSense/XnVSkeletonGenerator/1.3.1.4
  160292	[VERBOSE]	XnModuleLoader.cpp	288	Checking ./../../../data/openni/lib/libXnVHandGenerator_1_3_1.dylib...
  160411	[VERBOSE]	XnModuleLoader.cpp	446	Found exported production node. Gesture: PrimeSense/XnVGestureGenrator/1.3.1.4
  160457	[VERBOSE]	XnModuleLoader.cpp	446	Found exported production node. Hands: PrimeSense/XnVHandTracker/1.3.1.4
  160840	[VERBOSE]	XnXmlConfig.cpp	736	Requested to create a node of type Depth...
  160982	[VERBOSE]	XnUSBLinux-x86.cpp	83	Initializing USB...
  161717	[INFO]	XnUSBLinux-x86.cpp	94	USB is initialized.
 1692354	[INFO]	XnOpenNI.cpp	1258	Creating node 'Device1' of type Device: PrimeSense/SensorKinect/5.0.1.32...
 1693010	[VERBOSE]	XnSensor.cpp	837	Global configuration file './../../../data/openni/config//GlobalDefaultsKinect.ini' was not found.
 1693058	[VERBOSE]	XnSensor.cpp	157	Initializing device sensor...
 1693198	[VERBOSE]	XnDeviceModule.cpp	417	Configuring module 'Device' from section 'Device' in file './../../../data/openni/config//GlobalDefaultsKinect.ini'...
 1693355	[INFO]	XnDeviceModule.cpp	431	Module 'Device' configuration was loaded from file.
 1693429	[VERBOSE]	XnDeviceSensorIO.cpp	76	Connecting to USB device...
 1693449	[VERBOSE]	XnDeviceSensorIO.cpp	94	Trying to open sensor '045e/02ae@250/10'...
 2126742	[VERBOSE]	XnDeviceSensorIO.cpp	107	Trying to open endpoint 0x4 for control out (for old firmwares)...
 2126796	[INFO]	XnDeviceSensorIO.cpp	128	Connected to USB device
 2126822	[INFO]	XnProperty.cpp	151	Property Device.USBPath was changed to 045e/02ae@250/10.
 2134261	[VERBOSE]	XnHostProtocol.cpp	706	Getting hardware versions...
 2135696	[INFO]	XnHostProtocol.cpp	859	Hardware versions: FW=5.1.4 (7) HW=4 Chip=2 Sensor=4 SYS=7
 2148162	[VERBOSE]	XnHostProtocol.cpp	869	Requesting KeepAlive...
 2160737	[VERBOSE]	XnHostProtocol.cpp	880	Got KeepAlive Reply.
 2160781	[VERBOSE]	XnHostProtocol.cpp	1156	Setting mode to 3...
 2973045	[VERBOSE]	XnHostProtocol.cpp	869	Requesting KeepAlive...
 2985458	[VERBOSE]	XnHostProtocol.cpp	880	Got KeepAlive Reply.
 2997881	[VERBOSE]	XnProperty.cpp	151	Property Firmware.ReferenceResolution was changed to 2.
 2997926	[VERBOSE]	XnSensorFirmwareParams.cpp	282	Reading all params from firmware...
 3071717	[VERBOSE]	XnProperty.cpp	151	Property Firmware.DepthHoleFilter (22) was changed to 1.
 3071762	[VERBOSE]	XnProperty.cpp	151	Property Firmware.ImageSharpness (76) was changed to 50.
 3096415	[VERBOSE]	XnProperty.cpp	151	Property Firmware.DepthGain (21) was changed to 30.
 3108831	[VERBOSE]	XnProperty.cpp	151	Property Firmware.GMCMode (36) was changed to 1.
 3133302	[VERBOSE]	XnProperty.cpp	151	Property Firmware.DepthFPS (20) was changed to 30.
 3145717	[VERBOSE]	XnProperty.cpp	151	Property Firmware.DepthWhiteBalance (45) was changed to 1.
 3158219	[VERBOSE]	XnProperty.cpp	151	Property Firmware.DepthResolution (19) was changed to 1.
 3170857	[VERBOSE]	XnProperty.cpp	151	Property Firmware.DepthFormat (18) was changed to 3.
 3368776	[VERBOSE]	XnProperty.cpp	151	Property Firmware.ImageFPS (14) was changed to 30.
 3393211	[VERBOSE]	XnProperty.cpp	151	Property Firmware.ImageResolution (13) was changed to 1.
 3528354	[VERBOSE]	XnSensorFirmwareParams.cpp	291	Firmware params were updated.
 3528414	[VERBOSE]	XnHostProtocol.cpp	989	Getting the fixed params...
 3541255	[VERBOSE]	XnSensorFixedParams.cpp	54	Sensor serial number: 0
 3541321	[INFO]	XnProperty.cpp	151	Property Device.PhysicalDeviceName was changed to PrimeSense Sensor.
 3541347	[INFO]	XnProperty.cpp	151	Property Device.ID was changed to 0.
 3541385	[INFO]	XnSensor.cpp	185	Device sensor initialized
 3541496	[INFO]	XnOpenNI.cpp	1258	Creating node 'Depth1' of type Depth: PrimeSense/SensorKinect/5.0.1.32...
 3541542	[INFO]	XnDeviceBase.cpp	1383	Creating stream 'Depth1' of type 'Depth'...
 3541565	[INFO]	XnProperty.cpp	74	Setting Device.ReadData to 1...
 3541583	[VERBOSE]	XnDeviceSensorIO.cpp	160	Opening endpoints...
 3541601	[VERBOSE]	XnDeviceSensorIO.cpp	170	Opening endpoint 0x81 for depth...
 3541629	[VERBOSE]	XnDeviceSensorIO.cpp	194	Depth endpoint is isochronous.
 3541647	[VERBOSE]	XnDeviceSensorIO.cpp	220	Opening endpoint 0x82 for image...
 3541669	[VERBOSE]	XnDeviceSensorIO.cpp	233	Image endpoint is isochronous.
 3541685	[VERBOSE]	XnDeviceSensorIO.cpp	250	Opening endpoint 0x83 for misc...
 3541703	[VERBOSE]	XnDeviceSensorIO.cpp	264	Misc endpoint is not supported...
 3541719	[INFO]	XnDeviceSensorIO.cpp	291	Endpoints open
 3541734	[VERBOSE]	XnHostProtocol.cpp	1203	Getting algorithm params 0x80 for resolution 0 and fps 0....
 3553769	[INFO]	XnProperty.cpp	151	Property Device.ReadData was changed to 1.
 3553820	[INFO]	XnProperty.cpp	101	Device.ReadData was successfully set.
 3554032	[VERBOSE]	XnDeviceBase.cpp	1419	Initializing stream 'Depth1'...
 3554241	[INFO]	XnProperty.cpp	151	Property Depth1.FPS was changed to 30.
 3554260	[INFO]	XnProperty.cpp	151	Property Depth1.OutputFormat was changed to 1.
 3554272	[INFO]	XnProperty.cpp	151	Property Depth1.BytesPerPixel was changed to 2.
 3554284	[INFO]	XnProperty.cpp	151	Property Depth1.RequiredDataSize was changed to 614400.
 3932682	[INFO]	XnProperty.cpp	151	Property Depth1.ParamCoeff was changed to 4.
 3932785	[INFO]	XnProperty.cpp	151	Property Depth1.ShiftScale was changed to 10.
 3932869	[VERBOSE]	XnHostProtocol.cpp	1203	Getting algorithm params 0x0 for resolution 1 and fps 30....
 3945468	[INFO]	XnProperty.cpp	151	Property Depth1.ConstShift was changed to 200.
 3945569	[INFO]	XnProperty.cpp	151	Property Depth1.ZPD was changed to 120.
 3945684	[INFO]	XnProperty.cpp	151	Property Depth1.ZPPS was changed to 0.104200.
 3945700	[INFO]	XnProperty.cpp	151	Property Depth1.LDDIS was changed to 7.500000.
 3945798	[INFO]	XnProperty.cpp	151	Property Depth1.Gain was changed to 30.
 3945848	[INFO]	XnProperty.cpp	151	Property Depth1.SupportedModesCount was changed to 9.
 3945873	[INFO]	XnDeviceBase.cpp	1458	Stream 'Depth1' was initialized.
 3945886	[INFO]	XnDeviceBase.cpp	1463	'Depth1' stream was created.
 3945901	[VERBOSE]	XnDeviceModule.cpp	417	Configuring module 'Depth1' from section 'Depth' in file './../../../data/openni/config//GlobalDefaultsKinect.ini'...
 3946045	[INFO]	XnDeviceModule.cpp	431	Module 'Depth1' configuration was loaded from file.
 3946211	[VERBOSE]	XnDeviceBase.cpp	359	Opening stream Depth1...
 3946245	[VERBOSE]	XnFirmwareStreams.cpp	202	FW Stream Depth was claimed by Depth1
 3946268	[VERBOSE]	XnSensorDepthStream.cpp	336	Creating USB depth read thread...
 3946287	[VERBOSE]	XnUSBLinux-x86.cpp	104	Starting libusb asynch thread...
 3946367	[WARNING]	Linux-x86Threads.cpp	166	Failed to set thread priority: Invalid argument
 3946389	[WARNING]	XnUSBLinux-x86.cpp	122	USB events thread: Failed to set thread priority to critical. This might cause loss of data...
 3946415	[VERBOSE]	XnUSBLinux-x86.cpp	1128	Starting a USB read thread...
 3947438	[INFO]	XnUSBLinux-x86.cpp	1220	USB read thread was started.
 3947499	[INFO]	XnProperty.cpp	151	Property Depth1.ActualReadData was changed to 1.
 3947535	[VERBOSE]	XnProperty.cpp	74	Setting Firmware.DepthFormat (18) to 3...
 3959576	[VERBOSE]	XnProperty.cpp	101	Firmware.DepthFormat (18) was successfully set.
 3959629	[VERBOSE]	XnProperty.cpp	74	Setting Firmware.DepthResolution (19) to 1...
 3971753	[VERBOSE]	XnProperty.cpp	101	Firmware.DepthResolution (19) was successfully set.
 3971789	[VERBOSE]	XnProperty.cpp	74	Setting Firmware.DepthFPS (20) to 30...
 3983887	[VERBOSE]	XnProperty.cpp	101	Firmware.DepthFPS (20) was successfully set.
 3983936	[VERBOSE]	XnProperty.cpp	74	Setting Firmware.DepthHoleFilter (22) to 1...
 3996014	[VERBOSE]	XnProperty.cpp	101	Firmware.DepthHoleFilter (22) was successfully set.
 3996063	[VERBOSE]	XnProperty.cpp	74	Setting Firmware.DepthGain (21) to 30...
 4008088	[VERBOSE]	XnProperty.cpp	101	Firmware.DepthGain (21) was successfully set.
 4008121	[VERBOSE]	XnProperty.cpp	74	Setting Firmware.DepthDecimation (24) to 0...
 4020077	[VERBOSE]	XnProperty.cpp	101	Firmware.DepthDecimation (24) was successfully set.
 4020130	[VERBOSE]	XnProperty.cpp	74	Setting Firmware.Registration (2) to 0...
 4032261	[VERBOSE]	XnProperty.cpp	101	Firmware.Registration (2) was successfully set.
 4032309	[VERBOSE]	XnProperty.cpp	74	Setting Firmware.DepthMirror (23) to 0...
 4044454	[VERBOSE]	XnProperty.cpp	101	Firmware.DepthMirror (23) was successfully set.
 4044514	[VERBOSE]	XnProperty.cpp	74	Setting Firmware.GMCMode (36) to 1...
 4056717	[VERBOSE]	XnProperty.cpp	101	Firmware.GMCMode (36) was successfully set.
 4056767	[VERBOSE]	XnProperty.cpp	74	Setting Firmware.DepthWhiteBalance (45) to 1...
 4068886	[VERBOSE]	XnProperty.cpp	101	Firmware.DepthWhiteBalance (45) was successfully set.
 4068937	[VERBOSE]	XnHostProtocol.cpp	1203	Getting algorithm params 0x6 for resolution 1 and fps 30....
 4093156	[VERBOSE]	XnFirmwareStreams.cpp	284	Firmware stream 'Depth' processor was replaced.
 4093219	[VERBOSE]	XnProperty.cpp	74	Setting Firmware.Stream1Mode (6) to 2...
 4191726	[VERBOSE]	XnOpenNI.cpp	588	[FPS] Depth1 (I:  0.00, O:  0.00) ReadCalls:  0.00
 4191802	[VERBOSE]	XnSensorFPS.cpp	86	[FPS] InputFrames - I:  0.00, D:  0.00, OutputFrames - I:  0.00, D:  0.00
 4405596	[VERBOSE]	XnProperty.cpp	151	Property Firmware.Stream1Mode (6) was changed to 2.
 4405639	[VERBOSE]	XnProperty.cpp	74	Setting Firmware.FrameSync (1) to 0...
 4417880	[VERBOSE]	XnProperty.cpp	101	Firmware.FrameSync (1) was successfully set.
 4417921	[VERBOSE]	XnProperty.cpp	101	Firmware.Stream1Mode (6) was successfully set.
 4417937	[VERBOSE]	XnProperty.cpp	74	Setting Firmware.DepthCropEnabled (55) to 0...
 4430210	[VERBOSE]	XnProperty.cpp	101	Firmware.DepthCropEnabled (55) was successfully set.
 4430268	[INFO]	XnProperty.cpp	151	Property Depth1.State was changed to 1.
 4430290	[INFO]	XnDeviceBase.cpp	370	Stream Depth1 is open.
 5027547	[VERBOSE]	XnOpenNI.cpp	588	[FPS] Depth1 (I: 31.11, O:  0.00) ReadCalls:  0.00
 5027594	[VERBOSE]	XnSensorFPS.cpp	86	[FPS] InputFrames - I:  0.00, D: 31.11, OutputFrames - I:  0.00, D:  0.00
 5246723	[VERBOSE]	XnHostProtocol.cpp	1546	Getting Cmos 0 VBlanking...
 5259243	[INFO]	XnHostProtocol.cpp	1561	Cmos 0 VBlanking: 9
 5259310	[INFO]	XnOpenNI.cpp	1258	Creating node 'Image1' of type Image: PrimeSense/SensorKinect/5.0.1.32...
 5259336	[INFO]	XnDeviceBase.cpp	1383	Creating stream 'Image1' of type 'Image'...
 5259524	[VERBOSE]	XnDeviceBase.cpp	1419	Initializing stream 'Image1'...
 5259696	[INFO]	XnProperty.cpp	151	Property Image1.FPS was changed to 30.
 5259722	[INFO]	XnProperty.cpp	151	Property Image1.OutputFormat was changed to 5.
 5259741	[INFO]	XnProperty.cpp	151	Property Image1.BytesPerPixel was changed to 3.
 5259759	[INFO]	XnProperty.cpp	151	Property Image1.RequiredDataSize was changed to 921600.
 5259796	[INFO]	XnProperty.cpp	151	Property Image1.SupportedModesCount was changed to 7.
 5259821	[INFO]	XnDeviceBase.cpp	1458	Stream 'Image1' was initialized.
 5259839	[INFO]	XnDeviceBase.cpp	1463	'Image1' stream was created.
 5259855	[VERBOSE]	XnDeviceModule.cpp	417	Configuring module 'Image1' from section 'Image' in file './../../../data/openni/config//GlobalDefaultsKinect.ini'...
 5259996	[INFO]	XnDeviceModule.cpp	431	Module 'Image1' configuration was loaded from file.
 5261150	[VERBOSE]	XnDeviceBase.cpp	359	Opening stream Image1...
 5261192	[VERBOSE]	XnFirmwareStreams.cpp	202	FW Stream Image was claimed by Image1
 5261206	[VERBOSE]	XnSensorImageStream.cpp	373	Creating USB image read thread...
 5261218	[VERBOSE]	XnUSBLinux-x86.cpp	1128	Starting a USB read thread...
 5262114	[INFO]	XnUSBLinux-x86.cpp	1220	USB read thread was started.
 5262147	[INFO]	XnProperty.cpp	151	Property Image1.ActualReadData was changed to 1.
 5262168	[VERBOSE]	XnProperty.cpp	74	Setting Firmware.ImageFormat (12) to 6...
 5274474	[VERBOSE]	XnProperty.cpp	101	Firmware.ImageFormat (12) was successfully set.
 5274529	[VERBOSE]	XnProperty.cpp	74	Setting Firmware.ImageResolution (13) to 1...
 5287138	[VERBOSE]	XnProperty.cpp	101	Firmware.ImageResolution (13) was successfully set.
 5287182	[VERBOSE]	XnProperty.cpp	74	Setting Firmware.ImageFPS (14) to 30...
 5299574	[VERBOSE]	XnProperty.cpp	101	Firmware.ImageFPS (14) was successfully set.
 5299628	[VERBOSE]	XnProperty.cpp	74	Setting Firmware.ImageFlicker (17) to 0...
 5427512	[WARNING]	XnDepthProcessor.cpp	133	Read: Depth buffer is corrupt. Size is 578416 (!= 614400)
 5427553	[WARNING]	XnFrameStreamProcessor.cpp	138	Depth frame is corrupt!
 5459594	[WARNING]	XnDepthProcessor.cpp	133	Read: Depth buffer is corrupt. Size is 562000 (!= 614400)
 5459635	[WARNING]	XnFrameStreamProcessor.cpp	138	Depth frame is corrupt!
 6027593	[VERBOSE]	XnOpenNI.cpp	588	[FPS] Depth1 (I: 29.41, O:  0.00) Image1 (I:  0.00, O:  0.00) ReadCalls:  0.00
 6027637	[VERBOSE]	XnSensorFPS.cpp	86	[FPS] InputFrames - I:  0.00, D: 29.41, OutputFrames - I:  0.00, D:  0.00
 7028626	[VERBOSE]	XnOpenNI.cpp	588	[FPS] Depth1 (I: 28.55, O:  0.00) Image1 (I:  0.00, O:  0.00) ReadCalls:  0.00
 7028678	[VERBOSE]	XnSensorFPS.cpp	86	[FPS] InputFrames - I:  0.00, D: 28.55, OutputFrames - I:  0.00, D:  0.00
 7033523	[WARNING]	XnUSBLinux-x86.cpp	1076	Endpoint 0x82, Buffer 5: Asynch transfer failed (status: 1)
 7033554	[WARNING]	XnUSBLinux-x86.cpp	1076	Endpoint 0x81, Buffer 13: Asynch transfer failed (status: 1)
 7049575	[WARNING]	XnFrameStreamProcessor.cpp	146	Depth Frame Buffer overflow! current size: 612768
 7049631	[WARNING]	XnFrameStreamProcessor.cpp	138	Depth frame is corrupt!
 7061574	[WARNING]	XnDepthProcessor.cpp	133	Read: Depth buffer is corrupt. Size is 612768 (!= 614400)
 8029651	[VERBOSE]	XnOpenNI.cpp	588	[FPS] Depth1 (I: 28.62, O:  0.00) Image1 (I:  0.00, O:  0.00) ReadCalls:  0.00
 8029695	[VERBOSE]	XnSensorFPS.cpp	86	[FPS] InputFrames - I:  0.00, D: 28.62, OutputFrames - I:  0.00, D:  0.00
 8312015	[VERBOSE]	XnProperty.cpp	101	Firmware.ImageFlicker (17) was successfully set.
 8312059	[VERBOSE]	XnProperty.cpp	74	Setting Firmware.ImageMirror (71) to 0...
 8324390	[VERBOSE]	XnProperty.cpp	101	Firmware.ImageMirror (71) was successfully set.
 8325330	[VERBOSE]	XnFirmwareStreams.cpp	284	Firmware stream 'Image' processor was replaced.
 8325372	[VERBOSE]	XnProperty.cpp	74	Setting Firmware.Stream0Mode (5) to 1...
 8439293	[VERBOSE]	XnProperty.cpp	151	Property Firmware.Stream0Mode (5) was changed to 1.
 8439336	[VERBOSE]	XnProperty.cpp	74	Setting Firmware.FrameSync (1) to 0...
 8451991	[VERBOSE]	XnProperty.cpp	101	Firmware.FrameSync (1) was successfully set.
 8452037	[VERBOSE]	XnProperty.cpp	101	Firmware.Stream0Mode (5) was successfully set.
 8452057	[VERBOSE]	XnProperty.cpp	74	Setting Firmware.ImageCropEnabled (50) to 0...
 8464497	[VERBOSE]	XnProperty.cpp	101	Firmware.ImageCropEnabled (50) was successfully set.
 8464545	[INFO]	XnProperty.cpp	151	Property Image1.State was changed to 1.
 8464558	[INFO]	XnDeviceBase.cpp	370	Stream Image1 is open.
 8464606	[INFO]	XnProperty.cpp	74	Setting Depth1.Registration to 1...
 8466541	[VERBOSE]	XnHostProtocol.cpp	1203	Getting algorithm params 0x40 for resolution 1 and fps 30....
 8497571	[WARNING]	XnDepthProcessor.cpp	133	Read: Depth buffer is corrupt. Size is 567296 (!= 614400)
 8497613	[WARNING]	XnFrameStreamProcessor.cpp	138	Depth frame is corrupt!
 8579640	[VERBOSE]	XnHostProtocol.cpp	1203	Getting algorithm params 0x41 for resolution 1 and fps 30....
 8614463	[VERBOSE]	XnProperty.cpp	74	Setting Firmware.Registration (2) to 0...
 8627289	[VERBOSE]	XnProperty.cpp	101	Firmware.Registration (2) was successfully set.
 8627338	[INFO]	XnProperty.cpp	151	Property Depth1.Registration was changed to 1.
 8627351	[INFO]	XnProperty.cpp	101	Depth1.Registration was successfully set.
 9023338	[VERBOSE]	XnOpenNI.cpp	588	[FPS] Depth1 (I: 28.71, O: 19.29) Image1 (I: 30.10, O: 22.51) ReadCalls: 25.37
 9024569	[VERBOSE]	XnSensorFPS.cpp	86	[FPS] InputFrames - I: 31.62, D: 28.70, OutputFrames - I: 22.42, D: 19.21
10012109	[VERBOSE]	XnOpenNI.cpp	588	[FPS] Depth1 (I: 29.83, O: 27.70) Image1 (I: 30.25, O: 27.70) ReadCalls: 33.74
10015768	[VERBOSE]	XnSensorFPS.cpp	86	[FPS] InputFrames - I: 30.18, D: 29.79, OutputFrames - I: 27.62, D: 28.39
11001665	[VERBOSE]	XnOpenNI.cpp	588	[FPS] Depth1 (I: 29.95, O: 28.83) Image1 (I: 30.27, O: 28.83) ReadCalls: 35.31
11001763	[VERBOSE]	XnSensorFPS.cpp	86	[FPS] InputFrames - I: 30.27, D: 29.95, OutputFrames - I: 28.83, D: 28.83
12001698	[VERBOSE]	XnOpenNI.cpp	588	[FPS] Depth1 (I: 30.32, O: 30.26) Image1 (I: 30.23, O: 29.92) ReadCalls: 39.58
12001756	[VERBOSE]	XnSensorFPS.cpp	86	[FPS] InputFrames - I: 30.23, D: 30.32, OutputFrames - I: 29.92, D: 30.26
13001733	[VERBOSE]	XnOpenNI.cpp	588	[FPS] Depth1 (I: 30.32, O: 30.14) Image1 (I: 30.22, O: 30.14) ReadCalls: 40.59
13001793	[VERBOSE]	XnSensorFPS.cpp	86	[FPS] InputFrames - I: 30.22, D: 30.32, OutputFrames - I: 30.14, D: 30.14
14005743	[VERBOSE]	XnOpenNI.cpp	588	[FPS] Depth1 (I: 30.28, O: 30.00) Image1 (I: 30.19, O: 30.00) ReadCalls: 40.59
14005807	[VERBOSE]	XnSensorFPS.cpp	86	[FPS] InputFrames - I: 30.19, D: 30.28, OutputFrames - I: 30.00, D: 30.00
14965452	[INFO]	XnOpenNI.cpp	1458	Destroying node 'Depth1'
14965567	[INFO]	XnDeviceBase.cpp	1507	Destroying stream 'Depth1'...
14966340	[VERBOSE]	XnFirmwareStreams.cpp	225	Stream Depth1 released FW Stream Depth
14967278	[VERBOSE]	XnDeviceBase.cpp	1531	'Depth1' stream destroyed.
14967395	[INFO]	XnOpenNI.cpp	1458	Destroying node 'Image1'
14967435	[INFO]	XnDeviceBase.cpp	1507	Destroying stream 'Image1'...
14967787	[VERBOSE]	XnFirmwareStreams.cpp	225	Stream Image1 released FW Stream Image
14968898	[VERBOSE]	XnDeviceBase.cpp	1531	'Image1' stream destroyed.
14968943	[INFO]	XnOpenNI.cpp	1458	Destroying node 'Device1'
14968986	[VERBOSE]	XnProperty.cpp	74	Setting Firmware.Stream0Mode (5) to 0...
15082783	[VERBOSE]	XnProperty.cpp	151	Property Firmware.Stream0Mode (5) was changed to 0.
15082829	[VERBOSE]	XnProperty.cpp	74	Setting Firmware.FrameSync (1) to 0...
15094928	[VERBOSE]	XnProperty.cpp	101	Firmware.FrameSync (1) was successfully set.
15094976	[VERBOSE]	XnProperty.cpp	101	Firmware.Stream0Mode (5) was successfully set.
15094996	[VERBOSE]	XnProperty.cpp	74	Setting Firmware.Stream1Mode (6) to 0...
15407451	[VERBOSE]	XnProperty.cpp	151	Property Firmware.Stream1Mode (6) was changed to 0.
15407500	[VERBOSE]	XnProperty.cpp	74	Setting Firmware.FrameSync (1) to 0...
15419591	[VERBOSE]	XnProperty.cpp	101	Firmware.FrameSync (1) was successfully set.
15419633	[VERBOSE]	XnProperty.cpp	101	Firmware.Stream1Mode (6) was successfully set.
15419647	[VERBOSE]	XnProperty.cpp	74	Setting Firmware.Stream2Mode (7) to 0...
15432962	[VERBOSE]	XnProperty.cpp	101	Firmware.Stream2Mode (7) was successfully set.
15433002	[VERBOSE]	XnDeviceSensorIO.cpp	301	Shutting down USB depth read thread...
15436180	[VERBOSE]	XnDeviceSensorIO.cpp	311	Shutting down USB image read thread...
15442765	[VERBOSE]	XnDeviceSensorIO.cpp	358	Device closed successfully
15444342	[VERBOSE]	XnDeviceSensorIO.cpp	301	Shutting down USB depth read thread...
15444392	[VERBOSE]	XnDeviceSensorIO.cpp	311	Shutting down USB image read thread...
15444408	[VERBOSE]	XnDeviceSensorIO.cpp	358	Device closed successfully
