     581	[INFO]	XnLog.cpp	161	OpenNI version is 1.1.0 (Build 41)-MacOSX (Jul  9 2011 14:48:28)
     639	[INFO]	XnLog.cpp	169	Log system initialized. Console: 1, File: 1, Severity: VERBOSE, Masks: ALL
     679	[INFO]	XnLog.cpp	169	Log system initialized. Console: 1, File: 1, Severity: VERBOSE, Masks: ALL
     817	[VERBOSE]	XnModuleLoader.cpp	288	Checking ./../../../data/openni/lib/libnimMockNodes.dylib...
     969	[VERBOSE]	XnModuleLoader.cpp	446	Found exported production node. ProductionNode: OpenNI/Mock/1.1.0.41
    1014	[VERBOSE]	XnModuleLoader.cpp	446	Found exported production node. Generator: OpenNI/Mock/1.1.0.41
    1043	[VERBOSE]	XnModuleLoader.cpp	446	Found exported production node. MapGenerator: OpenNI/Mock/1.1.0.41
    1068	[VERBOSE]	XnModuleLoader.cpp	446	Found exported production node. Device: OpenNI/Mock/1.1.0.41
    1092	[VERBOSE]	XnModuleLoader.cpp	446	Found exported production node. Depth: OpenNI/Mock/1.1.0.41
    1128	[VERBOSE]	XnModuleLoader.cpp	446	Found exported production node. IR: OpenNI/Mock/1.1.0.41
    1152	[VERBOSE]	XnModuleLoader.cpp	446	Found exported production node. Image: OpenNI/Mock/1.1.0.41
    1184	[VERBOSE]	XnModuleLoader.cpp	446	Found exported production node. Audio: OpenNI/Mock/1.1.0.41
    1215	[VERBOSE]	XnModuleLoader.cpp	288	Checking ./../../../data/openni/lib/libnimCodecs.dylib...
    1308	[VERBOSE]	XnModuleLoader.cpp	446	Found exported production node. Codec: OpenNI/16zP/1.1.0.41
    1339	[VERBOSE]	XnModuleLoader.cpp	446	Found exported production node. Codec: OpenNI/16zT/1.1.0.41
    1363	[VERBOSE]	XnModuleLoader.cpp	446	Found exported production node. Codec: OpenNI/Im8z/1.1.0.41
    1396	[VERBOSE]	XnModuleLoader.cpp	446	Found exported production node. Codec: OpenNI/JPEG/1.1.0.41
    1419	[VERBOSE]	XnModuleLoader.cpp	446	Found exported production node. Codec: OpenNI/NONE/1.1.0.41
    1441	[VERBOSE]	XnModuleLoader.cpp	288	Checking ./../../../data/openni/lib/libnimRecorder.dylib...
    1534	[VERBOSE]	XnModuleLoader.cpp	446	Found exported production node. Recorder: OpenNI/Recorder/1.1.0.41
    1567	[VERBOSE]	XnModuleLoader.cpp	446	Found exported production node. Player: OpenNI/Player/1.1.0.41
    1590	[VERBOSE]	XnModuleLoader.cpp	288	Checking ./../../../data/openni/lib/libXnDeviceSensorV2KM.dylib...
    1688	[VERBOSE]	XnModuleLoader.cpp	446	Found exported production node. Device: PrimeSense/SensorKinect/5.0.1.32
    1720	[VERBOSE]	XnModuleLoader.cpp	446	Found exported production node. Depth: PrimeSense/SensorKinect/5.0.1.32
    1756	[VERBOSE]	XnModuleLoader.cpp	446	Found exported production node. Image: PrimeSense/SensorKinect/5.0.1.32
    1782	[VERBOSE]	XnModuleLoader.cpp	446	Found exported production node. IR: PrimeSense/SensorKinect/5.0.1.32
    1807	[VERBOSE]	XnModuleLoader.cpp	446	Found exported production node. Audio: PrimeSense/SensorKinect/5.0.1.32
    1828	[VERBOSE]	XnModuleLoader.cpp	288	Checking ./../../../data/openni/lib/libXnVFeatures_1_3_1.dylib...
    1936	[VERBOSE]	XnModuleLoader.cpp	446	Found exported production node. Scene: PrimeSense/XnVSceneAnalyzer/1.3.1.4
    1969	[VERBOSE]	XnModuleLoader.cpp	446	Found exported production node. User: PrimeSense/XnVSkeletonGenerator/1.3.1.4
    2008	[VERBOSE]	XnModuleLoader.cpp	288	Checking ./../../../data/openni/lib/libXnVHandGenerator_1_3_1.dylib...
    2112	[VERBOSE]	XnModuleLoader.cpp	446	Found exported production node. Gesture: PrimeSense/XnVGestureGenrator/1.3.1.4
    2149	[VERBOSE]	XnModuleLoader.cpp	446	Found exported production node. Hands: PrimeSense/XnVHandTracker/1.3.1.4
    2392	[VERBOSE]	XnXmlConfig.cpp	736	Requested to create a node of type Depth...
    2469	[VERBOSE]	XnUSBLinux-x86.cpp	83	Initializing USB...
    2986	[INFO]	XnUSBLinux-x86.cpp	94	USB is initialized.
 1305174	[INFO]	XnOpenNI.cpp	1258	Creating node 'Device1' of type Device: PrimeSense/SensorKinect/5.0.1.32...
 1305803	[VERBOSE]	XnSensor.cpp	837	Global configuration file './../../../data/openni/config//GlobalDefaultsKinect.ini' was not found.
 1305851	[VERBOSE]	XnSensor.cpp	157	Initializing device sensor...
 1306003	[VERBOSE]	XnDeviceModule.cpp	417	Configuring module 'Device' from section 'Device' in file './../../../data/openni/config//GlobalDefaultsKinect.ini'...
 1306188	[INFO]	XnDeviceModule.cpp	431	Module 'Device' configuration was loaded from file.
 1306280	[VERBOSE]	XnDeviceSensorIO.cpp	76	Connecting to USB device...
 1306314	[VERBOSE]	XnDeviceSensorIO.cpp	94	Trying to open sensor '045e/02ae@250/10'...
 1962434	[VERBOSE]	XnDeviceSensorIO.cpp	107	Trying to open endpoint 0x4 for control out (for old firmwares)...
 1962487	[INFO]	XnDeviceSensorIO.cpp	128	Connected to USB device
 1962507	[INFO]	XnProperty.cpp	151	Property Device.USBPath was changed to 045e/02ae@250/10.
 1969439	[VERBOSE]	XnHostProtocol.cpp	706	Getting hardware versions...
 1970823	[INFO]	XnHostProtocol.cpp	859	Hardware versions: FW=5.1.4 (7) HW=4 Chip=2 Sensor=4 SYS=7
 1983425	[VERBOSE]	XnHostProtocol.cpp	869	Requesting KeepAlive...
 1995878	[VERBOSE]	XnHostProtocol.cpp	880	Got KeepAlive Reply.
 1995923	[VERBOSE]	XnHostProtocol.cpp	1156	Setting mode to 3...
 2808470	[VERBOSE]	XnHostProtocol.cpp	869	Requesting KeepAlive...
 2821263	[VERBOSE]	XnHostProtocol.cpp	880	Got KeepAlive Reply.
 2833894	[VERBOSE]	XnProperty.cpp	151	Property Firmware.ReferenceResolution was changed to 2.
 2833945	[VERBOSE]	XnSensorFirmwareParams.cpp	282	Reading all params from firmware...
 2908699	[VERBOSE]	XnProperty.cpp	151	Property Firmware.DepthHoleFilter (22) was changed to 1.
 2908768	[VERBOSE]	XnProperty.cpp	151	Property Firmware.ImageSharpness (76) was changed to 50.
 2933567	[VERBOSE]	XnProperty.cpp	151	Property Firmware.DepthGain (21) was changed to 30.
 2945926	[VERBOSE]	XnProperty.cpp	151	Property Firmware.GMCMode (36) was changed to 1.
 2970946	[VERBOSE]	XnProperty.cpp	151	Property Firmware.DepthFPS (20) was changed to 30.
 2983650	[VERBOSE]	XnProperty.cpp	151	Property Firmware.DepthWhiteBalance (45) was changed to 1.
 2996217	[VERBOSE]	XnProperty.cpp	151	Property Firmware.DepthResolution (19) was changed to 1.
 3008544	[VERBOSE]	XnProperty.cpp	151	Property Firmware.DepthFormat (18) was changed to 3.
 3157562	[VERBOSE]	XnProperty.cpp	151	Property Firmware.ImageFlicker (17) was changed to 1.
 3207310	[VERBOSE]	XnProperty.cpp	151	Property Firmware.ImageFPS (14) was changed to 30.
 3232259	[VERBOSE]	XnProperty.cpp	151	Property Firmware.ImageResolution (13) was changed to 1.
 3369075	[VERBOSE]	XnSensorFirmwareParams.cpp	291	Firmware params were updated.
 3369165	[VERBOSE]	XnHostProtocol.cpp	989	Getting the fixed params...
 3382339	[VERBOSE]	XnSensorFixedParams.cpp	54	Sensor serial number: 0
 3382393	[INFO]	XnProperty.cpp	151	Property Device.PhysicalDeviceName was changed to PrimeSense Sensor.
 3382422	[INFO]	XnProperty.cpp	151	Property Device.ID was changed to 0.
 3382474	[INFO]	XnSensor.cpp	185	Device sensor initialized
 3382619	[INFO]	XnOpenNI.cpp	1258	Creating node 'Depth1' of type Depth: PrimeSense/SensorKinect/5.0.1.32...
 3382682	[INFO]	XnDeviceBase.cpp	1383	Creating stream 'Depth1' of type 'Depth'...
 3382718	[INFO]	XnProperty.cpp	74	Setting Device.ReadData to 1...
 3382746	[VERBOSE]	XnDeviceSensorIO.cpp	160	Opening endpoints...
 3382766	[VERBOSE]	XnDeviceSensorIO.cpp	170	Opening endpoint 0x81 for depth...
 3382797	[VERBOSE]	XnDeviceSensorIO.cpp	194	Depth endpoint is isochronous.
 3382824	[VERBOSE]	XnDeviceSensorIO.cpp	220	Opening endpoint 0x82 for image...
 3382852	[VERBOSE]	XnDeviceSensorIO.cpp	233	Image endpoint is isochronous.
 3382871	[VERBOSE]	XnDeviceSensorIO.cpp	250	Opening endpoint 0x83 for misc...
 3382894	[VERBOSE]	XnDeviceSensorIO.cpp	264	Misc endpoint is not supported...
 3382913	[INFO]	XnDeviceSensorIO.cpp	291	Endpoints open
 3382932	[VERBOSE]	XnHostProtocol.cpp	1203	Getting algorithm params 0x80 for resolution 0 and fps 0....
 3395259	[INFO]	XnProperty.cpp	151	Property Device.ReadData was changed to 1.
 3395307	[INFO]	XnProperty.cpp	101	Device.ReadData was successfully set.
 3395564	[VERBOSE]	XnDeviceBase.cpp	1419	Initializing stream 'Depth1'...
 3395864	[INFO]	XnProperty.cpp	151	Property Depth1.FPS was changed to 30.
 3395887	[INFO]	XnProperty.cpp	151	Property Depth1.OutputFormat was changed to 1.
 3395944	[INFO]	XnProperty.cpp	151	Property Depth1.BytesPerPixel was changed to 2.
 3395960	[INFO]	XnProperty.cpp	151	Property Depth1.RequiredDataSize was changed to 614400.
 3395987	[INFO]	XnProperty.cpp	151	Property Depth1.ParamCoeff was changed to 4.
 3396064	[INFO]	XnProperty.cpp	151	Property Depth1.ShiftScale was changed to 10.
 3396139	[VERBOSE]	XnHostProtocol.cpp	1203	Getting algorithm params 0x0 for resolution 1 and fps 30....
 3408493	[INFO]	XnProperty.cpp	151	Property Depth1.ConstShift was changed to 200.
 3408624	[INFO]	XnProperty.cpp	151	Property Depth1.ZPD was changed to 120.
 3408775	[INFO]	XnProperty.cpp	151	Property Depth1.ZPPS was changed to 0.104200.
 3408805	[INFO]	XnProperty.cpp	151	Property Depth1.LDDIS was changed to 7.500000.
 3408986	[INFO]	XnProperty.cpp	151	Property Depth1.Gain was changed to 30.
 3409043	[INFO]	XnProperty.cpp	151	Property Depth1.SupportedModesCount was changed to 9.
 3409079	[INFO]	XnDeviceBase.cpp	1458	Stream 'Depth1' was initialized.
 3409111	[INFO]	XnDeviceBase.cpp	1463	'Depth1' stream was created.
 3409140	[VERBOSE]	XnDeviceModule.cpp	417	Configuring module 'Depth1' from section 'Depth' in file './../../../data/openni/config//GlobalDefaultsKinect.ini'...
 3409386	[INFO]	XnDeviceModule.cpp	431	Module 'Depth1' configuration was loaded from file.
 3409652	[VERBOSE]	XnDeviceBase.cpp	359	Opening stream Depth1...
 3409697	[VERBOSE]	XnFirmwareStreams.cpp	202	FW Stream Depth was claimed by Depth1
 3409725	[VERBOSE]	XnSensorDepthStream.cpp	336	Creating USB depth read thread...
 3409750	[VERBOSE]	XnUSBLinux-x86.cpp	104	Starting libusb asynch thread...
 3409849	[WARNING]	Linux-x86Threads.cpp	166	Failed to set thread priority: Invalid argument
 3409881	[WARNING]	XnUSBLinux-x86.cpp	122	USB events thread: Failed to set thread priority to critical. This might cause loss of data...
 3409921	[VERBOSE]	XnUSBLinux-x86.cpp	1128	Starting a USB read thread...
 3411231	[INFO]	XnUSBLinux-x86.cpp	1220	USB read thread was started.
 3411292	[INFO]	XnProperty.cpp	151	Property Depth1.ActualReadData was changed to 1.
 3411327	[VERBOSE]	XnProperty.cpp	74	Setting Firmware.DepthFormat (18) to 3...
 3423497	[VERBOSE]	XnProperty.cpp	101	Firmware.DepthFormat (18) was successfully set.
 3423549	[VERBOSE]	XnProperty.cpp	74	Setting Firmware.DepthResolution (19) to 1...
 3435750	[VERBOSE]	XnProperty.cpp	101	Firmware.DepthResolution (19) was successfully set.
 3435801	[VERBOSE]	XnProperty.cpp	74	Setting Firmware.DepthFPS (20) to 30...
 3448124	[VERBOSE]	XnProperty.cpp	101	Firmware.DepthFPS (20) was successfully set.
 3448172	[VERBOSE]	XnProperty.cpp	74	Setting Firmware.DepthHoleFilter (22) to 1...
 3460367	[VERBOSE]	XnProperty.cpp	101	Firmware.DepthHoleFilter (22) was successfully set.
 3460418	[VERBOSE]	XnProperty.cpp	74	Setting Firmware.DepthGain (21) to 30...
 3472637	[VERBOSE]	XnProperty.cpp	101	Firmware.DepthGain (21) was successfully set.
 3472688	[VERBOSE]	XnProperty.cpp	74	Setting Firmware.DepthDecimation (24) to 0...
 3484898	[VERBOSE]	XnProperty.cpp	101	Firmware.DepthDecimation (24) was successfully set.
 3484934	[VERBOSE]	XnProperty.cpp	74	Setting Firmware.Registration (2) to 0...
 3497272	[VERBOSE]	XnProperty.cpp	101	Firmware.Registration (2) was successfully set.
 3497320	[VERBOSE]	XnProperty.cpp	74	Setting Firmware.DepthMirror (23) to 0...
 3509471	[VERBOSE]	XnProperty.cpp	101	Firmware.DepthMirror (23) was successfully set.
 3509505	[VERBOSE]	XnProperty.cpp	74	Setting Firmware.GMCMode (36) to 1...
 3521731	[VERBOSE]	XnProperty.cpp	101	Firmware.GMCMode (36) was successfully set.
 3521796	[VERBOSE]	XnProperty.cpp	74	Setting Firmware.DepthWhiteBalance (45) to 1...
 3533994	[VERBOSE]	XnProperty.cpp	101	Firmware.DepthWhiteBalance (45) was successfully set.
 3534036	[VERBOSE]	XnHostProtocol.cpp	1203	Getting algorithm params 0x6 for resolution 1 and fps 30....
 3558188	[VERBOSE]	XnFirmwareStreams.cpp	284	Firmware stream 'Depth' processor was replaced.
 3558245	[VERBOSE]	XnProperty.cpp	74	Setting Firmware.Stream1Mode (6) to 2...
 3659236	[VERBOSE]	XnOpenNI.cpp	588	[FPS] Depth1 (I:  0.00, O:  0.00) ReadCalls:  0.00
 3659333	[VERBOSE]	XnSensorFPS.cpp	86	[FPS] InputFrames - I:  0.00, D:  0.00, OutputFrames - I:  0.00, D:  0.00
 3870510	[VERBOSE]	XnProperty.cpp	151	Property Firmware.Stream1Mode (6) was changed to 2.
 3870552	[VERBOSE]	XnProperty.cpp	74	Setting Firmware.FrameSync (1) to 0...
 3882772	[VERBOSE]	XnProperty.cpp	101	Firmware.FrameSync (1) was successfully set.
 3882816	[VERBOSE]	XnProperty.cpp	101	Firmware.Stream1Mode (6) was successfully set.
 3882831	[VERBOSE]	XnProperty.cpp	74	Setting Firmware.DepthCropEnabled (55) to 0...
 3895188	[VERBOSE]	XnProperty.cpp	101	Firmware.DepthCropEnabled (55) was successfully set.
 3895244	[INFO]	XnProperty.cpp	151	Property Depth1.State was changed to 1.
 3895258	[INFO]	XnDeviceBase.cpp	370	Stream Depth1 is open.
 4023264	[VERBOSE]	XnOpenNI.cpp	588	[FPS] Depth1 (I: 32.96, O:  0.00) ReadCalls:  0.00
 4023317	[VERBOSE]	XnSensorFPS.cpp	86	[FPS] InputFrames - I:  0.00, D: 32.97, OutputFrames - I:  0.00, D:  0.00
 5013018	[VERBOSE]	XnOpenNI.cpp	588	[FPS] Depth1 (I: 30.29, O: 28.03) ReadCalls: 28.99
 5027205	[VERBOSE]	XnSensorFPS.cpp	86	[FPS] InputFrames - I:  0.00, D: 30.70, OutputFrames - I:  0.00, D: 27.65
 6016477	[VERBOSE]	XnOpenNI.cpp	588	[FPS] Depth1 (I: 30.12, O: 28.95) ReadCalls: 29.44
 6027235	[VERBOSE]	XnSensorFPS.cpp	86	[FPS] InputFrames - I:  0.00, D: 30.41, OutputFrames - I:  0.00, D: 28.79
 7026932	[INFO]	XnOpenNI.cpp	1458	Destroying node 'Depth1'
 7027016	[INFO]	XnDeviceBase.cpp	1507	Destroying stream 'Depth1'...
 7027066	[VERBOSE]	XnFirmwareStreams.cpp	225	Stream Depth1 released FW Stream Depth
 7027937	[VERBOSE]	XnDeviceBase.cpp	1531	'Depth1' stream destroyed.
 7028011	[INFO]	XnOpenNI.cpp	1458	Destroying node 'Device1'
 7028061	[VERBOSE]	XnProperty.cpp	74	Setting Firmware.Stream0Mode (5) to 0...
 7041550	[VERBOSE]	XnProperty.cpp	101	Firmware.Stream0Mode (5) was successfully set.
 7041598	[VERBOSE]	XnProperty.cpp	74	Setting Firmware.Stream1Mode (6) to 0...
 7353790	[VERBOSE]	XnProperty.cpp	151	Property Firmware.Stream1Mode (6) was changed to 0.
 7353834	[VERBOSE]	XnProperty.cpp	74	Setting Firmware.FrameSync (1) to 0...
 7365958	[VERBOSE]	XnProperty.cpp	101	Firmware.FrameSync (1) was successfully set.
 7366002	[VERBOSE]	XnProperty.cpp	101	Firmware.Stream1Mode (6) was successfully set.
 7366016	[VERBOSE]	XnProperty.cpp	74	Setting Firmware.Stream2Mode (7) to 0...
 7379082	[VERBOSE]	XnProperty.cpp	101	Firmware.Stream2Mode (7) was successfully set.
 7379134	[VERBOSE]	XnDeviceSensorIO.cpp	301	Shutting down USB depth read thread...
 7379164	[VERBOSE]	XnDeviceSensorIO.cpp	311	Shutting down USB image read thread...
 7388435	[VERBOSE]	XnDeviceSensorIO.cpp	358	Device closed successfully
 7389808	[VERBOSE]	XnDeviceSensorIO.cpp	301	Shutting down USB depth read thread...
 7389843	[VERBOSE]	XnDeviceSensorIO.cpp	311	Shutting down USB image read thread...
 7389854	[VERBOSE]	XnDeviceSensorIO.cpp	358	Device closed successfully
