  225075	[INFO]	XnLog.cpp	161	OpenNI version is 1.1.0 (Build 41)-MacOSX (Jul  9 2011 14:48:28)
  225741	[INFO]	XnLog.cpp	169	Log system initialized. Console: 1, File: 1, Severity: VERBOSE, Masks: ALL
  225829	[INFO]	XnLog.cpp	169	Log system initialized. Console: 1, File: 1, Severity: VERBOSE, Masks: ALL
  226157	[VERBOSE]	XnModuleLoader.cpp	288	Checking ./../../../data/openni/lib/libnimMockNodes.dylib...
  226456	[VERBOSE]	XnModuleLoader.cpp	446	Found exported production node. ProductionNode: OpenNI/Mock/1.1.0.41
  226536	[VERBOSE]	XnModuleLoader.cpp	446	Found exported production node. Generator: OpenNI/Mock/1.1.0.41
  226581	[VERBOSE]	XnModuleLoader.cpp	446	Found exported production node. MapGenerator: OpenNI/Mock/1.1.0.41
  226623	[VERBOSE]	XnModuleLoader.cpp	446	Found exported production node. Device: OpenNI/Mock/1.1.0.41
  226663	[VERBOSE]	XnModuleLoader.cpp	446	Found exported production node. Depth: OpenNI/Mock/1.1.0.41
  226706	[VERBOSE]	XnModuleLoader.cpp	446	Found exported production node. IR: OpenNI/Mock/1.1.0.41
  226747	[VERBOSE]	XnModuleLoader.cpp	446	Found exported production node. Image: OpenNI/Mock/1.1.0.41
  226798	[VERBOSE]	XnModuleLoader.cpp	446	Found exported production node. Audio: OpenNI/Mock/1.1.0.41
  226847	[VERBOSE]	XnModuleLoader.cpp	288	Checking ./../../../data/openni/lib/libnimCodecs.dylib...
  227054	[VERBOSE]	XnModuleLoader.cpp	446	Found exported production node. Codec: OpenNI/16zP/1.1.0.41
  227116	[VERBOSE]	XnModuleLoader.cpp	446	Found exported production node. Codec: OpenNI/16zT/1.1.0.41
  227156	[VERBOSE]	XnModuleLoader.cpp	446	Found exported production node. Codec: OpenNI/Im8z/1.1.0.41
  227191	[VERBOSE]	XnModuleLoader.cpp	446	Found exported production node. Codec: OpenNI/JPEG/1.1.0.41
  227227	[VERBOSE]	XnModuleLoader.cpp	446	Found exported production node. Codec: OpenNI/NONE/1.1.0.41
  227262	[VERBOSE]	XnModuleLoader.cpp	288	Checking ./../../../data/openni/lib/libnimRecorder.dylib...
  227419	[VERBOSE]	XnModuleLoader.cpp	446	Found exported production node. Recorder: OpenNI/Recorder/1.1.0.41
  227473	[VERBOSE]	XnModuleLoader.cpp	446	Found exported production node. Player: OpenNI/Player/1.1.0.41
  227511	[VERBOSE]	XnModuleLoader.cpp	288	Checking ./../../../data/openni/lib/libXnDeviceSensorV2KM.dylib...
  227681	[VERBOSE]	XnModuleLoader.cpp	446	Found exported production node. Device: PrimeSense/SensorKinect/5.0.1.32
  227739	[VERBOSE]	XnModuleLoader.cpp	446	Found exported production node. Depth: PrimeSense/SensorKinect/5.0.1.32
  227786	[VERBOSE]	XnModuleLoader.cpp	446	Found exported production node. Image: PrimeSense/SensorKinect/5.0.1.32
  227831	[VERBOSE]	XnModuleLoader.cpp	446	Found exported production node. IR: PrimeSense/SensorKinect/5.0.1.32
  227875	[VERBOSE]	XnModuleLoader.cpp	446	Found exported production node. Audio: PrimeSense/SensorKinect/5.0.1.32
  227910	[VERBOSE]	XnModuleLoader.cpp	288	Checking ./../../../data/openni/lib/libXnVFeatures_1_3_1.dylib...
  228070	[VERBOSE]	XnModuleLoader.cpp	446	Found exported production node. Scene: PrimeSense/XnVSceneAnalyzer/1.3.1.4
  228120	[VERBOSE]	XnModuleLoader.cpp	446	Found exported production node. User: PrimeSense/XnVSkeletonGenerator/1.3.1.4
  228172	[VERBOSE]	XnModuleLoader.cpp	288	Checking ./../../../data/openni/lib/libXnVHandGenerator_1_3_1.dylib...
  228340	[VERBOSE]	XnModuleLoader.cpp	446	Found exported production node. Gesture: PrimeSense/XnVGestureGenrator/1.3.1.4
  228406	[VERBOSE]	XnModuleLoader.cpp	446	Found exported production node. Hands: PrimeSense/XnVHandTracker/1.3.1.4
  301525	[VERBOSE]	XnXmlConfig.cpp	736	Requested to create a node of type Depth...
  301647	[VERBOSE]	XnUSBLinux-x86.cpp	83	Initializing USB...
  302260	[INFO]	XnUSBLinux-x86.cpp	94	USB is initialized.
 1827747	[INFO]	XnOpenNI.cpp	1258	Creating node 'Device1' of type Device: PrimeSense/SensorKinect/5.0.1.32...
 1828069	[VERBOSE]	XnSensor.cpp	837	Global configuration file './../../../data/openni/config//GlobalDefaultsKinect.ini' was not found.
 1828093	[VERBOSE]	XnSensor.cpp	157	Initializing device sensor...
 1828176	[VERBOSE]	XnDeviceModule.cpp	417	Configuring module 'Device' from section 'Device' in file './../../../data/openni/config//GlobalDefaultsKinect.ini'...
 1828287	[INFO]	XnDeviceModule.cpp	431	Module 'Device' configuration was loaded from file.
 1828341	[VERBOSE]	XnDeviceSensorIO.cpp	76	Connecting to USB device...
 1828361	[VERBOSE]	XnDeviceSensorIO.cpp	94	Trying to open sensor '045e/02ae@250/10'...
 2262223	[VERBOSE]	XnDeviceSensorIO.cpp	107	Trying to open endpoint 0x4 for control out (for old firmwares)...
 2262284	[INFO]	XnDeviceSensorIO.cpp	128	Connected to USB device
 2262310	[INFO]	XnProperty.cpp	151	Property Device.USBPath was changed to 045e/02ae@250/10.
 2291961	[VERBOSE]	XnHostProtocol.cpp	706	Getting hardware versions...
 2293196	[INFO]	XnHostProtocol.cpp	859	Hardware versions: FW=5.1.4 (7) HW=4 Chip=2 Sensor=4 SYS=7
 2305710	[VERBOSE]	XnHostProtocol.cpp	869	Requesting KeepAlive...
 2318360	[VERBOSE]	XnHostProtocol.cpp	880	Got KeepAlive Reply.
 2318401	[VERBOSE]	XnHostProtocol.cpp	1156	Setting mode to 3...
 3130756	[VERBOSE]	XnHostProtocol.cpp	869	Requesting KeepAlive...
 3143423	[VERBOSE]	XnHostProtocol.cpp	880	Got KeepAlive Reply.
 3156301	[VERBOSE]	XnProperty.cpp	151	Property Firmware.ReferenceResolution was changed to 2.
 3156343	[VERBOSE]	XnSensorFirmwareParams.cpp	282	Reading all params from firmware...
 3231047	[VERBOSE]	XnProperty.cpp	151	Property Firmware.DepthHoleFilter (22) was changed to 1.
 3231098	[VERBOSE]	XnProperty.cpp	151	Property Firmware.ImageSharpness (76) was changed to 50.
 3255713	[VERBOSE]	XnProperty.cpp	151	Property Firmware.DepthGain (21) was changed to 30.
 3268045	[VERBOSE]	XnProperty.cpp	151	Property Firmware.GMCMode (36) was changed to 1.
 3292826	[VERBOSE]	XnProperty.cpp	151	Property Firmware.DepthFPS (20) was changed to 30.
 3305443	[VERBOSE]	XnProperty.cpp	151	Property Firmware.DepthWhiteBalance (45) was changed to 1.
 3317782	[VERBOSE]	XnProperty.cpp	151	Property Firmware.DepthResolution (19) was changed to 1.
 3330063	[VERBOSE]	XnProperty.cpp	151	Property Firmware.DepthFormat (18) was changed to 3.
 3528191	[VERBOSE]	XnProperty.cpp	151	Property Firmware.ImageFPS (14) was changed to 30.
 3552657	[VERBOSE]	XnProperty.cpp	151	Property Firmware.ImageResolution (13) was changed to 1.
 3688997	[VERBOSE]	XnSensorFirmwareParams.cpp	291	Firmware params were updated.
 3689068	[VERBOSE]	XnHostProtocol.cpp	989	Getting the fixed params...
 3701870	[VERBOSE]	XnSensorFixedParams.cpp	54	Sensor serial number: 0
 3701916	[INFO]	XnProperty.cpp	151	Property Device.PhysicalDeviceName was changed to PrimeSense Sensor.
 3701932	[INFO]	XnProperty.cpp	151	Property Device.ID was changed to 0.
 3701964	[INFO]	XnSensor.cpp	185	Device sensor initialized
 3702082	[INFO]	XnOpenNI.cpp	1258	Creating node 'Depth1' of type Depth: PrimeSense/SensorKinect/5.0.1.32...
 3702120	[INFO]	XnDeviceBase.cpp	1383	Creating stream 'Depth1' of type 'Depth'...
 3702137	[INFO]	XnProperty.cpp	74	Setting Device.ReadData to 1...
 3702148	[VERBOSE]	XnDeviceSensorIO.cpp	160	Opening endpoints...
 3702159	[VERBOSE]	XnDeviceSensorIO.cpp	170	Opening endpoint 0x81 for depth...
 3702177	[VERBOSE]	XnDeviceSensorIO.cpp	194	Depth endpoint is isochronous.
 3702190	[VERBOSE]	XnDeviceSensorIO.cpp	220	Opening endpoint 0x82 for image...
 3702206	[VERBOSE]	XnDeviceSensorIO.cpp	233	Image endpoint is isochronous.
 3702217	[VERBOSE]	XnDeviceSensorIO.cpp	250	Opening endpoint 0x83 for misc...
 3702228	[VERBOSE]	XnDeviceSensorIO.cpp	264	Misc endpoint is not supported...
 3702239	[INFO]	XnDeviceSensorIO.cpp	291	Endpoints open
 3702249	[VERBOSE]	XnHostProtocol.cpp	1203	Getting algorithm params 0x80 for resolution 0 and fps 0....
 3714451	[INFO]	XnProperty.cpp	151	Property Device.ReadData was changed to 1.
 3714503	[INFO]	XnProperty.cpp	101	Device.ReadData was successfully set.
 3714772	[VERBOSE]	XnDeviceBase.cpp	1419	Initializing stream 'Depth1'...
 3715029	[INFO]	XnProperty.cpp	151	Property Depth1.FPS was changed to 30.
 3715054	[INFO]	XnProperty.cpp	151	Property Depth1.OutputFormat was changed to 1.
 3715072	[INFO]	XnProperty.cpp	151	Property Depth1.BytesPerPixel was changed to 2.
 3715090	[INFO]	XnProperty.cpp	151	Property Depth1.RequiredDataSize was changed to 614400.
 3715165	[INFO]	XnProperty.cpp	151	Property Depth1.ParamCoeff was changed to 4.
 3715237	[INFO]	XnProperty.cpp	151	Property Depth1.ShiftScale was changed to 10.
 3715302	[VERBOSE]	XnHostProtocol.cpp	1203	Getting algorithm params 0x0 for resolution 1 and fps 30....
 3727618	[INFO]	XnProperty.cpp	151	Property Depth1.ConstShift was changed to 200.
 3727747	[INFO]	XnProperty.cpp	151	Property Depth1.ZPD was changed to 120.
 3727882	[INFO]	XnProperty.cpp	151	Property Depth1.ZPPS was changed to 0.104200.
 3727904	[INFO]	XnProperty.cpp	151	Property Depth1.LDDIS was changed to 7.500000.
 3728028	[INFO]	XnProperty.cpp	151	Property Depth1.Gain was changed to 30.
 3728077	[INFO]	XnProperty.cpp	151	Property Depth1.SupportedModesCount was changed to 9.
 3728119	[INFO]	XnDeviceBase.cpp	1458	Stream 'Depth1' was initialized.
 3728149	[INFO]	XnDeviceBase.cpp	1463	'Depth1' stream was created.
 3728173	[VERBOSE]	XnDeviceModule.cpp	417	Configuring module 'Depth1' from section 'Depth' in file './../../../data/openni/config//GlobalDefaultsKinect.ini'...
 3728377	[INFO]	XnDeviceModule.cpp	431	Module 'Depth1' configuration was loaded from file.
 3728572	[VERBOSE]	XnDeviceBase.cpp	359	Opening stream Depth1...
 3728611	[VERBOSE]	XnFirmwareStreams.cpp	202	FW Stream Depth was claimed by Depth1
 3728633	[VERBOSE]	XnSensorDepthStream.cpp	336	Creating USB depth read thread...
 3728652	[VERBOSE]	XnUSBLinux-x86.cpp	104	Starting libusb asynch thread...
 3728733	[WARNING]	Linux-x86Threads.cpp	166	Failed to set thread priority: Invalid argument
 3728762	[WARNING]	XnUSBLinux-x86.cpp	122	USB events thread: Failed to set thread priority to critical. This might cause loss of data...
 3728790	[VERBOSE]	XnUSBLinux-x86.cpp	1128	Starting a USB read thread...
 3729783	[INFO]	XnUSBLinux-x86.cpp	1220	USB read thread was started.
 3729815	[INFO]	XnProperty.cpp	151	Property Depth1.ActualReadData was changed to 1.
 3729846	[VERBOSE]	XnProperty.cpp	74	Setting Firmware.DepthFormat (18) to 3...
 3742000	[VERBOSE]	XnProperty.cpp	101	Firmware.DepthFormat (18) was successfully set.
 3742044	[VERBOSE]	XnProperty.cpp	74	Setting Firmware.DepthResolution (19) to 1...
 3754252	[VERBOSE]	XnProperty.cpp	101	Firmware.DepthResolution (19) was successfully set.
 3754299	[VERBOSE]	XnProperty.cpp	74	Setting Firmware.DepthFPS (20) to 30...
 3766329	[VERBOSE]	XnProperty.cpp	101	Firmware.DepthFPS (20) was successfully set.
 3766393	[VERBOSE]	XnProperty.cpp	74	Setting Firmware.DepthHoleFilter (22) to 1...
 3778451	[VERBOSE]	XnProperty.cpp	101	Firmware.DepthHoleFilter (22) was successfully set.
 3778496	[VERBOSE]	XnProperty.cpp	74	Setting Firmware.DepthGain (21) to 30...
 3790627	[VERBOSE]	XnProperty.cpp	101	Firmware.DepthGain (21) was successfully set.
 3790669	[VERBOSE]	XnProperty.cpp	74	Setting Firmware.DepthDecimation (24) to 0...
 3802750	[VERBOSE]	XnProperty.cpp	101	Firmware.DepthDecimation (24) was successfully set.
 3802798	[VERBOSE]	XnProperty.cpp	74	Setting Firmware.Registration (2) to 0...
 3814962	[VERBOSE]	XnProperty.cpp	101	Firmware.Registration (2) was successfully set.
 3815009	[VERBOSE]	XnProperty.cpp	74	Setting Firmware.DepthMirror (23) to 0...
 3827101	[VERBOSE]	XnProperty.cpp	101	Firmware.DepthMirror (23) was successfully set.
 3827141	[VERBOSE]	XnProperty.cpp	74	Setting Firmware.GMCMode (36) to 1...
 3839232	[VERBOSE]	XnProperty.cpp	101	Firmware.GMCMode (36) was successfully set.
 3839287	[VERBOSE]	XnProperty.cpp	74	Setting Firmware.DepthWhiteBalance (45) to 1...
 3851375	[VERBOSE]	XnProperty.cpp	101	Firmware.DepthWhiteBalance (45) was successfully set.
 3851422	[VERBOSE]	XnHostProtocol.cpp	1203	Getting algorithm params 0x6 for resolution 1 and fps 30....
 3875595	[VERBOSE]	XnFirmwareStreams.cpp	284	Firmware stream 'Depth' processor was replaced.
 3875649	[VERBOSE]	XnProperty.cpp	74	Setting Firmware.Stream1Mode (6) to 2...
 3973679	[VERBOSE]	XnOpenNI.cpp	588	[FPS] Depth1 (I:  0.00, O:  0.00) ReadCalls:  0.00
 3973740	[VERBOSE]	XnSensorFPS.cpp	86	[FPS] InputFrames - I:  0.00, D:  0.00, OutputFrames - I:  0.00, D:  0.00
 4009563	[VERBOSE]	XnOpenNI.cpp	588	[FPS] Depth1 (I: 55.74, O:  0.00) ReadCalls:  0.00
 4009610	[VERBOSE]	XnSensorFPS.cpp	86	[FPS] InputFrames - I:  0.00, D: 55.75, OutputFrames - I:  0.00, D:  0.00
 4187963	[VERBOSE]	XnProperty.cpp	151	Property Firmware.Stream1Mode (6) was changed to 2.
 4188013	[VERBOSE]	XnProperty.cpp	74	Setting Firmware.FrameSync (1) to 0...
 4200340	[VERBOSE]	XnProperty.cpp	101	Firmware.FrameSync (1) was successfully set.
 4200389	[VERBOSE]	XnProperty.cpp	101	Firmware.Stream1Mode (6) was successfully set.
 4200411	[VERBOSE]	XnProperty.cpp	74	Setting Firmware.DepthCropEnabled (55) to 0...
 4212835	[VERBOSE]	XnProperty.cpp	101	Firmware.DepthCropEnabled (55) was successfully set.
 4212894	[INFO]	XnProperty.cpp	151	Property Depth1.State was changed to 1.
 4212911	[INFO]	XnDeviceBase.cpp	370	Stream Depth1 is open.
 5009570	[VERBOSE]	XnOpenNI.cpp	588	[FPS] Depth1 (I: 30.89, O:  0.00) ReadCalls:  0.00
 5009609	[VERBOSE]	XnSensorFPS.cpp	86	[FPS] InputFrames - I:  0.00, D: 30.89, OutputFrames - I:  0.00, D:  0.00
 5031571	[VERBOSE]	XnHostProtocol.cpp	1546	Getting Cmos 0 VBlanking...
 5043952	[INFO]	XnHostProtocol.cpp	1561	Cmos 0 VBlanking: 9
 5044024	[INFO]	XnOpenNI.cpp	1258	Creating node 'Image1' of type Image: PrimeSense/SensorKinect/5.0.1.32...
 5044049	[INFO]	XnDeviceBase.cpp	1383	Creating stream 'Image1' of type 'Image'...
 5044174	[VERBOSE]	XnDeviceBase.cpp	1419	Initializing stream 'Image1'...
 5044309	[INFO]	XnProperty.cpp	151	Property Image1.FPS was changed to 30.
 5044328	[INFO]	XnProperty.cpp	151	Property Image1.OutputFormat was changed to 5.
 5044340	[INFO]	XnProperty.cpp	151	Property Image1.BytesPerPixel was changed to 3.
 5044352	[INFO]	XnProperty.cpp	151	Property Image1.RequiredDataSize was changed to 921600.
 5044377	[INFO]	XnProperty.cpp	151	Property Image1.SupportedModesCount was changed to 7.
 5044393	[INFO]	XnDeviceBase.cpp	1458	Stream 'Image1' was initialized.
 5044406	[INFO]	XnDeviceBase.cpp	1463	'Image1' stream was created.
 5044417	[VERBOSE]	XnDeviceModule.cpp	417	Configuring module 'Image1' from section 'Image' in file './../../../data/openni/config//GlobalDefaultsKinect.ini'...
 5044519	[INFO]	XnDeviceModule.cpp	431	Module 'Image1' configuration was loaded from file.
 5045542	[VERBOSE]	XnDeviceBase.cpp	359	Opening stream Image1...
 5045583	[VERBOSE]	XnFirmwareStreams.cpp	202	FW Stream Image was claimed by Image1
 5045596	[VERBOSE]	XnSensorImageStream.cpp	373	Creating USB image read thread...
 5045607	[VERBOSE]	XnUSBLinux-x86.cpp	1128	Starting a USB read thread...
 5046457	[INFO]	XnUSBLinux-x86.cpp	1220	USB read thread was started.
 5046482	[INFO]	XnProperty.cpp	151	Property Image1.ActualReadData was changed to 1.
 5046503	[VERBOSE]	XnProperty.cpp	74	Setting Firmware.ImageFormat (12) to 6...
 5059003	[VERBOSE]	XnProperty.cpp	101	Firmware.ImageFormat (12) was successfully set.
 5059048	[VERBOSE]	XnProperty.cpp	74	Setting Firmware.ImageResolution (13) to 1...
 5071501	[VERBOSE]	XnProperty.cpp	101	Firmware.ImageResolution (13) was successfully set.
 5071548	[VERBOSE]	XnProperty.cpp	74	Setting Firmware.ImageFPS (14) to 30...
 5083959	[VERBOSE]	XnProperty.cpp	101	Firmware.ImageFPS (14) was successfully set.
 5084004	[VERBOSE]	XnProperty.cpp	74	Setting Firmware.ImageFlicker (17) to 0...
 5209554	[WARNING]	XnDepthProcessor.cpp	133	Read: Depth buffer is corrupt. Size is 598240 (!= 614400)
 5209597	[WARNING]	XnFrameStreamProcessor.cpp	138	Depth frame is corrupt!
 5245503	[WARNING]	XnDepthProcessor.cpp	133	Read: Depth buffer is corrupt. Size is 560016 (!= 614400)
 5245546	[WARNING]	XnFrameStreamProcessor.cpp	138	Depth frame is corrupt!
 6009580	[VERBOSE]	XnOpenNI.cpp	588	[FPS] Depth1 (I: 29.47, O:  0.00) Image1 (I:  0.00, O:  0.00) ReadCalls:  0.00
 6009625	[VERBOSE]	XnSensorFPS.cpp	86	[FPS] InputFrames - I:  0.00, D: 29.47, OutputFrames - I:  0.00, D:  0.00
 7013545	[VERBOSE]	XnOpenNI.cpp	588	[FPS] Depth1 (I: 29.61, O:  0.00) Image1 (I:  0.00, O:  0.00) ReadCalls:  0.00
 7013589	[VERBOSE]	XnSensorFPS.cpp	86	[FPS] InputFrames - I:  0.00, D: 29.61, OutputFrames - I:  0.00, D:  0.00
 7161571	[WARNING]	XnFrameStreamProcessor.cpp	146	Depth Frame Buffer overflow! current size: 612768
 7161627	[WARNING]	XnFrameStreamProcessor.cpp	138	Depth frame is corrupt!
 7177544	[WARNING]	XnDepthProcessor.cpp	133	Read: Depth buffer is corrupt. Size is 612768 (!= 614400)
 8013590	[VERBOSE]	XnOpenNI.cpp	588	[FPS] Depth1 (I: 28.60, O:  0.00) Image1 (I:  0.00, O:  0.00) ReadCalls:  0.00
 8013641	[VERBOSE]	XnSensorFPS.cpp	86	[FPS] InputFrames - I:  0.00, D: 28.60, OutputFrames - I:  0.00, D:  0.00
 8096473	[VERBOSE]	XnProperty.cpp	101	Firmware.ImageFlicker (17) was successfully set.
 8096522	[VERBOSE]	XnProperty.cpp	74	Setting Firmware.ImageMirror (71) to 0...
 8108985	[VERBOSE]	XnProperty.cpp	101	Firmware.ImageMirror (71) was successfully set.
 8110170	[VERBOSE]	XnFirmwareStreams.cpp	284	Firmware stream 'Image' processor was replaced.
 8110217	[VERBOSE]	XnProperty.cpp	74	Setting Firmware.Stream0Mode (5) to 1...
 8223968	[VERBOSE]	XnProperty.cpp	151	Property Firmware.Stream0Mode (5) was changed to 1.
 8224015	[VERBOSE]	XnProperty.cpp	74	Setting Firmware.FrameSync (1) to 0...
 8236728	[VERBOSE]	XnProperty.cpp	101	Firmware.FrameSync (1) was successfully set.
 8236771	[VERBOSE]	XnProperty.cpp	101	Firmware.Stream0Mode (5) was successfully set.
 8236786	[VERBOSE]	XnProperty.cpp	74	Setting Firmware.ImageCropEnabled (50) to 0...
 8248973	[VERBOSE]	XnProperty.cpp	101	Firmware.ImageCropEnabled (50) was successfully set.
 8249025	[INFO]	XnProperty.cpp	151	Property Image1.State was changed to 1.
 8249045	[INFO]	XnDeviceBase.cpp	370	Stream Image1 is open.
 9005976	[VERBOSE]	XnOpenNI.cpp	588	[FPS] Depth1 (I: 29.03, O: 27.40) Image1 (I: 30.13, O: 27.40) ReadCalls: 36.53
 9007689	[VERBOSE]	XnSensorFPS.cpp	86	[FPS] InputFrames - I: 31.27, D: 29.02, OutputFrames - I: 27.33, D: 27.33
10007442	[VERBOSE]	XnOpenNI.cpp	588	[FPS] Depth1 (I: 29.06, O: 28.34) Image1 (I: 30.58, O: 28.94) ReadCalls: 40.40
10007551	[VERBOSE]	XnSensorFPS.cpp	86	[FPS] InputFrames - I: 30.58, D: 29.06, OutputFrames - I: 28.94, D: 28.34
11008083	[VERBOSE]	XnOpenNI.cpp	588	[FPS] Depth1 (I: 30.06, O: 28.96) Image1 (I: 30.37, O: 29.33) ReadCalls: 44.01
11008172	[VERBOSE]	XnSensorFPS.cpp	86	[FPS] InputFrames - I: 30.37, D: 30.05, OutputFrames - I: 29.33, D: 28.96
11883115	[INFO]	XnOpenNI.cpp	1458	Destroying node 'Depth1'
11883200	[INFO]	XnDeviceBase.cpp	1507	Destroying stream 'Depth1'...
11883245	[VERBOSE]	XnFirmwareStreams.cpp	225	Stream Depth1 released FW Stream Depth
11884128	[VERBOSE]	XnDeviceBase.cpp	1531	'Depth1' stream destroyed.
11884231	[INFO]	XnOpenNI.cpp	1458	Destroying node 'Image1'
11884270	[INFO]	XnDeviceBase.cpp	1507	Destroying stream 'Image1'...
11884552	[VERBOSE]	XnFirmwareStreams.cpp	225	Stream Image1 released FW Stream Image
11885806	[VERBOSE]	XnDeviceBase.cpp	1531	'Image1' stream destroyed.
11885865	[INFO]	XnOpenNI.cpp	1458	Destroying node 'Device1'
11885915	[VERBOSE]	XnProperty.cpp	74	Setting Firmware.Stream0Mode (5) to 0...
11999874	[VERBOSE]	XnProperty.cpp	151	Property Firmware.Stream0Mode (5) was changed to 0.
11999918	[VERBOSE]	XnProperty.cpp	74	Setting Firmware.FrameSync (1) to 0...
12012250	[VERBOSE]	XnProperty.cpp	101	Firmware.FrameSync (1) was successfully set.
12012297	[VERBOSE]	XnProperty.cpp	101	Firmware.Stream0Mode (5) was successfully set.
12012316	[VERBOSE]	XnProperty.cpp	74	Setting Firmware.Stream1Mode (6) to 0...
12324931	[VERBOSE]	XnProperty.cpp	151	Property Firmware.Stream1Mode (6) was changed to 0.
12324972	[VERBOSE]	XnProperty.cpp	74	Setting Firmware.FrameSync (1) to 0...
12337188	[VERBOSE]	XnProperty.cpp	101	Firmware.FrameSync (1) was successfully set.
12337232	[VERBOSE]	XnProperty.cpp	101	Firmware.Stream1Mode (6) was successfully set.
12337246	[VERBOSE]	XnProperty.cpp	74	Setting Firmware.Stream2Mode (7) to 0...
12350317	[VERBOSE]	XnProperty.cpp	101	Firmware.Stream2Mode (7) was successfully set.
12350358	[VERBOSE]	XnDeviceSensorIO.cpp	301	Shutting down USB depth read thread...
12356167	[VERBOSE]	XnDeviceSensorIO.cpp	311	Shutting down USB image read thread...
12362566	[VERBOSE]	XnDeviceSensorIO.cpp	358	Device closed successfully
12364096	[VERBOSE]	XnDeviceSensorIO.cpp	301	Shutting down USB depth read thread...
12364133	[VERBOSE]	XnDeviceSensorIO.cpp	311	Shutting down USB image read thread...
12364146	[VERBOSE]	XnDeviceSensorIO.cpp	358	Device closed successfully
