     603	[INFO]	XnLog.cpp	161	OpenNI version is 1.1.0 (Build 41)-MacOSX (Jul  9 2011 14:48:28)
     669	[INFO]	XnLog.cpp	169	Log system initialized. Console: 1, File: 1, Severity: VERBOSE, Masks: ALL
     712	[INFO]	XnLog.cpp	169	Log system initialized. Console: 1, File: 1, Severity: VERBOSE, Masks: ALL
     881	[VERBOSE]	XnModuleLoader.cpp	288	Checking ./../../../data/openni/lib/libnimMockNodes.dylib...
    1062	[VERBOSE]	XnModuleLoader.cpp	446	Found exported production node. ProductionNode: OpenNI/Mock/1.1.0.41
    1115	[VERBOSE]	XnModuleLoader.cpp	446	Found exported production node. Generator: OpenNI/Mock/1.1.0.41
    1143	[VERBOSE]	XnModuleLoader.cpp	446	Found exported production node. MapGenerator: OpenNI/Mock/1.1.0.41
    1169	[VERBOSE]	XnModuleLoader.cpp	446	Found exported production node. Device: OpenNI/Mock/1.1.0.41
    1195	[VERBOSE]	XnModuleLoader.cpp	446	Found exported production node. Depth: OpenNI/Mock/1.1.0.41
    1222	[VERBOSE]	XnModuleLoader.cpp	446	Found exported production node. IR: OpenNI/Mock/1.1.0.41
    1249	[VERBOSE]	XnModuleLoader.cpp	446	Found exported production node. Image: OpenNI/Mock/1.1.0.41
    1285	[VERBOSE]	XnModuleLoader.cpp	446	Found exported production node. Audio: OpenNI/Mock/1.1.0.41
    1318	[VERBOSE]	XnModuleLoader.cpp	288	Checking ./../../../data/openni/lib/libnimCodecs.dylib...
    1429	[VERBOSE]	XnModuleLoader.cpp	446	Found exported production node. Codec: OpenNI/16zP/1.1.0.41
    1466	[VERBOSE]	XnModuleLoader.cpp	446	Found exported production node. Codec: OpenNI/16zT/1.1.0.41
    1491	[VERBOSE]	XnModuleLoader.cpp	446	Found exported production node. Codec: OpenNI/Im8z/1.1.0.41
    1515	[VERBOSE]	XnModuleLoader.cpp	446	Found exported production node. Codec: OpenNI/JPEG/1.1.0.41
    1538	[VERBOSE]	XnModuleLoader.cpp	446	Found exported production node. Codec: OpenNI/NONE/1.1.0.41
    1559	[VERBOSE]	XnModuleLoader.cpp	288	Checking ./../../../data/openni/lib/libnimRecorder.dylib...
    1666	[VERBOSE]	XnModuleLoader.cpp	446	Found exported production node. Recorder: OpenNI/Recorder/1.1.0.41
    1703	[VERBOSE]	XnModuleLoader.cpp	446	Found exported production node. Player: OpenNI/Player/1.1.0.41
    1727	[VERBOSE]	XnModuleLoader.cpp	288	Checking ./../../../data/openni/lib/libXnDeviceSensorV2KM.dylib...
    1838	[VERBOSE]	XnModuleLoader.cpp	446	Found exported production node. Device: PrimeSense/SensorKinect/5.0.1.32
    1877	[VERBOSE]	XnModuleLoader.cpp	446	Found exported production node. Depth: PrimeSense/SensorKinect/5.0.1.32
    1907	[VERBOSE]	XnModuleLoader.cpp	446	Found exported production node. Image: PrimeSense/SensorKinect/5.0.1.32
    1936	[VERBOSE]	XnModuleLoader.cpp	446	Found exported production node. IR: PrimeSense/SensorKinect/5.0.1.32
    1980	[VERBOSE]	XnModuleLoader.cpp	446	Found exported production node. Audio: PrimeSense/SensorKinect/5.0.1.32
    2008	[VERBOSE]	XnModuleLoader.cpp	288	Checking ./../../../data/openni/lib/libXnVFeatures_1_3_1.dylib...
    2121	[VERBOSE]	XnModuleLoader.cpp	446	Found exported production node. Scene: PrimeSense/XnVSceneAnalyzer/1.3.1.4
    2154	[VERBOSE]	XnModuleLoader.cpp	446	Found exported production node. User: PrimeSense/XnVSkeletonGenerator/1.3.1.4
    2191	[VERBOSE]	XnModuleLoader.cpp	288	Checking ./../../../data/openni/lib/libXnVHandGenerator_1_3_1.dylib...
    2313	[VERBOSE]	XnModuleLoader.cpp	446	Found exported production node. Gesture: PrimeSense/XnVGestureGenrator/1.3.1.4
    2356	[VERBOSE]	XnModuleLoader.cpp	446	Found exported production node. Hands: PrimeSense/XnVHandTracker/1.3.1.4
    2623	[VERBOSE]	XnXmlConfig.cpp	736	Requested to create a node of type Depth...
    2701	[VERBOSE]	XnUSBLinux-x86.cpp	83	Initializing USB...
    3205	[INFO]	XnUSBLinux-x86.cpp	94	USB is initialized.
 1526139	[INFO]	XnOpenNI.cpp	1258	Creating node 'Device1' of type Device: PrimeSense/SensorKinect/5.0.1.32...
 1526534	[VERBOSE]	XnSensor.cpp	837	Global configuration file './../../../data/openni/config//GlobalDefaultsKinect.ini' was not found.
 1526563	[VERBOSE]	XnSensor.cpp	157	Initializing device sensor...
 1526682	[VERBOSE]	XnDeviceModule.cpp	417	Configuring module 'Device' from section 'Device' in file './../../../data/openni/config//GlobalDefaultsKinect.ini'...
 1526822	[INFO]	XnDeviceModule.cpp	431	Module 'Device' configuration was loaded from file.
 1526889	[VERBOSE]	XnDeviceSensorIO.cpp	76	Connecting to USB device...
 1526911	[VERBOSE]	XnDeviceSensorIO.cpp	94	Trying to open sensor '045e/02ae@250/10'...
 1983355	[VERBOSE]	XnDeviceSensorIO.cpp	107	Trying to open endpoint 0x4 for control out (for old firmwares)...
 1983405	[INFO]	XnDeviceSensorIO.cpp	128	Connected to USB device
 1983425	[INFO]	XnProperty.cpp	151	Property Device.USBPath was changed to 045e/02ae@250/10.
 2000176	[VERBOSE]	XnHostProtocol.cpp	706	Getting hardware versions...
 2001498	[INFO]	XnHostProtocol.cpp	859	Hardware versions: FW=5.1.4 (7) HW=4 Chip=2 Sensor=4 SYS=7
 2013897	[VERBOSE]	XnHostProtocol.cpp	869	Requesting KeepAlive...
 2026507	[VERBOSE]	XnHostProtocol.cpp	880	Got KeepAlive Reply.
 2026550	[VERBOSE]	XnHostProtocol.cpp	1156	Setting mode to 3...
 2839013	[VERBOSE]	XnHostProtocol.cpp	869	Requesting KeepAlive...
 2851604	[VERBOSE]	XnHostProtocol.cpp	880	Got KeepAlive Reply.
 2864223	[VERBOSE]	XnProperty.cpp	151	Property Firmware.ReferenceResolution was changed to 2.
 2864263	[VERBOSE]	XnSensorFirmwareParams.cpp	282	Reading all params from firmware...
 2913871	[VERBOSE]	XnProperty.cpp	151	Property Firmware.DepthMirror (23) was changed to 1.
 2938769	[VERBOSE]	XnProperty.cpp	151	Property Firmware.DepthHoleFilter (22) was changed to 1.
 2938817	[VERBOSE]	XnProperty.cpp	151	Property Firmware.ImageSharpness (76) was changed to 50.
 2963792	[VERBOSE]	XnProperty.cpp	151	Property Firmware.DepthGain (21) was changed to 30.
 2976045	[VERBOSE]	XnProperty.cpp	151	Property Firmware.GMCMode (36) was changed to 1.
 3000862	[VERBOSE]	XnProperty.cpp	151	Property Firmware.DepthFPS (20) was changed to 30.
 3013235	[VERBOSE]	XnProperty.cpp	151	Property Firmware.DepthWhiteBalance (45) was changed to 1.
 3025525	[VERBOSE]	XnProperty.cpp	151	Property Firmware.DepthResolution (19) was changed to 1.
 3038706	[VERBOSE]	XnProperty.cpp	151	Property Firmware.DepthFormat (18) was changed to 3.
 3187611	[VERBOSE]	XnProperty.cpp	151	Property Firmware.ImageFlicker (17) was changed to 1.
 3237157	[VERBOSE]	XnProperty.cpp	151	Property Firmware.ImageFPS (14) was changed to 30.
 3261380	[VERBOSE]	XnProperty.cpp	151	Property Firmware.ImageResolution (13) was changed to 1.
 3395737	[VERBOSE]	XnSensorFirmwareParams.cpp	291	Firmware params were updated.
 3395810	[VERBOSE]	XnHostProtocol.cpp	989	Getting the fixed params...
 3408586	[VERBOSE]	XnSensorFixedParams.cpp	54	Sensor serial number: 0
 3408637	[INFO]	XnProperty.cpp	151	Property Device.PhysicalDeviceName was changed to PrimeSense Sensor.
 3408657	[INFO]	XnProperty.cpp	151	Property Device.ID was changed to 0.
 3408688	[INFO]	XnSensor.cpp	185	Device sensor initialized
 3408801	[INFO]	XnOpenNI.cpp	1258	Creating node 'Depth1' of type Depth: PrimeSense/SensorKinect/5.0.1.32...
 3408847	[INFO]	XnDeviceBase.cpp	1383	Creating stream 'Depth1' of type 'Depth'...
 3408872	[INFO]	XnProperty.cpp	74	Setting Device.ReadData to 1...
 3408889	[VERBOSE]	XnDeviceSensorIO.cpp	160	Opening endpoints...
 3408906	[VERBOSE]	XnDeviceSensorIO.cpp	170	Opening endpoint 0x81 for depth...
 3408931	[VERBOSE]	XnDeviceSensorIO.cpp	194	Depth endpoint is isochronous.
 3408951	[VERBOSE]	XnDeviceSensorIO.cpp	220	Opening endpoint 0x82 for image...
 3408975	[VERBOSE]	XnDeviceSensorIO.cpp	233	Image endpoint is isochronous.
 3408992	[VERBOSE]	XnDeviceSensorIO.cpp	250	Opening endpoint 0x83 for misc...
 3409011	[VERBOSE]	XnDeviceSensorIO.cpp	264	Misc endpoint is not supported...
 3409027	[INFO]	XnDeviceSensorIO.cpp	291	Endpoints open
 3409043	[VERBOSE]	XnHostProtocol.cpp	1203	Getting algorithm params 0x80 for resolution 0 and fps 0....
 3421338	[INFO]	XnProperty.cpp	151	Property Device.ReadData was changed to 1.
 3421384	[INFO]	XnProperty.cpp	101	Device.ReadData was successfully set.
 3421560	[VERBOSE]	XnDeviceBase.cpp	1419	Initializing stream 'Depth1'...
 3421758	[INFO]	XnProperty.cpp	151	Property Depth1.FPS was changed to 30.
 3421806	[INFO]	XnProperty.cpp	151	Property Depth1.OutputFormat was changed to 1.
 3421819	[INFO]	XnProperty.cpp	151	Property Depth1.BytesPerPixel was changed to 2.
 3421831	[INFO]	XnProperty.cpp	151	Property Depth1.RequiredDataSize was changed to 614400.
 3421854	[INFO]	XnProperty.cpp	151	Property Depth1.ParamCoeff was changed to 4.
 3421921	[INFO]	XnProperty.cpp	151	Property Depth1.ShiftScale was changed to 10.
 3421980	[VERBOSE]	XnHostProtocol.cpp	1203	Getting algorithm params 0x0 for resolution 1 and fps 30....
 3434161	[INFO]	XnProperty.cpp	151	Property Depth1.ConstShift was changed to 200.
 3434280	[INFO]	XnProperty.cpp	151	Property Depth1.ZPD was changed to 120.
 3434415	[INFO]	XnProperty.cpp	151	Property Depth1.ZPPS was changed to 0.104200.
 3434441	[INFO]	XnProperty.cpp	151	Property Depth1.LDDIS was changed to 7.500000.
 3434572	[INFO]	XnProperty.cpp	151	Property Depth1.Gain was changed to 30.
 3434619	[INFO]	XnProperty.cpp	151	Property Depth1.SupportedModesCount was changed to 9.
 3434652	[INFO]	XnDeviceBase.cpp	1458	Stream 'Depth1' was initialized.
 3434671	[INFO]	XnDeviceBase.cpp	1463	'Depth1' stream was created.
 3434691	[VERBOSE]	XnDeviceModule.cpp	417	Configuring module 'Depth1' from section 'Depth' in file './../../../data/openni/config//GlobalDefaultsKinect.ini'...
 3434852	[INFO]	XnDeviceModule.cpp	431	Module 'Depth1' configuration was loaded from file.
 3435005	[VERBOSE]	XnDeviceBase.cpp	359	Opening stream Depth1...
 3435036	[VERBOSE]	XnFirmwareStreams.cpp	202	FW Stream Depth was claimed by Depth1
 3435058	[VERBOSE]	XnSensorDepthStream.cpp	336	Creating USB depth read thread...
 3435076	[VERBOSE]	XnUSBLinux-x86.cpp	104	Starting libusb asynch thread...
 3435157	[WARNING]	Linux-x86Threads.cpp	166	Failed to set thread priority: Invalid argument
 3435174	[WARNING]	XnUSBLinux-x86.cpp	122	USB events thread: Failed to set thread priority to critical. This might cause loss of data...
 3435192	[VERBOSE]	XnUSBLinux-x86.cpp	1128	Starting a USB read thread...
 3436092	[INFO]	XnUSBLinux-x86.cpp	1220	USB read thread was started.
 3436123	[INFO]	XnProperty.cpp	151	Property Depth1.ActualReadData was changed to 1.
 3436150	[VERBOSE]	XnProperty.cpp	74	Setting Firmware.DepthFormat (18) to 3...
 3448533	[VERBOSE]	XnProperty.cpp	101	Firmware.DepthFormat (18) was successfully set.
 3448600	[VERBOSE]	XnProperty.cpp	74	Setting Firmware.DepthResolution (19) to 1...
 3460761	[VERBOSE]	XnProperty.cpp	101	Firmware.DepthResolution (19) was successfully set.
 3460813	[VERBOSE]	XnProperty.cpp	74	Setting Firmware.DepthFPS (20) to 30...
 3472756	[VERBOSE]	XnProperty.cpp	101	Firmware.DepthFPS (20) was successfully set.
 3472816	[VERBOSE]	XnProperty.cpp	74	Setting Firmware.DepthHoleFilter (22) to 1...
 3484770	[VERBOSE]	XnProperty.cpp	101	Firmware.DepthHoleFilter (22) was successfully set.
 3484823	[VERBOSE]	XnProperty.cpp	74	Setting Firmware.DepthGain (21) to 30...
 3497568	[VERBOSE]	XnProperty.cpp	101	Firmware.DepthGain (21) was successfully set.
 3497622	[VERBOSE]	XnProperty.cpp	74	Setting Firmware.DepthDecimation (24) to 0...
 3509643	[VERBOSE]	XnProperty.cpp	101	Firmware.DepthDecimation (24) was successfully set.
 3509700	[VERBOSE]	XnProperty.cpp	74	Setting Firmware.Registration (2) to 0...
 3521809	[VERBOSE]	XnProperty.cpp	101	Firmware.Registration (2) was successfully set.
 3521858	[VERBOSE]	XnProperty.cpp	74	Setting Firmware.DepthMirror (23) to 0...
 3533957	[VERBOSE]	XnProperty.cpp	151	Property Firmware.DepthMirror (23) was changed to 0.
 3534008	[VERBOSE]	XnProperty.cpp	101	Firmware.DepthMirror (23) was successfully set.
 3534030	[VERBOSE]	XnProperty.cpp	74	Setting Firmware.GMCMode (36) to 1...
 3546161	[VERBOSE]	XnProperty.cpp	101	Firmware.GMCMode (36) was successfully set.
 3546214	[VERBOSE]	XnProperty.cpp	74	Setting Firmware.DepthWhiteBalance (45) to 1...
 3559101	[VERBOSE]	XnProperty.cpp	101	Firmware.DepthWhiteBalance (45) was successfully set.
 3559154	[VERBOSE]	XnHostProtocol.cpp	1203	Getting algorithm params 0x6 for resolution 1 and fps 30....
 3583599	[VERBOSE]	XnFirmwareStreams.cpp	284	Firmware stream 'Depth' processor was replaced.
 3583675	[VERBOSE]	XnProperty.cpp	74	Setting Firmware.Stream1Mode (6) to 2...
 3684269	[VERBOSE]	XnOpenNI.cpp	588	[FPS] Depth1 (I:  0.00, O:  0.00) ReadCalls:  0.00
 3684331	[VERBOSE]	XnSensorFPS.cpp	86	[FPS] InputFrames - I:  0.00, D:  0.00, OutputFrames - I:  0.00, D:  0.00
 3895784	[VERBOSE]	XnProperty.cpp	151	Property Firmware.Stream1Mode (6) was changed to 2.
 3895825	[VERBOSE]	XnProperty.cpp	74	Setting Firmware.FrameSync (1) to 0...
 3908232	[VERBOSE]	XnProperty.cpp	101	Firmware.FrameSync (1) was successfully set.
 3908282	[VERBOSE]	XnProperty.cpp	101	Firmware.Stream1Mode (6) was successfully set.
 3908303	[VERBOSE]	XnProperty.cpp	74	Setting Firmware.DepthCropEnabled (55) to 0...
 3920552	[VERBOSE]	XnProperty.cpp	101	Firmware.DepthCropEnabled (55) was successfully set.
 3920612	[INFO]	XnProperty.cpp	151	Property Depth1.State was changed to 1.
 3920630	[INFO]	XnDeviceBase.cpp	370	Stream Depth1 is open.
 4002065	[VERBOSE]	XnOpenNI.cpp	588	[FPS] Depth1 (I: 31.47, O:  0.00) ReadCalls:  0.00
 4002157	[VERBOSE]	XnSensorFPS.cpp	86	[FPS] InputFrames - I:  0.00, D: 31.46, OutputFrames - I:  0.00, D:  0.00
 5006283	[VERBOSE]	XnOpenNI.cpp	588	[FPS] Depth1 (I: 30.26, O: 27.89) ReadCalls: 28.88
 5016309	[VERBOSE]	XnSensorFPS.cpp	86	[FPS] InputFrames - I:  0.00, D: 30.78, OutputFrames - I:  0.00, D: 27.61
 6005466	[VERBOSE]	XnOpenNI.cpp	588	[FPS] Depth1 (I: 30.16, O: 28.95) ReadCalls: 29.45
 6020257	[VERBOSE]	XnSensorFPS.cpp	86	[FPS] InputFrames - I:  0.00, D: 30.39, OutputFrames - I:  0.00, D: 28.74
 6859222	[WARNING]	XnUSBLinux-x86.cpp	1076	Endpoint 0x82, Buffer 10: Asynch transfer failed (status: 1)
 6871328	[WARNING]	XnFrameStreamProcessor.cpp	146	Depth Frame Buffer overflow! current size: 612768
 6871380	[WARNING]	XnFrameStreamProcessor.cpp	138	Depth frame is corrupt!
 6887258	[WARNING]	XnDepthProcessor.cpp	133	Read: Depth buffer is corrupt. Size is 612768 (!= 614400)
 7008016	[VERBOSE]	XnOpenNI.cpp	588	[FPS] Depth1 (I: 29.08, O: 29.32) ReadCalls: 29.67
 7019310	[VERBOSE]	XnSensorFPS.cpp	86	[FPS] InputFrames - I:  0.00, D: 29.32, OutputFrames - I:  0.00, D: 29.20
 8008296	[VERBOSE]	XnOpenNI.cpp	588	[FPS] Depth1 (I: 29.08, O: 29.08) ReadCalls: 29.33
 8023240	[VERBOSE]	XnSensorFPS.cpp	86	[FPS] InputFrames - I:  0.00, D: 29.28, OutputFrames - I:  0.00, D: 28.95
 9008119	[VERBOSE]	XnOpenNI.cpp	588	[FPS] Depth1 (I: 29.12, O: 29.12) ReadCalls: 29.67
 9023291	[VERBOSE]	XnSensorFPS.cpp	86	[FPS] InputFrames - I:  0.00, D: 29.28, OutputFrames - I:  0.00, D: 29.18
10012076	[VERBOSE]	XnOpenNI.cpp	588	[FPS] Depth1 (I: 30.07, O: 30.07) ReadCalls: 30.33
10023299	[VERBOSE]	XnSensorFPS.cpp	86	[FPS] InputFrames - I:  0.00, D: 30.32, OutputFrames - I:  0.00, D: 29.99
11012945	[VERBOSE]	XnOpenNI.cpp	588	[FPS] Depth1 (I: 30.10, O: 30.10) ReadCalls: 30.68
11023376	[VERBOSE]	XnSensorFPS.cpp	86	[FPS] InputFrames - I:  0.00, D: 30.32, OutputFrames - I:  0.00, D: 30.23
12012825	[VERBOSE]	XnOpenNI.cpp	588	[FPS] Depth1 (I: 30.11, O: 30.11) ReadCalls: 30.35
12027304	[VERBOSE]	XnSensorFPS.cpp	86	[FPS] InputFrames - I:  0.00, D: 30.28, OutputFrames - I:  0.00, D: 29.95
13017801	[VERBOSE]	XnOpenNI.cpp	588	[FPS] Depth1 (I: 30.06, O: 30.06) ReadCalls: 30.32
13027318	[VERBOSE]	XnSensorFPS.cpp	86	[FPS] InputFrames - I:  0.00, D: 30.28, OutputFrames - I:  0.00, D: 29.95
14018241	[VERBOSE]	XnOpenNI.cpp	588	[FPS] Depth1 (I: 30.05, O: 30.05) ReadCalls: 30.33
14027380	[VERBOSE]	XnSensorFPS.cpp	86	[FPS] InputFrames - I:  0.00, D: 30.32, OutputFrames - I:  0.00, D: 29.99
15018486	[VERBOSE]	XnOpenNI.cpp	588	[FPS] Depth1 (I: 30.09, O: 30.09) ReadCalls: 30.35
15027414	[VERBOSE]	XnSensorFPS.cpp	86	[FPS] InputFrames - I:  0.00, D: 30.32, OutputFrames - I:  0.00, D: 29.99
16017724	[VERBOSE]	XnOpenNI.cpp	588	[FPS] Depth1 (I: 30.10, O: 30.10) ReadCalls: 30.38
16031368	[VERBOSE]	XnSensorFPS.cpp	86	[FPS] InputFrames - I:  0.00, D: 30.28, OutputFrames - I:  0.00, D: 29.95
17023415	[VERBOSE]	XnOpenNI.cpp	588	[FPS] Depth1 (I: 30.04, O: 30.04) ReadCalls: 30.34
17031397	[VERBOSE]	XnSensorFPS.cpp	86	[FPS] InputFrames - I:  0.00, D: 30.32, OutputFrames - I:  0.00, D: 29.99
18022382	[VERBOSE]	XnOpenNI.cpp	588	[FPS] Depth1 (I: 30.05, O: 30.05) ReadCalls: 30.37
18031431	[VERBOSE]	XnSensorFPS.cpp	86	[FPS] InputFrames - I:  0.00, D: 30.32, OutputFrames - I:  0.00, D: 29.99
19022697	[VERBOSE]	XnOpenNI.cpp	588	[FPS] Depth1 (I: 30.09, O: 30.09) ReadCalls: 30.39
19035397	[VERBOSE]	XnSensorFPS.cpp	86	[FPS] InputFrames - I:  0.00, D: 30.28, OutputFrames - I:  0.00, D: 29.95
20024104	[VERBOSE]	XnOpenNI.cpp	588	[FPS] Depth1 (I: 30.07, O: 30.07) ReadCalls: 30.39
20035409	[VERBOSE]	XnSensorFPS.cpp	86	[FPS] InputFrames - I:  0.00, D: 30.28, OutputFrames - I:  0.00, D: 29.95
21003418	[VERBOSE]	XnOpenNI.cpp	588	[FPS] Depth1 (I: 30.28, O: 29.95) ReadCalls: 30.19
21003467	[VERBOSE]	XnSensorFPS.cpp	86	[FPS] InputFrames - I:  0.00, D: 30.28, OutputFrames - I:  0.00, D: 29.95
22003419	[VERBOSE]	XnOpenNI.cpp	588	[FPS] Depth1 (I: 30.32, O: 29.99) ReadCalls: 30.19
22003468	[VERBOSE]	XnSensorFPS.cpp	86	[FPS] InputFrames - I:  0.00, D: 30.32, OutputFrames - I:  0.00, D: 29.99
23003485	[VERBOSE]	XnOpenNI.cpp	588	[FPS] Depth1 (I: 30.32, O: 29.99) ReadCalls: 30.21
23003534	[VERBOSE]	XnSensorFPS.cpp	86	[FPS] InputFrames - I:  0.00, D: 30.32, OutputFrames - I:  0.00, D: 29.99
24007445	[VERBOSE]	XnOpenNI.cpp	588	[FPS] Depth1 (I: 30.28, O: 29.95) ReadCalls: 30.22
24007501	[VERBOSE]	XnSensorFPS.cpp	86	[FPS] InputFrames - I:  0.00, D: 30.28, OutputFrames - I:  0.00, D: 29.95
25007471	[VERBOSE]	XnOpenNI.cpp	588	[FPS] Depth1 (I: 30.28, O: 29.95) ReadCalls: 30.22
25007527	[VERBOSE]	XnSensorFPS.cpp	86	[FPS] InputFrames - I:  0.00, D: 30.28, OutputFrames - I:  0.00, D: 29.95
26000174	[VERBOSE]	XnOpenNI.cpp	588	[FPS] Depth1 (I: 30.03, O: 30.03) ReadCalls: 30.28
26007584	[VERBOSE]	XnSensorFPS.cpp	86	[FPS] InputFrames - I:  0.00, D: 30.32, OutputFrames - I:  0.00, D: 29.98
27007526	[VERBOSE]	XnOpenNI.cpp	588	[FPS] Depth1 (I: 30.32, O: 30.00) ReadCalls: 30.24
27007583	[VERBOSE]	XnSensorFPS.cpp	86	[FPS] InputFrames - I:  0.00, D: 30.32, OutputFrames - I:  0.00, D: 29.99
28011529	[VERBOSE]	XnOpenNI.cpp	588	[FPS] Depth1 (I: 30.28, O: 29.95) ReadCalls: 30.20
28011581	[VERBOSE]	XnSensorFPS.cpp	86	[FPS] InputFrames - I:  0.00, D: 30.28, OutputFrames - I:  0.00, D: 29.95
29002279	[VERBOSE]	XnOpenNI.cpp	588	[FPS] Depth1 (I: 30.05, O: 30.05) ReadCalls: 30.42
29011562	[VERBOSE]	XnSensorFPS.cpp	86	[FPS] InputFrames - I:  0.00, D: 30.28, OutputFrames - I:  0.00, D: 29.99
30002974	[VERBOSE]	XnOpenNI.cpp	588	[FPS] Depth1 (I: 30.05, O: 30.05) ReadCalls: 30.30
30011600	[VERBOSE]	XnSensorFPS.cpp	86	[FPS] InputFrames - I:  0.00, D: 30.32, OutputFrames - I:  0.00, D: 29.99
31003471	[VERBOSE]	XnOpenNI.cpp	588	[FPS] Depth1 (I: 30.08, O: 30.08) ReadCalls: 30.32
31011606	[VERBOSE]	XnSensorFPS.cpp	86	[FPS] InputFrames - I:  0.00, D: 30.32, OutputFrames - I:  0.00, D: 30.00
32002307	[VERBOSE]	XnOpenNI.cpp	588	[FPS] Depth1 (I: 30.09, O: 30.09) ReadCalls: 30.47
32015534	[VERBOSE]	XnSensorFPS.cpp	86	[FPS] InputFrames - I:  0.00, D: 30.28, OutputFrames - I:  0.00, D: 30.00
33006086	[VERBOSE]	XnOpenNI.cpp	588	[FPS] Depth1 (I: 30.06, O: 30.06) ReadCalls: 30.29
33015589	[VERBOSE]	XnSensorFPS.cpp	86	[FPS] InputFrames - I:  0.00, D: 30.28, OutputFrames - I:  0.00, D: 29.95
34006560	[VERBOSE]	XnOpenNI.cpp	588	[FPS] Depth1 (I: 30.05, O: 30.05) ReadCalls: 30.30
34015673	[VERBOSE]	XnSensorFPS.cpp	86	[FPS] InputFrames - I:  0.00, D: 30.32, OutputFrames - I:  0.00, D: 29.99
35006362	[VERBOSE]	XnOpenNI.cpp	588	[FPS] Depth1 (I: 30.09, O: 30.09) ReadCalls: 30.34
35015690	[VERBOSE]	XnSensorFPS.cpp	86	[FPS] InputFrames - I:  0.00, D: 30.32, OutputFrames - I:  0.00, D: 29.99
36007035	[VERBOSE]	XnOpenNI.cpp	588	[FPS] Depth1 (I: 30.09, O: 30.09) ReadCalls: 30.33
36019607	[VERBOSE]	XnSensorFPS.cpp	86	[FPS] InputFrames - I:  0.00, D: 30.28, OutputFrames - I:  0.00, D: 29.95
37009984	[VERBOSE]	XnOpenNI.cpp	588	[FPS] Depth1 (I: 30.06, O: 30.06) ReadCalls: 30.31
37019646	[VERBOSE]	XnSensorFPS.cpp	86	[FPS] InputFrames - I:  0.00, D: 30.32, OutputFrames - I:  0.00, D: 29.99
38009960	[VERBOSE]	XnOpenNI.cpp	588	[FPS] Depth1 (I: 30.06, O: 30.06) ReadCalls: 30.33
38019638	[VERBOSE]	XnSensorFPS.cpp	86	[FPS] InputFrames - I:  0.00, D: 30.32, OutputFrames - I:  0.00, D: 29.99
38589968	[INFO]	XnOpenNI.cpp	1458	Destroying node 'Depth1'
38590035	[INFO]	XnDeviceBase.cpp	1507	Destroying stream 'Depth1'...
38590069	[VERBOSE]	XnFirmwareStreams.cpp	225	Stream Depth1 released FW Stream Depth
38590703	[VERBOSE]	XnDeviceBase.cpp	1531	'Depth1' stream destroyed.
38590753	[INFO]	XnOpenNI.cpp	1458	Destroying node 'Device1'
38590785	[VERBOSE]	XnProperty.cpp	74	Setting Firmware.Stream0Mode (5) to 0...
38604344	[VERBOSE]	XnProperty.cpp	101	Firmware.Stream0Mode (5) was successfully set.
38604395	[VERBOSE]	XnProperty.cpp	74	Setting Firmware.Stream1Mode (6) to 0...
38916828	[VERBOSE]	XnProperty.cpp	151	Property Firmware.Stream1Mode (6) was changed to 0.
38916867	[VERBOSE]	XnProperty.cpp	74	Setting Firmware.FrameSync (1) to 0...
38929078	[VERBOSE]	XnProperty.cpp	101	Firmware.FrameSync (1) was successfully set.
38929120	[VERBOSE]	XnProperty.cpp	101	Firmware.Stream1Mode (6) was successfully set.
38929133	[VERBOSE]	XnProperty.cpp	74	Setting Firmware.Stream2Mode (7) to 0...
38942429	[VERBOSE]	XnProperty.cpp	101	Firmware.Stream2Mode (7) was successfully set.
38942475	[VERBOSE]	XnDeviceSensorIO.cpp	301	Shutting down USB depth read thread...
38942504	[VERBOSE]	XnDeviceSensorIO.cpp	311	Shutting down USB image read thread...
38947983	[VERBOSE]	XnDeviceSensorIO.cpp	358	Device closed successfully
38949451	[VERBOSE]	XnDeviceSensorIO.cpp	301	Shutting down USB depth read thread...
38949493	[VERBOSE]	XnDeviceSensorIO.cpp	311	Shutting down USB image read thread...
38949507	[VERBOSE]	XnDeviceSensorIO.cpp	358	Device closed successfully
