   93791	[INFO]	XnLog.cpp	161	OpenNI version is 1.1.0 (Build 41)-MacOSX (Jul  9 2011 14:48:28)
   93976	[INFO]	XnLog.cpp	169	Log system initialized. Console: 1, File: 1, Severity: VERBOSE, Masks: ALL
   94064	[INFO]	XnLog.cpp	169	Log system initialized. Console: 1, File: 1, Severity: VERBOSE, Masks: ALL
  166385	[VERBOSE]	XnModuleLoader.cpp	288	Checking ./../../../data/openni/lib/libnimMockNodes.dylib...
  166667	[VERBOSE]	XnModuleLoader.cpp	446	Found exported production node. ProductionNode: OpenNI/Mock/1.1.0.41
  166739	[VERBOSE]	XnModuleLoader.cpp	446	Found exported production node. Generator: OpenNI/Mock/1.1.0.41
  166778	[VERBOSE]	XnModuleLoader.cpp	446	Found exported production node. MapGenerator: OpenNI/Mock/1.1.0.41
  166810	[VERBOSE]	XnModuleLoader.cpp	446	Found exported production node. Device: OpenNI/Mock/1.1.0.41
  166841	[VERBOSE]	XnModuleLoader.cpp	446	Found exported production node. Depth: OpenNI/Mock/1.1.0.41
  166872	[VERBOSE]	XnModuleLoader.cpp	446	Found exported production node. IR: OpenNI/Mock/1.1.0.41
  166903	[VERBOSE]	XnModuleLoader.cpp	446	Found exported production node. Image: OpenNI/Mock/1.1.0.41
  166969	[VERBOSE]	XnModuleLoader.cpp	446	Found exported production node. Audio: OpenNI/Mock/1.1.0.41
  167007	[VERBOSE]	XnModuleLoader.cpp	288	Checking ./../../../data/openni/lib/libnimCodecs.dylib...
  167177	[VERBOSE]	XnModuleLoader.cpp	446	Found exported production node. Codec: OpenNI/16zP/1.1.0.41
  167236	[VERBOSE]	XnModuleLoader.cpp	446	Found exported production node. Codec: OpenNI/16zT/1.1.0.41
  167277	[VERBOSE]	XnModuleLoader.cpp	446	Found exported production node. Codec: OpenNI/Im8z/1.1.0.41
  167315	[VERBOSE]	XnModuleLoader.cpp	446	Found exported production node. Codec: OpenNI/JPEG/1.1.0.41
  167500	[VERBOSE]	XnModuleLoader.cpp	446	Found exported production node. Codec: OpenNI/NONE/1.1.0.41
  167572	[VERBOSE]	XnModuleLoader.cpp	288	Checking ./../../../data/openni/lib/libnimRecorder.dylib...
  167799	[VERBOSE]	XnModuleLoader.cpp	446	Found exported production node. Recorder: OpenNI/Recorder/1.1.0.41
  167849	[VERBOSE]	XnModuleLoader.cpp	446	Found exported production node. Player: OpenNI/Player/1.1.0.41
  167880	[VERBOSE]	XnModuleLoader.cpp	288	Checking ./../../../data/openni/lib/libXnDeviceSensorV2KM.dylib...
  168042	[VERBOSE]	XnModuleLoader.cpp	446	Found exported production node. Device: PrimeSense/SensorKinect/5.0.1.32
  168151	[VERBOSE]	XnModuleLoader.cpp	446	Found exported production node. Depth: PrimeSense/SensorKinect/5.0.1.32
  168191	[VERBOSE]	XnModuleLoader.cpp	446	Found exported production node. Image: PrimeSense/SensorKinect/5.0.1.32
  168227	[VERBOSE]	XnModuleLoader.cpp	446	Found exported production node. IR: PrimeSense/SensorKinect/5.0.1.32
  168278	[VERBOSE]	XnModuleLoader.cpp	446	Found exported production node. Audio: PrimeSense/SensorKinect/5.0.1.32
  168313	[VERBOSE]	XnModuleLoader.cpp	288	Checking ./../../../data/openni/lib/libXnVFeatures_1_3_1.dylib...
  168465	[VERBOSE]	XnModuleLoader.cpp	446	Found exported production node. Scene: PrimeSense/XnVSceneAnalyzer/1.3.1.4
  168512	[VERBOSE]	XnModuleLoader.cpp	446	Found exported production node. User: PrimeSense/XnVSkeletonGenerator/1.3.1.4
  168553	[VERBOSE]	XnModuleLoader.cpp	288	Checking ./../../../data/openni/lib/libXnVHandGenerator_1_3_1.dylib...
  168702	[VERBOSE]	XnModuleLoader.cpp	446	Found exported production node. Gesture: PrimeSense/XnVGestureGenrator/1.3.1.4
  168761	[VERBOSE]	XnModuleLoader.cpp	446	Found exported production node. Hands: PrimeSense/XnVHandTracker/1.3.1.4
  317401	[VERBOSE]	XnXmlConfig.cpp	736	Requested to create a node of type Depth...
  317607	[VERBOSE]	XnUSBLinux-x86.cpp	83	Initializing USB...
  319513	[INFO]	XnUSBLinux-x86.cpp	94	USB is initialized.
 1855528	[INFO]	XnOpenNI.cpp	1258	Creating node 'Device1' of type Device: PrimeSense/SensorKinect/5.0.1.32...
 1856046	[VERBOSE]	XnSensor.cpp	837	Global configuration file './../../../data/openni/config//GlobalDefaultsKinect.ini' was not found.
 1856097	[VERBOSE]	XnSensor.cpp	157	Initializing device sensor...
 1856319	[VERBOSE]	XnDeviceModule.cpp	417	Configuring module 'Device' from section 'Device' in file './../../../data/openni/config//GlobalDefaultsKinect.ini'...
 1856501	[INFO]	XnDeviceModule.cpp	431	Module 'Device' configuration was loaded from file.
 1856565	[VERBOSE]	XnDeviceSensorIO.cpp	76	Connecting to USB device...
 1856592	[VERBOSE]	XnDeviceSensorIO.cpp	94	Trying to open sensor '045e/02ae@250/10'...
 2323826	[VERBOSE]	XnDeviceSensorIO.cpp	107	Trying to open endpoint 0x4 for control out (for old firmwares)...
 2324293	[INFO]	XnDeviceSensorIO.cpp	128	Connected to USB device
 2324331	[INFO]	XnProperty.cpp	151	Property Device.USBPath was changed to 045e/02ae@250/10.
 2334938	[VERBOSE]	XnHostProtocol.cpp	706	Getting hardware versions...
 2338466	[INFO]	XnHostProtocol.cpp	859	Hardware versions: FW=5.1.4 (7) HW=4 Chip=2 Sensor=4 SYS=7
 2350928	[VERBOSE]	XnHostProtocol.cpp	869	Requesting KeepAlive...
 2363282	[VERBOSE]	XnHostProtocol.cpp	880	Got KeepAlive Reply.
 2363331	[VERBOSE]	XnHostProtocol.cpp	1156	Setting mode to 3...
 3175766	[VERBOSE]	XnHostProtocol.cpp	869	Requesting KeepAlive...
 3188315	[VERBOSE]	XnHostProtocol.cpp	880	Got KeepAlive Reply.
 3200833	[VERBOSE]	XnProperty.cpp	151	Property Firmware.ReferenceResolution was changed to 2.
 3200877	[VERBOSE]	XnSensorFirmwareParams.cpp	282	Reading all params from firmware...
 3275440	[VERBOSE]	XnProperty.cpp	151	Property Firmware.DepthHoleFilter (22) was changed to 1.
 3275488	[VERBOSE]	XnProperty.cpp	151	Property Firmware.ImageSharpness (76) was changed to 50.
 3300236	[VERBOSE]	XnProperty.cpp	151	Property Firmware.DepthGain (21) was changed to 30.
 3312582	[VERBOSE]	XnProperty.cpp	151	Property Firmware.GMCMode (36) was changed to 1.
 3337150	[VERBOSE]	XnProperty.cpp	151	Property Firmware.DepthFPS (20) was changed to 30.
 3349547	[VERBOSE]	XnProperty.cpp	151	Property Firmware.DepthWhiteBalance (45) was changed to 1.
 3363244	[VERBOSE]	XnProperty.cpp	151	Property Firmware.DepthResolution (19) was changed to 1.
 3377140	[VERBOSE]	XnProperty.cpp	151	Property Firmware.DepthFormat (18) was changed to 3.
 3526388	[VERBOSE]	XnProperty.cpp	151	Property Firmware.ImageFlicker (17) was changed to 1.
 3575838	[VERBOSE]	XnProperty.cpp	151	Property Firmware.ImageFPS (14) was changed to 30.
 3600591	[VERBOSE]	XnProperty.cpp	151	Property Firmware.ImageResolution (13) was changed to 1.
 3736329	[VERBOSE]	XnSensorFirmwareParams.cpp	291	Firmware params were updated.
 3736393	[VERBOSE]	XnHostProtocol.cpp	989	Getting the fixed params...
 3749341	[VERBOSE]	XnSensorFixedParams.cpp	54	Sensor serial number: 0
 3749386	[INFO]	XnProperty.cpp	151	Property Device.PhysicalDeviceName was changed to PrimeSense Sensor.
 3749401	[INFO]	XnProperty.cpp	151	Property Device.ID was changed to 0.
 3749433	[INFO]	XnSensor.cpp	185	Device sensor initialized
 3749529	[INFO]	XnOpenNI.cpp	1258	Creating node 'Depth1' of type Depth: PrimeSense/SensorKinect/5.0.1.32...
 3749567	[INFO]	XnDeviceBase.cpp	1383	Creating stream 'Depth1' of type 'Depth'...
 3749584	[INFO]	XnProperty.cpp	74	Setting Device.ReadData to 1...
 3749597	[VERBOSE]	XnDeviceSensorIO.cpp	160	Opening endpoints...
 3749609	[VERBOSE]	XnDeviceSensorIO.cpp	170	Opening endpoint 0x81 for depth...
 3749629	[VERBOSE]	XnDeviceSensorIO.cpp	194	Depth endpoint is isochronous.
 3749642	[VERBOSE]	XnDeviceSensorIO.cpp	220	Opening endpoint 0x82 for image...
 3749658	[VERBOSE]	XnDeviceSensorIO.cpp	233	Image endpoint is isochronous.
 3749669	[VERBOSE]	XnDeviceSensorIO.cpp	250	Opening endpoint 0x83 for misc...
 3749681	[VERBOSE]	XnDeviceSensorIO.cpp	264	Misc endpoint is not supported...
 3749691	[INFO]	XnDeviceSensorIO.cpp	291	Endpoints open
 3749701	[VERBOSE]	XnHostProtocol.cpp	1203	Getting algorithm params 0x80 for resolution 0 and fps 0....
 3761810	[INFO]	XnProperty.cpp	151	Property Device.ReadData was changed to 1.
 3761855	[INFO]	XnProperty.cpp	101	Device.ReadData was successfully set.
 3762113	[VERBOSE]	XnDeviceBase.cpp	1419	Initializing stream 'Depth1'...
 3762337	[INFO]	XnProperty.cpp	151	Property Depth1.FPS was changed to 30.
 3762358	[INFO]	XnProperty.cpp	151	Property Depth1.OutputFormat was changed to 1.
 3762417	[INFO]	XnProperty.cpp	151	Property Depth1.BytesPerPixel was changed to 2.
 3762436	[INFO]	XnProperty.cpp	151	Property Depth1.RequiredDataSize was changed to 614400.
 3762468	[INFO]	XnProperty.cpp	151	Property Depth1.ParamCoeff was changed to 4.
 3762543	[INFO]	XnProperty.cpp	151	Property Depth1.ShiftScale was changed to 10.
 3762612	[VERBOSE]	XnHostProtocol.cpp	1203	Getting algorithm params 0x0 for resolution 1 and fps 30....
 3775000	[INFO]	XnProperty.cpp	151	Property Depth1.ConstShift was changed to 200.
 3775123	[INFO]	XnProperty.cpp	151	Property Depth1.ZPD was changed to 120.
 3775273	[INFO]	XnProperty.cpp	151	Property Depth1.ZPPS was changed to 0.104200.
 3775298	[INFO]	XnProperty.cpp	151	Property Depth1.LDDIS was changed to 7.500000.
 3775435	[INFO]	XnProperty.cpp	151	Property Depth1.Gain was changed to 30.
 3775485	[INFO]	XnProperty.cpp	151	Property Depth1.SupportedModesCount was changed to 9.
 3775522	[INFO]	XnDeviceBase.cpp	1458	Stream 'Depth1' was initialized.
 3775549	[INFO]	XnDeviceBase.cpp	1463	'Depth1' stream was created.
 3775571	[VERBOSE]	XnDeviceModule.cpp	417	Configuring module 'Depth1' from section 'Depth' in file './../../../data/openni/config//GlobalDefaultsKinect.ini'...
 3775786	[INFO]	XnDeviceModule.cpp	431	Module 'Depth1' configuration was loaded from file.
 3776012	[VERBOSE]	XnDeviceBase.cpp	359	Opening stream Depth1...
 3776051	[VERBOSE]	XnFirmwareStreams.cpp	202	FW Stream Depth was claimed by Depth1
 3776075	[VERBOSE]	XnSensorDepthStream.cpp	336	Creating USB depth read thread...
 3776093	[VERBOSE]	XnUSBLinux-x86.cpp	104	Starting libusb asynch thread...
 3776170	[WARNING]	Linux-x86Threads.cpp	166	Failed to set thread priority: Invalid argument
 3776191	[WARNING]	XnUSBLinux-x86.cpp	122	USB events thread: Failed to set thread priority to critical. This might cause loss of data...
 3776217	[VERBOSE]	XnUSBLinux-x86.cpp	1128	Starting a USB read thread...
 3777348	[INFO]	XnUSBLinux-x86.cpp	1220	USB read thread was started.
 3777382	[INFO]	XnProperty.cpp	151	Property Depth1.ActualReadData was changed to 1.
 3777408	[VERBOSE]	XnProperty.cpp	74	Setting Firmware.DepthFormat (18) to 3...
 3789524	[VERBOSE]	XnProperty.cpp	101	Firmware.DepthFormat (18) was successfully set.
 3789578	[VERBOSE]	XnProperty.cpp	74	Setting Firmware.DepthResolution (19) to 1...
 3801535	[VERBOSE]	XnProperty.cpp	101	Firmware.DepthResolution (19) was successfully set.
 3801591	[VERBOSE]	XnProperty.cpp	74	Setting Firmware.DepthFPS (20) to 30...
 3813604	[VERBOSE]	XnProperty.cpp	101	Firmware.DepthFPS (20) was successfully set.
 3813654	[VERBOSE]	XnProperty.cpp	74	Setting Firmware.DepthHoleFilter (22) to 1...
 3825719	[VERBOSE]	XnProperty.cpp	101	Firmware.DepthHoleFilter (22) was successfully set.
 3825764	[VERBOSE]	XnProperty.cpp	74	Setting Firmware.DepthGain (21) to 30...
 3837920	[VERBOSE]	XnProperty.cpp	101	Firmware.DepthGain (21) was successfully set.
 3837988	[VERBOSE]	XnProperty.cpp	74	Setting Firmware.DepthDecimation (24) to 0...
 3850025	[VERBOSE]	XnProperty.cpp	101	Firmware.DepthDecimation (24) was successfully set.
 3850083	[VERBOSE]	XnProperty.cpp	74	Setting Firmware.Registration (2) to 0...
 3862237	[VERBOSE]	XnProperty.cpp	101	Firmware.Registration (2) was successfully set.
 3862287	[VERBOSE]	XnProperty.cpp	74	Setting Firmware.DepthMirror (23) to 0...
 3874445	[VERBOSE]	XnProperty.cpp	101	Firmware.DepthMirror (23) was successfully set.
 3874506	[VERBOSE]	XnProperty.cpp	74	Setting Firmware.GMCMode (36) to 1...
 3887185	[VERBOSE]	XnProperty.cpp	101	Firmware.GMCMode (36) was successfully set.
 3887238	[VERBOSE]	XnProperty.cpp	74	Setting Firmware.DepthWhiteBalance (45) to 1...
 3899403	[VERBOSE]	XnProperty.cpp	101	Firmware.DepthWhiteBalance (45) was successfully set.
 3899448	[VERBOSE]	XnHostProtocol.cpp	1203	Getting algorithm params 0x6 for resolution 1 and fps 30....
 3923879	[VERBOSE]	XnFirmwareStreams.cpp	284	Firmware stream 'Depth' processor was replaced.
 3923920	[VERBOSE]	XnProperty.cpp	74	Setting Firmware.Stream1Mode (6) to 2...
 4025138	[VERBOSE]	XnOpenNI.cpp	588	[FPS] Depth1 (I:  0.00, O:  0.00) ReadCalls:  0.00
 4025236	[VERBOSE]	XnSensorFPS.cpp	86	[FPS] InputFrames - I:  0.00, D:  0.00, OutputFrames - I:  0.00, D:  0.00
 4236055	[VERBOSE]	XnProperty.cpp	151	Property Firmware.Stream1Mode (6) was changed to 2.
 4236097	[VERBOSE]	XnProperty.cpp	74	Setting Firmware.FrameSync (1) to 0...
 4248410	[VERBOSE]	XnProperty.cpp	101	Firmware.FrameSync (1) was successfully set.
 4248465	[VERBOSE]	XnProperty.cpp	101	Firmware.Stream1Mode (6) was successfully set.
 4248486	[VERBOSE]	XnProperty.cpp	74	Setting Firmware.DepthCropEnabled (55) to 0...
 4260821	[VERBOSE]	XnProperty.cpp	101	Firmware.DepthCropEnabled (55) was successfully set.
 4260879	[INFO]	XnProperty.cpp	151	Property Depth1.State was changed to 1.
 4260893	[INFO]	XnDeviceBase.cpp	370	Stream Depth1 is open.
 5017976	[VERBOSE]	XnOpenNI.cpp	588	[FPS] Depth1 (I: 30.22, O: 24.71) ReadCalls: 26.35
 5025186	[VERBOSE]	XnSensorFPS.cpp	86	[FPS] InputFrames - I:  0.00, D: 31.00, OutputFrames - I:  0.00, D: 24.42
 6014540	[VERBOSE]	XnOpenNI.cpp	588	[FPS] Depth1 (I: 30.16, O: 28.06) ReadCalls: 28.68
 6025203	[VERBOSE]	XnSensorFPS.cpp	86	[FPS] InputFrames - I:  0.00, D: 30.50, OutputFrames - I:  0.00, D: 27.88
 7014441	[VERBOSE]	XnOpenNI.cpp	588	[FPS] Depth1 (I: 30.11, O: 28.81) ReadCalls: 29.19
 7025242	[VERBOSE]	XnSensorFPS.cpp	86	[FPS] InputFrames - I:  0.00, D: 30.32, OutputFrames - I:  0.00, D: 28.69
 7208478	[WARNING]	XnUSBLinux-x86.cpp	1076	Endpoint 0x82, Buffer 12: Asynch transfer failed (status: 1)
 7229176	[WARNING]	XnDepthProcessor.cpp	133	Read: Depth buffer is corrupt. Size is 310112 (!= 614400)
 7229231	[WARNING]	XnFrameStreamProcessor.cpp	138	Depth frame is corrupt!
 8014212	[VERBOSE]	XnOpenNI.cpp	588	[FPS] Depth1 (I: 29.11, O: 29.11) ReadCalls: 29.37
 8029179	[VERBOSE]	XnSensorFPS.cpp	86	[FPS] InputFrames - I:  0.00, D: 29.27, OutputFrames - I:  0.00, D: 29.03
 9018412	[VERBOSE]	XnOpenNI.cpp	588	[FPS] Depth1 (I: 29.07, O: 29.07) ReadCalls: 29.31
 9029216	[VERBOSE]	XnSensorFPS.cpp	86	[FPS] InputFrames - I:  0.00, D: 29.31, OutputFrames - I:  0.00, D: 28.98
10018312	[VERBOSE]	XnOpenNI.cpp	588	[FPS] Depth1 (I: 29.07, O: 29.07) ReadCalls: 29.32
10029213	[VERBOSE]	XnSensorFPS.cpp	86	[FPS] InputFrames - I:  0.00, D: 29.31, OutputFrames - I:  0.00, D: 28.97
11018867	[VERBOSE]	XnOpenNI.cpp	588	[FPS] Depth1 (I: 30.10, O: 30.10) ReadCalls: 30.34
11033206	[VERBOSE]	XnSensorFPS.cpp	86	[FPS] InputFrames - I:  0.00, D: 30.28, OutputFrames - I:  0.00, D: 29.95
12020250	[VERBOSE]	XnOpenNI.cpp	588	[FPS] Depth1 (I: 30.09, O: 30.09) ReadCalls: 30.35
12033210	[VERBOSE]	XnSensorFPS.cpp	86	[FPS] InputFrames - I:  0.00, D: 30.28, OutputFrames - I:  0.00, D: 29.95
12501523	[INFO]	XnOpenNI.cpp	1458	Destroying node 'Depth1'
12501607	[INFO]	XnDeviceBase.cpp	1507	Destroying stream 'Depth1'...
12501652	[VERBOSE]	XnFirmwareStreams.cpp	225	Stream Depth1 released FW Stream Depth
12502578	[VERBOSE]	XnDeviceBase.cpp	1531	'Depth1' stream destroyed.
12502658	[INFO]	XnOpenNI.cpp	1458	Destroying node 'Device1'
12502704	[VERBOSE]	XnProperty.cpp	74	Setting Firmware.Stream0Mode (5) to 0...
12516195	[VERBOSE]	XnProperty.cpp	101	Firmware.Stream0Mode (5) was successfully set.
12516244	[VERBOSE]	XnProperty.cpp	74	Setting Firmware.Stream1Mode (6) to 0...
12828569	[VERBOSE]	XnProperty.cpp	151	Property Firmware.Stream1Mode (6) was changed to 0.
12828611	[VERBOSE]	XnProperty.cpp	74	Setting Firmware.FrameSync (1) to 0...
12840704	[VERBOSE]	XnProperty.cpp	101	Firmware.FrameSync (1) was successfully set.
12840746	[VERBOSE]	XnProperty.cpp	101	Firmware.Stream1Mode (6) was successfully set.
12840760	[VERBOSE]	XnProperty.cpp	74	Setting Firmware.Stream2Mode (7) to 0...
12853927	[VERBOSE]	XnProperty.cpp	101	Firmware.Stream2Mode (7) was successfully set.
12853969	[VERBOSE]	XnDeviceSensorIO.cpp	301	Shutting down USB depth read thread...
12853990	[VERBOSE]	XnDeviceSensorIO.cpp	311	Shutting down USB image read thread...
12862589	[VERBOSE]	XnDeviceSensorIO.cpp	358	Device closed successfully
12864469	[VERBOSE]	XnDeviceSensorIO.cpp	301	Shutting down USB depth read thread...
12864521	[VERBOSE]	XnDeviceSensorIO.cpp	311	Shutting down USB image read thread...
12864563	[VERBOSE]	XnDeviceSensorIO.cpp	358	Device closed successfully
