   13284	[INFO]	XnLog.cpp	161	OpenNI version is 1.1.0 (Build 41)-MacOSX (Jul  9 2011 14:48:28)
   13362	[INFO]	XnLog.cpp	169	Log system initialized. Console: 1, File: 1, Severity: VERBOSE, Masks: ALL
   13406	[INFO]	XnLog.cpp	169	Log system initialized. Console: 1, File: 1, Severity: VERBOSE, Masks: ALL
   13615	[VERBOSE]	XnModuleLoader.cpp	288	Checking ./../../../data/openni/lib/libnimMockNodes.dylib...
   13794	[VERBOSE]	XnModuleLoader.cpp	446	Found exported production node. ProductionNode: OpenNI/Mock/1.1.0.41
   13843	[VERBOSE]	XnModuleLoader.cpp	446	Found exported production node. Generator: OpenNI/Mock/1.1.0.41
   13873	[VERBOSE]	XnModuleLoader.cpp	446	Found exported production node. MapGenerator: OpenNI/Mock/1.1.0.41
   13922	[VERBOSE]	XnModuleLoader.cpp	446	Found exported production node. Device: OpenNI/Mock/1.1.0.41
   13949	[VERBOSE]	XnModuleLoader.cpp	446	Found exported production node. Depth: OpenNI/Mock/1.1.0.41
   13974	[VERBOSE]	XnModuleLoader.cpp	446	Found exported production node. IR: OpenNI/Mock/1.1.0.41
   13999	[VERBOSE]	XnModuleLoader.cpp	446	Found exported production node. Image: OpenNI/Mock/1.1.0.41
   14030	[VERBOSE]	XnModuleLoader.cpp	446	Found exported production node. Audio: OpenNI/Mock/1.1.0.41
   14068	[VERBOSE]	XnModuleLoader.cpp	288	Checking ./../../../data/openni/lib/libnimCodecs.dylib...
   14178	[VERBOSE]	XnModuleLoader.cpp	446	Found exported production node. Codec: OpenNI/16zP/1.1.0.41
   14214	[VERBOSE]	XnModuleLoader.cpp	446	Found exported production node. Codec: OpenNI/16zT/1.1.0.41
   14239	[VERBOSE]	XnModuleLoader.cpp	446	Found exported production node. Codec: OpenNI/Im8z/1.1.0.41
   14263	[VERBOSE]	XnModuleLoader.cpp	446	Found exported production node. Codec: OpenNI/JPEG/1.1.0.41
   14285	[VERBOSE]	XnModuleLoader.cpp	446	Found exported production node. Codec: OpenNI/NONE/1.1.0.41
   14307	[VERBOSE]	XnModuleLoader.cpp	288	Checking ./../../../data/openni/lib/libnimRecorder.dylib...
   14406	[VERBOSE]	XnModuleLoader.cpp	446	Found exported production node. Recorder: OpenNI/Recorder/1.1.0.41
   14440	[VERBOSE]	XnModuleLoader.cpp	446	Found exported production node. Player: OpenNI/Player/1.1.0.41
   14474	[VERBOSE]	XnModuleLoader.cpp	288	Checking ./../../../data/openni/lib/libXnDeviceSensorV2KM.dylib...
   14580	[VERBOSE]	XnModuleLoader.cpp	446	Found exported production node. Device: PrimeSense/SensorKinect/5.0.1.32
   14614	[VERBOSE]	XnModuleLoader.cpp	446	Found exported production node. Depth: PrimeSense/SensorKinect/5.0.1.32
   14642	[VERBOSE]	XnModuleLoader.cpp	446	Found exported production node. Image: PrimeSense/SensorKinect/5.0.1.32
   14669	[VERBOSE]	XnModuleLoader.cpp	446	Found exported production node. IR: PrimeSense/SensorKinect/5.0.1.32
   14694	[VERBOSE]	XnModuleLoader.cpp	446	Found exported production node. Audio: PrimeSense/SensorKinect/5.0.1.32
   14725	[VERBOSE]	XnModuleLoader.cpp	288	Checking ./../../../data/openni/lib/libXnVFeatures_1_3_1.dylib...
   14824	[VERBOSE]	XnModuleLoader.cpp	446	Found exported production node. Scene: PrimeSense/XnVSceneAnalyzer/1.3.1.4
   14852	[VERBOSE]	XnModuleLoader.cpp	446	Found exported production node. User: PrimeSense/XnVSkeletonGenerator/1.3.1.4
   14884	[VERBOSE]	XnModuleLoader.cpp	288	Checking ./../../../data/openni/lib/libXnVHandGenerator_1_3_1.dylib...
   14987	[VERBOSE]	XnModuleLoader.cpp	446	Found exported production node. Gesture: PrimeSense/XnVGestureGenrator/1.3.1.4
   15026	[VERBOSE]	XnModuleLoader.cpp	446	Found exported production node. Hands: PrimeSense/XnVHandTracker/1.3.1.4
   23194	[VERBOSE]	XnXmlConfig.cpp	736	Requested to create a node of type Depth...
   23312	[VERBOSE]	XnUSBLinux-x86.cpp	83	Initializing USB...
   23902	[INFO]	XnUSBLinux-x86.cpp	94	USB is initialized.
 1563296	[INFO]	XnOpenNI.cpp	1258	Creating node 'Device1' of type Device: PrimeSense/SensorKinect/5.0.1.32...
 1563930	[VERBOSE]	XnSensor.cpp	837	Global configuration file './../../../data/openni/config//GlobalDefaultsKinect.ini' was not found.
 1563974	[VERBOSE]	XnSensor.cpp	157	Initializing device sensor...
 1564137	[VERBOSE]	XnDeviceModule.cpp	417	Configuring module 'Device' from section 'Device' in file './../../../data/openni/config//GlobalDefaultsKinect.ini'...
 1564333	[INFO]	XnDeviceModule.cpp	431	Module 'Device' configuration was loaded from file.
 1564478	[VERBOSE]	XnDeviceSensorIO.cpp	76	Connecting to USB device...
 1564508	[VERBOSE]	XnDeviceSensorIO.cpp	94	Trying to open sensor '045e/02ae@250/10'...
 1991033	[VERBOSE]	XnDeviceSensorIO.cpp	107	Trying to open endpoint 0x4 for control out (for old firmwares)...
 1991092	[INFO]	XnDeviceSensorIO.cpp	128	Connected to USB device
 1991141	[INFO]	XnProperty.cpp	151	Property Device.USBPath was changed to 045e/02ae@250/10.
 1998329	[VERBOSE]	XnHostProtocol.cpp	706	Getting hardware versions...
 1999618	[INFO]	XnHostProtocol.cpp	859	Hardware versions: FW=5.1.4 (7) HW=4 Chip=2 Sensor=4 SYS=7
 2011878	[VERBOSE]	XnHostProtocol.cpp	869	Requesting KeepAlive...
 2024134	[VERBOSE]	XnHostProtocol.cpp	880	Got KeepAlive Reply.
 2024187	[VERBOSE]	XnHostProtocol.cpp	1156	Setting mode to 3...
 2836649	[VERBOSE]	XnHostProtocol.cpp	869	Requesting KeepAlive...
 2849347	[VERBOSE]	XnHostProtocol.cpp	880	Got KeepAlive Reply.
 2861773	[VERBOSE]	XnProperty.cpp	151	Property Firmware.ReferenceResolution was changed to 2.
 2861816	[VERBOSE]	XnSensorFirmwareParams.cpp	282	Reading all params from firmware...
 2936838	[VERBOSE]	XnProperty.cpp	151	Property Firmware.DepthHoleFilter (22) was changed to 1.
 2936895	[VERBOSE]	XnProperty.cpp	151	Property Firmware.ImageSharpness (76) was changed to 50.
 2961572	[VERBOSE]	XnProperty.cpp	151	Property Firmware.DepthGain (21) was changed to 30.
 2973851	[VERBOSE]	XnProperty.cpp	151	Property Firmware.GMCMode (36) was changed to 1.
 2998664	[VERBOSE]	XnProperty.cpp	151	Property Firmware.DepthFPS (20) was changed to 30.
 3011069	[VERBOSE]	XnProperty.cpp	151	Property Firmware.DepthWhiteBalance (45) was changed to 1.
 3023544	[VERBOSE]	XnProperty.cpp	151	Property Firmware.DepthResolution (19) was changed to 1.
 3035978	[VERBOSE]	XnProperty.cpp	151	Property Firmware.DepthFormat (18) was changed to 3.
 3235849	[VERBOSE]	XnProperty.cpp	151	Property Firmware.ImageFPS (14) was changed to 30.
 3260492	[VERBOSE]	XnProperty.cpp	151	Property Firmware.ImageResolution (13) was changed to 1.
 3397480	[VERBOSE]	XnSensorFirmwareParams.cpp	291	Firmware params were updated.
 3397543	[VERBOSE]	XnHostProtocol.cpp	989	Getting the fixed params...
 3410637	[VERBOSE]	XnSensorFixedParams.cpp	54	Sensor serial number: 0
 3410703	[INFO]	XnProperty.cpp	151	Property Device.PhysicalDeviceName was changed to PrimeSense Sensor.
 3410726	[INFO]	XnProperty.cpp	151	Property Device.ID was changed to 0.
 3410757	[INFO]	XnSensor.cpp	185	Device sensor initialized
 3410853	[INFO]	XnOpenNI.cpp	1258	Creating node 'Depth1' of type Depth: PrimeSense/SensorKinect/5.0.1.32...
 3410904	[INFO]	XnDeviceBase.cpp	1383	Creating stream 'Depth1' of type 'Depth'...
 3410930	[INFO]	XnProperty.cpp	74	Setting Device.ReadData to 1...
 3410948	[VERBOSE]	XnDeviceSensorIO.cpp	160	Opening endpoints...
 3410963	[VERBOSE]	XnDeviceSensorIO.cpp	170	Opening endpoint 0x81 for depth...
 3410986	[VERBOSE]	XnDeviceSensorIO.cpp	194	Depth endpoint is isochronous.
 3411012	[VERBOSE]	XnDeviceSensorIO.cpp	220	Opening endpoint 0x82 for image...
 3411035	[VERBOSE]	XnDeviceSensorIO.cpp	233	Image endpoint is isochronous.
 3411052	[VERBOSE]	XnDeviceSensorIO.cpp	250	Opening endpoint 0x83 for misc...
 3411071	[VERBOSE]	XnDeviceSensorIO.cpp	264	Misc endpoint is not supported...
 3411089	[INFO]	XnDeviceSensorIO.cpp	291	Endpoints open
 3411104	[VERBOSE]	XnHostProtocol.cpp	1203	Getting algorithm params 0x80 for resolution 0 and fps 0....
 3423423	[INFO]	XnProperty.cpp	151	Property Device.ReadData was changed to 1.
 3423478	[INFO]	XnProperty.cpp	101	Device.ReadData was successfully set.
 3423785	[VERBOSE]	XnDeviceBase.cpp	1419	Initializing stream 'Depth1'...
 3424069	[INFO]	XnProperty.cpp	151	Property Depth1.FPS was changed to 30.
 3424097	[INFO]	XnProperty.cpp	151	Property Depth1.OutputFormat was changed to 1.
 3424120	[INFO]	XnProperty.cpp	151	Property Depth1.BytesPerPixel was changed to 2.
 3424140	[INFO]	XnProperty.cpp	151	Property Depth1.RequiredDataSize was changed to 614400.
 3424215	[INFO]	XnProperty.cpp	151	Property Depth1.ParamCoeff was changed to 4.
 3424293	[INFO]	XnProperty.cpp	151	Property Depth1.ShiftScale was changed to 10.
 3424362	[VERBOSE]	XnHostProtocol.cpp	1203	Getting algorithm params 0x0 for resolution 1 and fps 30....
 3436649	[INFO]	XnProperty.cpp	151	Property Depth1.ConstShift was changed to 200.
 3436759	[INFO]	XnProperty.cpp	151	Property Depth1.ZPD was changed to 120.
 3436878	[INFO]	XnProperty.cpp	151	Property Depth1.ZPPS was changed to 0.104200.
 3436920	[INFO]	XnProperty.cpp	151	Property Depth1.LDDIS was changed to 7.500000.
 3437077	[INFO]	XnProperty.cpp	151	Property Depth1.Gain was changed to 30.
 3437118	[INFO]	XnProperty.cpp	151	Property Depth1.SupportedModesCount was changed to 9.
 3437147	[INFO]	XnDeviceBase.cpp	1458	Stream 'Depth1' was initialized.
 3437166	[INFO]	XnDeviceBase.cpp	1463	'Depth1' stream was created.
 3437184	[VERBOSE]	XnDeviceModule.cpp	417	Configuring module 'Depth1' from section 'Depth' in file './../../../data/openni/config//GlobalDefaultsKinect.ini'...
 3437378	[INFO]	XnDeviceModule.cpp	431	Module 'Depth1' configuration was loaded from file.
 3437573	[VERBOSE]	XnDeviceBase.cpp	359	Opening stream Depth1...
 3437608	[VERBOSE]	XnFirmwareStreams.cpp	202	FW Stream Depth was claimed by Depth1
 3437629	[VERBOSE]	XnSensorDepthStream.cpp	336	Creating USB depth read thread...
 3437644	[VERBOSE]	XnUSBLinux-x86.cpp	104	Starting libusb asynch thread...
 3437721	[WARNING]	Linux-x86Threads.cpp	166	Failed to set thread priority: Invalid argument
 3437741	[WARNING]	XnUSBLinux-x86.cpp	122	USB events thread: Failed to set thread priority to critical. This might cause loss of data...
 3437764	[VERBOSE]	XnUSBLinux-x86.cpp	1128	Starting a USB read thread...
 3438893	[INFO]	XnUSBLinux-x86.cpp	1220	USB read thread was started.
 3438948	[INFO]	XnProperty.cpp	151	Property Depth1.ActualReadData was changed to 1.
 3438981	[VERBOSE]	XnProperty.cpp	74	Setting Firmware.DepthFormat (18) to 3...
 3451295	[VERBOSE]	XnProperty.cpp	101	Firmware.DepthFormat (18) was successfully set.
 3451351	[VERBOSE]	XnProperty.cpp	74	Setting Firmware.DepthResolution (19) to 1...
 3463537	[VERBOSE]	XnProperty.cpp	101	Firmware.DepthResolution (19) was successfully set.
 3463580	[VERBOSE]	XnProperty.cpp	74	Setting Firmware.DepthFPS (20) to 30...
 3475909	[VERBOSE]	XnProperty.cpp	101	Firmware.DepthFPS (20) was successfully set.
 3475957	[VERBOSE]	XnProperty.cpp	74	Setting Firmware.DepthHoleFilter (22) to 1...
 3488145	[VERBOSE]	XnProperty.cpp	101	Firmware.DepthHoleFilter (22) was successfully set.
 3488186	[VERBOSE]	XnProperty.cpp	74	Setting Firmware.DepthGain (21) to 30...
 3500411	[VERBOSE]	XnProperty.cpp	101	Firmware.DepthGain (21) was successfully set.
 3500450	[VERBOSE]	XnProperty.cpp	74	Setting Firmware.DepthDecimation (24) to 0...
 3512620	[VERBOSE]	XnProperty.cpp	101	Firmware.DepthDecimation (24) was successfully set.
 3512663	[VERBOSE]	XnProperty.cpp	74	Setting Firmware.Registration (2) to 0...
 3524929	[VERBOSE]	XnProperty.cpp	101	Firmware.Registration (2) was successfully set.
 3524978	[VERBOSE]	XnProperty.cpp	74	Setting Firmware.DepthMirror (23) to 0...
 3537265	[VERBOSE]	XnProperty.cpp	101	Firmware.DepthMirror (23) was successfully set.
 3537306	[VERBOSE]	XnProperty.cpp	74	Setting Firmware.GMCMode (36) to 1...
 3549545	[VERBOSE]	XnProperty.cpp	101	Firmware.GMCMode (36) was successfully set.
 3549587	[VERBOSE]	XnProperty.cpp	74	Setting Firmware.DepthWhiteBalance (45) to 1...
 3561937	[VERBOSE]	XnProperty.cpp	101	Firmware.DepthWhiteBalance (45) was successfully set.
 3561980	[VERBOSE]	XnHostProtocol.cpp	1203	Getting algorithm params 0x6 for resolution 1 and fps 30....
 3586414	[VERBOSE]	XnFirmwareStreams.cpp	284	Firmware stream 'Depth' processor was replaced.
 3586459	[VERBOSE]	XnProperty.cpp	74	Setting Firmware.Stream1Mode (6) to 2...
 3686858	[VERBOSE]	XnOpenNI.cpp	588	[FPS] Depth1 (I:  0.00, O:  0.00) ReadCalls:  0.00
 3686921	[VERBOSE]	XnSensorFPS.cpp	86	[FPS] InputFrames - I:  0.00, D:  0.00, OutputFrames - I:  0.00, D:  0.00
 3898851	[VERBOSE]	XnProperty.cpp	151	Property Firmware.Stream1Mode (6) was changed to 2.
 3898891	[VERBOSE]	XnProperty.cpp	74	Setting Firmware.FrameSync (1) to 0...
 3911259	[VERBOSE]	XnProperty.cpp	101	Firmware.FrameSync (1) was successfully set.
 3911300	[VERBOSE]	XnProperty.cpp	101	Firmware.Stream1Mode (6) was successfully set.
 3911322	[VERBOSE]	XnProperty.cpp	74	Setting Firmware.DepthCropEnabled (55) to 0...
 3923798	[VERBOSE]	XnProperty.cpp	101	Firmware.DepthCropEnabled (55) was successfully set.
 3923864	[INFO]	XnProperty.cpp	151	Property Depth1.State was changed to 1.
 3923885	[INFO]	XnDeviceBase.cpp	370	Stream Depth1 is open.
 4018913	[VERBOSE]	XnOpenNI.cpp	588	[FPS] Depth1 (I: 33.13, O:  0.00) ReadCalls:  0.00
 4018968	[VERBOSE]	XnSensorFPS.cpp	86	[FPS] InputFrames - I:  0.00, D: 33.13, OutputFrames - I:  0.00, D:  0.00
 5011114	[VERBOSE]	XnOpenNI.cpp	588	[FPS] Depth1 (I: 30.21, O: 27.50) ReadCalls: 28.52
 5022819	[VERBOSE]	XnSensorFPS.cpp	86	[FPS] InputFrames - I:  0.00, D: 30.69, OutputFrames - I:  0.00, D: 27.18
 6011169	[VERBOSE]	XnOpenNI.cpp	588	[FPS] Depth1 (I: 30.12, O: 28.76) ReadCalls: 29.26
 6022907	[VERBOSE]	XnSensorFPS.cpp	86	[FPS] InputFrames - I:  0.00, D: 30.39, OutputFrames - I:  0.00, D: 28.59
 6882832	[WARNING]	XnUSBLinux-x86.cpp	1076	Endpoint 0x82, Buffer 15: Asynch transfer failed (status: 1)
 6890886	[WARNING]	XnDepthProcessor.cpp	133	Read: Depth buffer is corrupt. Size is 239808 (!= 614400)
 6890932	[WARNING]	XnFrameStreamProcessor.cpp	138	Depth frame is corrupt!
 7013650	[VERBOSE]	XnOpenNI.cpp	588	[FPS] Depth1 (I: 29.38, O: 28.48) ReadCalls: 28.82
 7022888	[VERBOSE]	XnSensorFPS.cpp	86	[FPS] InputFrames - I:  0.00, D: 29.65, OutputFrames - I:  0.00, D: 28.39
 8019650	[VERBOSE]	XnOpenNI.cpp	588	[FPS] Depth1 (I: 29.36, O: 29.36) ReadCalls: 29.66
 8023013	[VERBOSE]	XnSensorFPS.cpp	86	[FPS] InputFrames - I:  0.00, D: 29.65, OutputFrames - I:  0.00, D: 29.31
 9016471	[VERBOSE]	XnOpenNI.cpp	588	[FPS] Depth1 (I: 29.40, O: 29.40) ReadCalls: 29.71
 9026866	[VERBOSE]	XnSensorFPS.cpp	86	[FPS] InputFrames - I:  0.00, D: 29.61, OutputFrames - I:  0.00, D: 29.27
10021687	[VERBOSE]	XnOpenNI.cpp	588	[FPS] Depth1 (I: 30.01, O: 30.01) ReadCalls: 30.35
10026948	[VERBOSE]	XnSensorFPS.cpp	86	[FPS] InputFrames - I:  0.00, D: 30.28, OutputFrames - I:  0.00, D: 29.96
11017783	[VERBOSE]	XnOpenNI.cpp	588	[FPS] Depth1 (I: 30.05, O: 30.05) ReadCalls: 30.40
11026942	[VERBOSE]	XnSensorFPS.cpp	86	[FPS] InputFrames - I:  0.00, D: 30.32, OutputFrames - I:  0.00, D: 29.99
12021760	[VERBOSE]	XnOpenNI.cpp	588	[FPS] Depth1 (I: 30.05, O: 30.05) ReadCalls: 30.38
12027037	[VERBOSE]	XnSensorFPS.cpp	86	[FPS] InputFrames - I:  0.00, D: 30.32, OutputFrames - I:  0.00, D: 29.99
13018372	[VERBOSE]	XnOpenNI.cpp	588	[FPS] Depth1 (I: 30.09, O: 30.09) ReadCalls: 30.43
13030931	[VERBOSE]	XnSensorFPS.cpp	86	[FPS] InputFrames - I:  0.00, D: 30.28, OutputFrames - I:  0.00, D: 29.97
14024142	[VERBOSE]	XnOpenNI.cpp	588	[FPS] Depth1 (I: 30.03, O: 30.03) ReadCalls: 30.39
14030970	[VERBOSE]	XnSensorFPS.cpp	86	[FPS] InputFrames - I:  0.00, D: 30.32, OutputFrames - I:  0.00, D: 29.99
15022144	[VERBOSE]	XnOpenNI.cpp	588	[FPS] Depth1 (I: 30.05, O: 30.05) ReadCalls: 30.43
15031000	[VERBOSE]	XnSensorFPS.cpp	86	[FPS] InputFrames - I:  0.00, D: 30.32, OutputFrames - I:  0.00, D: 30.00
16026532	[VERBOSE]	XnOpenNI.cpp	588	[FPS] Depth1 (I: 30.04, O: 29.71) ReadCalls: 30.06
16034964	[VERBOSE]	XnSensorFPS.cpp	86	[FPS] InputFrames - I:  0.00, D: 30.28, OutputFrames - I:  0.00, D: 29.64
17021843	[VERBOSE]	XnOpenNI.cpp	588	[FPS] Depth1 (I: 30.09, O: 29.42) ReadCalls: 29.69
17035009	[VERBOSE]	XnSensorFPS.cpp	86	[FPS] InputFrames - I:  0.00, D: 30.28, OutputFrames - I:  0.00, D: 29.32
18002964	[VERBOSE]	XnOpenNI.cpp	588	[FPS] Depth1 (I: 30.28, O: 29.27) ReadCalls: 29.52
18003014	[VERBOSE]	XnSensorFPS.cpp	86	[FPS] InputFrames - I:  0.00, D: 30.28, OutputFrames - I:  0.00, D: 29.27
19002993	[VERBOSE]	XnOpenNI.cpp	588	[FPS] Depth1 (I: 30.32, O: 29.65) ReadCalls: 29.90
19003050	[VERBOSE]	XnSensorFPS.cpp	86	[FPS] InputFrames - I:  0.00, D: 30.32, OutputFrames - I:  0.00, D: 29.65
20003055	[VERBOSE]	XnOpenNI.cpp	588	[FPS] Depth1 (I: 30.32, O: 29.99) ReadCalls: 30.19
20003108	[VERBOSE]	XnSensorFPS.cpp	86	[FPS] InputFrames - I:  0.00, D: 30.32, OutputFrames - I:  0.00, D: 29.99
21006942	[VERBOSE]	XnOpenNI.cpp	588	[FPS] Depth1 (I: 30.28, O: 29.95) ReadCalls: 30.22
21007009	[VERBOSE]	XnSensorFPS.cpp	86	[FPS] InputFrames - I:  0.00, D: 30.28, OutputFrames - I:  0.00, D: 29.95
22006972	[VERBOSE]	XnOpenNI.cpp	588	[FPS] Depth1 (I: 30.28, O: 29.95) ReadCalls: 30.20
22007022	[VERBOSE]	XnSensorFPS.cpp	86	[FPS] InputFrames - I:  0.00, D: 30.28, OutputFrames - I:  0.00, D: 29.95
23001581	[VERBOSE]	XnOpenNI.cpp	588	[FPS] Depth1 (I: 30.01, O: 30.02) ReadCalls: 30.27
23007066	[VERBOSE]	XnSensorFPS.cpp	86	[FPS] InputFrames - I:  0.00, D: 30.32, OutputFrames - I:  0.00, D: 29.99
24007100	[VERBOSE]	XnOpenNI.cpp	588	[FPS] Depth1 (I: 30.32, O: 29.99) ReadCalls: 30.25
24007154	[VERBOSE]	XnSensorFPS.cpp	86	[FPS] InputFrames - I:  0.00, D: 30.32, OutputFrames - I:  0.00, D: 29.99
25011018	[VERBOSE]	XnOpenNI.cpp	588	[FPS] Depth1 (I: 30.28, O: 29.95) ReadCalls: 30.23
25011067	[VERBOSE]	XnSensorFPS.cpp	86	[FPS] InputFrames - I:  0.00, D: 30.28, OutputFrames - I:  0.00, D: 29.95
26007537	[VERBOSE]	XnOpenNI.cpp	588	[FPS] Depth1 (I: 29.98, O: 29.98) ReadCalls: 30.25
26011117	[VERBOSE]	XnSensorFPS.cpp	86	[FPS] InputFrames - I:  0.00, D: 30.28, OutputFrames - I:  0.00, D: 29.95
27002221	[VERBOSE]	XnOpenNI.cpp	588	[FPS] Depth1 (I: 30.05, O: 30.05) ReadCalls: 30.32
27011053	[VERBOSE]	XnSensorFPS.cpp	86	[FPS] InputFrames - I:  0.00, D: 30.32, OutputFrames - I:  0.00, D: 29.99
28005883	[VERBOSE]	XnOpenNI.cpp	588	[FPS] Depth1 (I: 30.05, O: 30.05) ReadCalls: 30.30
28011169	[VERBOSE]	XnSensorFPS.cpp	86	[FPS] InputFrames - I:  0.00, D: 30.32, OutputFrames - I:  0.00, D: 29.99
29001835	[VERBOSE]	XnOpenNI.cpp	588	[FPS] Depth1 (I: 30.09, O: 30.09) ReadCalls: 30.36
29015042	[VERBOSE]	XnSensorFPS.cpp	86	[FPS] InputFrames - I:  0.00, D: 30.28, OutputFrames - I:  0.00, D: 29.95
30006817	[VERBOSE]	XnOpenNI.cpp	588	[FPS] Depth1 (I: 30.04, O: 30.04) ReadCalls: 30.33
30015128	[VERBOSE]	XnSensorFPS.cpp	86	[FPS] InputFrames - I:  0.00, D: 30.28, OutputFrames - I:  0.00, D: 29.95
31006314	[VERBOSE]	XnOpenNI.cpp	588	[FPS] Depth1 (I: 30.05, O: 30.05) ReadCalls: 30.35
31015095	[VERBOSE]	XnSensorFPS.cpp	86	[FPS] InputFrames - I:  0.00, D: 30.32, OutputFrames - I:  0.00, D: 29.99
32009267	[VERBOSE]	XnOpenNI.cpp	588	[FPS] Depth1 (I: 30.06, O: 30.06) ReadCalls: 30.33
32015128	[VERBOSE]	XnSensorFPS.cpp	86	[FPS] InputFrames - I:  0.00, D: 30.32, OutputFrames - I:  0.00, D: 29.99
33005927	[VERBOSE]	XnOpenNI.cpp	588	[FPS] Depth1 (I: 30.09, O: 30.09) ReadCalls: 30.39
33019119	[VERBOSE]	XnSensorFPS.cpp	86	[FPS] InputFrames - I:  0.00, D: 30.28, OutputFrames - I:  0.00, D: 29.95
34011746	[VERBOSE]	XnOpenNI.cpp	588	[FPS] Depth1 (I: 30.03, O: 30.03) ReadCalls: 30.34
34019127	[VERBOSE]	XnSensorFPS.cpp	86	[FPS] InputFrames - I:  0.00, D: 30.32, OutputFrames - I:  0.00, D: 29.99
35009931	[VERBOSE]	XnOpenNI.cpp	588	[FPS] Depth1 (I: 30.05, O: 30.05) ReadCalls: 30.38
35019225	[VERBOSE]	XnSensorFPS.cpp	86	[FPS] InputFrames - I:  0.00, D: 30.32, OutputFrames - I:  0.00, D: 29.99
36011689	[VERBOSE]	XnOpenNI.cpp	588	[FPS] Depth1 (I: 30.07, O: 30.07) ReadCalls: 30.38
36023090	[VERBOSE]	XnSensorFPS.cpp	86	[FPS] InputFrames - I:  0.00, D: 30.28, OutputFrames - I:  0.00, D: 29.95
37010916	[VERBOSE]	XnOpenNI.cpp	588	[FPS] Depth1 (I: 30.08, O: 30.08) ReadCalls: 30.40
37023122	[VERBOSE]	XnSensorFPS.cpp	86	[FPS] InputFrames - I:  0.00, D: 30.28, OutputFrames - I:  0.00, D: 29.95
38015165	[VERBOSE]	XnOpenNI.cpp	588	[FPS] Depth1 (I: 30.04, O: 30.04) ReadCalls: 30.37
38023227	[VERBOSE]	XnSensorFPS.cpp	86	[FPS] InputFrames - I:  0.00, D: 30.32, OutputFrames - I:  0.00, D: 29.99
39014417	[VERBOSE]	XnOpenNI.cpp	588	[FPS] Depth1 (I: 30.09, O: 30.09) ReadCalls: 30.40
39023190	[VERBOSE]	XnSensorFPS.cpp	86	[FPS] InputFrames - I:  0.00, D: 30.32, OutputFrames - I:  0.00, D: 29.99
40015490	[VERBOSE]	XnOpenNI.cpp	588	[FPS] Depth1 (I: 30.08, O: 30.08) ReadCalls: 30.41
40027182	[VERBOSE]	XnSensorFPS.cpp	86	[FPS] InputFrames - I:  0.00, D: 30.28, OutputFrames - I:  0.00, D: 29.95
41017940	[VERBOSE]	XnOpenNI.cpp	588	[FPS] Depth1 (I: 30.05, O: 30.05) ReadCalls: 30.40
41027175	[VERBOSE]	XnSensorFPS.cpp	86	[FPS] InputFrames - I:  0.00, D: 30.28, OutputFrames - I:  0.00, D: 29.97
42027342	[VERBOSE]	XnOpenNI.cpp	588	[FPS] Depth1 (I: 30.32, O: 29.99) ReadCalls: 29.98
42027515	[VERBOSE]	XnSensorFPS.cpp	86	[FPS] InputFrames - I:  0.00, D: 30.32, OutputFrames - I:  0.00, D: 29.98
42031452	[INFO]	XnOpenNI.cpp	1458	Destroying node 'Depth1'
42031534	[INFO]	XnDeviceBase.cpp	1507	Destroying stream 'Depth1'...
42031577	[VERBOSE]	XnFirmwareStreams.cpp	225	Stream Depth1 released FW Stream Depth
42032426	[VERBOSE]	XnDeviceBase.cpp	1531	'Depth1' stream destroyed.
42032487	[INFO]	XnOpenNI.cpp	1458	Destroying node 'Device1'
42032529	[VERBOSE]	XnProperty.cpp	74	Setting Firmware.Stream0Mode (5) to 0...
42046075	[VERBOSE]	XnProperty.cpp	101	Firmware.Stream0Mode (5) was successfully set.
42046126	[VERBOSE]	XnProperty.cpp	74	Setting Firmware.Stream1Mode (6) to 0...
42359041	[VERBOSE]	XnProperty.cpp	151	Property Firmware.Stream1Mode (6) was changed to 0.
42359093	[VERBOSE]	XnProperty.cpp	74	Setting Firmware.FrameSync (1) to 0...
42371243	[VERBOSE]	XnProperty.cpp	101	Firmware.FrameSync (1) was successfully set.
42371296	[VERBOSE]	XnProperty.cpp	101	Firmware.Stream1Mode (6) was successfully set.
42371316	[VERBOSE]	XnProperty.cpp	74	Setting Firmware.Stream2Mode (7) to 0...
42384523	[VERBOSE]	XnProperty.cpp	101	Firmware.Stream2Mode (7) was successfully set.
42384576	[VERBOSE]	XnDeviceSensorIO.cpp	301	Shutting down USB depth read thread...
42384598	[VERBOSE]	XnDeviceSensorIO.cpp	311	Shutting down USB image read thread...
42392251	[VERBOSE]	XnDeviceSensorIO.cpp	358	Device closed successfully
42393744	[VERBOSE]	XnDeviceSensorIO.cpp	301	Shutting down USB depth read thread...
42393781	[VERBOSE]	XnDeviceSensorIO.cpp	311	Shutting down USB image read thread...
42393792	[VERBOSE]	XnDeviceSensorIO.cpp	358	Device closed successfully
