     524	[INFO]	XnLog.cpp	161	OpenNI version is 1.1.0 (Build 41)-MacOSX (Jul  9 2011 14:48:28)
     573	[INFO]	XnLog.cpp	169	Log system initialized. Console: 1, File: 1, Severity: VERBOSE, Masks: ALL
     605	[INFO]	XnLog.cpp	169	Log system initialized. Console: 1, File: 1, Severity: VERBOSE, Masks: ALL
     731	[VERBOSE]	XnModuleLoader.cpp	288	Checking ./../../../data/openni/lib/libnimMockNodes.dylib...
     857	[VERBOSE]	XnModuleLoader.cpp	446	Found exported production node. ProductionNode: OpenNI/Mock/1.1.0.41
     891	[VERBOSE]	XnModuleLoader.cpp	446	Found exported production node. Generator: OpenNI/Mock/1.1.0.41
     909	[VERBOSE]	XnModuleLoader.cpp	446	Found exported production node. MapGenerator: OpenNI/Mock/1.1.0.41
     926	[VERBOSE]	XnModuleLoader.cpp	446	Found exported production node. Device: OpenNI/Mock/1.1.0.41
     943	[VERBOSE]	XnModuleLoader.cpp	446	Found exported production node. Depth: OpenNI/Mock/1.1.0.41
     968	[VERBOSE]	XnModuleLoader.cpp	446	Found exported production node. IR: OpenNI/Mock/1.1.0.41
     986	[VERBOSE]	XnModuleLoader.cpp	446	Found exported production node. Image: OpenNI/Mock/1.1.0.41
    1007	[VERBOSE]	XnModuleLoader.cpp	446	Found exported production node. Audio: OpenNI/Mock/1.1.0.41
    1026	[VERBOSE]	XnModuleLoader.cpp	288	Checking ./../../../data/openni/lib/libnimCodecs.dylib...
    1100	[VERBOSE]	XnModuleLoader.cpp	446	Found exported production node. Codec: OpenNI/16zP/1.1.0.41
    1125	[VERBOSE]	XnModuleLoader.cpp	446	Found exported production node. Codec: OpenNI/16zT/1.1.0.41
    1141	[VERBOSE]	XnModuleLoader.cpp	446	Found exported production node. Codec: OpenNI/Im8z/1.1.0.41
    1164	[VERBOSE]	XnModuleLoader.cpp	446	Found exported production node. Codec: OpenNI/JPEG/1.1.0.41
    1180	[VERBOSE]	XnModuleLoader.cpp	446	Found exported production node. Codec: OpenNI/NONE/1.1.0.41
    1195	[VERBOSE]	XnModuleLoader.cpp	288	Checking ./../../../data/openni/lib/libnimRecorder.dylib...
    1272	[VERBOSE]	XnModuleLoader.cpp	446	Found exported production node. Recorder: OpenNI/Recorder/1.1.0.41
    1298	[VERBOSE]	XnModuleLoader.cpp	446	Found exported production node. Player: OpenNI/Player/1.1.0.41
    1314	[VERBOSE]	XnModuleLoader.cpp	288	Checking ./../../../data/openni/lib/libXnDeviceSensorV2KM.dylib...
    1395	[VERBOSE]	XnModuleLoader.cpp	446	Found exported production node. Device: PrimeSense/SensorKinect/5.0.1.32
    1421	[VERBOSE]	XnModuleLoader.cpp	446	Found exported production node. Depth: PrimeSense/SensorKinect/5.0.1.32
    1446	[VERBOSE]	XnModuleLoader.cpp	446	Found exported production node. Image: PrimeSense/SensorKinect/5.0.1.32
    1465	[VERBOSE]	XnModuleLoader.cpp	446	Found exported production node. IR: PrimeSense/SensorKinect/5.0.1.32
    1482	[VERBOSE]	XnModuleLoader.cpp	446	Found exported production node. Audio: PrimeSense/SensorKinect/5.0.1.32
    1497	[VERBOSE]	XnModuleLoader.cpp	288	Checking ./../../../data/openni/lib/libXnVFeatures_1_3_1.dylib...
    1571	[VERBOSE]	XnModuleLoader.cpp	446	Found exported production node. Scene: PrimeSense/XnVSceneAnalyzer/1.3.1.4
    1593	[VERBOSE]	XnModuleLoader.cpp	446	Found exported production node. User: PrimeSense/XnVSkeletonGenerator/1.3.1.4
    1621	[VERBOSE]	XnModuleLoader.cpp	288	Checking ./../../../data/openni/lib/libXnVHandGenerator_1_3_1.dylib...
    1703	[VERBOSE]	XnModuleLoader.cpp	446	Found exported production node. Gesture: PrimeSense/XnVGestureGenrator/1.3.1.4
    1733	[VERBOSE]	XnModuleLoader.cpp	446	Found exported production node. Hands: PrimeSense/XnVHandTracker/1.3.1.4
    1915	[VERBOSE]	XnXmlConfig.cpp	736	Requested to create a node of type Depth...
    1972	[VERBOSE]	XnUSBLinux-x86.cpp	83	Initializing USB...
    2440	[INFO]	XnUSBLinux-x86.cpp	94	USB is initialized.
 1544610	[INFO]	XnOpenNI.cpp	1258	Creating node 'Device1' of type Device: PrimeSense/SensorKinect/5.0.1.32...
 1544944	[VERBOSE]	XnSensor.cpp	837	Global configuration file './../../../data/openni/config//GlobalDefaultsKinect.ini' was not found.
 1544968	[VERBOSE]	XnSensor.cpp	157	Initializing device sensor...
 1545041	[VERBOSE]	XnDeviceModule.cpp	417	Configuring module 'Device' from section 'Device' in file './../../../data/openni/config//GlobalDefaultsKinect.ini'...
 1545148	[INFO]	XnDeviceModule.cpp	431	Module 'Device' configuration was loaded from file.
 1545182	[VERBOSE]	XnDeviceSensorIO.cpp	76	Connecting to USB device...
 1545199	[VERBOSE]	XnDeviceSensorIO.cpp	94	Trying to open sensor '045e/02ae@250/10'...
 1971325	[VERBOSE]	XnDeviceSensorIO.cpp	107	Trying to open endpoint 0x4 for control out (for old firmwares)...
 1971379	[INFO]	XnDeviceSensorIO.cpp	128	Connected to USB device
 1971406	[INFO]	XnProperty.cpp	151	Property Device.USBPath was changed to 045e/02ae@250/10.
 1978951	[VERBOSE]	XnHostProtocol.cpp	706	Getting hardware versions...
 1980323	[INFO]	XnHostProtocol.cpp	859	Hardware versions: FW=5.1.4 (7) HW=4 Chip=2 Sensor=4 SYS=7
 1992774	[VERBOSE]	XnHostProtocol.cpp	869	Requesting KeepAlive...
 2005237	[VERBOSE]	XnHostProtocol.cpp	880	Got KeepAlive Reply.
 2005294	[VERBOSE]	XnHostProtocol.cpp	1156	Setting mode to 3...
 2817808	[VERBOSE]	XnHostProtocol.cpp	869	Requesting KeepAlive...
 2830341	[VERBOSE]	XnHostProtocol.cpp	880	Got KeepAlive Reply.
 2842986	[VERBOSE]	XnProperty.cpp	151	Property Firmware.ReferenceResolution was changed to 2.
 2843029	[VERBOSE]	XnSensorFirmwareParams.cpp	282	Reading all params from firmware...
 2917727	[VERBOSE]	XnProperty.cpp	151	Property Firmware.DepthHoleFilter (22) was changed to 1.
 2917779	[VERBOSE]	XnProperty.cpp	151	Property Firmware.ImageSharpness (76) was changed to 50.
 2942853	[VERBOSE]	XnProperty.cpp	151	Property Firmware.DepthGain (21) was changed to 30.
 2955071	[VERBOSE]	XnProperty.cpp	151	Property Firmware.GMCMode (36) was changed to 1.
 2979651	[VERBOSE]	XnProperty.cpp	151	Property Firmware.DepthFPS (20) was changed to 30.
 2991959	[VERBOSE]	XnProperty.cpp	151	Property Firmware.DepthWhiteBalance (45) was changed to 1.
 3004376	[VERBOSE]	XnProperty.cpp	151	Property Firmware.DepthResolution (19) was changed to 1.
 3016805	[VERBOSE]	XnProperty.cpp	151	Property Firmware.DepthFormat (18) was changed to 3.
 3167513	[VERBOSE]	XnProperty.cpp	151	Property Firmware.ImageFlicker (17) was changed to 1.
 3217418	[VERBOSE]	XnProperty.cpp	151	Property Firmware.ImageFPS (14) was changed to 30.
 3242572	[VERBOSE]	XnProperty.cpp	151	Property Firmware.ImageResolution (13) was changed to 1.
 3378567	[VERBOSE]	XnSensorFirmwareParams.cpp	291	Firmware params were updated.
 3378645	[VERBOSE]	XnHostProtocol.cpp	989	Getting the fixed params...
 3391501	[VERBOSE]	XnSensorFixedParams.cpp	54	Sensor serial number: 0
 3391553	[INFO]	XnProperty.cpp	151	Property Device.PhysicalDeviceName was changed to PrimeSense Sensor.
 3391582	[INFO]	XnProperty.cpp	151	Property Device.ID was changed to 0.
 3391629	[INFO]	XnSensor.cpp	185	Device sensor initialized
 3391739	[INFO]	XnOpenNI.cpp	1258	Creating node 'Depth1' of type Depth: PrimeSense/SensorKinect/5.0.1.32...
 3391785	[INFO]	XnDeviceBase.cpp	1383	Creating stream 'Depth1' of type 'Depth'...
 3391810	[INFO]	XnProperty.cpp	74	Setting Device.ReadData to 1...
 3391827	[VERBOSE]	XnDeviceSensorIO.cpp	160	Opening endpoints...
 3391843	[VERBOSE]	XnDeviceSensorIO.cpp	170	Opening endpoint 0x81 for depth...
 3391868	[VERBOSE]	XnDeviceSensorIO.cpp	194	Depth endpoint is isochronous.
 3391892	[VERBOSE]	XnDeviceSensorIO.cpp	220	Opening endpoint 0x82 for image...
 3391914	[VERBOSE]	XnDeviceSensorIO.cpp	233	Image endpoint is isochronous.
 3391928	[VERBOSE]	XnDeviceSensorIO.cpp	250	Opening endpoint 0x83 for misc...
 3391946	[VERBOSE]	XnDeviceSensorIO.cpp	264	Misc endpoint is not supported...
 3391960	[INFO]	XnDeviceSensorIO.cpp	291	Endpoints open
 3391974	[VERBOSE]	XnHostProtocol.cpp	1203	Getting algorithm params 0x80 for resolution 0 and fps 0....
 3404279	[INFO]	XnProperty.cpp	151	Property Device.ReadData was changed to 1.
 3404323	[INFO]	XnProperty.cpp	101	Device.ReadData was successfully set.
 3404649	[VERBOSE]	XnDeviceBase.cpp	1419	Initializing stream 'Depth1'...
 3404920	[INFO]	XnProperty.cpp	151	Property Depth1.FPS was changed to 30.
 3404943	[INFO]	XnProperty.cpp	151	Property Depth1.OutputFormat was changed to 1.
 3404994	[INFO]	XnProperty.cpp	151	Property Depth1.BytesPerPixel was changed to 2.
 3405006	[INFO]	XnProperty.cpp	151	Property Depth1.RequiredDataSize was changed to 614400.
 3405030	[INFO]	XnProperty.cpp	151	Property Depth1.ParamCoeff was changed to 4.
 3405092	[INFO]	XnProperty.cpp	151	Property Depth1.ShiftScale was changed to 10.
 3405151	[VERBOSE]	XnHostProtocol.cpp	1203	Getting algorithm params 0x0 for resolution 1 and fps 30....
 3417513	[INFO]	XnProperty.cpp	151	Property Depth1.ConstShift was changed to 200.
 3417619	[INFO]	XnProperty.cpp	151	Property Depth1.ZPD was changed to 120.
 3417732	[INFO]	XnProperty.cpp	151	Property Depth1.ZPPS was changed to 0.104200.
 3417747	[INFO]	XnProperty.cpp	151	Property Depth1.LDDIS was changed to 7.500000.
 3417861	[INFO]	XnProperty.cpp	151	Property Depth1.Gain was changed to 30.
 3417895	[INFO]	XnProperty.cpp	151	Property Depth1.SupportedModesCount was changed to 9.
 3417918	[INFO]	XnDeviceBase.cpp	1458	Stream 'Depth1' was initialized.
 3417932	[INFO]	XnDeviceBase.cpp	1463	'Depth1' stream was created.
 3417947	[VERBOSE]	XnDeviceModule.cpp	417	Configuring module 'Depth1' from section 'Depth' in file './../../../data/openni/config//GlobalDefaultsKinect.ini'...
 3418096	[INFO]	XnDeviceModule.cpp	431	Module 'Depth1' configuration was loaded from file.
 3418251	[VERBOSE]	XnDeviceBase.cpp	359	Opening stream Depth1...
 3418280	[VERBOSE]	XnFirmwareStreams.cpp	202	FW Stream Depth was claimed by Depth1
 3418296	[VERBOSE]	XnSensorDepthStream.cpp	336	Creating USB depth read thread...
 3418308	[VERBOSE]	XnUSBLinux-x86.cpp	104	Starting libusb asynch thread...
 3418372	[WARNING]	Linux-x86Threads.cpp	166	Failed to set thread priority: Invalid argument
 3418388	[WARNING]	XnUSBLinux-x86.cpp	122	USB events thread: Failed to set thread priority to critical. This might cause loss of data...
 3418406	[VERBOSE]	XnUSBLinux-x86.cpp	1128	Starting a USB read thread...
 3419275	[INFO]	XnUSBLinux-x86.cpp	1220	USB read thread was started.
 3419298	[INFO]	XnProperty.cpp	151	Property Depth1.ActualReadData was changed to 1.
 3419325	[VERBOSE]	XnProperty.cpp	74	Setting Firmware.DepthFormat (18) to 3...
 3431638	[VERBOSE]	XnProperty.cpp	101	Firmware.DepthFormat (18) was successfully set.
 3431687	[VERBOSE]	XnProperty.cpp	74	Setting Firmware.DepthResolution (19) to 1...
 3443906	[VERBOSE]	XnProperty.cpp	101	Firmware.DepthResolution (19) was successfully set.
 3443954	[VERBOSE]	XnProperty.cpp	74	Setting Firmware.DepthFPS (20) to 30...
 3456264	[VERBOSE]	XnProperty.cpp	101	Firmware.DepthFPS (20) was successfully set.
 3456312	[VERBOSE]	XnProperty.cpp	74	Setting Firmware.DepthHoleFilter (22) to 1...
 3468519	[VERBOSE]	XnProperty.cpp	101	Firmware.DepthHoleFilter (22) was successfully set.
 3468576	[VERBOSE]	XnProperty.cpp	74	Setting Firmware.DepthGain (21) to 30...
 3483053	[VERBOSE]	XnProperty.cpp	101	Firmware.DepthGain (21) was successfully set.
 3483100	[VERBOSE]	XnProperty.cpp	74	Setting Firmware.DepthDecimation (24) to 0...
 3495336	[VERBOSE]	XnProperty.cpp	101	Firmware.DepthDecimation (24) was successfully set.
 3495380	[VERBOSE]	XnProperty.cpp	74	Setting Firmware.Registration (2) to 0...
 3507652	[VERBOSE]	XnProperty.cpp	101	Firmware.Registration (2) was successfully set.
 3507703	[VERBOSE]	XnProperty.cpp	74	Setting Firmware.DepthMirror (23) to 0...
 3520006	[VERBOSE]	XnProperty.cpp	101	Firmware.DepthMirror (23) was successfully set.
 3520040	[VERBOSE]	XnProperty.cpp	74	Setting Firmware.GMCMode (36) to 1...
 3532266	[VERBOSE]	XnProperty.cpp	101	Firmware.GMCMode (36) was successfully set.
 3532312	[VERBOSE]	XnProperty.cpp	74	Setting Firmware.DepthWhiteBalance (45) to 1...
 3544655	[VERBOSE]	XnProperty.cpp	101	Firmware.DepthWhiteBalance (45) was successfully set.
 3544701	[VERBOSE]	XnHostProtocol.cpp	1203	Getting algorithm params 0x6 for resolution 1 and fps 30....
 3569432	[VERBOSE]	XnFirmwareStreams.cpp	284	Firmware stream 'Depth' processor was replaced.
 3569473	[VERBOSE]	XnProperty.cpp	74	Setting Firmware.Stream1Mode (6) to 2...
 3667586	[VERBOSE]	XnOpenNI.cpp	588	[FPS] Depth1 (I:  0.00, O:  0.00) ReadCalls:  0.00
 3667683	[VERBOSE]	XnSensorFPS.cpp	86	[FPS] InputFrames - I:  0.00, D:  0.00, OutputFrames - I:  0.00, D:  0.00
 3881645	[VERBOSE]	XnProperty.cpp	151	Property Firmware.Stream1Mode (6) was changed to 2.
 3881688	[VERBOSE]	XnProperty.cpp	74	Setting Firmware.FrameSync (1) to 0...
 3894051	[VERBOSE]	XnProperty.cpp	101	Firmware.FrameSync (1) was successfully set.
 3894095	[VERBOSE]	XnProperty.cpp	101	Firmware.Stream1Mode (6) was successfully set.
 3894110	[VERBOSE]	XnProperty.cpp	74	Setting Firmware.DepthCropEnabled (55) to 0...
 3906413	[VERBOSE]	XnProperty.cpp	101	Firmware.DepthCropEnabled (55) was successfully set.
 3906467	[INFO]	XnProperty.cpp	151	Property Depth1.State was changed to 1.
 3906481	[INFO]	XnDeviceBase.cpp	370	Stream Depth1 is open.
 4003499	[VERBOSE]	XnOpenNI.cpp	588	[FPS] Depth1 (I: 32.75, O:  0.00) ReadCalls:  0.00
 4003540	[VERBOSE]	XnSensorFPS.cpp	86	[FPS] InputFrames - I:  0.00, D: 32.75, OutputFrames - I:  0.00, D:  0.00
 4934389	[VERBOSE]	XnHostProtocol.cpp	1546	Getting Cmos 0 VBlanking...
 4946823	[INFO]	XnHostProtocol.cpp	1561	Cmos 0 VBlanking: 9
 4946887	[INFO]	XnOpenNI.cpp	1258	Creating node 'Image1' of type Image: PrimeSense/SensorKinect/5.0.1.32...
 4946912	[INFO]	XnDeviceBase.cpp	1383	Creating stream 'Image1' of type 'Image'...
 4947058	[VERBOSE]	XnDeviceBase.cpp	1419	Initializing stream 'Image1'...
 4947199	[INFO]	XnProperty.cpp	151	Property Image1.FPS was changed to 30.
 4947217	[INFO]	XnProperty.cpp	151	Property Image1.OutputFormat was changed to 5.
 4947229	[INFO]	XnProperty.cpp	151	Property Image1.BytesPerPixel was changed to 3.
 4947241	[INFO]	XnProperty.cpp	151	Property Image1.RequiredDataSize was changed to 921600.
 4947267	[INFO]	XnProperty.cpp	151	Property Image1.SupportedModesCount was changed to 7.
 4947283	[INFO]	XnDeviceBase.cpp	1458	Stream 'Image1' was initialized.
 4947295	[INFO]	XnDeviceBase.cpp	1463	'Image1' stream was created.
 4947306	[VERBOSE]	XnDeviceModule.cpp	417	Configuring module 'Image1' from section 'Image' in file './../../../data/openni/config//GlobalDefaultsKinect.ini'...
 4947449	[INFO]	XnDeviceModule.cpp	431	Module 'Image1' configuration was loaded from file.
 4948394	[VERBOSE]	XnDeviceBase.cpp	359	Opening stream Image1...
 4948468	[VERBOSE]	XnFirmwareStreams.cpp	202	FW Stream Image was claimed by Image1
 4948490	[VERBOSE]	XnSensorImageStream.cpp	373	Creating USB image read thread...
 4948513	[VERBOSE]	XnUSBLinux-x86.cpp	1128	Starting a USB read thread...
 4949517	[INFO]	XnUSBLinux-x86.cpp	1220	USB read thread was started.
 4949571	[INFO]	XnProperty.cpp	151	Property Image1.ActualReadData was changed to 1.
 4949594	[VERBOSE]	XnProperty.cpp	74	Setting Firmware.ImageFormat (12) to 6...
 4962020	[VERBOSE]	XnProperty.cpp	101	Firmware.ImageFormat (12) was successfully set.
 4962073	[VERBOSE]	XnProperty.cpp	74	Setting Firmware.ImageResolution (13) to 1...
 4974443	[VERBOSE]	XnProperty.cpp	101	Firmware.ImageResolution (13) was successfully set.
 4974500	[VERBOSE]	XnProperty.cpp	74	Setting Firmware.ImageFPS (14) to 30...
 4986809	[VERBOSE]	XnProperty.cpp	101	Firmware.ImageFPS (14) was successfully set.
 4986855	[VERBOSE]	XnProperty.cpp	74	Setting Firmware.ImageFlicker (17) to 0...
 5003532	[VERBOSE]	XnOpenNI.cpp	588	[FPS] Depth1 (I: 30.69, O:  0.00) Image1 (I:  0.00, O:  0.00) ReadCalls:  0.00
 5003577	[VERBOSE]	XnSensorFPS.cpp	86	[FPS] InputFrames - I:  0.00, D: 30.69, OutputFrames - I:  0.00, D:  0.00
 5139456	[WARNING]	XnDepthProcessor.cpp	133	Read: Depth buffer is corrupt. Size is 514800 (!= 614400)
 5139499	[WARNING]	XnFrameStreamProcessor.cpp	138	Depth frame is corrupt!
 6003522	[VERBOSE]	XnOpenNI.cpp	588	[FPS] Depth1 (I: 29.97, O:  0.00) Image1 (I:  0.00, O:  0.00) ReadCalls:  0.00
 6003567	[VERBOSE]	XnSensorFPS.cpp	86	[FPS] InputFrames - I:  0.00, D: 29.97, OutputFrames - I:  0.00, D:  0.00
 6874498	[WARNING]	XnDepthProcessor.cpp	133	Read: Depth buffer is corrupt. Size is 327872 (!= 614400)
 6874549	[WARNING]	XnFrameStreamProcessor.cpp	138	Depth frame is corrupt!
 7006557	[VERBOSE]	XnOpenNI.cpp	588	[FPS] Depth1 (I: 29.28, O:  0.00) Image1 (I:  0.00, O:  0.00) ReadCalls:  0.00
 7006630	[VERBOSE]	XnSensorFPS.cpp	86	[FPS] InputFrames - I:  0.00, D: 29.28, OutputFrames - I:  0.00, D:  0.00
 7999248	[VERBOSE]	XnProperty.cpp	151	Property Firmware.ImageFlicker (17) was changed to 0.
 7999288	[VERBOSE]	XnProperty.cpp	101	Firmware.ImageFlicker (17) was successfully set.
 7999303	[VERBOSE]	XnProperty.cpp	74	Setting Firmware.ImageMirror (71) to 0...
 8006597	[VERBOSE]	XnOpenNI.cpp	588	[FPS] Depth1 (I: 29.28, O:  0.00) Image1 (I:  0.00, O:  0.00) ReadCalls:  0.00
 8006642	[VERBOSE]	XnSensorFPS.cpp	86	[FPS] InputFrames - I:  0.00, D: 29.28, OutputFrames - I:  0.00, D:  0.00
 8011718	[VERBOSE]	XnProperty.cpp	101	Firmware.ImageMirror (71) was successfully set.
 8012738	[VERBOSE]	XnFirmwareStreams.cpp	284	Firmware stream 'Image' processor was replaced.
 8012774	[VERBOSE]	XnProperty.cpp	74	Setting Firmware.Stream0Mode (5) to 1...
 8042522	[WARNING]	XnDepthProcessor.cpp	133	Read: Depth buffer is corrupt. Size is 572304 (!= 614400)
 8042571	[WARNING]	XnFrameStreamProcessor.cpp	138	Depth frame is corrupt!
 8126697	[VERBOSE]	XnProperty.cpp	151	Property Firmware.Stream0Mode (5) was changed to 1.
 8126748	[VERBOSE]	XnProperty.cpp	74	Setting Firmware.FrameSync (1) to 0...
 8139197	[VERBOSE]	XnProperty.cpp	101	Firmware.FrameSync (1) was successfully set.
 8139244	[VERBOSE]	XnProperty.cpp	101	Firmware.Stream0Mode (5) was successfully set.
 8139263	[VERBOSE]	XnProperty.cpp	74	Setting Firmware.ImageCropEnabled (50) to 0...
 8151462	[VERBOSE]	XnProperty.cpp	101	Firmware.ImageCropEnabled (50) was successfully set.
 8151516	[INFO]	XnProperty.cpp	151	Property Image1.State was changed to 1.
 8151533	[INFO]	XnDeviceBase.cpp	370	Stream Image1 is open.
 8151586	[INFO]	XnProperty.cpp	74	Setting Depth1.Registration to 1...
 8153700	[VERBOSE]	XnHostProtocol.cpp	1203	Getting algorithm params 0x40 for resolution 1 and fps 30....
 8174546	[WARNING]	XnDepthProcessor.cpp	133	Read: Depth buffer is corrupt. Size is 561024 (!= 614400)
 8174609	[WARNING]	XnFrameStreamProcessor.cpp	138	Depth frame is corrupt!
 8267346	[VERBOSE]	XnHostProtocol.cpp	1203	Getting algorithm params 0x41 for resolution 1 and fps 30....
 8302016	[VERBOSE]	XnProperty.cpp	74	Setting Firmware.Registration (2) to 0...
 8314595	[VERBOSE]	XnProperty.cpp	101	Firmware.Registration (2) was successfully set.
 8314655	[INFO]	XnProperty.cpp	151	Property Depth1.Registration was changed to 1.
 8314674	[INFO]	XnProperty.cpp	101	Depth1.Registration was successfully set.
 9006708	[VERBOSE]	XnOpenNI.cpp	588	[FPS] Depth1 (I: 28.98, O: 24.78) Image1 (I: 30.14, O: 24.78) ReadCalls: 27.92
 9006772	[VERBOSE]	XnSensorFPS.cpp	86	[FPS] InputFrames - I: 30.14, D: 28.98, OutputFrames - I: 24.78, D: 24.78
10001476	[VERBOSE]	XnOpenNI.cpp	588	[FPS] Depth1 (I: 29.38, O: 28.12) Image1 (I: 30.15, O: 28.13) ReadCalls: 30.56
10010541	[VERBOSE]	XnSensorFPS.cpp	86	[FPS] InputFrames - I: 30.01, D: 29.61, OutputFrames - I: 27.97, D: 27.97
11001411	[VERBOSE]	XnSensorFPS.cpp	86	[FPS] InputFrames - I: 30.10, D: 29.38, OutputFrames - I: 28.85, D: 28.85
11001491	[VERBOSE]	XnOpenNI.cpp	588	[FPS] Depth1 (I: 29.38, O: 28.85) Image1 (I: 30.10, O: 28.85) ReadCalls: 32.65
12000897	[VERBOSE]	XnSensorFPS.cpp	86	[FPS] InputFrames - I: 30.11, D: 30.06, OutputFrames - I: 29.93, D: 30.27
12000972	[VERBOSE]	XnOpenNI.cpp	588	[FPS] Depth1 (I: 30.06, O: 30.27) Image1 (I: 30.11, O: 29.93) ReadCalls: 36.59
13001620	[VERBOSE]	XnSensorFPS.cpp	86	[FPS] InputFrames - I: 30.11, D: 30.09, OutputFrames - I: 30.14, D: 30.14
13001696	[VERBOSE]	XnOpenNI.cpp	588	[FPS] Depth1 (I: 30.09, O: 30.14) Image1 (I: 30.11, O: 30.14) ReadCalls: 39.48
14010987	[VERBOSE]	XnOpenNI.cpp	588	[FPS] Depth1 (I: 29.98, O: 30.18) Image1 (I: 30.01, O: 30.18) ReadCalls: 39.32
14013514	[VERBOSE]	XnSensorFPS.cpp	86	[FPS] InputFrames - I: 30.31, D: 29.96, OutputFrames - I: 30.15, D: 30.15
15001340	[VERBOSE]	XnSensorFPS.cpp	86	[FPS] InputFrames - I: 30.12, D: 30.09, OutputFrames - I: 30.30, D: 29.96
15001418	[VERBOSE]	XnOpenNI.cpp	588	[FPS] Depth1 (I: 30.09, O: 29.96) Image1 (I: 30.12, O: 30.30) ReadCalls: 39.38
16012533	[VERBOSE]	XnOpenNI.cpp	588	[FPS] Depth1 (I: 30.02, O: 29.86) Image1 (I: 30.33, O: 30.20) ReadCalls: 38.89
16012674	[VERBOSE]	XnSensorFPS.cpp	86	[FPS] InputFrames - I: 30.33, D: 30.02, OutputFrames - I: 30.20, D: 29.86
17011465	[VERBOSE]	XnOpenNI.cpp	588	[FPS] Depth1 (I: 30.04, O: 30.08) Image1 (I: 30.02, O: 30.02) ReadCalls: 39.75
17012750	[VERBOSE]	XnSensorFPS.cpp	86	[FPS] InputFrames - I: 30.34, D: 30.03, OutputFrames - I: 30.01, D: 30.06
18009434	[VERBOSE]	XnOpenNI.cpp	588	[FPS] Depth1 (I: 30.05, O: 29.85) Image1 (I: 30.03, O: 30.19) ReadCalls: 40.00
18013132	[VERBOSE]	XnSensorFPS.cpp	86	[FPS] InputFrames - I: 30.32, D: 30.02, OutputFrames - I: 30.15, D: 29.81
19013022	[VERBOSE]	XnOpenNI.cpp	588	[FPS] Depth1 (I: 30.02, O: 30.11) Image1 (I: 30.32, O: 30.11) ReadCalls: 39.51
19013130	[VERBOSE]	XnSensorFPS.cpp	86	[FPS] InputFrames - I: 30.32, D: 30.02, OutputFrames - I: 30.10, D: 30.10
20010257	[VERBOSE]	XnOpenNI.cpp	588	[FPS] Depth1 (I: 30.08, O: 29.95) Image1 (I: 30.02, O: 30.03) ReadCalls: 40.05
20014148	[VERBOSE]	XnSensorFPS.cpp	86	[FPS] InputFrames - I: 30.31, D: 30.05, OutputFrames - I: 30.17, D: 29.91
21012842	[VERBOSE]	XnOpenNI.cpp	588	[FPS] Depth1 (I: 30.06, O: 30.30) Image1 (I: 30.32, O: 30.02) ReadCalls: 39.52
21012904	[VERBOSE]	XnSensorFPS.cpp	86	[FPS] InputFrames - I: 30.34, D: 30.06, OutputFrames - I: 30.01, D: 30.35
22003263	[VERBOSE]	XnSensorFPS.cpp	86	[FPS] InputFrames - I: 30.10, D: 30.16, OutputFrames - I: 29.78, D: 30.39
22003334	[VERBOSE]	XnOpenNI.cpp	588	[FPS] Depth1 (I: 30.15, O: 30.39) Image1 (I: 30.10, O: 29.78) ReadCalls: 39.57
23013094	[VERBOSE]	XnOpenNI.cpp	588	[FPS] Depth1 (I: 30.06, O: 30.32) Image1 (I: 30.32, O: 30.02) ReadCalls: 39.55
23013150	[VERBOSE]	XnSensorFPS.cpp	86	[FPS] InputFrames - I: 30.34, D: 30.06, OutputFrames - I: 30.02, D: 30.35
24010544	[VERBOSE]	XnOpenNI.cpp	588	[FPS] Depth1 (I: 30.12, O: 30.02) Image1 (I: 30.02, O: 30.05) ReadCalls: 40.06
24013402	[VERBOSE]	XnSensorFPS.cpp	86	[FPS] InputFrames - I: 30.31, D: 30.09, OutputFrames - I: 30.02, D: 29.99
25012661	[VERBOSE]	XnOpenNI.cpp	588	[FPS] Depth1 (I: 30.11, O: 30.20) Image1 (I: 30.32, O: 30.20) ReadCalls: 39.81
25012710	[VERBOSE]	XnSensorFPS.cpp	86	[FPS] InputFrames - I: 30.34, D: 30.11, OutputFrames - I: 30.20, D: 30.20
26012749	[VERBOSE]	XnOpenNI.cpp	588	[FPS] Depth1 (I: 30.10, O: 30.00) Image1 (I: 30.32, O: 30.08) ReadCalls: 38.88
26012797	[VERBOSE]	XnSensorFPS.cpp	86	[FPS] InputFrames - I: 30.34, D: 30.10, OutputFrames - I: 30.08, D: 30.00
27012768	[VERBOSE]	XnOpenNI.cpp	588	[FPS] Depth1 (I: 30.14, O: 30.03) Image1 (I: 30.32, O: 30.03) ReadCalls: 39.24
27012842	[VERBOSE]	XnSensorFPS.cpp	86	[FPS] InputFrames - I: 30.34, D: 30.14, OutputFrames - I: 30.03, D: 30.03
28007148	[VERBOSE]	XnOpenNI.cpp	588	[FPS] Depth1 (I: 30.20, O: 30.05) Image1 (I: 30.06, O: 30.13) ReadCalls: 39.67
28011850	[VERBOSE]	XnSensorFPS.cpp	86	[FPS] InputFrames - I: 30.01, D: 30.15, OutputFrames - I: 30.08, D: 30.34
29012666	[VERBOSE]	XnOpenNI.cpp	588	[FPS] Depth1 (I: 30.14, O: 30.10) Image1 (I: 30.33, O: 30.10) ReadCalls: 39.97
29012718	[VERBOSE]	XnSensorFPS.cpp	86	[FPS] InputFrames - I: 30.33, D: 30.14, OutputFrames - I: 30.10, D: 30.09
30013161	[VERBOSE]	XnOpenNI.cpp	588	[FPS] Depth1 (I: 30.14, O: 30.05) Image1 (I: 30.37, O: 30.05) ReadCalls: 40.30
30013220	[VERBOSE]	XnSensorFPS.cpp	86	[FPS] InputFrames - I: 30.37, D: 30.14, OutputFrames - I: 30.05, D: 30.05
31013167	[VERBOSE]	XnOpenNI.cpp	588	[FPS] Depth1 (I: 30.20, O: 29.96) Image1 (I: 30.37, O: 30.30) ReadCalls: 40.68
31013226	[VERBOSE]	XnSensorFPS.cpp	86	[FPS] InputFrames - I: 30.36, D: 30.20, OutputFrames - I: 30.30, D: 29.96
32013170	[VERBOSE]	XnOpenNI.cpp	588	[FPS] Depth1 (I: 30.18, O: 30.07) Image1 (I: 30.37, O: 30.07) ReadCalls: 40.68
32013222	[VERBOSE]	XnSensorFPS.cpp	86	[FPS] InputFrames - I: 30.37, D: 30.18, OutputFrames - I: 30.07, D: 30.07
33002942	[VERBOSE]	XnOpenNI.cpp	588	[FPS] Depth1 (I: 30.28, O: 30.21) Image1 (I: 30.10, O: 30.21) ReadCalls: 40.45
33003005	[VERBOSE]	XnSensorFPS.cpp	86	[FPS] InputFrames - I: 30.10, D: 30.28, OutputFrames - I: 30.21, D: 30.21
34002948	[VERBOSE]	XnOpenNI.cpp	588	[FPS] Depth1 (I: 30.28, O: 30.19) Image1 (I: 30.10, O: 30.19) ReadCalls: 40.36
34003053	[VERBOSE]	XnSensorFPS.cpp	86	[FPS] InputFrames - I: 30.10, D: 30.28, OutputFrames - I: 30.19, D: 30.19
35002989	[VERBOSE]	XnOpenNI.cpp	588	[FPS] Depth1 (I: 30.32, O: 30.25) Image1 (I: 30.10, O: 30.25) ReadCalls: 40.60
35003048	[VERBOSE]	XnSensorFPS.cpp	86	[FPS] InputFrames - I: 30.10, D: 30.32, OutputFrames - I: 30.25, D: 30.25
36003027	[VERBOSE]	XnOpenNI.cpp	588	[FPS] Depth1 (I: 30.32, O: 30.05) Image1 (I: 30.11, O: 30.28) ReadCalls: 40.18
36003090	[VERBOSE]	XnSensorFPS.cpp	86	[FPS] InputFrames - I: 30.11, D: 30.32, OutputFrames - I: 30.28, D: 30.05
37006956	[VERBOSE]	XnOpenNI.cpp	588	[FPS] Depth1 (I: 30.28, O: 30.07) Image1 (I: 30.06, O: 30.07) ReadCalls: 39.78
37007036	[VERBOSE]	XnSensorFPS.cpp	86	[FPS] InputFrames - I: 30.06, D: 30.28, OutputFrames - I: 30.07, D: 30.07
38006990	[VERBOSE]	XnOpenNI.cpp	588	[FPS] Depth1 (I: 30.28, O: 30.09) Image1 (I: 30.06, O: 30.09) ReadCalls: 39.72
38007050	[VERBOSE]	XnSensorFPS.cpp	86	[FPS] InputFrames - I: 30.06, D: 30.28, OutputFrames - I: 30.09, D: 30.09
39006027	[VERBOSE]	XnOpenNI.cpp	588	[FPS] Depth1 (I: 30.00, O: 30.19) Image1 (I: 30.11, O: 30.19) ReadCalls: 40.25
39007012	[VERBOSE]	XnSensorFPS.cpp	86	[FPS] InputFrames - I: 30.10, D: 30.32, OutputFrames - I: 30.18, D: 30.18
40007198	[VERBOSE]	XnOpenNI.cpp	588	[FPS] Depth1 (I: 30.32, O: 30.08) Image1 (I: 30.10, O: 30.30) ReadCalls: 39.58
40007261	[VERBOSE]	XnSensorFPS.cpp	86	[FPS] InputFrames - I: 30.09, D: 30.32, OutputFrames - I: 30.30, D: 30.08
41001567	[VERBOSE]	XnOpenNI.cpp	588	[FPS] Depth1 (I: 30.05, O: 30.18) Image1 (I: 30.15, O: 29.84) ReadCalls: 39.65
41001658	[VERBOSE]	XnSensorFPS.cpp	86	[FPS] InputFrames - I: 30.15, D: 30.05, OutputFrames - I: 30.18, D: 30.18
42011068	[VERBOSE]	XnOpenNI.cpp	588	[FPS] Depth1 (I: 30.32, O: 30.19) Image1 (I: 30.06, O: 30.28) ReadCalls: 38.98
42011167	[VERBOSE]	XnSensorFPS.cpp	86	[FPS] InputFrames - I: 30.06, D: 30.32, OutputFrames - I: 30.28, D: 30.19
43006812	[VERBOSE]	XnOpenNI.cpp	588	[FPS] Depth1 (I: 30.00, O: 30.21) Image1 (I: 30.10, O: 30.21) ReadCalls: 39.87
43011081	[VERBOSE]	XnSensorFPS.cpp	86	[FPS] InputFrames - I: 30.06, D: 30.32, OutputFrames - I: 30.16, D: 30.16
44007709	[VERBOSE]	XnOpenNI.cpp	588	[FPS] Depth1 (I: 30.03, O: 30.22) Image1 (I: 30.10, O: 30.22) ReadCalls: 39.11
44014929	[VERBOSE]	XnSensorFPS.cpp	86	[FPS] InputFrames - I: 30.03, D: 30.28, OutputFrames - I: 30.15, D: 30.15
45005067	[VERBOSE]	XnOpenNI.cpp	588	[FPS] Depth1 (I: 30.06, O: 30.10) Image1 (I: 30.13, O: 30.35) ReadCalls: 36.03
45015004	[VERBOSE]	XnSensorFPS.cpp	86	[FPS] InputFrames - I: 30.03, D: 30.28, OutputFrames - I: 30.24, D: 30.22
46015100	[VERBOSE]	XnOpenNI.cpp	588	[FPS] Depth1 (I: 30.32, O: 30.24) Image1 (I: 30.03, O: 30.30) ReadCalls: 32.65
46015169	[VERBOSE]	XnSensorFPS.cpp	86	[FPS] InputFrames - I: 30.03, D: 30.32, OutputFrames - I: 30.30, D: 30.24
47001675	[VERBOSE]	XnOpenNI.cpp	588	[FPS] Depth1 (I: 30.13, O: 29.84) Image1 (I: 30.16, O: 29.50) ReadCalls: 32.18
47005843	[VERBOSE]	XnSensorFPS.cpp	86	[FPS] InputFrames - I: 30.11, D: 30.09, OutputFrames - I: 29.46, D: 30.13
48017366	[VERBOSE]	XnOpenNI.cpp	588	[FPS] Depth1 (I: 29.96, O: 30.01) Image1 (I: 30.32, O: 29.68) ReadCalls: 34.92
48017431	[VERBOSE]	XnSensorFPS.cpp	86	[FPS] InputFrames - I: 30.32, D: 29.96, OutputFrames - I: 29.68, D: 30.01
49017383	[VERBOSE]	XnOpenNI.cpp	588	[FPS] Depth1 (I: 29.96, O: 30.04) Image1 (I: 30.33, O: 30.03) ReadCalls: 38.04
49017474	[VERBOSE]	XnSensorFPS.cpp	86	[FPS] InputFrames - I: 30.38, D: 29.96, OutputFrames - I: 30.03, D: 30.04
50016888	[VERBOSE]	XnOpenNI.cpp	588	[FPS] Depth1 (I: 30.01, O: 30.22) Image1 (I: 30.33, O: 30.22) ReadCalls: 38.66
50016957	[VERBOSE]	XnSensorFPS.cpp	86	[FPS] InputFrames - I: 30.33, D: 30.01, OutputFrames - I: 30.22, D: 30.22
51000253	[VERBOSE]	XnSensorFPS.cpp	86	[FPS] InputFrames - I: 30.17, D: 30.19, OutputFrames - I: 29.93, D: 30.27
51000314	[VERBOSE]	XnOpenNI.cpp	588	[FPS] Depth1 (I: 30.19, O: 30.27) Image1 (I: 30.17, O: 29.93) ReadCalls: 39.50
52007192	[VERBOSE]	XnOpenNI.cpp	588	[FPS] Depth1 (I: 30.12, O: 29.84) Image1 (I: 30.10, O: 30.18) ReadCalls: 39.66
52012060	[VERBOSE]	XnSensorFPS.cpp	86	[FPS] InputFrames - I: 30.05, D: 30.07, OutputFrames - I: 30.13, D: 30.13
53009087	[VERBOSE]	XnOpenNI.cpp	588	[FPS] Depth1 (I: 30.11, O: 29.88) Image1 (I: 30.08, O: 30.22) ReadCalls: 39.85
53013049	[VERBOSE]	XnSensorFPS.cpp	86	[FPS] InputFrames - I: 30.04, D: 30.07, OutputFrames - I: 30.18, D: 30.18
54014225	[VERBOSE]	XnOpenNI.cpp	588	[FPS] Depth1 (I: 30.05, O: 29.81) Image1 (I: 30.03, O: 30.14) ReadCalls: 39.62
54018261	[VERBOSE]	XnSensorFPS.cpp	86	[FPS] InputFrames - I: 30.31, D: 30.01, OutputFrames - I: 30.10, D: 29.77
55005059	[VERBOSE]	XnSensorFPS.cpp	86	[FPS] InputFrames - I: 30.12, D: 30.18, OutputFrames - I: 30.09, D: 30.40
55005142	[VERBOSE]	XnOpenNI.cpp	588	[FPS] Depth1 (I: 30.18, O: 30.43) Image1 (I: 30.12, O: 30.09) ReadCalls: 39.66
56008047	[VERBOSE]	XnOpenNI.cpp	588	[FPS] Depth1 (I: 30.15, O: 30.05) Image1 (I: 30.10, O: 30.07) ReadCalls: 39.97
56012478	[VERBOSE]	XnSensorFPS.cpp	86	[FPS] InputFrames - I: 30.05, D: 30.11, OutputFrames - I: 30.03, D: 30.34
57006765	[VERBOSE]	XnOpenNI.cpp	588	[FPS] Depth1 (I: 30.16, O: 30.13) Image1 (I: 30.12, O: 30.13) ReadCalls: 40.32
57010978	[VERBOSE]	XnSensorFPS.cpp	86	[FPS] InputFrames - I: 30.07, D: 30.12, OutputFrames - I: 30.09, D: 30.42
58017110	[VERBOSE]	XnOpenNI.cpp	588	[FPS] Depth1 (I: 30.06, O: 29.85) Image1 (I: 30.36, O: 30.18) ReadCalls: 39.83
58017190	[VERBOSE]	XnSensorFPS.cpp	86	[FPS] InputFrames - I: 30.33, D: 30.06, OutputFrames - I: 30.18, D: 29.85
59005821	[VERBOSE]	XnOpenNI.cpp	588	[FPS] Depth1 (I: 30.22, O: 30.07) Image1 (I: 30.12, O: 30.07) ReadCalls: 40.60
59011098	[VERBOSE]	XnSensorFPS.cpp	86	[FPS] InputFrames - I: 30.06, D: 30.16, OutputFrames - I: 30.01, D: 30.35
59049465	[INFO]	XnOpenNI.cpp	1458	Destroying node 'Depth1'
59049539	[INFO]	XnDeviceBase.cpp	1507	Destroying stream 'Depth1'...
59049908	[VERBOSE]	XnFirmwareStreams.cpp	225	Stream Depth1 released FW Stream Depth
59050768	[VERBOSE]	XnDeviceBase.cpp	1531	'Depth1' stream destroyed.
59050864	[INFO]	XnOpenNI.cpp	1458	Destroying node 'Image1'
59050907	[INFO]	XnDeviceBase.cpp	1507	Destroying stream 'Image1'...
59051393	[VERBOSE]	XnFirmwareStreams.cpp	225	Stream Image1 released FW Stream Image
59052207	[VERBOSE]	XnDeviceBase.cpp	1531	'Image1' stream destroyed.
59052234	[INFO]	XnOpenNI.cpp	1458	Destroying node 'Device1'
59052269	[VERBOSE]	XnProperty.cpp	74	Setting Firmware.Stream0Mode (5) to 0...
59166337	[VERBOSE]	XnProperty.cpp	151	Property Firmware.Stream0Mode (5) was changed to 0.
59166381	[VERBOSE]	XnProperty.cpp	74	Setting Firmware.FrameSync (1) to 0...
59178426	[VERBOSE]	XnProperty.cpp	101	Firmware.FrameSync (1) was successfully set.
59178479	[VERBOSE]	XnProperty.cpp	101	Firmware.Stream0Mode (5) was successfully set.
59178503	[VERBOSE]	XnProperty.cpp	74	Setting Firmware.Stream1Mode (6) to 0...
59490600	[VERBOSE]	XnProperty.cpp	151	Property Firmware.Stream1Mode (6) was changed to 0.
59490643	[VERBOSE]	XnProperty.cpp	74	Setting Firmware.FrameSync (1) to 0...
59502870	[VERBOSE]	XnProperty.cpp	101	Firmware.FrameSync (1) was successfully set.
59502915	[VERBOSE]	XnProperty.cpp	101	Firmware.Stream1Mode (6) was successfully set.
59502928	[VERBOSE]	XnProperty.cpp	74	Setting Firmware.Stream2Mode (7) to 0...
59516083	[VERBOSE]	XnProperty.cpp	101	Firmware.Stream2Mode (7) was successfully set.
59516137	[VERBOSE]	XnDeviceSensorIO.cpp	301	Shutting down USB depth read thread...
59521734	[VERBOSE]	XnDeviceSensorIO.cpp	311	Shutting down USB image read thread...
59527983	[VERBOSE]	XnDeviceSensorIO.cpp	358	Device closed successfully
59529481	[VERBOSE]	XnDeviceSensorIO.cpp	301	Shutting down USB depth read thread...
59529522	[VERBOSE]	XnDeviceSensorIO.cpp	311	Shutting down USB image read thread...
59529533	[VERBOSE]	XnDeviceSensorIO.cpp	358	Device closed successfully
