     617	[INFO]	XnLog.cpp	161	OpenNI version is 1.1.0 (Build 41)-MacOSX (Jul  9 2011 14:48:28)
     687	[INFO]	XnLog.cpp	169	Log system initialized. Console: 1, File: 1, Severity: VERBOSE, Masks: ALL
     727	[INFO]	XnLog.cpp	169	Log system initialized. Console: 1, File: 1, Severity: VERBOSE, Masks: ALL
     895	[VERBOSE]	XnModuleLoader.cpp	288	Checking ./../../../data/openni/lib/libnimMockNodes.dylib...
    1078	[VERBOSE]	XnModuleLoader.cpp	446	Found exported production node. ProductionNode: OpenNI/Mock/1.1.0.41
    1127	[VERBOSE]	XnModuleLoader.cpp	446	Found exported production node. Generator: OpenNI/Mock/1.1.0.41
    1155	[VERBOSE]	XnModuleLoader.cpp	446	Found exported production node. MapGenerator: OpenNI/Mock/1.1.0.41
    1181	[VERBOSE]	XnModuleLoader.cpp	446	Found exported production node. Device: OpenNI/Mock/1.1.0.41
    1206	[VERBOSE]	XnModuleLoader.cpp	446	Found exported production node. Depth: OpenNI/Mock/1.1.0.41
    1247	[VERBOSE]	XnModuleLoader.cpp	446	Found exported production node. IR: OpenNI/Mock/1.1.0.41
    1275	[VERBOSE]	XnModuleLoader.cpp	446	Found exported production node. Image: OpenNI/Mock/1.1.0.41
    1309	[VERBOSE]	XnModuleLoader.cpp	446	Found exported production node. Audio: OpenNI/Mock/1.1.0.41
    1343	[VERBOSE]	XnModuleLoader.cpp	288	Checking ./../../../data/openni/lib/libnimCodecs.dylib...
    1454	[VERBOSE]	XnModuleLoader.cpp	446	Found exported production node. Codec: OpenNI/16zP/1.1.0.41
    1490	[VERBOSE]	XnModuleLoader.cpp	446	Found exported production node. Codec: OpenNI/16zT/1.1.0.41
    1514	[VERBOSE]	XnModuleLoader.cpp	446	Found exported production node. Codec: OpenNI/Im8z/1.1.0.41
    1547	[VERBOSE]	XnModuleLoader.cpp	446	Found exported production node. Codec: OpenNI/JPEG/1.1.0.41
    1573	[VERBOSE]	XnModuleLoader.cpp	446	Found exported production node. Codec: OpenNI/NONE/1.1.0.41
    1594	[VERBOSE]	XnModuleLoader.cpp	288	Checking ./../../../data/openni/lib/libnimRecorder.dylib...
    1702	[VERBOSE]	XnModuleLoader.cpp	446	Found exported production node. Recorder: OpenNI/Recorder/1.1.0.41
    1741	[VERBOSE]	XnModuleLoader.cpp	446	Found exported production node. Player: OpenNI/Player/1.1.0.41
    1767	[VERBOSE]	XnModuleLoader.cpp	288	Checking ./../../../data/openni/lib/libXnDeviceSensorV2KM.dylib...
    1885	[VERBOSE]	XnModuleLoader.cpp	446	Found exported production node. Device: PrimeSense/SensorKinect/5.0.1.32
    1927	[VERBOSE]	XnModuleLoader.cpp	446	Found exported production node. Depth: PrimeSense/SensorKinect/5.0.1.32
    1970	[VERBOSE]	XnModuleLoader.cpp	446	Found exported production node. Image: PrimeSense/SensorKinect/5.0.1.32
    2001	[VERBOSE]	XnModuleLoader.cpp	446	Found exported production node. IR: PrimeSense/SensorKinect/5.0.1.32
    2032	[VERBOSE]	XnModuleLoader.cpp	446	Found exported production node. Audio: PrimeSense/SensorKinect/5.0.1.32
    2059	[VERBOSE]	XnModuleLoader.cpp	288	Checking ./../../../data/openni/lib/libXnVFeatures_1_3_1.dylib...
    2174	[VERBOSE]	XnModuleLoader.cpp	446	Found exported production node. Scene: PrimeSense/XnVSceneAnalyzer/1.3.1.4
    2209	[VERBOSE]	XnModuleLoader.cpp	446	Found exported production node. User: PrimeSense/XnVSkeletonGenerator/1.3.1.4
    2251	[VERBOSE]	XnModuleLoader.cpp	288	Checking ./../../../data/openni/lib/libXnVHandGenerator_1_3_1.dylib...
    2373	[VERBOSE]	XnModuleLoader.cpp	446	Found exported production node. Gesture: PrimeSense/XnVGestureGenrator/1.3.1.4
    2418	[VERBOSE]	XnModuleLoader.cpp	446	Found exported production node. Hands: PrimeSense/XnVHandTracker/1.3.1.4
    2695	[VERBOSE]	XnXmlConfig.cpp	736	Requested to create a node of type Depth...
    2783	[VERBOSE]	XnUSBLinux-x86.cpp	83	Initializing USB...
    3275	[INFO]	XnUSBLinux-x86.cpp	94	USB is initialized.
 1528501	[INFO]	XnOpenNI.cpp	1258	Creating node 'Device1' of type Device: PrimeSense/SensorKinect/5.0.1.32...
 1528822	[VERBOSE]	XnSensor.cpp	837	Global configuration file './../../../data/openni/config//GlobalDefaultsKinect.ini' was not found.
 1528846	[VERBOSE]	XnSensor.cpp	157	Initializing device sensor...
 1528921	[VERBOSE]	XnDeviceModule.cpp	417	Configuring module 'Device' from section 'Device' in file './../../../data/openni/config//GlobalDefaultsKinect.ini'...
 1529025	[INFO]	XnDeviceModule.cpp	431	Module 'Device' configuration was loaded from file.
 1529075	[VERBOSE]	XnDeviceSensorIO.cpp	76	Connecting to USB device...
 1529089	[VERBOSE]	XnDeviceSensorIO.cpp	94	Trying to open sensor '045e/02ae@250/10'...
 1966443	[VERBOSE]	XnDeviceSensorIO.cpp	107	Trying to open endpoint 0x4 for control out (for old firmwares)...
 1966495	[INFO]	XnDeviceSensorIO.cpp	128	Connected to USB device
 1966515	[INFO]	XnProperty.cpp	151	Property Device.USBPath was changed to 045e/02ae@250/10.
 1973224	[VERBOSE]	XnHostProtocol.cpp	706	Getting hardware versions...
 1974497	[INFO]	XnHostProtocol.cpp	859	Hardware versions: FW=5.1.4 (7) HW=4 Chip=2 Sensor=4 SYS=7
 1987052	[VERBOSE]	XnHostProtocol.cpp	869	Requesting KeepAlive...
 1999383	[VERBOSE]	XnHostProtocol.cpp	880	Got KeepAlive Reply.
 1999422	[VERBOSE]	XnHostProtocol.cpp	1156	Setting mode to 3...
 2811973	[VERBOSE]	XnHostProtocol.cpp	869	Requesting KeepAlive...
 2824413	[VERBOSE]	XnHostProtocol.cpp	880	Got KeepAlive Reply.
 2836827	[VERBOSE]	XnProperty.cpp	151	Property Firmware.ReferenceResolution was changed to 2.
 2836874	[VERBOSE]	XnSensorFirmwareParams.cpp	282	Reading all params from firmware...
 2886530	[VERBOSE]	XnProperty.cpp	151	Property Firmware.DepthMirror (23) was changed to 1.
 2911572	[VERBOSE]	XnProperty.cpp	151	Property Firmware.DepthHoleFilter (22) was changed to 1.
 2911635	[VERBOSE]	XnProperty.cpp	151	Property Firmware.ImageSharpness (76) was changed to 50.
 2936192	[VERBOSE]	XnProperty.cpp	151	Property Firmware.DepthGain (21) was changed to 30.
 2948428	[VERBOSE]	XnProperty.cpp	151	Property Firmware.GMCMode (36) was changed to 1.
 2973300	[VERBOSE]	XnProperty.cpp	151	Property Firmware.DepthFPS (20) was changed to 30.
 2985796	[VERBOSE]	XnProperty.cpp	151	Property Firmware.DepthWhiteBalance (45) was changed to 1.
 2998154	[VERBOSE]	XnProperty.cpp	151	Property Firmware.DepthResolution (19) was changed to 1.
 3010383	[VERBOSE]	XnProperty.cpp	151	Property Firmware.DepthFormat (18) was changed to 3.
 3158014	[VERBOSE]	XnProperty.cpp	151	Property Firmware.ImageFlicker (17) was changed to 1.
 3207320	[VERBOSE]	XnProperty.cpp	151	Property Firmware.ImageFPS (14) was changed to 30.
 3231923	[VERBOSE]	XnProperty.cpp	151	Property Firmware.ImageResolution (13) was changed to 1.
 3367936	[VERBOSE]	XnSensorFirmwareParams.cpp	291	Firmware params were updated.
 3368012	[VERBOSE]	XnHostProtocol.cpp	989	Getting the fixed params...
 3380790	[VERBOSE]	XnSensorFixedParams.cpp	54	Sensor serial number: 0
 3380836	[INFO]	XnProperty.cpp	151	Property Device.PhysicalDeviceName was changed to PrimeSense Sensor.
 3380855	[INFO]	XnProperty.cpp	151	Property Device.ID was changed to 0.
 3380895	[INFO]	XnSensor.cpp	185	Device sensor initialized
 3381009	[INFO]	XnOpenNI.cpp	1258	Creating node 'Depth1' of type Depth: PrimeSense/SensorKinect/5.0.1.32...
 3381055	[INFO]	XnDeviceBase.cpp	1383	Creating stream 'Depth1' of type 'Depth'...
 3381079	[INFO]	XnProperty.cpp	74	Setting Device.ReadData to 1...
 3381097	[VERBOSE]	XnDeviceSensorIO.cpp	160	Opening endpoints...
 3381113	[VERBOSE]	XnDeviceSensorIO.cpp	170	Opening endpoint 0x81 for depth...
 3381159	[VERBOSE]	XnDeviceSensorIO.cpp	194	Depth endpoint is isochronous.
 3381179	[VERBOSE]	XnDeviceSensorIO.cpp	220	Opening endpoint 0x82 for image...
 3381201	[VERBOSE]	XnDeviceSensorIO.cpp	233	Image endpoint is isochronous.
 3381218	[VERBOSE]	XnDeviceSensorIO.cpp	250	Opening endpoint 0x83 for misc...
 3381236	[VERBOSE]	XnDeviceSensorIO.cpp	264	Misc endpoint is not supported...
 3381252	[INFO]	XnDeviceSensorIO.cpp	291	Endpoints open
 3381267	[VERBOSE]	XnHostProtocol.cpp	1203	Getting algorithm params 0x80 for resolution 0 and fps 0....
 3393573	[INFO]	XnProperty.cpp	151	Property Device.ReadData was changed to 1.
 3393622	[INFO]	XnProperty.cpp	101	Device.ReadData was successfully set.
 3393825	[VERBOSE]	XnDeviceBase.cpp	1419	Initializing stream 'Depth1'...
 3394030	[INFO]	XnProperty.cpp	151	Property Depth1.FPS was changed to 30.
 3394082	[INFO]	XnProperty.cpp	151	Property Depth1.OutputFormat was changed to 1.
 3394096	[INFO]	XnProperty.cpp	151	Property Depth1.BytesPerPixel was changed to 2.
 3394107	[INFO]	XnProperty.cpp	151	Property Depth1.RequiredDataSize was changed to 614400.
 3394132	[INFO]	XnProperty.cpp	151	Property Depth1.ParamCoeff was changed to 4.
 3394199	[INFO]	XnProperty.cpp	151	Property Depth1.ShiftScale was changed to 10.
 3394261	[VERBOSE]	XnHostProtocol.cpp	1203	Getting algorithm params 0x0 for resolution 1 and fps 30....
 3406341	[INFO]	XnProperty.cpp	151	Property Depth1.ConstShift was changed to 200.
 3406485	[INFO]	XnProperty.cpp	151	Property Depth1.ZPD was changed to 120.
 3406619	[INFO]	XnProperty.cpp	151	Property Depth1.ZPPS was changed to 0.104200.
 3406641	[INFO]	XnProperty.cpp	151	Property Depth1.LDDIS was changed to 7.500000.
 3406760	[INFO]	XnProperty.cpp	151	Property Depth1.Gain was changed to 30.
 3406800	[INFO]	XnProperty.cpp	151	Property Depth1.SupportedModesCount was changed to 9.
 3406831	[INFO]	XnDeviceBase.cpp	1458	Stream 'Depth1' was initialized.
 3406849	[INFO]	XnDeviceBase.cpp	1463	'Depth1' stream was created.
 3406867	[VERBOSE]	XnDeviceModule.cpp	417	Configuring module 'Depth1' from section 'Depth' in file './../../../data/openni/config//GlobalDefaultsKinect.ini'...
 3407027	[INFO]	XnDeviceModule.cpp	431	Module 'Depth1' configuration was loaded from file.
 3407205	[INFO]	XnProperty.cpp	74	Setting Depth1.Mirror to 1...
 3407225	[INFO]	XnProperty.cpp	151	Property Depth1.FirmwareMirror was changed to 1.
 3407242	[INFO]	XnProperty.cpp	151	Property Depth1.Mirror was changed to 1.
 3407258	[INFO]	XnProperty.cpp	101	Depth1.Mirror was successfully set.
 3407278	[VERBOSE]	XnDeviceBase.cpp	359	Opening stream Depth1...
 3407310	[VERBOSE]	XnFirmwareStreams.cpp	202	FW Stream Depth was claimed by Depth1
 3407332	[VERBOSE]	XnSensorDepthStream.cpp	336	Creating USB depth read thread...
 3407350	[VERBOSE]	XnUSBLinux-x86.cpp	104	Starting libusb asynch thread...
 3407424	[WARNING]	Linux-x86Threads.cpp	166	Failed to set thread priority: Invalid argument
 3407444	[WARNING]	XnUSBLinux-x86.cpp	122	USB events thread: Failed to set thread priority to critical. This might cause loss of data...
 3407469	[VERBOSE]	XnUSBLinux-x86.cpp	1128	Starting a USB read thread...
 3408538	[INFO]	XnUSBLinux-x86.cpp	1220	USB read thread was started.
 3408575	[INFO]	XnProperty.cpp	151	Property Depth1.ActualReadData was changed to 1.
 3408604	[VERBOSE]	XnProperty.cpp	74	Setting Firmware.DepthFormat (18) to 3...
 3420819	[VERBOSE]	XnProperty.cpp	101	Firmware.DepthFormat (18) was successfully set.
 3420868	[VERBOSE]	XnProperty.cpp	74	Setting Firmware.DepthResolution (19) to 1...
 3432910	[VERBOSE]	XnProperty.cpp	101	Firmware.DepthResolution (19) was successfully set.
 3432962	[VERBOSE]	XnProperty.cpp	74	Setting Firmware.DepthFPS (20) to 30...
 3445009	[VERBOSE]	XnProperty.cpp	101	Firmware.DepthFPS (20) was successfully set.
 3445042	[VERBOSE]	XnProperty.cpp	74	Setting Firmware.DepthHoleFilter (22) to 1...
 3457192	[VERBOSE]	XnProperty.cpp	101	Firmware.DepthHoleFilter (22) was successfully set.
 3457235	[VERBOSE]	XnProperty.cpp	74	Setting Firmware.DepthGain (21) to 30...
 3469313	[VERBOSE]	XnProperty.cpp	101	Firmware.DepthGain (21) was successfully set.
 3469355	[VERBOSE]	XnProperty.cpp	74	Setting Firmware.DepthDecimation (24) to 0...
 3481531	[VERBOSE]	XnProperty.cpp	101	Firmware.DepthDecimation (24) was successfully set.
 3481589	[VERBOSE]	XnProperty.cpp	74	Setting Firmware.Registration (2) to 0...
 3493640	[VERBOSE]	XnProperty.cpp	101	Firmware.Registration (2) was successfully set.
 3493674	[VERBOSE]	XnProperty.cpp	74	Setting Firmware.DepthMirror (23) to 1...
 3505814	[VERBOSE]	XnProperty.cpp	101	Firmware.DepthMirror (23) was successfully set.
 3505856	[VERBOSE]	XnProperty.cpp	74	Setting Firmware.GMCMode (36) to 1...
 3518002	[VERBOSE]	XnProperty.cpp	101	Firmware.GMCMode (36) was successfully set.
 3518053	[VERBOSE]	XnProperty.cpp	74	Setting Firmware.DepthWhiteBalance (45) to 1...
 3530141	[VERBOSE]	XnProperty.cpp	101	Firmware.DepthWhiteBalance (45) was successfully set.
 3530226	[VERBOSE]	XnHostProtocol.cpp	1203	Getting algorithm params 0x6 for resolution 1 and fps 30....
 3554340	[VERBOSE]	XnFirmwareStreams.cpp	284	Firmware stream 'Depth' processor was replaced.
 3554381	[VERBOSE]	XnProperty.cpp	74	Setting Firmware.Stream1Mode (6) to 2...
 3652614	[VERBOSE]	XnOpenNI.cpp	588	[FPS] Depth1 (I:  0.00, O:  0.00) ReadCalls:  0.00
 3652677	[VERBOSE]	XnSensorFPS.cpp	86	[FPS] InputFrames - I:  0.00, D:  0.00, OutputFrames - I:  0.00, D:  0.00
 3866654	[VERBOSE]	XnProperty.cpp	151	Property Firmware.Stream1Mode (6) was changed to 2.
 3866696	[VERBOSE]	XnProperty.cpp	74	Setting Firmware.FrameSync (1) to 0...
 3878891	[VERBOSE]	XnProperty.cpp	101	Firmware.FrameSync (1) was successfully set.
 3878939	[VERBOSE]	XnProperty.cpp	101	Firmware.Stream1Mode (6) was successfully set.
 3878961	[VERBOSE]	XnProperty.cpp	74	Setting Firmware.DepthCropEnabled (55) to 0...
 3891286	[VERBOSE]	XnProperty.cpp	101	Firmware.DepthCropEnabled (55) was successfully set.
 3891343	[INFO]	XnProperty.cpp	151	Property Depth1.State was changed to 1.
 3891357	[INFO]	XnDeviceBase.cpp	370	Stream Depth1 is open.
 4020502	[VERBOSE]	XnOpenNI.cpp	588	[FPS] Depth1 (I: 32.62, O:  0.00) ReadCalls:  0.00
 4020547	[VERBOSE]	XnSensorFPS.cpp	86	[FPS] InputFrames - I:  0.00, D: 32.62, OutputFrames - I:  0.00, D:  0.00
 5011860	[VERBOSE]	XnOpenNI.cpp	588	[FPS] Depth1 (I: 30.16, O: 27.87) ReadCalls: 28.83
 5020510	[VERBOSE]	XnSensorFPS.cpp	86	[FPS] InputFrames - I:  0.00, D: 30.71, OutputFrames - I:  0.00, D: 27.64
 6010105	[VERBOSE]	XnOpenNI.cpp	588	[FPS] Depth1 (I: 30.12, O: 28.94) ReadCalls: 29.43
 6024505	[VERBOSE]	XnSensorFPS.cpp	86	[FPS] InputFrames - I:  0.00, D: 30.36, OutputFrames - I:  0.00, D: 28.73
 6868123	[WARNING]	XnUSBLinux-x86.cpp	1076	Endpoint 0x82, Buffer 3: Asynch transfer failed (status: 1)
 6892521	[WARNING]	XnDepthProcessor.cpp	133	Read: Depth buffer is corrupt. Size is 398928 (!= 614400)
 6892573	[WARNING]	XnFrameStreamProcessor.cpp	138	Depth frame is corrupt!
 7013912	[VERBOSE]	XnOpenNI.cpp	588	[FPS] Depth1 (I: 29.06, O: 29.29) ReadCalls: 29.64
 7024532	[VERBOSE]	XnSensorFPS.cpp	86	[FPS] InputFrames - I:  0.00, D: 29.31, OutputFrames - I:  0.00, D: 29.19
 8013614	[VERBOSE]	XnOpenNI.cpp	588	[FPS] Depth1 (I: 29.07, O: 29.07) ReadCalls: 29.42
 8024558	[VERBOSE]	XnSensorFPS.cpp	86	[FPS] InputFrames - I:  0.00, D: 29.31, OutputFrames - I:  0.00, D: 28.98
 9013504	[VERBOSE]	XnOpenNI.cpp	588	[FPS] Depth1 (I: 29.11, O: 29.11) ReadCalls: 29.61
 9028522	[VERBOSE]	XnSensorFPS.cpp	86	[FPS] InputFrames - I:  0.00, D: 29.27, OutputFrames - I:  0.00, D: 29.12
10013934	[VERBOSE]	XnOpenNI.cpp	588	[FPS] Depth1 (I: 30.11, O: 30.11) ReadCalls: 30.33
10028522	[VERBOSE]	XnSensorFPS.cpp	86	[FPS] InputFrames - I:  0.00, D: 30.28, OutputFrames - I:  0.00, D: 29.95
11017695	[VERBOSE]	XnOpenNI.cpp	588	[FPS] Depth1 (I: 30.07, O: 30.07) ReadCalls: 30.62
11028603	[VERBOSE]	XnSensorFPS.cpp	86	[FPS] InputFrames - I:  0.00, D: 30.32, OutputFrames - I:  0.00, D: 30.17
12017567	[VERBOSE]	XnOpenNI.cpp	588	[FPS] Depth1 (I: 30.11, O: 30.11) ReadCalls: 30.33
12028626	[VERBOSE]	XnSensorFPS.cpp	86	[FPS] InputFrames - I:  0.00, D: 30.32, OutputFrames - I:  0.00, D: 29.99
13019393	[VERBOSE]	XnOpenNI.cpp	588	[FPS] Depth1 (I: 30.09, O: 30.09) ReadCalls: 30.31
13032574	[VERBOSE]	XnSensorFPS.cpp	86	[FPS] InputFrames - I:  0.00, D: 30.28, OutputFrames - I:  0.00, D: 29.95
14000580	[VERBOSE]	XnOpenNI.cpp	588	[FPS] Depth1 (I: 30.28, O: 29.95) ReadCalls: 30.17
14000627	[VERBOSE]	XnSensorFPS.cpp	86	[FPS] InputFrames - I:  0.00, D: 30.28, OutputFrames - I:  0.00, D: 29.95
15000652	[VERBOSE]	XnOpenNI.cpp	588	[FPS] Depth1 (I: 30.28, O: 29.95) ReadCalls: 30.17
15000704	[VERBOSE]	XnSensorFPS.cpp	86	[FPS] InputFrames - I:  0.00, D: 30.28, OutputFrames - I:  0.00, D: 29.95
16000665	[VERBOSE]	XnOpenNI.cpp	588	[FPS] Depth1 (I: 30.32, O: 29.99) ReadCalls: 30.19
16000742	[VERBOSE]	XnSensorFPS.cpp	86	[FPS] InputFrames - I:  0.00, D: 30.32, OutputFrames - I:  0.00, D: 29.99
17000641	[VERBOSE]	XnOpenNI.cpp	588	[FPS] Depth1 (I: 30.32, O: 30.00) ReadCalls: 30.23
17000730	[VERBOSE]	XnSensorFPS.cpp	86	[FPS] InputFrames - I:  0.00, D: 30.32, OutputFrames - I:  0.00, D: 29.99
18004621	[VERBOSE]	XnOpenNI.cpp	588	[FPS] Depth1 (I: 30.28, O: 29.95) ReadCalls: 30.21
18004676	[VERBOSE]	XnSensorFPS.cpp	86	[FPS] InputFrames - I:  0.00, D: 30.28, OutputFrames - I:  0.00, D: 29.95
18972632	[WARNING]	XnDepthProcessor.cpp	133	Read: Depth buffer is corrupt. Size is 611856 (!= 614400)
18972673	[WARNING]	XnFrameStreamProcessor.cpp	138	Depth frame is corrupt!
19004645	[VERBOSE]	XnOpenNI.cpp	588	[FPS] Depth1 (I: 29.95, O: 29.61) ReadCalls: 29.88
19004700	[VERBOSE]	XnSensorFPS.cpp	86	[FPS] InputFrames - I:  0.00, D: 29.95, OutputFrames - I:  0.00, D: 29.61
20004705	[VERBOSE]	XnOpenNI.cpp	588	[FPS] Depth1 (I: 29.99, O: 29.65) ReadCalls: 29.89
20004755	[VERBOSE]	XnSensorFPS.cpp	86	[FPS] InputFrames - I:  0.00, D: 29.99, OutputFrames - I:  0.00, D: 29.65
21004771	[VERBOSE]	XnOpenNI.cpp	588	[FPS] Depth1 (I: 29.99, O: 29.65) ReadCalls: 29.90
21004831	[VERBOSE]	XnSensorFPS.cpp	86	[FPS] InputFrames - I:  0.00, D: 29.99, OutputFrames - I:  0.00, D: 29.65
22008659	[VERBOSE]	XnOpenNI.cpp	588	[FPS] Depth1 (I: 30.28, O: 29.95) ReadCalls: 30.23
22008707	[VERBOSE]	XnSensorFPS.cpp	86	[FPS] InputFrames - I:  0.00, D: 30.28, OutputFrames - I:  0.00, D: 29.95
23008721	[VERBOSE]	XnOpenNI.cpp	588	[FPS] Depth1 (I: 30.32, O: 29.99) ReadCalls: 30.23
23008762	[VERBOSE]	XnSensorFPS.cpp	86	[FPS] InputFrames - I:  0.00, D: 30.32, OutputFrames - I:  0.00, D: 29.99
24008754	[VERBOSE]	XnOpenNI.cpp	588	[FPS] Depth1 (I: 30.32, O: 29.99) ReadCalls: 30.25
24008801	[VERBOSE]	XnSensorFPS.cpp	86	[FPS] InputFrames - I:  0.00, D: 30.32, OutputFrames - I:  0.00, D: 29.99
25012709	[VERBOSE]	XnOpenNI.cpp	588	[FPS] Depth1 (I: 30.28, O: 29.95) ReadCalls: 30.25
25012757	[VERBOSE]	XnSensorFPS.cpp	86	[FPS] InputFrames - I:  0.00, D: 30.28, OutputFrames - I:  0.00, D: 29.95
26012734	[VERBOSE]	XnOpenNI.cpp	588	[FPS] Depth1 (I: 30.28, O: 29.95) ReadCalls: 30.26
26012781	[VERBOSE]	XnSensorFPS.cpp	86	[FPS] InputFrames - I:  0.00, D: 30.28, OutputFrames - I:  0.00, D: 29.95
27003423	[VERBOSE]	XnOpenNI.cpp	588	[FPS] Depth1 (I: 30.05, O: 30.05) ReadCalls: 30.27
27012790	[VERBOSE]	XnSensorFPS.cpp	86	[FPS] InputFrames - I:  0.00, D: 30.32, OutputFrames - I:  0.00, D: 29.99
28003520	[VERBOSE]	XnOpenNI.cpp	588	[FPS] Depth1 (I: 30.09, O: 30.09) ReadCalls: 30.37
28012805	[VERBOSE]	XnSensorFPS.cpp	86	[FPS] InputFrames - I:  0.00, D: 30.32, OutputFrames - I:  0.00, D: 29.99
29004068	[VERBOSE]	XnOpenNI.cpp	588	[FPS] Depth1 (I: 30.09, O: 30.09) ReadCalls: 30.31
29016728	[VERBOSE]	XnSensorFPS.cpp	86	[FPS] InputFrames - I:  0.00, D: 30.28, OutputFrames - I:  0.00, D: 29.95
30007491	[VERBOSE]	XnOpenNI.cpp	588	[FPS] Depth1 (I: 30.05, O: 30.05) ReadCalls: 30.37
30016834	[VERBOSE]	XnSensorFPS.cpp	86	[FPS] InputFrames - I:  0.00, D: 30.28, OutputFrames - I:  0.00, D: 29.95
31008062	[VERBOSE]	XnOpenNI.cpp	588	[FPS] Depth1 (I: 30.05, O: 30.05) ReadCalls: 30.39
31016806	[VERBOSE]	XnSensorFPS.cpp	86	[FPS] InputFrames - I:  0.00, D: 30.32, OutputFrames - I:  0.00, D: 29.99
32016871	[VERBOSE]	XnOpenNI.cpp	588	[FPS] Depth1 (I: 30.32, O: 29.99) ReadCalls: 29.97
32016930	[VERBOSE]	XnSensorFPS.cpp	86	[FPS] InputFrames - I:  0.00, D: 30.32, OutputFrames - I:  0.00, D: 29.99
33006535	[VERBOSE]	XnOpenNI.cpp	588	[FPS] Depth1 (I: 30.10, O: 30.10) ReadCalls: 30.43
33020773	[VERBOSE]	XnSensorFPS.cpp	86	[FPS] InputFrames - I:  0.00, D: 30.28, OutputFrames - I:  0.00, D: 29.95
34010918	[VERBOSE]	XnOpenNI.cpp	588	[FPS] Depth1 (I: 30.06, O: 29.73) ReadCalls: 30.07
34020846	[VERBOSE]	XnSensorFPS.cpp	86	[FPS] InputFrames - I:  0.00, D: 30.28, OutputFrames - I:  0.00, D: 29.63
35011706	[VERBOSE]	XnOpenNI.cpp	588	[FPS] Depth1 (I: 30.05, O: 29.74) ReadCalls: 30.07
35020923	[VERBOSE]	XnSensorFPS.cpp	86	[FPS] InputFrames - I:  0.00, D: 30.32, OutputFrames - I:  0.00, D: 29.65
36011805	[VERBOSE]	XnOpenNI.cpp	588	[FPS] Depth1 (I: 30.09, O: 29.76) ReadCalls: 30.09
36020971	[VERBOSE]	XnSensorFPS.cpp	86	[FPS] InputFrames - I:  0.00, D: 30.32, OutputFrames - I:  0.00, D: 29.66
37022106	[INFO]	XnOpenNI.cpp	1458	Destroying node 'Depth1'
37022241	[INFO]	XnDeviceBase.cpp	1507	Destroying stream 'Depth1'...
37022291	[VERBOSE]	XnFirmwareStreams.cpp	225	Stream Depth1 released FW Stream Depth
37023110	[VERBOSE]	XnDeviceBase.cpp	1531	'Depth1' stream destroyed.
37023181	[INFO]	XnOpenNI.cpp	1458	Destroying node 'Device1'
37023231	[VERBOSE]	XnProperty.cpp	74	Setting Firmware.Stream0Mode (5) to 0...
37036858	[VERBOSE]	XnProperty.cpp	101	Firmware.Stream0Mode (5) was successfully set.
37036912	[VERBOSE]	XnProperty.cpp	74	Setting Firmware.Stream1Mode (6) to 0...
37349223	[VERBOSE]	XnProperty.cpp	151	Property Firmware.Stream1Mode (6) was changed to 0.
37349264	[VERBOSE]	XnProperty.cpp	74	Setting Firmware.FrameSync (1) to 0...
37361350	[VERBOSE]	XnProperty.cpp	101	Firmware.FrameSync (1) was successfully set.
37361391	[VERBOSE]	XnProperty.cpp	101	Firmware.Stream1Mode (6) was successfully set.
37361405	[VERBOSE]	XnProperty.cpp	74	Setting Firmware.Stream2Mode (7) to 0...
37374574	[VERBOSE]	XnProperty.cpp	101	Firmware.Stream2Mode (7) was successfully set.
37374631	[VERBOSE]	XnDeviceSensorIO.cpp	301	Shutting down USB depth read thread...
37374653	[VERBOSE]	XnDeviceSensorIO.cpp	311	Shutting down USB image read thread...
37382188	[VERBOSE]	XnDeviceSensorIO.cpp	358	Device closed successfully
37383902	[VERBOSE]	XnDeviceSensorIO.cpp	301	Shutting down USB depth read thread...
37383960	[VERBOSE]	XnDeviceSensorIO.cpp	311	Shutting down USB image read thread...
37383978	[VERBOSE]	XnDeviceSensorIO.cpp	358	Device closed successfully
