     533	[INFO]	XnLog.cpp	161	OpenNI version is 1.1.0 (Build 41)-MacOSX (Jul  9 2011 14:48:28)
     583	[INFO]	XnLog.cpp	169	Log system initialized. Console: 1, File: 1, Severity: VERBOSE, Masks: ALL
     615	[INFO]	XnLog.cpp	169	Log system initialized. Console: 1, File: 1, Severity: VERBOSE, Masks: ALL
     738	[VERBOSE]	XnModuleLoader.cpp	288	Checking ./../../../data/openni/lib/libnimMockNodes.dylib...
     872	[VERBOSE]	XnModuleLoader.cpp	446	Found exported production node. ProductionNode: OpenNI/Mock/1.1.0.41
     908	[VERBOSE]	XnModuleLoader.cpp	446	Found exported production node. Generator: OpenNI/Mock/1.1.0.41
     926	[VERBOSE]	XnModuleLoader.cpp	446	Found exported production node. MapGenerator: OpenNI/Mock/1.1.0.41
     942	[VERBOSE]	XnModuleLoader.cpp	446	Found exported production node. Device: OpenNI/Mock/1.1.0.41
     967	[VERBOSE]	XnModuleLoader.cpp	446	Found exported production node. Depth: OpenNI/Mock/1.1.0.41
     985	[VERBOSE]	XnModuleLoader.cpp	446	Found exported production node. IR: OpenNI/Mock/1.1.0.41
    1001	[VERBOSE]	XnModuleLoader.cpp	446	Found exported production node. Image: OpenNI/Mock/1.1.0.41
    1023	[VERBOSE]	XnModuleLoader.cpp	446	Found exported production node. Audio: OpenNI/Mock/1.1.0.41
    1043	[VERBOSE]	XnModuleLoader.cpp	288	Checking ./../../../data/openni/lib/libnimCodecs.dylib...
    1116	[VERBOSE]	XnModuleLoader.cpp	446	Found exported production node. Codec: OpenNI/16zP/1.1.0.41
    1148	[VERBOSE]	XnModuleLoader.cpp	446	Found exported production node. Codec: OpenNI/16zT/1.1.0.41
    1168	[VERBOSE]	XnModuleLoader.cpp	446	Found exported production node. Codec: OpenNI/Im8z/1.1.0.41
    1183	[VERBOSE]	XnModuleLoader.cpp	446	Found exported production node. Codec: OpenNI/JPEG/1.1.0.41
    1207	[VERBOSE]	XnModuleLoader.cpp	446	Found exported production node. Codec: OpenNI/NONE/1.1.0.41
    1244	[VERBOSE]	XnModuleLoader.cpp	288	Checking ./../../../data/openni/lib/libnimRecorder.dylib...
    1323	[VERBOSE]	XnModuleLoader.cpp	446	Found exported production node. Recorder: OpenNI/Recorder/1.1.0.41
    1349	[VERBOSE]	XnModuleLoader.cpp	446	Found exported production node. Player: OpenNI/Player/1.1.0.41
    1365	[VERBOSE]	XnModuleLoader.cpp	288	Checking ./../../../data/openni/lib/libXnDeviceSensorV2KM.dylib...
    1448	[VERBOSE]	XnModuleLoader.cpp	446	Found exported production node. Device: PrimeSense/SensorKinect/5.0.1.32
    1481	[VERBOSE]	XnModuleLoader.cpp	446	Found exported production node. Depth: PrimeSense/SensorKinect/5.0.1.32
    1500	[VERBOSE]	XnModuleLoader.cpp	446	Found exported production node. Image: PrimeSense/SensorKinect/5.0.1.32
    1516	[VERBOSE]	XnModuleLoader.cpp	446	Found exported production node. IR: PrimeSense/SensorKinect/5.0.1.32
    1533	[VERBOSE]	XnModuleLoader.cpp	446	Found exported production node. Audio: PrimeSense/SensorKinect/5.0.1.32
    1548	[VERBOSE]	XnModuleLoader.cpp	288	Checking ./../../../data/openni/lib/libXnVFeatures_1_3_1.dylib...
    1622	[VERBOSE]	XnModuleLoader.cpp	446	Found exported production node. Scene: PrimeSense/XnVSceneAnalyzer/1.3.1.4
    1651	[VERBOSE]	XnModuleLoader.cpp	446	Found exported production node. User: PrimeSense/XnVSkeletonGenerator/1.3.1.4
    1673	[VERBOSE]	XnModuleLoader.cpp	288	Checking ./../../../data/openni/lib/libXnVHandGenerator_1_3_1.dylib...
    1754	[VERBOSE]	XnModuleLoader.cpp	446	Found exported production node. Gesture: PrimeSense/XnVGestureGenrator/1.3.1.4
    1785	[VERBOSE]	XnModuleLoader.cpp	446	Found exported production node. Hands: PrimeSense/XnVHandTracker/1.3.1.4
    1955	[VERBOSE]	XnXmlConfig.cpp	736	Requested to create a node of type Depth...
    2016	[VERBOSE]	XnUSBLinux-x86.cpp	83	Initializing USB...
    2436	[INFO]	XnUSBLinux-x86.cpp	94	USB is initialized.
 1528585	[INFO]	XnOpenNI.cpp	1258	Creating node 'Device1' of type Device: PrimeSense/SensorKinect/5.0.1.32...
 1529008	[VERBOSE]	XnSensor.cpp	837	Global configuration file './../../../data/openni/config//GlobalDefaultsKinect.ini' was not found.
 1529045	[VERBOSE]	XnSensor.cpp	157	Initializing device sensor...
 1529163	[VERBOSE]	XnDeviceModule.cpp	417	Configuring module 'Device' from section 'Device' in file './../../../data/openni/config//GlobalDefaultsKinect.ini'...
 1529316	[INFO]	XnDeviceModule.cpp	431	Module 'Device' configuration was loaded from file.
 1529389	[VERBOSE]	XnDeviceSensorIO.cpp	76	Connecting to USB device...
 1529412	[VERBOSE]	XnDeviceSensorIO.cpp	94	Trying to open sensor '045e/02ae@250/10'...
 1979781	[VERBOSE]	XnDeviceSensorIO.cpp	107	Trying to open endpoint 0x4 for control out (for old firmwares)...
 1979842	[INFO]	XnDeviceSensorIO.cpp	128	Connected to USB device
 1979867	[INFO]	XnProperty.cpp	151	Property Device.USBPath was changed to 045e/02ae@250/10.
 1987977	[VERBOSE]	XnHostProtocol.cpp	706	Getting hardware versions...
 1989325	[INFO]	XnHostProtocol.cpp	859	Hardware versions: FW=5.1.4 (7) HW=4 Chip=2 Sensor=4 SYS=7
 2001695	[VERBOSE]	XnHostProtocol.cpp	869	Requesting KeepAlive...
 2014035	[VERBOSE]	XnHostProtocol.cpp	880	Got KeepAlive Reply.
 2014084	[VERBOSE]	XnHostProtocol.cpp	1156	Setting mode to 3...
 2827054	[VERBOSE]	XnHostProtocol.cpp	869	Requesting KeepAlive...
 2839456	[VERBOSE]	XnHostProtocol.cpp	880	Got KeepAlive Reply.
 2851924	[VERBOSE]	XnProperty.cpp	151	Property Firmware.ReferenceResolution was changed to 2.
 2851965	[VERBOSE]	XnSensorFirmwareParams.cpp	282	Reading all params from firmware...
 2925336	[VERBOSE]	XnProperty.cpp	151	Property Firmware.DepthHoleFilter (22) was changed to 1.
 2925388	[VERBOSE]	XnProperty.cpp	151	Property Firmware.ImageSharpness (76) was changed to 50.
 2950196	[VERBOSE]	XnProperty.cpp	151	Property Firmware.DepthGain (21) was changed to 30.
 2962618	[VERBOSE]	XnProperty.cpp	151	Property Firmware.GMCMode (36) was changed to 1.
 2987089	[VERBOSE]	XnProperty.cpp	151	Property Firmware.DepthFPS (20) was changed to 30.
 2999613	[VERBOSE]	XnProperty.cpp	151	Property Firmware.DepthWhiteBalance (45) was changed to 1.
 3011976	[VERBOSE]	XnProperty.cpp	151	Property Firmware.DepthResolution (19) was changed to 1.
 3024326	[VERBOSE]	XnProperty.cpp	151	Property Firmware.DepthFormat (18) was changed to 3.
 3221499	[VERBOSE]	XnProperty.cpp	151	Property Firmware.ImageFPS (14) was changed to 30.
 3246409	[VERBOSE]	XnProperty.cpp	151	Property Firmware.ImageResolution (13) was changed to 1.
 3382146	[VERBOSE]	XnSensorFirmwareParams.cpp	291	Firmware params were updated.
 3382216	[VERBOSE]	XnHostProtocol.cpp	989	Getting the fixed params...
 3394905	[VERBOSE]	XnSensorFixedParams.cpp	54	Sensor serial number: 0
 3394956	[INFO]	XnProperty.cpp	151	Property Device.PhysicalDeviceName was changed to PrimeSense Sensor.
 3394980	[INFO]	XnProperty.cpp	151	Property Device.ID was changed to 0.
 3395045	[INFO]	XnSensor.cpp	185	Device sensor initialized
 3395225	[INFO]	XnOpenNI.cpp	1258	Creating node 'Depth1' of type Depth: PrimeSense/SensorKinect/5.0.1.32...
 3395278	[INFO]	XnDeviceBase.cpp	1383	Creating stream 'Depth1' of type 'Depth'...
 3395302	[INFO]	XnProperty.cpp	74	Setting Device.ReadData to 1...
 3395325	[VERBOSE]	XnDeviceSensorIO.cpp	160	Opening endpoints...
 3395349	[VERBOSE]	XnDeviceSensorIO.cpp	170	Opening endpoint 0x81 for depth...
 3395378	[VERBOSE]	XnDeviceSensorIO.cpp	194	Depth endpoint is isochronous.
 3395401	[VERBOSE]	XnDeviceSensorIO.cpp	220	Opening endpoint 0x82 for image...
 3395430	[VERBOSE]	XnDeviceSensorIO.cpp	233	Image endpoint is isochronous.
 3395453	[VERBOSE]	XnDeviceSensorIO.cpp	250	Opening endpoint 0x83 for misc...
 3395478	[VERBOSE]	XnDeviceSensorIO.cpp	264	Misc endpoint is not supported...
 3395497	[INFO]	XnDeviceSensorIO.cpp	291	Endpoints open
 3395518	[VERBOSE]	XnHostProtocol.cpp	1203	Getting algorithm params 0x80 for resolution 0 and fps 0....
 3407808	[INFO]	XnProperty.cpp	151	Property Device.ReadData was changed to 1.
 3407848	[INFO]	XnProperty.cpp	101	Device.ReadData was successfully set.
 3408077	[VERBOSE]	XnDeviceBase.cpp	1419	Initializing stream 'Depth1'...
 3408298	[INFO]	XnProperty.cpp	151	Property Depth1.FPS was changed to 30.
 3408317	[INFO]	XnProperty.cpp	151	Property Depth1.OutputFormat was changed to 1.
 3408335	[INFO]	XnProperty.cpp	151	Property Depth1.BytesPerPixel was changed to 2.
 3408352	[INFO]	XnProperty.cpp	151	Property Depth1.RequiredDataSize was changed to 614400.
 3408456	[INFO]	XnProperty.cpp	151	Property Depth1.ParamCoeff was changed to 4.
 3408524	[INFO]	XnProperty.cpp	151	Property Depth1.ShiftScale was changed to 10.
 3408591	[VERBOSE]	XnHostProtocol.cpp	1203	Getting algorithm params 0x0 for resolution 1 and fps 30....
 3421290	[INFO]	XnProperty.cpp	151	Property Depth1.ConstShift was changed to 200.
 3421405	[INFO]	XnProperty.cpp	151	Property Depth1.ZPD was changed to 120.
 3421517	[INFO]	XnProperty.cpp	151	Property Depth1.ZPPS was changed to 0.104200.
 3421532	[INFO]	XnProperty.cpp	151	Property Depth1.LDDIS was changed to 7.500000.
 3421638	[INFO]	XnProperty.cpp	151	Property Depth1.Gain was changed to 30.
 3421673	[INFO]	XnProperty.cpp	151	Property Depth1.SupportedModesCount was changed to 9.
 3421695	[INFO]	XnDeviceBase.cpp	1458	Stream 'Depth1' was initialized.
 3421709	[INFO]	XnDeviceBase.cpp	1463	'Depth1' stream was created.
 3421724	[VERBOSE]	XnDeviceModule.cpp	417	Configuring module 'Depth1' from section 'Depth' in file './../../../data/openni/config//GlobalDefaultsKinect.ini'...
 3421872	[INFO]	XnDeviceModule.cpp	431	Module 'Depth1' configuration was loaded from file.
 3422025	[VERBOSE]	XnDeviceBase.cpp	359	Opening stream Depth1...
 3422054	[VERBOSE]	XnFirmwareStreams.cpp	202	FW Stream Depth was claimed by Depth1
 3422070	[VERBOSE]	XnSensorDepthStream.cpp	336	Creating USB depth read thread...
 3422083	[VERBOSE]	XnUSBLinux-x86.cpp	104	Starting libusb asynch thread...
 3422162	[WARNING]	Linux-x86Threads.cpp	166	Failed to set thread priority: Invalid argument
 3422181	[WARNING]	XnUSBLinux-x86.cpp	122	USB events thread: Failed to set thread priority to critical. This might cause loss of data...
 3422199	[VERBOSE]	XnUSBLinux-x86.cpp	1128	Starting a USB read thread...
 3423052	[INFO]	XnUSBLinux-x86.cpp	1220	USB read thread was started.
 3423076	[INFO]	XnProperty.cpp	151	Property Depth1.ActualReadData was changed to 1.
 3423097	[VERBOSE]	XnProperty.cpp	74	Setting Firmware.DepthFormat (18) to 3...
 3435207	[VERBOSE]	XnProperty.cpp	101	Firmware.DepthFormat (18) was successfully set.
 3435268	[VERBOSE]	XnProperty.cpp	74	Setting Firmware.DepthResolution (19) to 1...
 3447341	[VERBOSE]	XnProperty.cpp	101	Firmware.DepthResolution (19) was successfully set.
 3447380	[VERBOSE]	XnProperty.cpp	74	Setting Firmware.DepthFPS (20) to 30...
 3459377	[VERBOSE]	XnProperty.cpp	101	Firmware.DepthFPS (20) was successfully set.
 3459419	[VERBOSE]	XnProperty.cpp	74	Setting Firmware.DepthHoleFilter (22) to 1...
 3471634	[VERBOSE]	XnProperty.cpp	101	Firmware.DepthHoleFilter (22) was successfully set.
 3471682	[VERBOSE]	XnProperty.cpp	74	Setting Firmware.DepthGain (21) to 30...
 3483711	[VERBOSE]	XnProperty.cpp	101	Firmware.DepthGain (21) was successfully set.
 3483779	[VERBOSE]	XnProperty.cpp	74	Setting Firmware.DepthDecimation (24) to 0...
 3495823	[VERBOSE]	XnProperty.cpp	101	Firmware.DepthDecimation (24) was successfully set.
 3495866	[VERBOSE]	XnProperty.cpp	74	Setting Firmware.Registration (2) to 0...
 3507881	[VERBOSE]	XnProperty.cpp	101	Firmware.Registration (2) was successfully set.
 3507929	[VERBOSE]	XnProperty.cpp	74	Setting Firmware.DepthMirror (23) to 0...
 3520105	[VERBOSE]	XnProperty.cpp	101	Firmware.DepthMirror (23) was successfully set.
 3520166	[VERBOSE]	XnProperty.cpp	74	Setting Firmware.GMCMode (36) to 1...
 3532198	[VERBOSE]	XnProperty.cpp	101	Firmware.GMCMode (36) was successfully set.
 3532238	[VERBOSE]	XnProperty.cpp	74	Setting Firmware.DepthWhiteBalance (45) to 1...
 3544377	[VERBOSE]	XnProperty.cpp	101	Firmware.DepthWhiteBalance (45) was successfully set.
 3544420	[VERBOSE]	XnHostProtocol.cpp	1203	Getting algorithm params 0x6 for resolution 1 and fps 30....
 3568801	[VERBOSE]	XnFirmwareStreams.cpp	284	Firmware stream 'Depth' processor was replaced.
 3568846	[VERBOSE]	XnProperty.cpp	74	Setting Firmware.Stream1Mode (6) to 2...
 3670550	[VERBOSE]	XnOpenNI.cpp	588	[FPS] Depth1 (I:  0.00, O:  0.00) ReadCalls:  0.00
 3670611	[VERBOSE]	XnSensorFPS.cpp	86	[FPS] InputFrames - I:  0.00, D:  0.00, OutputFrames - I:  0.00, D:  0.00
 3881070	[VERBOSE]	XnProperty.cpp	151	Property Firmware.Stream1Mode (6) was changed to 2.
 3881112	[VERBOSE]	XnProperty.cpp	74	Setting Firmware.FrameSync (1) to 0...
 3893333	[VERBOSE]	XnProperty.cpp	101	Firmware.FrameSync (1) was successfully set.
 3893376	[VERBOSE]	XnProperty.cpp	101	Firmware.Stream1Mode (6) was successfully set.
 3893392	[VERBOSE]	XnProperty.cpp	74	Setting Firmware.DepthCropEnabled (55) to 0...
 3905845	[VERBOSE]	XnProperty.cpp	101	Firmware.DepthCropEnabled (55) was successfully set.
 3905906	[INFO]	XnProperty.cpp	151	Property Depth1.State was changed to 1.
 3905924	[INFO]	XnDeviceBase.cpp	370	Stream Depth1 is open.
 4002677	[VERBOSE]	XnOpenNI.cpp	588	[FPS] Depth1 (I: 33.12, O:  0.00) ReadCalls:  0.00
 4002758	[VERBOSE]	XnSensorFPS.cpp	86	[FPS] InputFrames - I:  0.00, D: 33.12, OutputFrames - I:  0.00, D:  0.00
 5002556	[VERBOSE]	XnOpenNI.cpp	588	[FPS] Depth1 (I: 30.78, O: 27.67) ReadCalls: 28.69
 5002610	[VERBOSE]	XnSensorFPS.cpp	86	[FPS] InputFrames - I:  0.00, D: 30.78, OutputFrames - I:  0.00, D: 27.66
 6002590	[VERBOSE]	XnOpenNI.cpp	588	[FPS] Depth1 (I: 30.45, O: 28.85) ReadCalls: 29.35
 6002642	[VERBOSE]	XnSensorFPS.cpp	86	[FPS] InputFrames - I:  0.00, D: 30.45, OutputFrames - I:  0.00, D: 28.85
 6861165	[WARNING]	XnUSBLinux-x86.cpp	1076	Endpoint 0x82, Buffer 14: Asynch transfer failed (status: 1)
 6870648	[WARNING]	XnDepthProcessor.cpp	133	Read: Depth buffer is corrupt. Size is 227168 (!= 614400)
 6870699	[WARNING]	XnFrameStreamProcessor.cpp	138	Depth frame is corrupt!
 7006558	[VERBOSE]	XnOpenNI.cpp	588	[FPS] Depth1 (I: 29.61, O: 28.52) ReadCalls: 28.86
 7006606	[VERBOSE]	XnSensorFPS.cpp	86	[FPS] InputFrames - I:  0.00, D: 29.61, OutputFrames - I:  0.00, D: 28.52
 8003793	[VERBOSE]	XnOpenNI.cpp	588	[FPS] Depth1 (I: 29.34, O: 29.00) ReadCalls: 29.26
 8003883	[VERBOSE]	XnSensorFPS.cpp	86	[FPS] InputFrames - I:  0.00, D: 29.34, OutputFrames - I:  0.00, D: 29.34
 9006682	[VERBOSE]	XnOpenNI.cpp	588	[FPS] Depth1 (I: 29.65, O: 29.31) ReadCalls: 29.53
 9006744	[VERBOSE]	XnSensorFPS.cpp	86	[FPS] InputFrames - I:  0.00, D: 29.65, OutputFrames - I:  0.00, D: 29.31
10010586	[VERBOSE]	XnOpenNI.cpp	588	[FPS] Depth1 (I: 30.28, O: 29.61) ReadCalls: 29.90
10010635	[VERBOSE]	XnSensorFPS.cpp	86	[FPS] InputFrames - I:  0.00, D: 30.28, OutputFrames - I:  0.00, D: 29.61
11001596	[VERBOSE]	XnOpenNI.cpp	588	[FPS] Depth1 (I: 30.05, O: 30.02) ReadCalls: 30.34
11010638	[VERBOSE]	XnSensorFPS.cpp	86	[FPS] InputFrames - I:  0.00, D: 30.28, OutputFrames - I:  0.00, D: 29.91
12001254	[VERBOSE]	XnOpenNI.cpp	588	[FPS] Depth1 (I: 30.05, O: 29.72) ReadCalls: 30.03
12010655	[VERBOSE]	XnSensorFPS.cpp	86	[FPS] InputFrames - I:  0.00, D: 30.32, OutputFrames - I:  0.00, D: 29.65
13001937	[VERBOSE]	XnOpenNI.cpp	588	[FPS] Depth1 (I: 30.09, O: 30.09) ReadCalls: 30.37
13010685	[VERBOSE]	XnSensorFPS.cpp	86	[FPS] InputFrames - I:  0.00, D: 30.32, OutputFrames - I:  0.00, D: 29.99
14001053	[VERBOSE]	XnOpenNI.cpp	588	[FPS] Depth1 (I: 30.10, O: 30.10) ReadCalls: 30.40
14014631	[VERBOSE]	XnSensorFPS.cpp	86	[FPS] InputFrames - I:  0.00, D: 30.28, OutputFrames - I:  0.00, D: 29.95
15005817	[VERBOSE]	XnOpenNI.cpp	588	[FPS] Depth1 (I: 30.05, O: 30.05) ReadCalls: 30.37
15016245	[VERBOSE]	XnSensorFPS.cpp	86	[FPS] InputFrames - I:  0.00, D: 30.27, OutputFrames - I:  0.00, D: 29.93
16005747	[VERBOSE]	XnOpenNI.cpp	588	[FPS] Depth1 (I: 30.05, O: 30.05) ReadCalls: 30.38
16014698	[VERBOSE]	XnSensorFPS.cpp	86	[FPS] InputFrames - I:  0.00, D: 30.32, OutputFrames - I:  0.00, D: 29.99
17007768	[VERBOSE]	XnOpenNI.cpp	588	[FPS] Depth1 (I: 30.07, O: 30.07) ReadCalls: 30.38
17014690	[VERBOSE]	XnSensorFPS.cpp	86	[FPS] InputFrames - I:  0.00, D: 30.32, OutputFrames - I:  0.00, D: 29.99
18005523	[VERBOSE]	XnOpenNI.cpp	588	[FPS] Depth1 (I: 30.11, O: 30.11) ReadCalls: 30.42
18018693	[VERBOSE]	XnSensorFPS.cpp	86	[FPS] InputFrames - I:  0.00, D: 30.28, OutputFrames - I:  0.00, D: 29.95
19010105	[VERBOSE]	XnOpenNI.cpp	588	[FPS] Depth1 (I: 30.05, O: 30.05) ReadCalls: 30.39
19018659	[VERBOSE]	XnSensorFPS.cpp	86	[FPS] InputFrames - I:  0.00, D: 30.32, OutputFrames - I:  0.00, D: 29.99
20009982	[VERBOSE]	XnOpenNI.cpp	588	[FPS] Depth1 (I: 30.05, O: 30.05) ReadCalls: 30.41
20018746	[VERBOSE]	XnSensorFPS.cpp	86	[FPS] InputFrames - I:  0.00, D: 30.32, OutputFrames - I:  0.00, D: 29.99
21010258	[VERBOSE]	XnOpenNI.cpp	588	[FPS] Depth1 (I: 30.08, O: 30.09) ReadCalls: 30.42
21022687	[VERBOSE]	XnSensorFPS.cpp	86	[FPS] InputFrames - I:  0.00, D: 30.28, OutputFrames - I:  0.00, D: 29.96
22009087	[VERBOSE]	XnOpenNI.cpp	588	[FPS] Depth1 (I: 30.10, O: 30.10) ReadCalls: 30.33
22022712	[VERBOSE]	XnSensorFPS.cpp	86	[FPS] InputFrames - I:  0.00, D: 30.28, OutputFrames - I:  0.00, D: 29.95
23013924	[VERBOSE]	XnOpenNI.cpp	588	[FPS] Depth1 (I: 30.05, O: 30.05) ReadCalls: 30.28
23022760	[VERBOSE]	XnSensorFPS.cpp	86	[FPS] InputFrames - I:  0.00, D: 30.32, OutputFrames - I:  0.00, D: 29.99
24013266	[VERBOSE]	XnOpenNI.cpp	588	[FPS] Depth1 (I: 30.09, O: 30.09) ReadCalls: 30.44
24022778	[VERBOSE]	XnSensorFPS.cpp	86	[FPS] InputFrames - I:  0.00, D: 30.32, OutputFrames - I:  0.00, D: 30.01
25013720	[VERBOSE]	XnOpenNI.cpp	588	[FPS] Depth1 (I: 30.09, O: 30.09) ReadCalls: 30.33
25026735	[VERBOSE]	XnSensorFPS.cpp	86	[FPS] InputFrames - I:  0.00, D: 30.28, OutputFrames - I:  0.00, D: 29.95
26017213	[VERBOSE]	XnOpenNI.cpp	588	[FPS] Depth1 (I: 30.06, O: 30.06) ReadCalls: 30.29
26026761	[VERBOSE]	XnSensorFPS.cpp	86	[FPS] InputFrames - I:  0.00, D: 30.28, OutputFrames - I:  0.00, D: 29.95
26127783	[INFO]	XnOpenNI.cpp	1458	Destroying node 'Depth1'
26127865	[INFO]	XnDeviceBase.cpp	1507	Destroying stream 'Depth1'...
26127911	[VERBOSE]	XnFirmwareStreams.cpp	225	Stream Depth1 released FW Stream Depth
26128786	[VERBOSE]	XnDeviceBase.cpp	1531	'Depth1' stream destroyed.
26128860	[INFO]	XnOpenNI.cpp	1458	Destroying node 'Device1'
26128905	[VERBOSE]	XnProperty.cpp	74	Setting Firmware.Stream0Mode (5) to 0...
26142425	[VERBOSE]	XnProperty.cpp	101	Firmware.Stream0Mode (5) was successfully set.
26142477	[VERBOSE]	XnProperty.cpp	74	Setting Firmware.Stream1Mode (6) to 0...
26454622	[VERBOSE]	XnProperty.cpp	151	Property Firmware.Stream1Mode (6) was changed to 0.
26454670	[VERBOSE]	XnProperty.cpp	74	Setting Firmware.FrameSync (1) to 0...
26466826	[VERBOSE]	XnProperty.cpp	101	Firmware.FrameSync (1) was successfully set.
26466867	[VERBOSE]	XnProperty.cpp	101	Firmware.Stream1Mode (6) was successfully set.
26466880	[VERBOSE]	XnProperty.cpp	74	Setting Firmware.Stream2Mode (7) to 0...
26480054	[VERBOSE]	XnProperty.cpp	101	Firmware.Stream2Mode (7) was successfully set.
26480104	[VERBOSE]	XnDeviceSensorIO.cpp	301	Shutting down USB depth read thread...
26480126	[VERBOSE]	XnDeviceSensorIO.cpp	311	Shutting down USB image read thread...
26488066	[VERBOSE]	XnDeviceSensorIO.cpp	358	Device closed successfully
26489834	[VERBOSE]	XnDeviceSensorIO.cpp	301	Shutting down USB depth read thread...
26489876	[VERBOSE]	XnDeviceSensorIO.cpp	311	Shutting down USB image read thread...
26489891	[VERBOSE]	XnDeviceSensorIO.cpp	358	Device closed successfully
