     621	[INFO]	XnLog.cpp	161	OpenNI version is 1.1.0 (Build 41)-MacOSX (Jul  9 2011 14:48:28)
     693	[INFO]	XnLog.cpp	169	Log system initialized. Console: 1, File: 1, Severity: VERBOSE, Masks: ALL
     734	[INFO]	XnLog.cpp	169	Log system initialized. Console: 1, File: 1, Severity: VERBOSE, Masks: ALL
     932	[VERBOSE]	XnModuleLoader.cpp	288	Checking ./../../../data/openni/lib/libnimMockNodes.dylib...
    1129	[VERBOSE]	XnModuleLoader.cpp	446	Found exported production node. ProductionNode: OpenNI/Mock/1.1.0.41
    1180	[VERBOSE]	XnModuleLoader.cpp	446	Found exported production node. Generator: OpenNI/Mock/1.1.0.41
    1208	[VERBOSE]	XnModuleLoader.cpp	446	Found exported production node. MapGenerator: OpenNI/Mock/1.1.0.41
    1235	[VERBOSE]	XnModuleLoader.cpp	446	Found exported production node. Device: OpenNI/Mock/1.1.0.41
    1260	[VERBOSE]	XnModuleLoader.cpp	446	Found exported production node. Depth: OpenNI/Mock/1.1.0.41
    1298	[VERBOSE]	XnModuleLoader.cpp	446	Found exported production node. IR: OpenNI/Mock/1.1.0.41
    1327	[VERBOSE]	XnModuleLoader.cpp	446	Found exported production node. Image: OpenNI/Mock/1.1.0.41
    1361	[VERBOSE]	XnModuleLoader.cpp	446	Found exported production node. Audio: OpenNI/Mock/1.1.0.41
    1395	[VERBOSE]	XnModuleLoader.cpp	288	Checking ./../../../data/openni/lib/libnimCodecs.dylib...
    1511	[VERBOSE]	XnModuleLoader.cpp	446	Found exported production node. Codec: OpenNI/16zP/1.1.0.41
    1550	[VERBOSE]	XnModuleLoader.cpp	446	Found exported production node. Codec: OpenNI/16zT/1.1.0.41
    1574	[VERBOSE]	XnModuleLoader.cpp	446	Found exported production node. Codec: OpenNI/Im8z/1.1.0.41
    1606	[VERBOSE]	XnModuleLoader.cpp	446	Found exported production node. Codec: OpenNI/JPEG/1.1.0.41
    1630	[VERBOSE]	XnModuleLoader.cpp	446	Found exported production node. Codec: OpenNI/NONE/1.1.0.41
    1653	[VERBOSE]	XnModuleLoader.cpp	288	Checking ./../../../data/openni/lib/libnimRecorder.dylib...
    1757	[VERBOSE]	XnModuleLoader.cpp	446	Found exported production node. Recorder: OpenNI/Recorder/1.1.0.41
    1793	[VERBOSE]	XnModuleLoader.cpp	446	Found exported production node. Player: OpenNI/Player/1.1.0.41
    1818	[VERBOSE]	XnModuleLoader.cpp	288	Checking ./../../../data/openni/lib/libXnDeviceSensorV2KM.dylib...
    1930	[VERBOSE]	XnModuleLoader.cpp	446	Found exported production node. Device: PrimeSense/SensorKinect/5.0.1.32
    1966	[VERBOSE]	XnModuleLoader.cpp	446	Found exported production node. Depth: PrimeSense/SensorKinect/5.0.1.32
    1994	[VERBOSE]	XnModuleLoader.cpp	446	Found exported production node. Image: PrimeSense/SensorKinect/5.0.1.32
    2033	[VERBOSE]	XnModuleLoader.cpp	446	Found exported production node. IR: PrimeSense/SensorKinect/5.0.1.32
    2063	[VERBOSE]	XnModuleLoader.cpp	446	Found exported production node. Audio: PrimeSense/SensorKinect/5.0.1.32
    2088	[VERBOSE]	XnModuleLoader.cpp	288	Checking ./../../../data/openni/lib/libXnVFeatures_1_3_1.dylib...
    2200	[VERBOSE]	XnModuleLoader.cpp	446	Found exported production node. Scene: PrimeSense/XnVSceneAnalyzer/1.3.1.4
    2233	[VERBOSE]	XnModuleLoader.cpp	446	Found exported production node. User: PrimeSense/XnVSkeletonGenerator/1.3.1.4
    2277	[VERBOSE]	XnModuleLoader.cpp	288	Checking ./../../../data/openni/lib/libXnVHandGenerator_1_3_1.dylib...
    2395	[VERBOSE]	XnModuleLoader.cpp	446	Found exported production node. Gesture: PrimeSense/XnVGestureGenrator/1.3.1.4
    2439	[VERBOSE]	XnModuleLoader.cpp	446	Found exported production node. Hands: PrimeSense/XnVHandTracker/1.3.1.4
    2733	[VERBOSE]	XnXmlConfig.cpp	736	Requested to create a node of type Depth...
    2812	[VERBOSE]	XnUSBLinux-x86.cpp	83	Initializing USB...
    3246	[INFO]	XnUSBLinux-x86.cpp	94	USB is initialized.
 1528544	[INFO]	XnOpenNI.cpp	1258	Creating node 'Device1' of type Device: PrimeSense/SensorKinect/5.0.1.32...
 1528780	[VERBOSE]	XnSensor.cpp	837	Global configuration file './../../../data/openni/config//GlobalDefaultsKinect.ini' was not found.
 1528804	[VERBOSE]	XnSensor.cpp	157	Initializing device sensor...
 1528895	[VERBOSE]	XnDeviceModule.cpp	417	Configuring module 'Device' from section 'Device' in file './../../../data/openni/config//GlobalDefaultsKinect.ini'...
 1529008	[INFO]	XnDeviceModule.cpp	431	Module 'Device' configuration was loaded from file.
 1529043	[VERBOSE]	XnDeviceSensorIO.cpp	76	Connecting to USB device...
 1529059	[VERBOSE]	XnDeviceSensorIO.cpp	94	Trying to open sensor '045e/02ae@250/10'...
 1972803	[VERBOSE]	XnDeviceSensorIO.cpp	107	Trying to open endpoint 0x4 for control out (for old firmwares)...
 1972857	[INFO]	XnDeviceSensorIO.cpp	128	Connected to USB device
 1972885	[INFO]	XnProperty.cpp	151	Property Device.USBPath was changed to 045e/02ae@250/10.
 1979996	[VERBOSE]	XnHostProtocol.cpp	706	Getting hardware versions...
 1981334	[INFO]	XnHostProtocol.cpp	859	Hardware versions: FW=5.1.4 (7) HW=4 Chip=2 Sensor=4 SYS=7
 1993683	[VERBOSE]	XnHostProtocol.cpp	869	Requesting KeepAlive...
 2006025	[VERBOSE]	XnHostProtocol.cpp	880	Got KeepAlive Reply.
 2006078	[VERBOSE]	XnHostProtocol.cpp	1156	Setting mode to 3...
 2818614	[VERBOSE]	XnHostProtocol.cpp	869	Requesting KeepAlive...
 2831092	[VERBOSE]	XnHostProtocol.cpp	880	Got KeepAlive Reply.
 2843643	[VERBOSE]	XnProperty.cpp	151	Property Firmware.ReferenceResolution was changed to 2.
 2843708	[VERBOSE]	XnSensorFirmwareParams.cpp	282	Reading all params from firmware...
 2893064	[VERBOSE]	XnProperty.cpp	151	Property Firmware.DepthMirror (23) was changed to 1.
 2917873	[VERBOSE]	XnProperty.cpp	151	Property Firmware.DepthHoleFilter (22) was changed to 1.
 2917917	[VERBOSE]	XnProperty.cpp	151	Property Firmware.ImageSharpness (76) was changed to 50.
 2942635	[VERBOSE]	XnProperty.cpp	151	Property Firmware.DepthGain (21) was changed to 30.
 2954968	[VERBOSE]	XnProperty.cpp	151	Property Firmware.GMCMode (36) was changed to 1.
 2979765	[VERBOSE]	XnProperty.cpp	151	Property Firmware.DepthFPS (20) was changed to 30.
 2992097	[VERBOSE]	XnProperty.cpp	151	Property Firmware.DepthWhiteBalance (45) was changed to 1.
 3004905	[VERBOSE]	XnProperty.cpp	151	Property Firmware.DepthResolution (19) was changed to 1.
 3017212	[VERBOSE]	XnProperty.cpp	151	Property Firmware.DepthFormat (18) was changed to 3.
 3165923	[VERBOSE]	XnProperty.cpp	151	Property Firmware.ImageFlicker (17) was changed to 1.
 3215971	[VERBOSE]	XnProperty.cpp	151	Property Firmware.ImageFPS (14) was changed to 30.
 3240835	[VERBOSE]	XnProperty.cpp	151	Property Firmware.ImageResolution (13) was changed to 1.
 3387293	[VERBOSE]	XnSensorFirmwareParams.cpp	291	Firmware params were updated.
 3387373	[VERBOSE]	XnHostProtocol.cpp	989	Getting the fixed params...
 3400396	[VERBOSE]	XnSensorFixedParams.cpp	54	Sensor serial number: 0
 3400466	[INFO]	XnProperty.cpp	151	Property Device.PhysicalDeviceName was changed to PrimeSense Sensor.
 3400489	[INFO]	XnProperty.cpp	151	Property Device.ID was changed to 0.
 3400521	[INFO]	XnSensor.cpp	185	Device sensor initialized
 3400612	[INFO]	XnOpenNI.cpp	1258	Creating node 'Depth1' of type Depth: PrimeSense/SensorKinect/5.0.1.32...
 3400648	[INFO]	XnDeviceBase.cpp	1383	Creating stream 'Depth1' of type 'Depth'...
 3400665	[INFO]	XnProperty.cpp	74	Setting Device.ReadData to 1...
 3400677	[VERBOSE]	XnDeviceSensorIO.cpp	160	Opening endpoints...
 3400688	[VERBOSE]	XnDeviceSensorIO.cpp	170	Opening endpoint 0x81 for depth...
 3400706	[VERBOSE]	XnDeviceSensorIO.cpp	194	Depth endpoint is isochronous.
 3400720	[VERBOSE]	XnDeviceSensorIO.cpp	220	Opening endpoint 0x82 for image...
 3400735	[VERBOSE]	XnDeviceSensorIO.cpp	233	Image endpoint is isochronous.
 3400746	[VERBOSE]	XnDeviceSensorIO.cpp	250	Opening endpoint 0x83 for misc...
 3400758	[VERBOSE]	XnDeviceSensorIO.cpp	264	Misc endpoint is not supported...
 3400768	[INFO]	XnDeviceSensorIO.cpp	291	Endpoints open
 3400778	[VERBOSE]	XnHostProtocol.cpp	1203	Getting algorithm params 0x80 for resolution 0 and fps 0....
 3412990	[INFO]	XnProperty.cpp	151	Property Device.ReadData was changed to 1.
 3413043	[INFO]	XnProperty.cpp	101	Device.ReadData was successfully set.
 3413306	[VERBOSE]	XnDeviceBase.cpp	1419	Initializing stream 'Depth1'...
 3413586	[INFO]	XnProperty.cpp	151	Property Depth1.FPS was changed to 30.
 3413651	[INFO]	XnProperty.cpp	151	Property Depth1.OutputFormat was changed to 1.
 3413673	[INFO]	XnProperty.cpp	151	Property Depth1.BytesPerPixel was changed to 2.
 3413694	[INFO]	XnProperty.cpp	151	Property Depth1.RequiredDataSize was changed to 614400.
 3413728	[INFO]	XnProperty.cpp	151	Property Depth1.ParamCoeff was changed to 4.
 3413808	[INFO]	XnProperty.cpp	151	Property Depth1.ShiftScale was changed to 10.
 3413882	[VERBOSE]	XnHostProtocol.cpp	1203	Getting algorithm params 0x0 for resolution 1 and fps 30....
 3426418	[INFO]	XnProperty.cpp	151	Property Depth1.ConstShift was changed to 200.
 3426508	[INFO]	XnProperty.cpp	151	Property Depth1.ZPD was changed to 120.
 3426622	[INFO]	XnProperty.cpp	151	Property Depth1.ZPPS was changed to 0.104200.
 3426638	[INFO]	XnProperty.cpp	151	Property Depth1.LDDIS was changed to 7.500000.
 3426734	[INFO]	XnProperty.cpp	151	Property Depth1.Gain was changed to 30.
 3426766	[INFO]	XnProperty.cpp	151	Property Depth1.SupportedModesCount was changed to 9.
 3426788	[INFO]	XnDeviceBase.cpp	1458	Stream 'Depth1' was initialized.
 3426801	[INFO]	XnDeviceBase.cpp	1463	'Depth1' stream was created.
 3426815	[VERBOSE]	XnDeviceModule.cpp	417	Configuring module 'Depth1' from section 'Depth' in file './../../../data/openni/config//GlobalDefaultsKinect.ini'...
 3426965	[INFO]	XnDeviceModule.cpp	431	Module 'Depth1' configuration was loaded from file.
 3427131	[INFO]	XnProperty.cpp	74	Setting Depth1.Mirror to 1...
 3427150	[INFO]	XnProperty.cpp	151	Property Depth1.FirmwareMirror was changed to 1.
 3427161	[INFO]	XnProperty.cpp	151	Property Depth1.Mirror was changed to 1.
 3427172	[INFO]	XnProperty.cpp	101	Depth1.Mirror was successfully set.
 3427187	[VERBOSE]	XnDeviceBase.cpp	359	Opening stream Depth1...
 3427209	[VERBOSE]	XnFirmwareStreams.cpp	202	FW Stream Depth was claimed by Depth1
 3427225	[VERBOSE]	XnSensorDepthStream.cpp	336	Creating USB depth read thread...
 3427237	[VERBOSE]	XnUSBLinux-x86.cpp	104	Starting libusb asynch thread...
 3427324	[WARNING]	Linux-x86Threads.cpp	166	Failed to set thread priority: Invalid argument
 3427344	[WARNING]	XnUSBLinux-x86.cpp	122	USB events thread: Failed to set thread priority to critical. This might cause loss of data...
 3427366	[VERBOSE]	XnUSBLinux-x86.cpp	1128	Starting a USB read thread...
 3428520	[INFO]	XnUSBLinux-x86.cpp	1220	USB read thread was started.
 3428575	[INFO]	XnProperty.cpp	151	Property Depth1.ActualReadData was changed to 1.
 3428608	[VERBOSE]	XnProperty.cpp	74	Setting Firmware.DepthFormat (18) to 3...
 3440708	[VERBOSE]	XnProperty.cpp	101	Firmware.DepthFormat (18) was successfully set.
 3440760	[VERBOSE]	XnProperty.cpp	74	Setting Firmware.DepthResolution (19) to 1...
 3452986	[VERBOSE]	XnProperty.cpp	101	Firmware.DepthResolution (19) was successfully set.
 3453039	[VERBOSE]	XnProperty.cpp	74	Setting Firmware.DepthFPS (20) to 30...
 3465135	[VERBOSE]	XnProperty.cpp	101	Firmware.DepthFPS (20) was successfully set.
 3465183	[VERBOSE]	XnProperty.cpp	74	Setting Firmware.DepthHoleFilter (22) to 1...
 3477202	[VERBOSE]	XnProperty.cpp	101	Firmware.DepthHoleFilter (22) was successfully set.
 3477234	[VERBOSE]	XnProperty.cpp	74	Setting Firmware.DepthGain (21) to 30...
 3489361	[VERBOSE]	XnProperty.cpp	101	Firmware.DepthGain (21) was successfully set.
 3489416	[VERBOSE]	XnProperty.cpp	74	Setting Firmware.DepthDecimation (24) to 0...
 3501510	[VERBOSE]	XnProperty.cpp	101	Firmware.DepthDecimation (24) was successfully set.
 3501553	[VERBOSE]	XnProperty.cpp	74	Setting Firmware.Registration (2) to 0...
 3513606	[VERBOSE]	XnProperty.cpp	101	Firmware.Registration (2) was successfully set.
 3513670	[VERBOSE]	XnProperty.cpp	74	Setting Firmware.DepthMirror (23) to 1...
 3525733	[VERBOSE]	XnProperty.cpp	101	Firmware.DepthMirror (23) was successfully set.
 3525780	[VERBOSE]	XnProperty.cpp	74	Setting Firmware.GMCMode (36) to 1...
 3537752	[VERBOSE]	XnProperty.cpp	101	Firmware.GMCMode (36) was successfully set.
 3537796	[VERBOSE]	XnProperty.cpp	74	Setting Firmware.DepthWhiteBalance (45) to 1...
 3550067	[VERBOSE]	XnProperty.cpp	101	Firmware.DepthWhiteBalance (45) was successfully set.
 3550147	[VERBOSE]	XnHostProtocol.cpp	1203	Getting algorithm params 0x6 for resolution 1 and fps 30....
 3574378	[VERBOSE]	XnFirmwareStreams.cpp	284	Firmware stream 'Depth' processor was replaced.
 3574420	[VERBOSE]	XnProperty.cpp	74	Setting Firmware.Stream1Mode (6) to 2...
 3675828	[VERBOSE]	XnOpenNI.cpp	588	[FPS] Depth1 (I:  0.00, O:  0.00) ReadCalls:  0.00
 3675893	[VERBOSE]	XnSensorFPS.cpp	86	[FPS] InputFrames - I:  0.00, D:  0.00, OutputFrames - I:  0.00, D:  0.00
 3886767	[VERBOSE]	XnProperty.cpp	151	Property Firmware.Stream1Mode (6) was changed to 2.
 3886811	[VERBOSE]	XnProperty.cpp	74	Setting Firmware.FrameSync (1) to 0...
 3898981	[VERBOSE]	XnProperty.cpp	101	Firmware.FrameSync (1) was successfully set.
 3899047	[VERBOSE]	XnProperty.cpp	101	Firmware.Stream1Mode (6) was successfully set.
 3899072	[VERBOSE]	XnProperty.cpp	74	Setting Firmware.DepthCropEnabled (55) to 0...
 3911255	[VERBOSE]	XnProperty.cpp	101	Firmware.DepthCropEnabled (55) was successfully set.
 3911305	[INFO]	XnProperty.cpp	151	Property Depth1.State was changed to 1.
 3911318	[INFO]	XnDeviceBase.cpp	370	Stream Depth1 is open.
 4007864	[VERBOSE]	XnOpenNI.cpp	588	[FPS] Depth1 (I: 33.13, O:  0.00) ReadCalls:  0.00
 4007926	[VERBOSE]	XnSensorFPS.cpp	86	[FPS] InputFrames - I:  0.00, D: 33.13, OutputFrames - I:  0.00, D:  0.00
 5007820	[VERBOSE]	XnOpenNI.cpp	588	[FPS] Depth1 (I: 30.78, O: 28.35) ReadCalls: 29.29
 5007866	[VERBOSE]	XnSensorFPS.cpp	86	[FPS] InputFrames - I:  0.00, D: 30.78, OutputFrames - I:  0.00, D: 28.35
 6011811	[VERBOSE]	XnOpenNI.cpp	588	[FPS] Depth1 (I: 30.39, O: 29.09) ReadCalls: 29.58
 6011860	[VERBOSE]	XnSensorFPS.cpp	86	[FPS] InputFrames - I:  0.00, D: 30.39, OutputFrames - I:  0.00, D: 29.09
 6876934	[WARNING]	XnDepthProcessor.cpp	133	Read: Depth buffer is corrupt. Size is 289232 (!= 614400)
 6876991	[WARNING]	XnFrameStreamProcessor.cpp	138	Depth frame is corrupt!
 7012823	[VERBOSE]	XnOpenNI.cpp	588	[FPS] Depth1 (I: 29.60, O: 29.55) ReadCalls: 29.89
 7012871	[VERBOSE]	XnSensorFPS.cpp	86	[FPS] InputFrames - I:  0.00, D: 29.60, OutputFrames - I:  0.00, D: 29.55
 8012826	[VERBOSE]	XnOpenNI.cpp	588	[FPS] Depth1 (I: 29.64, O: 29.30) ReadCalls: 29.45
 8012882	[VERBOSE]	XnSensorFPS.cpp	86	[FPS] InputFrames - I:  0.00, D: 29.64, OutputFrames - I:  0.00, D: 29.30
 8431571	[INFO]	XnOpenNI.cpp	1458	Destroying node 'Depth1'
 8431659	[INFO]	XnDeviceBase.cpp	1507	Destroying stream 'Depth1'...
 8431708	[VERBOSE]	XnFirmwareStreams.cpp	225	Stream Depth1 released FW Stream Depth
 8432572	[VERBOSE]	XnDeviceBase.cpp	1531	'Depth1' stream destroyed.
 8432646	[INFO]	XnOpenNI.cpp	1458	Destroying node 'Device1'
 8432714	[VERBOSE]	XnProperty.cpp	74	Setting Firmware.Stream0Mode (5) to 0...
 8446277	[VERBOSE]	XnProperty.cpp	101	Firmware.Stream0Mode (5) was successfully set.
 8446333	[VERBOSE]	XnProperty.cpp	74	Setting Firmware.Stream1Mode (6) to 0...
 8758809	[VERBOSE]	XnProperty.cpp	151	Property Firmware.Stream1Mode (6) was changed to 0.
 8758858	[VERBOSE]	XnProperty.cpp	74	Setting Firmware.FrameSync (1) to 0...
 8771004	[VERBOSE]	XnProperty.cpp	101	Firmware.FrameSync (1) was successfully set.
 8771051	[VERBOSE]	XnProperty.cpp	101	Firmware.Stream1Mode (6) was successfully set.
 8771068	[VERBOSE]	XnProperty.cpp	74	Setting Firmware.Stream2Mode (7) to 0...
 8784715	[VERBOSE]	XnProperty.cpp	101	Firmware.Stream2Mode (7) was successfully set.
 8784764	[VERBOSE]	XnDeviceSensorIO.cpp	301	Shutting down USB depth read thread...
 8784791	[VERBOSE]	XnDeviceSensorIO.cpp	311	Shutting down USB image read thread...
 8793835	[VERBOSE]	XnDeviceSensorIO.cpp	358	Device closed successfully
 8795267	[VERBOSE]	XnDeviceSensorIO.cpp	301	Shutting down USB depth read thread...
 8795308	[VERBOSE]	XnDeviceSensorIO.cpp	311	Shutting down USB image read thread...
 8795322	[VERBOSE]	XnDeviceSensorIO.cpp	358	Device closed successfully
