   18339	[INFO]	XnLog.cpp	161	OpenNI version is 1.1.0 (Build 41)-MacOSX (Jul  9 2011 14:48:28)
   18406	[INFO]	XnLog.cpp	169	Log system initialized. Console: 1, File: 1, Severity: VERBOSE, Masks: ALL
   18446	[INFO]	XnLog.cpp	169	Log system initialized. Console: 1, File: 1, Severity: VERBOSE, Masks: ALL
   18610	[VERBOSE]	XnModuleLoader.cpp	288	Checking ./../../../data/openni/lib/libnimMockNodes.dylib...
   18792	[VERBOSE]	XnModuleLoader.cpp	446	Found exported production node. ProductionNode: OpenNI/Mock/1.1.0.41
   18839	[VERBOSE]	XnModuleLoader.cpp	446	Found exported production node. Generator: OpenNI/Mock/1.1.0.41
   18865	[VERBOSE]	XnModuleLoader.cpp	446	Found exported production node. MapGenerator: OpenNI/Mock/1.1.0.41
   18889	[VERBOSE]	XnModuleLoader.cpp	446	Found exported production node. Device: OpenNI/Mock/1.1.0.41
   18925	[VERBOSE]	XnModuleLoader.cpp	446	Found exported production node. Depth: OpenNI/Mock/1.1.0.41
   18951	[VERBOSE]	XnModuleLoader.cpp	446	Found exported production node. IR: OpenNI/Mock/1.1.0.41
   18976	[VERBOSE]	XnModuleLoader.cpp	446	Found exported production node. Image: OpenNI/Mock/1.1.0.41
   19006	[VERBOSE]	XnModuleLoader.cpp	446	Found exported production node. Audio: OpenNI/Mock/1.1.0.41
   19037	[VERBOSE]	XnModuleLoader.cpp	288	Checking ./../../../data/openni/lib/libnimCodecs.dylib...
   19129	[VERBOSE]	XnModuleLoader.cpp	446	Found exported production node. Codec: OpenNI/16zP/1.1.0.41
   19162	[VERBOSE]	XnModuleLoader.cpp	446	Found exported production node. Codec: OpenNI/16zT/1.1.0.41
   19196	[VERBOSE]	XnModuleLoader.cpp	446	Found exported production node. Codec: OpenNI/Im8z/1.1.0.41
   19220	[VERBOSE]	XnModuleLoader.cpp	446	Found exported production node. Codec: OpenNI/JPEG/1.1.0.41
   19243	[VERBOSE]	XnModuleLoader.cpp	446	Found exported production node. Codec: OpenNI/NONE/1.1.0.41
   19264	[VERBOSE]	XnModuleLoader.cpp	288	Checking ./../../../data/openni/lib/libnimRecorder.dylib...
   19367	[VERBOSE]	XnModuleLoader.cpp	446	Found exported production node. Recorder: OpenNI/Recorder/1.1.0.41
   19402	[VERBOSE]	XnModuleLoader.cpp	446	Found exported production node. Player: OpenNI/Player/1.1.0.41
   19425	[VERBOSE]	XnModuleLoader.cpp	288	Checking ./../../../data/openni/lib/libXnDeviceSensorV2KM.dylib...
   19526	[VERBOSE]	XnModuleLoader.cpp	446	Found exported production node. Device: PrimeSense/SensorKinect/5.0.1.32
   19568	[VERBOSE]	XnModuleLoader.cpp	446	Found exported production node. Depth: PrimeSense/SensorKinect/5.0.1.32
   19595	[VERBOSE]	XnModuleLoader.cpp	446	Found exported production node. Image: PrimeSense/SensorKinect/5.0.1.32
   19620	[VERBOSE]	XnModuleLoader.cpp	446	Found exported production node. IR: PrimeSense/SensorKinect/5.0.1.32
   19644	[VERBOSE]	XnModuleLoader.cpp	446	Found exported production node. Audio: PrimeSense/SensorKinect/5.0.1.32
   19666	[VERBOSE]	XnModuleLoader.cpp	288	Checking ./../../../data/openni/lib/libXnVFeatures_1_3_1.dylib...
   19768	[VERBOSE]	XnModuleLoader.cpp	446	Found exported production node. Scene: PrimeSense/XnVSceneAnalyzer/1.3.1.4
   19807	[VERBOSE]	XnModuleLoader.cpp	446	Found exported production node. User: PrimeSense/XnVSkeletonGenerator/1.3.1.4
   19842	[VERBOSE]	XnModuleLoader.cpp	288	Checking ./../../../data/openni/lib/libXnVHandGenerator_1_3_1.dylib...
   19954	[VERBOSE]	XnModuleLoader.cpp	446	Found exported production node. Gesture: PrimeSense/XnVGestureGenrator/1.3.1.4
   19996	[VERBOSE]	XnModuleLoader.cpp	446	Found exported production node. Hands: PrimeSense/XnVHandTracker/1.3.1.4
   20271	[VERBOSE]	XnXmlConfig.cpp	736	Requested to create a node of type Depth...
   20359	[VERBOSE]	XnUSBLinux-x86.cpp	83	Initializing USB...
   21038	[INFO]	XnUSBLinux-x86.cpp	94	USB is initialized.
 1568706	[INFO]	XnOpenNI.cpp	1258	Creating node 'Device1' of type Device: PrimeSense/SensorKinect/5.0.1.32...
 1569263	[VERBOSE]	XnSensor.cpp	837	Global configuration file './../../../data/openni/config//GlobalDefaultsKinect.ini' was not found.
 1569298	[VERBOSE]	XnSensor.cpp	157	Initializing device sensor...
 1569424	[VERBOSE]	XnDeviceModule.cpp	417	Configuring module 'Device' from section 'Device' in file './../../../data/openni/config//GlobalDefaultsKinect.ini'...
 1569571	[INFO]	XnDeviceModule.cpp	431	Module 'Device' configuration was loaded from file.
 1569648	[VERBOSE]	XnDeviceSensorIO.cpp	76	Connecting to USB device...
 1569668	[VERBOSE]	XnDeviceSensorIO.cpp	94	Trying to open sensor '045e/02ae@250/10'...
 2018132	[VERBOSE]	XnDeviceSensorIO.cpp	107	Trying to open endpoint 0x4 for control out (for old firmwares)...
 2018194	[INFO]	XnDeviceSensorIO.cpp	128	Connected to USB device
 2018218	[INFO]	XnProperty.cpp	151	Property Device.USBPath was changed to 045e/02ae@250/10.
 2026533	[VERBOSE]	XnHostProtocol.cpp	706	Getting hardware versions...
 2027829	[INFO]	XnHostProtocol.cpp	859	Hardware versions: FW=5.1.4 (7) HW=4 Chip=2 Sensor=4 SYS=7
 2041364	[VERBOSE]	XnHostProtocol.cpp	869	Requesting KeepAlive...
 2053699	[VERBOSE]	XnHostProtocol.cpp	880	Got KeepAlive Reply.
 2053745	[VERBOSE]	XnHostProtocol.cpp	1156	Setting mode to 3...
 2866204	[VERBOSE]	XnHostProtocol.cpp	869	Requesting KeepAlive...
 2878524	[VERBOSE]	XnHostProtocol.cpp	880	Got KeepAlive Reply.
 2890918	[VERBOSE]	XnProperty.cpp	151	Property Firmware.ReferenceResolution was changed to 2.
 2890958	[VERBOSE]	XnSensorFirmwareParams.cpp	282	Reading all params from firmware...
 2965295	[VERBOSE]	XnProperty.cpp	151	Property Firmware.DepthHoleFilter (22) was changed to 1.
 2965337	[VERBOSE]	XnProperty.cpp	151	Property Firmware.ImageSharpness (76) was changed to 50.
 2989988	[VERBOSE]	XnProperty.cpp	151	Property Firmware.DepthGain (21) was changed to 30.
 3002428	[VERBOSE]	XnProperty.cpp	151	Property Firmware.GMCMode (36) was changed to 1.
 3027621	[VERBOSE]	XnProperty.cpp	151	Property Firmware.DepthFPS (20) was changed to 30.
 3040150	[VERBOSE]	XnProperty.cpp	151	Property Firmware.DepthWhiteBalance (45) was changed to 1.
 3052266	[VERBOSE]	XnProperty.cpp	151	Property Firmware.DepthResolution (19) was changed to 1.
 3064584	[VERBOSE]	XnProperty.cpp	151	Property Firmware.DepthFormat (18) was changed to 3.
 3262933	[VERBOSE]	XnProperty.cpp	151	Property Firmware.ImageFPS (14) was changed to 30.
 3287646	[VERBOSE]	XnProperty.cpp	151	Property Firmware.ImageResolution (13) was changed to 1.
 3423482	[VERBOSE]	XnSensorFirmwareParams.cpp	291	Firmware params were updated.
 3423544	[VERBOSE]	XnHostProtocol.cpp	989	Getting the fixed params...
 3436498	[VERBOSE]	XnSensorFixedParams.cpp	54	Sensor serial number: 0
 3436546	[INFO]	XnProperty.cpp	151	Property Device.PhysicalDeviceName was changed to PrimeSense Sensor.
 3436562	[INFO]	XnProperty.cpp	151	Property Device.ID was changed to 0.
 3436593	[INFO]	XnSensor.cpp	185	Device sensor initialized
 3436692	[INFO]	XnOpenNI.cpp	1258	Creating node 'Depth1' of type Depth: PrimeSense/SensorKinect/5.0.1.32...
 3436730	[INFO]	XnDeviceBase.cpp	1383	Creating stream 'Depth1' of type 'Depth'...
 3436746	[INFO]	XnProperty.cpp	74	Setting Device.ReadData to 1...
 3436758	[VERBOSE]	XnDeviceSensorIO.cpp	160	Opening endpoints...
 3436769	[VERBOSE]	XnDeviceSensorIO.cpp	170	Opening endpoint 0x81 for depth...
 3436787	[VERBOSE]	XnDeviceSensorIO.cpp	194	Depth endpoint is isochronous.
 3436800	[VERBOSE]	XnDeviceSensorIO.cpp	220	Opening endpoint 0x82 for image...
 3436815	[VERBOSE]	XnDeviceSensorIO.cpp	233	Image endpoint is isochronous.
 3436826	[VERBOSE]	XnDeviceSensorIO.cpp	250	Opening endpoint 0x83 for misc...
 3436838	[VERBOSE]	XnDeviceSensorIO.cpp	264	Misc endpoint is not supported...
 3436849	[INFO]	XnDeviceSensorIO.cpp	291	Endpoints open
 3436859	[VERBOSE]	XnHostProtocol.cpp	1203	Getting algorithm params 0x80 for resolution 0 and fps 0....
 3449777	[INFO]	XnProperty.cpp	151	Property Device.ReadData was changed to 1.
 3449820	[INFO]	XnProperty.cpp	101	Device.ReadData was successfully set.
 3449954	[VERBOSE]	XnDeviceBase.cpp	1419	Initializing stream 'Depth1'...
 3450141	[INFO]	XnProperty.cpp	151	Property Depth1.FPS was changed to 30.
 3450160	[INFO]	XnProperty.cpp	151	Property Depth1.OutputFormat was changed to 1.
 3450172	[INFO]	XnProperty.cpp	151	Property Depth1.BytesPerPixel was changed to 2.
 3450184	[INFO]	XnProperty.cpp	151	Property Depth1.RequiredDataSize was changed to 614400.
 3450239	[INFO]	XnProperty.cpp	151	Property Depth1.ParamCoeff was changed to 4.
 3450301	[INFO]	XnProperty.cpp	151	Property Depth1.ShiftScale was changed to 10.
 3450364	[VERBOSE]	XnHostProtocol.cpp	1203	Getting algorithm params 0x0 for resolution 1 and fps 30....
 3463049	[INFO]	XnProperty.cpp	151	Property Depth1.ConstShift was changed to 200.
 3463143	[INFO]	XnProperty.cpp	151	Property Depth1.ZPD was changed to 120.
 3463252	[INFO]	XnProperty.cpp	151	Property Depth1.ZPPS was changed to 0.104200.
 3463267	[INFO]	XnProperty.cpp	151	Property Depth1.LDDIS was changed to 7.500000.
 3463369	[INFO]	XnProperty.cpp	151	Property Depth1.Gain was changed to 30.
 3463402	[INFO]	XnProperty.cpp	151	Property Depth1.SupportedModesCount was changed to 9.
 3463426	[INFO]	XnDeviceBase.cpp	1458	Stream 'Depth1' was initialized.
 3463439	[INFO]	XnDeviceBase.cpp	1463	'Depth1' stream was created.
 3463454	[VERBOSE]	XnDeviceModule.cpp	417	Configuring module 'Depth1' from section 'Depth' in file './../../../data/openni/config//GlobalDefaultsKinect.ini'...
 3463603	[INFO]	XnDeviceModule.cpp	431	Module 'Depth1' configuration was loaded from file.
 3463748	[VERBOSE]	XnDeviceBase.cpp	359	Opening stream Depth1...
 3463778	[VERBOSE]	XnFirmwareStreams.cpp	202	FW Stream Depth was claimed by Depth1
 3463794	[VERBOSE]	XnSensorDepthStream.cpp	336	Creating USB depth read thread...
 3463807	[VERBOSE]	XnUSBLinux-x86.cpp	104	Starting libusb asynch thread...
 3463887	[WARNING]	Linux-x86Threads.cpp	166	Failed to set thread priority: Invalid argument
 3463903	[WARNING]	XnUSBLinux-x86.cpp	122	USB events thread: Failed to set thread priority to critical. This might cause loss of data...
 3463922	[VERBOSE]	XnUSBLinux-x86.cpp	1128	Starting a USB read thread...
 3464859	[INFO]	XnUSBLinux-x86.cpp	1220	USB read thread was started.
 3464885	[INFO]	XnProperty.cpp	151	Property Depth1.ActualReadData was changed to 1.
 3464906	[VERBOSE]	XnProperty.cpp	74	Setting Firmware.DepthFormat (18) to 3...
 3476942	[VERBOSE]	XnProperty.cpp	101	Firmware.DepthFormat (18) was successfully set.
 3477012	[VERBOSE]	XnProperty.cpp	74	Setting Firmware.DepthResolution (19) to 1...
 3489073	[VERBOSE]	XnProperty.cpp	101	Firmware.DepthResolution (19) was successfully set.
 3489129	[VERBOSE]	XnProperty.cpp	74	Setting Firmware.DepthFPS (20) to 30...
 3501234	[VERBOSE]	XnProperty.cpp	101	Firmware.DepthFPS (20) was successfully set.
 3501282	[VERBOSE]	XnProperty.cpp	74	Setting Firmware.DepthHoleFilter (22) to 1...
 3513347	[VERBOSE]	XnProperty.cpp	101	Firmware.DepthHoleFilter (22) was successfully set.
 3513395	[VERBOSE]	XnProperty.cpp	74	Setting Firmware.DepthGain (21) to 30...
 3525562	[VERBOSE]	XnProperty.cpp	101	Firmware.DepthGain (21) was successfully set.
 3525632	[VERBOSE]	XnProperty.cpp	74	Setting Firmware.DepthDecimation (24) to 0...
 3537831	[VERBOSE]	XnProperty.cpp	101	Firmware.DepthDecimation (24) was successfully set.
 3537886	[VERBOSE]	XnProperty.cpp	74	Setting Firmware.Registration (2) to 0...
 3550068	[VERBOSE]	XnProperty.cpp	101	Firmware.Registration (2) was successfully set.
 3550123	[VERBOSE]	XnProperty.cpp	74	Setting Firmware.DepthMirror (23) to 0...
 3562325	[VERBOSE]	XnProperty.cpp	101	Firmware.DepthMirror (23) was successfully set.
 3562379	[VERBOSE]	XnProperty.cpp	74	Setting Firmware.GMCMode (36) to 1...
 3574471	[VERBOSE]	XnProperty.cpp	101	Firmware.GMCMode (36) was successfully set.
 3574535	[VERBOSE]	XnProperty.cpp	74	Setting Firmware.DepthWhiteBalance (45) to 1...
 3586861	[VERBOSE]	XnProperty.cpp	101	Firmware.DepthWhiteBalance (45) was successfully set.
 3586913	[VERBOSE]	XnHostProtocol.cpp	1203	Getting algorithm params 0x6 for resolution 1 and fps 30....
 3611550	[VERBOSE]	XnFirmwareStreams.cpp	284	Firmware stream 'Depth' processor was replaced.
 3611619	[VERBOSE]	XnProperty.cpp	74	Setting Firmware.Stream1Mode (6) to 2...
 3712447	[VERBOSE]	XnOpenNI.cpp	588	[FPS] Depth1 (I:  0.00, O:  0.00) ReadCalls:  0.00
 3712508	[VERBOSE]	XnSensorFPS.cpp	86	[FPS] InputFrames - I:  0.00, D:  0.00, OutputFrames - I:  0.00, D:  0.00
 3923705	[VERBOSE]	XnProperty.cpp	151	Property Firmware.Stream1Mode (6) was changed to 2.
 3923751	[VERBOSE]	XnProperty.cpp	74	Setting Firmware.FrameSync (1) to 0...
 3935963	[VERBOSE]	XnProperty.cpp	101	Firmware.FrameSync (1) was successfully set.
 3936018	[VERBOSE]	XnProperty.cpp	101	Firmware.Stream1Mode (6) was successfully set.
 3936039	[VERBOSE]	XnProperty.cpp	74	Setting Firmware.DepthCropEnabled (55) to 0...
 3948400	[VERBOSE]	XnProperty.cpp	101	Firmware.DepthCropEnabled (55) was successfully set.
 3948457	[INFO]	XnProperty.cpp	151	Property Depth1.State was changed to 1.
 3948477	[INFO]	XnDeviceBase.cpp	370	Stream Depth1 is open.
 4012465	[VERBOSE]	XnOpenNI.cpp	588	[FPS] Depth1 (I: 33.33, O:  0.00) ReadCalls:  0.00
 4012517	[VERBOSE]	XnSensorFPS.cpp	86	[FPS] InputFrames - I:  0.00, D: 33.33, OutputFrames - I:  0.00, D:  0.00
 5002692	[VERBOSE]	XnOpenNI.cpp	588	[FPS] Depth1 (I: 30.23, O: 22.76) ReadCalls: 23.79
 5012441	[VERBOSE]	XnSensorFPS.cpp	86	[FPS] InputFrames - I:  0.00, D: 30.77, OutputFrames - I:  0.00, D: 22.53
 6003863	[VERBOSE]	XnOpenNI.cpp	588	[FPS] Depth1 (I: 30.11, O: 26.43) ReadCalls: 26.93
 6012500	[VERBOSE]	XnSensorFPS.cpp	86	[FPS] InputFrames - I:  0.00, D: 30.43, OutputFrames - I:  0.00, D: 26.31
 6903398	[WARNING]	XnUSBLinux-x86.cpp	1076	Endpoint 0x82, Buffer 14: Asynch transfer failed (status: 1)
 6915488	[WARNING]	XnDepthProcessor.cpp	133	Read: Depth buffer is corrupt. Size is 260400 (!= 614400)
 6915546	[WARNING]	XnFrameStreamProcessor.cpp	138	Depth frame is corrupt!
 7005800	[VERBOSE]	XnOpenNI.cpp	588	[FPS] Depth1 (I: 29.40, O: 26.60) ReadCalls: 26.94
 7015449	[VERBOSE]	XnSensorFPS.cpp	86	[FPS] InputFrames - I:  0.00, D: 29.62, OutputFrames - I:  0.00, D: 26.52
 8008355	[VERBOSE]	XnOpenNI.cpp	588	[FPS] Depth1 (I: 29.37, O: 29.04) ReadCalls: 29.32
 8015450	[VERBOSE]	XnSensorFPS.cpp	86	[FPS] InputFrames - I:  0.00, D: 29.62, OutputFrames - I:  0.00, D: 28.95
 9006312	[VERBOSE]	XnOpenNI.cpp	588	[FPS] Depth1 (I: 29.39, O: 29.06) ReadCalls: 29.35
 9015518	[VERBOSE]	XnSensorFPS.cpp	86	[FPS] InputFrames - I:  0.00, D: 29.66, OutputFrames - I:  0.00, D: 28.98
10007056	[VERBOSE]	XnOpenNI.cpp	588	[FPS] Depth1 (I: 30.08, O: 30.08) ReadCalls: 30.37
10019446	[VERBOSE]	XnSensorFPS.cpp	86	[FPS] InputFrames - I:  0.00, D: 30.28, OutputFrames - I:  0.00, D: 29.95
11010017	[VERBOSE]	XnOpenNI.cpp	588	[FPS] Depth1 (I: 30.05, O: 30.05) ReadCalls: 30.37
11019464	[VERBOSE]	XnSensorFPS.cpp	86	[FPS] InputFrames - I:  0.00, D: 30.34, OutputFrames - I:  0.00, D: 29.99
12011194	[VERBOSE]	XnOpenNI.cpp	588	[FPS] Depth1 (I: 30.04, O: 30.04) ReadCalls: 30.36
12019523	[VERBOSE]	XnSensorFPS.cpp	86	[FPS] InputFrames - I:  0.00, D: 30.32, OutputFrames - I:  0.00, D: 29.99
13010014	[VERBOSE]	XnOpenNI.cpp	588	[FPS] Depth1 (I: 30.09, O: 30.10) ReadCalls: 30.39
13023445	[VERBOSE]	XnSensorFPS.cpp	86	[FPS] InputFrames - I:  0.00, D: 30.28, OutputFrames - I:  0.00, D: 29.95
14010039	[VERBOSE]	XnOpenNI.cpp	588	[FPS] Depth1 (I: 30.09, O: 29.76) ReadCalls: 30.07
14023527	[VERBOSE]	XnSensorFPS.cpp	86	[FPS] InputFrames - I:  0.00, D: 30.28, OutputFrames - I:  0.00, D: 29.61
15013839	[VERBOSE]	XnOpenNI.cpp	588	[FPS] Depth1 (I: 30.06, O: 29.06) ReadCalls: 29.37
15023501	[VERBOSE]	XnSensorFPS.cpp	86	[FPS] InputFrames - I:  0.00, D: 30.32, OutputFrames - I:  0.00, D: 28.98
16015069	[VERBOSE]	XnOpenNI.cpp	588	[FPS] Depth1 (I: 30.08, O: 29.08) ReadCalls: 29.37
16023588	[VERBOSE]	XnSensorFPS.cpp	86	[FPS] InputFrames - I:  0.00, D: 30.32, OutputFrames - I:  0.00, D: 28.98
17016410	[VERBOSE]	XnOpenNI.cpp	588	[FPS] Depth1 (I: 30.07, O: 29.41) ReadCalls: 29.72
17027509	[VERBOSE]	XnSensorFPS.cpp	86	[FPS] InputFrames - I:  0.00, D: 30.28, OutputFrames - I:  0.00, D: 29.27
17324645	[INFO]	XnOpenNI.cpp	1458	Destroying node 'Depth1'
17324745	[INFO]	XnDeviceBase.cpp	1507	Destroying stream 'Depth1'...
17324794	[VERBOSE]	XnFirmwareStreams.cpp	225	Stream Depth1 released FW Stream Depth
17325683	[VERBOSE]	XnDeviceBase.cpp	1531	'Depth1' stream destroyed.
17325758	[INFO]	XnOpenNI.cpp	1458	Destroying node 'Device1'
17325808	[VERBOSE]	XnProperty.cpp	74	Setting Firmware.Stream0Mode (5) to 0...
17339096	[VERBOSE]	XnProperty.cpp	101	Firmware.Stream0Mode (5) was successfully set.
17339140	[VERBOSE]	XnProperty.cpp	74	Setting Firmware.Stream1Mode (6) to 0...
17651602	[VERBOSE]	XnProperty.cpp	151	Property Firmware.Stream1Mode (6) was changed to 0.
17651642	[VERBOSE]	XnProperty.cpp	74	Setting Firmware.FrameSync (1) to 0...
17663841	[VERBOSE]	XnProperty.cpp	101	Firmware.FrameSync (1) was successfully set.
17663893	[VERBOSE]	XnProperty.cpp	101	Firmware.Stream1Mode (6) was successfully set.
17663907	[VERBOSE]	XnProperty.cpp	74	Setting Firmware.Stream2Mode (7) to 0...
17677095	[VERBOSE]	XnProperty.cpp	101	Firmware.Stream2Mode (7) was successfully set.
17677137	[VERBOSE]	XnDeviceSensorIO.cpp	301	Shutting down USB depth read thread...
17677159	[VERBOSE]	XnDeviceSensorIO.cpp	311	Shutting down USB image read thread...
17684601	[VERBOSE]	XnDeviceSensorIO.cpp	358	Device closed successfully
17686325	[VERBOSE]	XnDeviceSensorIO.cpp	301	Shutting down USB depth read thread...
17686364	[VERBOSE]	XnDeviceSensorIO.cpp	311	Shutting down USB image read thread...
17686379	[VERBOSE]	XnDeviceSensorIO.cpp	358	Device closed successfully
