     539	[INFO]	XnLog.cpp	161	OpenNI version is 1.1.0 (Build 41)-MacOSX (Jul  9 2011 14:48:28)
     596	[INFO]	XnLog.cpp	169	Log system initialized. Console: 1, File: 1, Severity: VERBOSE, Masks: ALL
     636	[INFO]	XnLog.cpp	169	Log system initialized. Console: 1, File: 1, Severity: VERBOSE, Masks: ALL
     775	[VERBOSE]	XnModuleLoader.cpp	288	Checking ./../../../data/openni/lib/libnimMockNodes.dylib...
     928	[VERBOSE]	XnModuleLoader.cpp	446	Found exported production node. ProductionNode: OpenNI/Mock/1.1.0.41
     972	[VERBOSE]	XnModuleLoader.cpp	446	Found exported production node. Generator: OpenNI/Mock/1.1.0.41
     998	[VERBOSE]	XnModuleLoader.cpp	446	Found exported production node. MapGenerator: OpenNI/Mock/1.1.0.41
    1025	[VERBOSE]	XnModuleLoader.cpp	446	Found exported production node. Device: OpenNI/Mock/1.1.0.41
    1049	[VERBOSE]	XnModuleLoader.cpp	446	Found exported production node. Depth: OpenNI/Mock/1.1.0.41
    1075	[VERBOSE]	XnModuleLoader.cpp	446	Found exported production node. IR: OpenNI/Mock/1.1.0.41
    1101	[VERBOSE]	XnModuleLoader.cpp	446	Found exported production node. Image: OpenNI/Mock/1.1.0.41
    1133	[VERBOSE]	XnModuleLoader.cpp	446	Found exported production node. Audio: OpenNI/Mock/1.1.0.41
    1162	[VERBOSE]	XnModuleLoader.cpp	288	Checking ./../../../data/openni/lib/libnimCodecs.dylib...
    1263	[VERBOSE]	XnModuleLoader.cpp	446	Found exported production node. Codec: OpenNI/16zP/1.1.0.41
    1300	[VERBOSE]	XnModuleLoader.cpp	446	Found exported production node. Codec: OpenNI/16zT/1.1.0.41
    1324	[VERBOSE]	XnModuleLoader.cpp	446	Found exported production node. Codec: OpenNI/Im8z/1.1.0.41
    1347	[VERBOSE]	XnModuleLoader.cpp	446	Found exported production node. Codec: OpenNI/JPEG/1.1.0.41
    1370	[VERBOSE]	XnModuleLoader.cpp	446	Found exported production node. Codec: OpenNI/NONE/1.1.0.41
    1392	[VERBOSE]	XnModuleLoader.cpp	288	Checking ./../../../data/openni/lib/libnimRecorder.dylib...
    1532	[VERBOSE]	XnModuleLoader.cpp	446	Found exported production node. Recorder: OpenNI/Recorder/1.1.0.41
    1576	[VERBOSE]	XnModuleLoader.cpp	446	Found exported production node. Player: OpenNI/Player/1.1.0.41
    1603	[VERBOSE]	XnModuleLoader.cpp	288	Checking ./../../../data/openni/lib/libXnDeviceSensorV2KM.dylib...
    1726	[VERBOSE]	XnModuleLoader.cpp	446	Found exported production node. Device: PrimeSense/SensorKinect/5.0.1.32
    1766	[VERBOSE]	XnModuleLoader.cpp	446	Found exported production node. Depth: PrimeSense/SensorKinect/5.0.1.32
    1797	[VERBOSE]	XnModuleLoader.cpp	446	Found exported production node. Image: PrimeSense/SensorKinect/5.0.1.32
    1826	[VERBOSE]	XnModuleLoader.cpp	446	Found exported production node. IR: PrimeSense/SensorKinect/5.0.1.32
    1856	[VERBOSE]	XnModuleLoader.cpp	446	Found exported production node. Audio: PrimeSense/SensorKinect/5.0.1.32
    1901	[VERBOSE]	XnModuleLoader.cpp	288	Checking ./../../../data/openni/lib/libXnVFeatures_1_3_1.dylib...
    2012	[VERBOSE]	XnModuleLoader.cpp	446	Found exported production node. Scene: PrimeSense/XnVSceneAnalyzer/1.3.1.4
    2046	[VERBOSE]	XnModuleLoader.cpp	446	Found exported production node. User: PrimeSense/XnVSkeletonGenerator/1.3.1.4
    2080	[VERBOSE]	XnModuleLoader.cpp	288	Checking ./../../../data/openni/lib/libXnVHandGenerator_1_3_1.dylib...
    2192	[VERBOSE]	XnModuleLoader.cpp	446	Found exported production node. Gesture: PrimeSense/XnVGestureGenrator/1.3.1.4
    2244	[VERBOSE]	XnModuleLoader.cpp	446	Found exported production node. Hands: PrimeSense/XnVHandTracker/1.3.1.4
    2522	[VERBOSE]	XnXmlConfig.cpp	736	Requested to create a node of type Depth...
    2603	[VERBOSE]	XnUSBLinux-x86.cpp	83	Initializing USB...
    3102	[INFO]	XnUSBLinux-x86.cpp	94	USB is initialized.
 1300504	[INFO]	XnOpenNI.cpp	1258	Creating node 'Device1' of type Device: PrimeSense/SensorKinect/5.0.1.32...
 1300865	[VERBOSE]	XnSensor.cpp	837	Global configuration file './../../../data/openni/config//GlobalDefaultsKinect.ini' was not found.
 1300893	[VERBOSE]	XnSensor.cpp	157	Initializing device sensor...
 1300997	[VERBOSE]	XnDeviceModule.cpp	417	Configuring module 'Device' from section 'Device' in file './../../../data/openni/config//GlobalDefaultsKinect.ini'...
 1301119	[INFO]	XnDeviceModule.cpp	431	Module 'Device' configuration was loaded from file.
 1301181	[VERBOSE]	XnDeviceSensorIO.cpp	76	Connecting to USB device...
 1301199	[VERBOSE]	XnDeviceSensorIO.cpp	94	Trying to open sensor '045e/02ae@250/10'...
 1958890	[VERBOSE]	XnDeviceSensorIO.cpp	107	Trying to open endpoint 0x4 for control out (for old firmwares)...
 1958951	[INFO]	XnDeviceSensorIO.cpp	128	Connected to USB device
 1958976	[INFO]	XnProperty.cpp	151	Property Device.USBPath was changed to 045e/02ae@250/10.
 1966453	[VERBOSE]	XnHostProtocol.cpp	706	Getting hardware versions...
 1967836	[INFO]	XnHostProtocol.cpp	859	Hardware versions: FW=5.1.4 (7) HW=4 Chip=2 Sensor=4 SYS=7
 1980285	[VERBOSE]	XnHostProtocol.cpp	869	Requesting KeepAlive...
 1992647	[VERBOSE]	XnHostProtocol.cpp	880	Got KeepAlive Reply.
 1992694	[VERBOSE]	XnHostProtocol.cpp	1156	Setting mode to 3...
 2805253	[VERBOSE]	XnHostProtocol.cpp	869	Requesting KeepAlive...
 2818004	[VERBOSE]	XnHostProtocol.cpp	880	Got KeepAlive Reply.
 2830424	[VERBOSE]	XnProperty.cpp	151	Property Firmware.ReferenceResolution was changed to 2.
 2830469	[VERBOSE]	XnSensorFirmwareParams.cpp	282	Reading all params from firmware...
 2880278	[VERBOSE]	XnProperty.cpp	151	Property Firmware.DepthMirror (23) was changed to 1.
 2905602	[VERBOSE]	XnProperty.cpp	151	Property Firmware.DepthHoleFilter (22) was changed to 1.
 2905654	[VERBOSE]	XnProperty.cpp	151	Property Firmware.ImageSharpness (76) was changed to 50.
 2930316	[VERBOSE]	XnProperty.cpp	151	Property Firmware.DepthGain (21) was changed to 30.
 2942883	[VERBOSE]	XnProperty.cpp	151	Property Firmware.GMCMode (36) was changed to 1.
 2968033	[VERBOSE]	XnProperty.cpp	151	Property Firmware.DepthFPS (20) was changed to 30.
 2980714	[VERBOSE]	XnProperty.cpp	151	Property Firmware.DepthWhiteBalance (45) was changed to 1.
 2993051	[VERBOSE]	XnProperty.cpp	151	Property Firmware.DepthResolution (19) was changed to 1.
 3005418	[VERBOSE]	XnProperty.cpp	151	Property Firmware.DepthFormat (18) was changed to 3.
 3152959	[VERBOSE]	XnProperty.cpp	151	Property Firmware.ImageFlicker (17) was changed to 1.
 3202048	[VERBOSE]	XnProperty.cpp	151	Property Firmware.ImageFPS (14) was changed to 30.
 3226555	[VERBOSE]	XnProperty.cpp	151	Property Firmware.ImageResolution (13) was changed to 1.
 3362089	[VERBOSE]	XnSensorFirmwareParams.cpp	291	Firmware params were updated.
 3362190	[VERBOSE]	XnHostProtocol.cpp	989	Getting the fixed params...
 3375040	[VERBOSE]	XnSensorFixedParams.cpp	54	Sensor serial number: 0
 3375091	[INFO]	XnProperty.cpp	151	Property Device.PhysicalDeviceName was changed to PrimeSense Sensor.
 3375114	[INFO]	XnProperty.cpp	151	Property Device.ID was changed to 0.
 3375150	[INFO]	XnSensor.cpp	185	Device sensor initialized
 3375269	[INFO]	XnOpenNI.cpp	1258	Creating node 'Depth1' of type Depth: PrimeSense/SensorKinect/5.0.1.32...
 3375315	[INFO]	XnDeviceBase.cpp	1383	Creating stream 'Depth1' of type 'Depth'...
 3375342	[INFO]	XnProperty.cpp	74	Setting Device.ReadData to 1...
 3375360	[VERBOSE]	XnDeviceSensorIO.cpp	160	Opening endpoints...
 3375377	[VERBOSE]	XnDeviceSensorIO.cpp	170	Opening endpoint 0x81 for depth...
 3375404	[VERBOSE]	XnDeviceSensorIO.cpp	194	Depth endpoint is isochronous.
 3375423	[VERBOSE]	XnDeviceSensorIO.cpp	220	Opening endpoint 0x82 for image...
 3375446	[VERBOSE]	XnDeviceSensorIO.cpp	233	Image endpoint is isochronous.
 3375462	[VERBOSE]	XnDeviceSensorIO.cpp	250	Opening endpoint 0x83 for misc...
 3375481	[VERBOSE]	XnDeviceSensorIO.cpp	264	Misc endpoint is not supported...
 3375497	[INFO]	XnDeviceSensorIO.cpp	291	Endpoints open
 3375512	[VERBOSE]	XnHostProtocol.cpp	1203	Getting algorithm params 0x80 for resolution 0 and fps 0....
 3388023	[INFO]	XnProperty.cpp	151	Property Device.ReadData was changed to 1.
 3388133	[INFO]	XnProperty.cpp	101	Device.ReadData was successfully set.
 3388323	[VERBOSE]	XnDeviceBase.cpp	1419	Initializing stream 'Depth1'...
 3388588	[INFO]	XnProperty.cpp	151	Property Depth1.FPS was changed to 30.
 3388654	[INFO]	XnProperty.cpp	151	Property Depth1.OutputFormat was changed to 1.
 3388672	[INFO]	XnProperty.cpp	151	Property Depth1.BytesPerPixel was changed to 2.
 3388688	[INFO]	XnProperty.cpp	151	Property Depth1.RequiredDataSize was changed to 614400.
 3388716	[INFO]	XnProperty.cpp	151	Property Depth1.ParamCoeff was changed to 4.
 3388792	[INFO]	XnProperty.cpp	151	Property Depth1.ShiftScale was changed to 10.
 3388865	[VERBOSE]	XnHostProtocol.cpp	1203	Getting algorithm params 0x0 for resolution 1 and fps 30....
 3401233	[INFO]	XnProperty.cpp	151	Property Depth1.ConstShift was changed to 200.
 3401346	[INFO]	XnProperty.cpp	151	Property Depth1.ZPD was changed to 120.
 3401471	[INFO]	XnProperty.cpp	151	Property Depth1.ZPPS was changed to 0.104200.
 3401489	[INFO]	XnProperty.cpp	151	Property Depth1.LDDIS was changed to 7.500000.
 3401613	[INFO]	XnProperty.cpp	151	Property Depth1.Gain was changed to 30.
 3401651	[INFO]	XnProperty.cpp	151	Property Depth1.SupportedModesCount was changed to 9.
 3401682	[INFO]	XnDeviceBase.cpp	1458	Stream 'Depth1' was initialized.
 3401699	[INFO]	XnDeviceBase.cpp	1463	'Depth1' stream was created.
 3401717	[VERBOSE]	XnDeviceModule.cpp	417	Configuring module 'Depth1' from section 'Depth' in file './../../../data/openni/config//GlobalDefaultsKinect.ini'...
 3401918	[INFO]	XnDeviceModule.cpp	431	Module 'Depth1' configuration was loaded from file.
 3402093	[INFO]	XnProperty.cpp	74	Setting Depth1.Mirror to 1...
 3402115	[INFO]	XnProperty.cpp	151	Property Depth1.FirmwareMirror was changed to 1.
 3402131	[INFO]	XnProperty.cpp	151	Property Depth1.Mirror was changed to 1.
 3402145	[INFO]	XnProperty.cpp	101	Depth1.Mirror was successfully set.
 3402165	[VERBOSE]	XnDeviceBase.cpp	359	Opening stream Depth1...
 3402191	[VERBOSE]	XnFirmwareStreams.cpp	202	FW Stream Depth was claimed by Depth1
 3402210	[VERBOSE]	XnSensorDepthStream.cpp	336	Creating USB depth read thread...
 3402226	[VERBOSE]	XnUSBLinux-x86.cpp	104	Starting libusb asynch thread...
 3402309	[WARNING]	Linux-x86Threads.cpp	166	Failed to set thread priority: Invalid argument
 3402328	[WARNING]	XnUSBLinux-x86.cpp	122	USB events thread: Failed to set thread priority to critical. This might cause loss of data...
 3402352	[VERBOSE]	XnUSBLinux-x86.cpp	1128	Starting a USB read thread...
 3403448	[INFO]	XnUSBLinux-x86.cpp	1220	USB read thread was started.
 3403480	[INFO]	XnProperty.cpp	151	Property Depth1.ActualReadData was changed to 1.
 3403505	[VERBOSE]	XnProperty.cpp	74	Setting Firmware.DepthFormat (18) to 3...
 3415717	[VERBOSE]	XnProperty.cpp	101	Firmware.DepthFormat (18) was successfully set.
 3415763	[VERBOSE]	XnProperty.cpp	74	Setting Firmware.DepthResolution (19) to 1...
 3427975	[VERBOSE]	XnProperty.cpp	101	Firmware.DepthResolution (19) was successfully set.
 3428026	[VERBOSE]	XnProperty.cpp	74	Setting Firmware.DepthFPS (20) to 30...
 3440227	[VERBOSE]	XnProperty.cpp	101	Firmware.DepthFPS (20) was successfully set.
 3440277	[VERBOSE]	XnProperty.cpp	74	Setting Firmware.DepthHoleFilter (22) to 1...
 3452462	[VERBOSE]	XnProperty.cpp	101	Firmware.DepthHoleFilter (22) was successfully set.
 3452513	[VERBOSE]	XnProperty.cpp	74	Setting Firmware.DepthGain (21) to 30...
 3464610	[VERBOSE]	XnProperty.cpp	101	Firmware.DepthGain (21) was successfully set.
 3464677	[VERBOSE]	XnProperty.cpp	74	Setting Firmware.DepthDecimation (24) to 0...
 3477454	[VERBOSE]	XnProperty.cpp	101	Firmware.DepthDecimation (24) was successfully set.
 3477501	[VERBOSE]	XnProperty.cpp	74	Setting Firmware.Registration (2) to 0...
 3489595	[VERBOSE]	XnProperty.cpp	101	Firmware.Registration (2) was successfully set.
 3489640	[VERBOSE]	XnProperty.cpp	74	Setting Firmware.DepthMirror (23) to 1...
 3501739	[VERBOSE]	XnProperty.cpp	101	Firmware.DepthMirror (23) was successfully set.
 3501786	[VERBOSE]	XnProperty.cpp	74	Setting Firmware.GMCMode (36) to 1...
 3514020	[VERBOSE]	XnProperty.cpp	101	Firmware.GMCMode (36) was successfully set.
 3514063	[VERBOSE]	XnProperty.cpp	74	Setting Firmware.DepthWhiteBalance (45) to 1...
 3526216	[VERBOSE]	XnProperty.cpp	101	Firmware.DepthWhiteBalance (45) was successfully set.
 3526301	[VERBOSE]	XnHostProtocol.cpp	1203	Getting algorithm params 0x6 for resolution 1 and fps 30....
 3550678	[VERBOSE]	XnFirmwareStreams.cpp	284	Firmware stream 'Depth' processor was replaced.
 3550733	[VERBOSE]	XnProperty.cpp	74	Setting Firmware.Stream1Mode (6) to 2...
 3650994	[VERBOSE]	XnOpenNI.cpp	588	[FPS] Depth1 (I:  0.00, O:  0.00) ReadCalls:  0.00
 3651053	[VERBOSE]	XnSensorFPS.cpp	86	[FPS] InputFrames - I:  0.00, D:  0.00, OutputFrames - I:  0.00, D:  0.00
 3863081	[VERBOSE]	XnProperty.cpp	151	Property Firmware.Stream1Mode (6) was changed to 2.
 3863126	[VERBOSE]	XnProperty.cpp	74	Setting Firmware.FrameSync (1) to 0...
 3875336	[VERBOSE]	XnProperty.cpp	101	Firmware.FrameSync (1) was successfully set.
 3875376	[VERBOSE]	XnProperty.cpp	101	Firmware.Stream1Mode (6) was successfully set.
 3875391	[VERBOSE]	XnProperty.cpp	74	Setting Firmware.DepthCropEnabled (55) to 0...
 3887505	[VERBOSE]	XnProperty.cpp	101	Firmware.DepthCropEnabled (55) was successfully set.
 3887572	[INFO]	XnProperty.cpp	151	Property Depth1.State was changed to 1.
 3887592	[INFO]	XnDeviceBase.cpp	370	Stream Depth1 is open.
 4018894	[VERBOSE]	XnOpenNI.cpp	588	[FPS] Depth1 (I: 32.62, O:  0.00) ReadCalls:  0.00
 4018941	[VERBOSE]	XnSensorFPS.cpp	86	[FPS] InputFrames - I:  0.00, D: 32.62, OutputFrames - I:  0.00, D:  0.00
 5018948	[VERBOSE]	XnOpenNI.cpp	588	[FPS] Depth1 (I: 30.70, O: 28.06) ReadCalls: 28.97
 5019000	[VERBOSE]	XnSensorFPS.cpp	86	[FPS] InputFrames - I:  0.00, D: 30.70, OutputFrames - I:  0.00, D: 28.06
 6018989	[VERBOSE]	XnOpenNI.cpp	588	[FPS] Depth1 (I: 30.41, O: 28.98) ReadCalls: 29.46
 6019039	[VERBOSE]	XnSensorFPS.cpp	86	[FPS] InputFrames - I:  0.00, D: 30.41, OutputFrames - I:  0.00, D: 28.98
 7022939	[VERBOSE]	XnOpenNI.cpp	588	[FPS] Depth1 (I: 30.28, O: 30.09) ReadCalls: 30.25
 7022987	[VERBOSE]	XnSensorFPS.cpp	86	[FPS] InputFrames - I:  0.00, D: 30.28, OutputFrames - I:  0.00, D: 30.09
 7739784	[INFO]	XnOpenNI.cpp	1458	Destroying node 'Depth1'
 7739856	[INFO]	XnDeviceBase.cpp	1507	Destroying stream 'Depth1'...
 7739901	[VERBOSE]	XnFirmwareStreams.cpp	225	Stream Depth1 released FW Stream Depth
 7740632	[VERBOSE]	XnDeviceBase.cpp	1531	'Depth1' stream destroyed.
 7740702	[INFO]	XnOpenNI.cpp	1458	Destroying node 'Device1'
 7740739	[VERBOSE]	XnProperty.cpp	74	Setting Firmware.Stream0Mode (5) to 0...
 7754158	[VERBOSE]	XnProperty.cpp	101	Firmware.Stream0Mode (5) was successfully set.
 7754190	[VERBOSE]	XnProperty.cpp	74	Setting Firmware.Stream1Mode (6) to 0...
 8066531	[VERBOSE]	XnProperty.cpp	151	Property Firmware.Stream1Mode (6) was changed to 0.
 8066581	[VERBOSE]	XnProperty.cpp	74	Setting Firmware.FrameSync (1) to 0...
 8078686	[VERBOSE]	XnProperty.cpp	101	Firmware.FrameSync (1) was successfully set.
 8078730	[VERBOSE]	XnProperty.cpp	101	Firmware.Stream1Mode (6) was successfully set.
 8078749	[VERBOSE]	XnProperty.cpp	74	Setting Firmware.Stream2Mode (7) to 0...
 8091867	[VERBOSE]	XnProperty.cpp	101	Firmware.Stream2Mode (7) was successfully set.
 8091913	[VERBOSE]	XnDeviceSensorIO.cpp	301	Shutting down USB depth read thread...
 8091939	[VERBOSE]	XnDeviceSensorIO.cpp	311	Shutting down USB image read thread...
 8100314	[VERBOSE]	XnDeviceSensorIO.cpp	358	Device closed successfully
 8101717	[VERBOSE]	XnDeviceSensorIO.cpp	301	Shutting down USB depth read thread...
 8101759	[VERBOSE]	XnDeviceSensorIO.cpp	311	Shutting down USB image read thread...
 8101774	[VERBOSE]	XnDeviceSensorIO.cpp	358	Device closed successfully
