   71064	[INFO]	XnLog.cpp	161	OpenNI version is 1.1.0 (Build 41)-MacOSX (Jul  9 2011 14:48:28)
   71194	[INFO]	XnLog.cpp	169	Log system initialized. Console: 1, File: 1, Severity: VERBOSE, Masks: ALL
   71268	[INFO]	XnLog.cpp	169	Log system initialized. Console: 1, File: 1, Severity: VERBOSE, Masks: ALL
   71550	[VERBOSE]	XnModuleLoader.cpp	288	Checking ./../../../data/openni/lib/libnimMockNodes.dylib...
   71768	[VERBOSE]	XnModuleLoader.cpp	446	Found exported production node. ProductionNode: OpenNI/Mock/1.1.0.41
   71843	[VERBOSE]	XnModuleLoader.cpp	446	Found exported production node. Generator: OpenNI/Mock/1.1.0.41
   71879	[VERBOSE]	XnModuleLoader.cpp	446	Found exported production node. MapGenerator: OpenNI/Mock/1.1.0.41
   71912	[VERBOSE]	XnModuleLoader.cpp	446	Found exported production node. Device: OpenNI/Mock/1.1.0.41
   71943	[VERBOSE]	XnModuleLoader.cpp	446	Found exported production node. Depth: OpenNI/Mock/1.1.0.41
   71976	[VERBOSE]	XnModuleLoader.cpp	446	Found exported production node. IR: OpenNI/Mock/1.1.0.41
   72008	[VERBOSE]	XnModuleLoader.cpp	446	Found exported production node. Image: OpenNI/Mock/1.1.0.41
   72058	[VERBOSE]	XnModuleLoader.cpp	446	Found exported production node. Audio: OpenNI/Mock/1.1.0.41
   72098	[VERBOSE]	XnModuleLoader.cpp	288	Checking ./../../../data/openni/lib/libnimCodecs.dylib...
   72234	[VERBOSE]	XnModuleLoader.cpp	446	Found exported production node. Codec: OpenNI/16zP/1.1.0.41
   72292	[VERBOSE]	XnModuleLoader.cpp	446	Found exported production node. Codec: OpenNI/16zT/1.1.0.41
   72339	[VERBOSE]	XnModuleLoader.cpp	446	Found exported production node. Codec: OpenNI/Im8z/1.1.0.41
   72382	[VERBOSE]	XnModuleLoader.cpp	446	Found exported production node. Codec: OpenNI/JPEG/1.1.0.41
   72414	[VERBOSE]	XnModuleLoader.cpp	446	Found exported production node. Codec: OpenNI/NONE/1.1.0.41
   72457	[VERBOSE]	XnModuleLoader.cpp	288	Checking ./../../../data/openni/lib/libnimRecorder.dylib...
   72603	[VERBOSE]	XnModuleLoader.cpp	446	Found exported production node. Recorder: OpenNI/Recorder/1.1.0.41
   72650	[VERBOSE]	XnModuleLoader.cpp	446	Found exported production node. Player: OpenNI/Player/1.1.0.41
   72680	[VERBOSE]	XnModuleLoader.cpp	288	Checking ./../../../data/openni/lib/libXnDeviceSensorV2KM.dylib...
   72828	[VERBOSE]	XnModuleLoader.cpp	446	Found exported production node. Device: PrimeSense/SensorKinect/5.0.1.32
   72875	[VERBOSE]	XnModuleLoader.cpp	446	Found exported production node. Depth: PrimeSense/SensorKinect/5.0.1.32
   72910	[VERBOSE]	XnModuleLoader.cpp	446	Found exported production node. Image: PrimeSense/SensorKinect/5.0.1.32
   72944	[VERBOSE]	XnModuleLoader.cpp	446	Found exported production node. IR: PrimeSense/SensorKinect/5.0.1.32
   72989	[VERBOSE]	XnModuleLoader.cpp	446	Found exported production node. Audio: PrimeSense/SensorKinect/5.0.1.32
   73025	[VERBOSE]	XnModuleLoader.cpp	288	Checking ./../../../data/openni/lib/libXnVFeatures_1_3_1.dylib...
   73161	[VERBOSE]	XnModuleLoader.cpp	446	Found exported production node. Scene: PrimeSense/XnVSceneAnalyzer/1.3.1.4
   73201	[VERBOSE]	XnModuleLoader.cpp	446	Found exported production node. User: PrimeSense/XnVSkeletonGenerator/1.3.1.4
   73240	[VERBOSE]	XnModuleLoader.cpp	288	Checking ./../../../data/openni/lib/libXnVHandGenerator_1_3_1.dylib...
   73387	[VERBOSE]	XnModuleLoader.cpp	446	Found exported production node. Gesture: PrimeSense/XnVGestureGenrator/1.3.1.4
   73454	[VERBOSE]	XnModuleLoader.cpp	446	Found exported production node. Hands: PrimeSense/XnVHandTracker/1.3.1.4
   82202	[VERBOSE]	XnXmlConfig.cpp	736	Requested to create a node of type Depth...
   82336	[VERBOSE]	XnUSBLinux-x86.cpp	83	Initializing USB...
   82946	[INFO]	XnUSBLinux-x86.cpp	94	USB is initialized.
 1625950	[INFO]	XnOpenNI.cpp	1258	Creating node 'Device1' of type Device: PrimeSense/SensorKinect/5.0.1.32...
 1626431	[VERBOSE]	XnSensor.cpp	837	Global configuration file './../../../data/openni/config//GlobalDefaultsKinect.ini' was not found.
 1626469	[VERBOSE]	XnSensor.cpp	157	Initializing device sensor...
 1626599	[VERBOSE]	XnDeviceModule.cpp	417	Configuring module 'Device' from section 'Device' in file './../../../data/openni/config//GlobalDefaultsKinect.ini'...
 1626767	[INFO]	XnDeviceModule.cpp	431	Module 'Device' configuration was loaded from file.
 1626846	[VERBOSE]	XnDeviceSensorIO.cpp	76	Connecting to USB device...
 1626867	[VERBOSE]	XnDeviceSensorIO.cpp	94	Trying to open sensor '045e/02ae@250/10'...
 2287938	[VERBOSE]	XnDeviceSensorIO.cpp	107	Trying to open endpoint 0x4 for control out (for old firmwares)...
 2287995	[INFO]	XnDeviceSensorIO.cpp	128	Connected to USB device
 2288024	[INFO]	XnProperty.cpp	151	Property Device.USBPath was changed to 045e/02ae@250/10.
 2317058	[VERBOSE]	XnHostProtocol.cpp	706	Getting hardware versions...
 2318323	[INFO]	XnHostProtocol.cpp	859	Hardware versions: FW=5.1.4 (7) HW=4 Chip=2 Sensor=4 SYS=7
 2330681	[VERBOSE]	XnHostProtocol.cpp	869	Requesting KeepAlive...
 2342944	[VERBOSE]	XnHostProtocol.cpp	880	Got KeepAlive Reply.
 2343001	[VERBOSE]	XnHostProtocol.cpp	1156	Setting mode to 3...
 3155493	[VERBOSE]	XnHostProtocol.cpp	869	Requesting KeepAlive...
 3168044	[VERBOSE]	XnHostProtocol.cpp	880	Got KeepAlive Reply.
 3180393	[VERBOSE]	XnProperty.cpp	151	Property Firmware.ReferenceResolution was changed to 2.
 3180432	[VERBOSE]	XnSensorFirmwareParams.cpp	282	Reading all params from firmware...
 3254796	[VERBOSE]	XnProperty.cpp	151	Property Firmware.DepthHoleFilter (22) was changed to 1.
 3254842	[VERBOSE]	XnProperty.cpp	151	Property Firmware.ImageSharpness (76) was changed to 50.
 3279472	[VERBOSE]	XnProperty.cpp	151	Property Firmware.DepthGain (21) was changed to 30.
 3291800	[VERBOSE]	XnProperty.cpp	151	Property Firmware.GMCMode (36) was changed to 1.
 3316482	[VERBOSE]	XnProperty.cpp	151	Property Firmware.DepthFPS (20) was changed to 30.
 3329008	[VERBOSE]	XnProperty.cpp	151	Property Firmware.DepthWhiteBalance (45) was changed to 1.
 3341360	[VERBOSE]	XnProperty.cpp	151	Property Firmware.DepthResolution (19) was changed to 1.
 3353849	[VERBOSE]	XnProperty.cpp	151	Property Firmware.DepthFormat (18) was changed to 3.
 3502849	[VERBOSE]	XnProperty.cpp	151	Property Firmware.ImageFlicker (17) was changed to 1.
 3552172	[VERBOSE]	XnProperty.cpp	151	Property Firmware.ImageFPS (14) was changed to 30.
 3577140	[VERBOSE]	XnProperty.cpp	151	Property Firmware.ImageResolution (13) was changed to 1.
 3714202	[VERBOSE]	XnSensorFirmwareParams.cpp	291	Firmware params were updated.
 3714274	[VERBOSE]	XnHostProtocol.cpp	989	Getting the fixed params...
 3727379	[VERBOSE]	XnSensorFixedParams.cpp	54	Sensor serial number: 0
 3727452	[INFO]	XnProperty.cpp	151	Property Device.PhysicalDeviceName was changed to PrimeSense Sensor.
 3727488	[INFO]	XnProperty.cpp	151	Property Device.ID was changed to 0.
 3727537	[INFO]	XnSensor.cpp	185	Device sensor initialized
 3727660	[INFO]	XnOpenNI.cpp	1258	Creating node 'Depth1' of type Depth: PrimeSense/SensorKinect/5.0.1.32...
 3727711	[INFO]	XnDeviceBase.cpp	1383	Creating stream 'Depth1' of type 'Depth'...
 3727738	[INFO]	XnProperty.cpp	74	Setting Device.ReadData to 1...
 3727755	[VERBOSE]	XnDeviceSensorIO.cpp	160	Opening endpoints...
 3727771	[VERBOSE]	XnDeviceSensorIO.cpp	170	Opening endpoint 0x81 for depth...
 3727795	[VERBOSE]	XnDeviceSensorIO.cpp	194	Depth endpoint is isochronous.
 3727813	[VERBOSE]	XnDeviceSensorIO.cpp	220	Opening endpoint 0x82 for image...
 3727834	[VERBOSE]	XnDeviceSensorIO.cpp	233	Image endpoint is isochronous.
 3727852	[VERBOSE]	XnDeviceSensorIO.cpp	250	Opening endpoint 0x83 for misc...
 3727872	[VERBOSE]	XnDeviceSensorIO.cpp	264	Misc endpoint is not supported...
 3727888	[INFO]	XnDeviceSensorIO.cpp	291	Endpoints open
 3727903	[VERBOSE]	XnHostProtocol.cpp	1203	Getting algorithm params 0x80 for resolution 0 and fps 0....
 3740219	[INFO]	XnProperty.cpp	151	Property Device.ReadData was changed to 1.
 3740268	[INFO]	XnProperty.cpp	101	Device.ReadData was successfully set.
 3740449	[VERBOSE]	XnDeviceBase.cpp	1419	Initializing stream 'Depth1'...
 3740716	[INFO]	XnProperty.cpp	151	Property Depth1.FPS was changed to 30.
 3740739	[INFO]	XnProperty.cpp	151	Property Depth1.OutputFormat was changed to 1.
 3740794	[INFO]	XnProperty.cpp	151	Property Depth1.BytesPerPixel was changed to 2.
 3740810	[INFO]	XnProperty.cpp	151	Property Depth1.RequiredDataSize was changed to 614400.
 3740835	[INFO]	XnProperty.cpp	151	Property Depth1.ParamCoeff was changed to 4.
 3740911	[INFO]	XnProperty.cpp	151	Property Depth1.ShiftScale was changed to 10.
 3740984	[VERBOSE]	XnHostProtocol.cpp	1203	Getting algorithm params 0x0 for resolution 1 and fps 30....
 3753324	[INFO]	XnProperty.cpp	151	Property Depth1.ConstShift was changed to 200.
 3753427	[INFO]	XnProperty.cpp	151	Property Depth1.ZPD was changed to 120.
 3753535	[INFO]	XnProperty.cpp	151	Property Depth1.ZPPS was changed to 0.104200.
 3753550	[INFO]	XnProperty.cpp	151	Property Depth1.LDDIS was changed to 7.500000.
 3753655	[INFO]	XnProperty.cpp	151	Property Depth1.Gain was changed to 30.
 3753688	[INFO]	XnProperty.cpp	151	Property Depth1.SupportedModesCount was changed to 9.
 3753712	[INFO]	XnDeviceBase.cpp	1458	Stream 'Depth1' was initialized.
 3753725	[INFO]	XnDeviceBase.cpp	1463	'Depth1' stream was created.
 3753740	[VERBOSE]	XnDeviceModule.cpp	417	Configuring module 'Depth1' from section 'Depth' in file './../../../data/openni/config//GlobalDefaultsKinect.ini'...
 3753891	[INFO]	XnDeviceModule.cpp	431	Module 'Depth1' configuration was loaded from file.
 3754056	[INFO]	XnProperty.cpp	74	Setting Depth1.Mirror to 1...
 3754074	[INFO]	XnProperty.cpp	151	Property Depth1.FirmwareMirror was changed to 1.
 3754087	[INFO]	XnProperty.cpp	151	Property Depth1.Mirror was changed to 1.
 3754098	[INFO]	XnProperty.cpp	101	Depth1.Mirror was successfully set.
 3754114	[VERBOSE]	XnDeviceBase.cpp	359	Opening stream Depth1...
 3754137	[VERBOSE]	XnFirmwareStreams.cpp	202	FW Stream Depth was claimed by Depth1
 3754155	[VERBOSE]	XnSensorDepthStream.cpp	336	Creating USB depth read thread...
 3754168	[VERBOSE]	XnUSBLinux-x86.cpp	104	Starting libusb asynch thread...
 3754235	[WARNING]	Linux-x86Threads.cpp	166	Failed to set thread priority: Invalid argument
 3754251	[WARNING]	XnUSBLinux-x86.cpp	122	USB events thread: Failed to set thread priority to critical. This might cause loss of data...
 3754270	[VERBOSE]	XnUSBLinux-x86.cpp	1128	Starting a USB read thread...
 3755247	[INFO]	XnUSBLinux-x86.cpp	1220	USB read thread was started.
 3755277	[INFO]	XnProperty.cpp	151	Property Depth1.ActualReadData was changed to 1.
 3755298	[VERBOSE]	XnProperty.cpp	74	Setting Firmware.DepthFormat (18) to 3...
 3767563	[VERBOSE]	XnProperty.cpp	101	Firmware.DepthFormat (18) was successfully set.
 3767617	[VERBOSE]	XnProperty.cpp	74	Setting Firmware.DepthResolution (19) to 1...
 3779796	[VERBOSE]	XnProperty.cpp	101	Firmware.DepthResolution (19) was successfully set.
 3779837	[VERBOSE]	XnProperty.cpp	74	Setting Firmware.DepthFPS (20) to 30...
 3792833	[VERBOSE]	XnProperty.cpp	101	Firmware.DepthFPS (20) was successfully set.
 3792875	[VERBOSE]	XnProperty.cpp	74	Setting Firmware.DepthHoleFilter (22) to 1...
 3805219	[VERBOSE]	XnProperty.cpp	101	Firmware.DepthHoleFilter (22) was successfully set.
 3805265	[VERBOSE]	XnProperty.cpp	74	Setting Firmware.DepthGain (21) to 30...
 3817578	[VERBOSE]	XnProperty.cpp	101	Firmware.DepthGain (21) was successfully set.
 3817629	[VERBOSE]	XnProperty.cpp	74	Setting Firmware.DepthDecimation (24) to 0...
 3829741	[VERBOSE]	XnProperty.cpp	101	Firmware.DepthDecimation (24) was successfully set.
 3829776	[VERBOSE]	XnProperty.cpp	74	Setting Firmware.Registration (2) to 0...
 3841846	[VERBOSE]	XnProperty.cpp	101	Firmware.Registration (2) was successfully set.
 3841904	[VERBOSE]	XnProperty.cpp	74	Setting Firmware.DepthMirror (23) to 1...
 3853991	[VERBOSE]	XnProperty.cpp	151	Property Firmware.DepthMirror (23) was changed to 1.
 3854031	[VERBOSE]	XnProperty.cpp	101	Firmware.DepthMirror (23) was successfully set.
 3854046	[VERBOSE]	XnProperty.cpp	74	Setting Firmware.GMCMode (36) to 1...
 3866061	[VERBOSE]	XnProperty.cpp	101	Firmware.GMCMode (36) was successfully set.
 3866092	[VERBOSE]	XnProperty.cpp	74	Setting Firmware.DepthWhiteBalance (45) to 1...
 3878180	[VERBOSE]	XnProperty.cpp	101	Firmware.DepthWhiteBalance (45) was successfully set.
 3878259	[VERBOSE]	XnHostProtocol.cpp	1203	Getting algorithm params 0x6 for resolution 1 and fps 30....
 3902669	[VERBOSE]	XnFirmwareStreams.cpp	284	Firmware stream 'Depth' processor was replaced.
 3902715	[VERBOSE]	XnProperty.cpp	74	Setting Firmware.Stream1Mode (6) to 2...
 4003105	[VERBOSE]	XnOpenNI.cpp	588	[FPS] Depth1 (I:  0.00, O:  0.00) ReadCalls:  0.00
 4003175	[VERBOSE]	XnSensorFPS.cpp	86	[FPS] InputFrames - I:  0.00, D:  0.00, OutputFrames - I:  0.00, D:  0.00
 4215002	[VERBOSE]	XnProperty.cpp	151	Property Firmware.Stream1Mode (6) was changed to 2.
 4215050	[VERBOSE]	XnProperty.cpp	74	Setting Firmware.FrameSync (1) to 0...
 4227438	[VERBOSE]	XnProperty.cpp	101	Firmware.FrameSync (1) was successfully set.
 4227484	[VERBOSE]	XnProperty.cpp	101	Firmware.Stream1Mode (6) was successfully set.
 4227506	[VERBOSE]	XnProperty.cpp	74	Setting Firmware.DepthCropEnabled (55) to 0...
 4239833	[VERBOSE]	XnProperty.cpp	101	Firmware.DepthCropEnabled (55) was successfully set.
 4239901	[INFO]	XnProperty.cpp	151	Property Depth1.State was changed to 1.
 4239920	[INFO]	XnDeviceBase.cpp	370	Stream Depth1 is open.
 5003075	[VERBOSE]	XnOpenNI.cpp	588	[FPS] Depth1 (I: 31.00, O: 19.53) ReadCalls: 20.92
 5003129	[VERBOSE]	XnSensorFPS.cpp	86	[FPS] InputFrames - I:  0.00, D: 31.00, OutputFrames - I:  0.00, D: 19.53
 6003107	[VERBOSE]	XnOpenNI.cpp	588	[FPS] Depth1 (I: 30.50, O: 25.63) ReadCalls: 26.21
 6003160	[VERBOSE]	XnSensorFPS.cpp	86	[FPS] InputFrames - I:  0.00, D: 30.50, OutputFrames - I:  0.00, D: 25.63
 7006054	[WARNING]	XnDepthProcessor.cpp	133	Read: Depth buffer is corrupt. Size is 502960 (!= 614400)
 7006096	[WARNING]	XnFrameStreamProcessor.cpp	138	Depth frame is corrupt!
 7038111	[VERBOSE]	XnOpenNI.cpp	588	[FPS] Depth1 (I: 29.32, O: 26.16) ReadCalls: 26.53
 7038162	[VERBOSE]	XnSensorFPS.cpp	86	[FPS] InputFrames - I:  0.00, D: 29.32, OutputFrames - I:  0.00, D: 26.16
 8006126	[VERBOSE]	XnOpenNI.cpp	588	[FPS] Depth1 (I: 29.28, O: 28.95) ReadCalls: 29.10
 8006178	[VERBOSE]	XnSensorFPS.cpp	86	[FPS] InputFrames - I:  0.00, D: 29.28, OutputFrames - I:  0.00, D: 28.95
 9006116	[VERBOSE]	XnOpenNI.cpp	588	[FPS] Depth1 (I: 29.32, O: 28.99) ReadCalls: 29.06
 9006173	[VERBOSE]	XnSensorFPS.cpp	86	[FPS] InputFrames - I:  0.00, D: 29.32, OutputFrames - I:  0.00, D: 28.98
10010100	[VERBOSE]	XnOpenNI.cpp	588	[FPS] Depth1 (I: 30.28, O: 29.95) ReadCalls: 30.04
10010150	[VERBOSE]	XnSensorFPS.cpp	86	[FPS] InputFrames - I:  0.00, D: 30.28, OutputFrames - I:  0.00, D: 29.95
10543851	[INFO]	XnOpenNI.cpp	1458	Destroying node 'Depth1'
10543938	[INFO]	XnDeviceBase.cpp	1507	Destroying stream 'Depth1'...
10543984	[VERBOSE]	XnFirmwareStreams.cpp	225	Stream Depth1 released FW Stream Depth
10544744	[VERBOSE]	XnDeviceBase.cpp	1531	'Depth1' stream destroyed.
10544822	[INFO]	XnOpenNI.cpp	1458	Destroying node 'Device1'
10544869	[VERBOSE]	XnProperty.cpp	74	Setting Firmware.Stream0Mode (5) to 0...
10558391	[VERBOSE]	XnProperty.cpp	101	Firmware.Stream0Mode (5) was successfully set.
10558432	[VERBOSE]	XnProperty.cpp	74	Setting Firmware.Stream1Mode (6) to 0...
10870814	[VERBOSE]	XnProperty.cpp	151	Property Firmware.Stream1Mode (6) was changed to 0.
10870851	[VERBOSE]	XnProperty.cpp	74	Setting Firmware.FrameSync (1) to 0...
10883067	[VERBOSE]	XnProperty.cpp	101	Firmware.FrameSync (1) was successfully set.
10883109	[VERBOSE]	XnProperty.cpp	101	Firmware.Stream1Mode (6) was successfully set.
10883123	[VERBOSE]	XnProperty.cpp	74	Setting Firmware.Stream2Mode (7) to 0...
10896429	[VERBOSE]	XnProperty.cpp	101	Firmware.Stream2Mode (7) was successfully set.
10896470	[VERBOSE]	XnDeviceSensorIO.cpp	301	Shutting down USB depth read thread...
10896491	[VERBOSE]	XnDeviceSensorIO.cpp	311	Shutting down USB image read thread...
10903222	[VERBOSE]	XnDeviceSensorIO.cpp	358	Device closed successfully
10905119	[VERBOSE]	XnDeviceSensorIO.cpp	301	Shutting down USB depth read thread...
10905167	[VERBOSE]	XnDeviceSensorIO.cpp	311	Shutting down USB image read thread...
10905182	[VERBOSE]	XnDeviceSensorIO.cpp	358	Device closed successfully
