   65715	[INFO]	XnLog.cpp	161	OpenNI version is 1.1.0 (Build 41)-MacOSX (Jul  9 2011 14:48:28)
   65807	[INFO]	XnLog.cpp	169	Log system initialized. Console: 1, File: 1, Severity: VERBOSE, Masks: ALL
   80593	[INFO]	XnLog.cpp	169	Log system initialized. Console: 1, File: 1, Severity: VERBOSE, Masks: ALL
  113753	[VERBOSE]	XnModuleLoader.cpp	288	Checking ./../../../data/openni/lib/libnimMockNodes.dylib...
  113936	[VERBOSE]	XnModuleLoader.cpp	446	Found exported production node. ProductionNode: OpenNI/Mock/1.1.0.41
  113998	[VERBOSE]	XnModuleLoader.cpp	446	Found exported production node. Generator: OpenNI/Mock/1.1.0.41
  114018	[VERBOSE]	XnModuleLoader.cpp	446	Found exported production node. MapGenerator: OpenNI/Mock/1.1.0.41
  114035	[VERBOSE]	XnModuleLoader.cpp	446	Found exported production node. Device: OpenNI/Mock/1.1.0.41
  114050	[VERBOSE]	XnModuleLoader.cpp	446	Found exported production node. Depth: OpenNI/Mock/1.1.0.41
  114068	[VERBOSE]	XnModuleLoader.cpp	446	Found exported production node. IR: OpenNI/Mock/1.1.0.41
  114085	[VERBOSE]	XnModuleLoader.cpp	446	Found exported production node. Image: OpenNI/Mock/1.1.0.41
  114113	[VERBOSE]	XnModuleLoader.cpp	446	Found exported production node. Audio: OpenNI/Mock/1.1.0.41
  114139	[VERBOSE]	XnModuleLoader.cpp	288	Checking ./../../../data/openni/lib/libnimCodecs.dylib...
  114215	[VERBOSE]	XnModuleLoader.cpp	446	Found exported production node. Codec: OpenNI/16zP/1.1.0.41
  114242	[VERBOSE]	XnModuleLoader.cpp	446	Found exported production node. Codec: OpenNI/16zT/1.1.0.41
  114258	[VERBOSE]	XnModuleLoader.cpp	446	Found exported production node. Codec: OpenNI/Im8z/1.1.0.41
  114273	[VERBOSE]	XnModuleLoader.cpp	446	Found exported production node. Codec: OpenNI/JPEG/1.1.0.41
  114289	[VERBOSE]	XnModuleLoader.cpp	446	Found exported production node. Codec: OpenNI/NONE/1.1.0.41
  114311	[VERBOSE]	XnModuleLoader.cpp	288	Checking ./../../../data/openni/lib/libnimRecorder.dylib...
  114388	[VERBOSE]	XnModuleLoader.cpp	446	Found exported production node. Recorder: OpenNI/Recorder/1.1.0.41
  114415	[VERBOSE]	XnModuleLoader.cpp	446	Found exported production node. Player: OpenNI/Player/1.1.0.41
  114431	[VERBOSE]	XnModuleLoader.cpp	288	Checking ./../../../data/openni/lib/libXnDeviceSensorV2KM.dylib...
  144417	[VERBOSE]	XnModuleLoader.cpp	446	Found exported production node. Device: PrimeSense/SensorKinect/5.0.1.32
  144519	[VERBOSE]	XnModuleLoader.cpp	446	Found exported production node. Depth: PrimeSense/SensorKinect/5.0.1.32
  144551	[VERBOSE]	XnModuleLoader.cpp	446	Found exported production node. Image: PrimeSense/SensorKinect/5.0.1.32
  144569	[VERBOSE]	XnModuleLoader.cpp	446	Found exported production node. IR: PrimeSense/SensorKinect/5.0.1.32
  144586	[VERBOSE]	XnModuleLoader.cpp	446	Found exported production node. Audio: PrimeSense/SensorKinect/5.0.1.32
  144620	[VERBOSE]	XnModuleLoader.cpp	288	Checking ./../../../data/openni/lib/libXnVFeatures_1_3_1.dylib...
  144764	[VERBOSE]	XnModuleLoader.cpp	446	Found exported production node. Scene: PrimeSense/XnVSceneAnalyzer/1.3.1.4
  144787	[VERBOSE]	XnModuleLoader.cpp	446	Found exported production node. User: PrimeSense/XnVSkeletonGenerator/1.3.1.4
  144809	[VERBOSE]	XnModuleLoader.cpp	288	Checking ./../../../data/openni/lib/libXnVHandGenerator_1_3_1.dylib...
  144890	[VERBOSE]	XnModuleLoader.cpp	446	Found exported production node. Gesture: PrimeSense/XnVGestureGenrator/1.3.1.4
  144932	[VERBOSE]	XnModuleLoader.cpp	446	Found exported production node. Hands: PrimeSense/XnVHandTracker/1.3.1.4
  229316	[VERBOSE]	XnXmlConfig.cpp	736	Requested to create a node of type Depth...
  229427	[VERBOSE]	XnUSBLinux-x86.cpp	83	Initializing USB...
  230043	[INFO]	XnUSBLinux-x86.cpp	94	USB is initialized.
 2041376	[INFO]	XnOpenNI.cpp	1258	Creating node 'Device1' of type Device: PrimeSense/SensorKinect/5.0.1.32...
 2053690	[VERBOSE]	XnSensor.cpp	837	Global configuration file './../../../data/openni/config//GlobalDefaultsKinect.ini' was not found.
 2053734	[VERBOSE]	XnSensor.cpp	157	Initializing device sensor...
 2053828	[VERBOSE]	XnDeviceModule.cpp	417	Configuring module 'Device' from section 'Device' in file './../../../data/openni/config//GlobalDefaultsKinect.ini'...
 2053931	[INFO]	XnDeviceModule.cpp	431	Module 'Device' configuration was loaded from file.
 2053979	[VERBOSE]	XnDeviceSensorIO.cpp	76	Connecting to USB device...
 2053994	[VERBOSE]	XnDeviceSensorIO.cpp	94	Trying to open sensor '045e/02ae@250/10'...
 2420223	[VERBOSE]	XnDeviceSensorIO.cpp	107	Trying to open endpoint 0x4 for control out (for old firmwares)...
 2420285	[INFO]	XnDeviceSensorIO.cpp	128	Connected to USB device
 2420313	[INFO]	XnProperty.cpp	151	Property Device.USBPath was changed to 045e/02ae@250/10.
 2466246	[VERBOSE]	XnHostProtocol.cpp	706	Getting hardware versions...
 2467511	[INFO]	XnHostProtocol.cpp	859	Hardware versions: FW=5.1.4 (7) HW=4 Chip=2 Sensor=4 SYS=7
 2480014	[VERBOSE]	XnHostProtocol.cpp	869	Requesting KeepAlive...
 2492439	[VERBOSE]	XnHostProtocol.cpp	880	Got KeepAlive Reply.
 2492498	[VERBOSE]	XnHostProtocol.cpp	1156	Setting mode to 3...
 3305070	[VERBOSE]	XnHostProtocol.cpp	869	Requesting KeepAlive...
 3317535	[VERBOSE]	XnHostProtocol.cpp	880	Got KeepAlive Reply.
 3329986	[VERBOSE]	XnProperty.cpp	151	Property Firmware.ReferenceResolution was changed to 2.
 3330040	[VERBOSE]	XnSensorFirmwareParams.cpp	282	Reading all params from firmware...
 3405311	[VERBOSE]	XnProperty.cpp	151	Property Firmware.DepthHoleFilter (22) was changed to 1.
 3405361	[VERBOSE]	XnProperty.cpp	151	Property Firmware.ImageSharpness (76) was changed to 50.
 3430463	[VERBOSE]	XnProperty.cpp	151	Property Firmware.DepthGain (21) was changed to 30.
 3443016	[VERBOSE]	XnProperty.cpp	151	Property Firmware.GMCMode (36) was changed to 1.
 3467745	[VERBOSE]	XnProperty.cpp	151	Property Firmware.DepthFPS (20) was changed to 30.
 3480261	[VERBOSE]	XnProperty.cpp	151	Property Firmware.DepthWhiteBalance (45) was changed to 1.
 3492716	[VERBOSE]	XnProperty.cpp	151	Property Firmware.DepthResolution (19) was changed to 1.
 3505079	[VERBOSE]	XnProperty.cpp	151	Property Firmware.DepthFormat (18) was changed to 3.
 3654214	[VERBOSE]	XnProperty.cpp	151	Property Firmware.ImageFlicker (17) was changed to 1.
 3704016	[VERBOSE]	XnProperty.cpp	151	Property Firmware.ImageFPS (14) was changed to 30.
 3728788	[VERBOSE]	XnProperty.cpp	151	Property Firmware.ImageResolution (13) was changed to 1.
 3866420	[VERBOSE]	XnSensorFirmwareParams.cpp	291	Firmware params were updated.
 3866487	[VERBOSE]	XnHostProtocol.cpp	989	Getting the fixed params...
 3879385	[VERBOSE]	XnSensorFixedParams.cpp	54	Sensor serial number: 0
 3879451	[INFO]	XnProperty.cpp	151	Property Device.PhysicalDeviceName was changed to PrimeSense Sensor.
 3879475	[INFO]	XnProperty.cpp	151	Property Device.ID was changed to 0.
 3879509	[INFO]	XnSensor.cpp	185	Device sensor initialized
 3879609	[INFO]	XnOpenNI.cpp	1258	Creating node 'Depth1' of type Depth: PrimeSense/SensorKinect/5.0.1.32...
 3879648	[INFO]	XnDeviceBase.cpp	1383	Creating stream 'Depth1' of type 'Depth'...
 3879665	[INFO]	XnProperty.cpp	74	Setting Device.ReadData to 1...
 3879677	[VERBOSE]	XnDeviceSensorIO.cpp	160	Opening endpoints...
 3879688	[VERBOSE]	XnDeviceSensorIO.cpp	170	Opening endpoint 0x81 for depth...
 3879706	[VERBOSE]	XnDeviceSensorIO.cpp	194	Depth endpoint is isochronous.
 3879719	[VERBOSE]	XnDeviceSensorIO.cpp	220	Opening endpoint 0x82 for image...
 3879734	[VERBOSE]	XnDeviceSensorIO.cpp	233	Image endpoint is isochronous.
 3879744	[VERBOSE]	XnDeviceSensorIO.cpp	250	Opening endpoint 0x83 for misc...
 3879756	[VERBOSE]	XnDeviceSensorIO.cpp	264	Misc endpoint is not supported...
 3879767	[INFO]	XnDeviceSensorIO.cpp	291	Endpoints open
 3879777	[VERBOSE]	XnHostProtocol.cpp	1203	Getting algorithm params 0x80 for resolution 0 and fps 0....
 3892091	[INFO]	XnProperty.cpp	151	Property Device.ReadData was changed to 1.
 3892136	[INFO]	XnProperty.cpp	101	Device.ReadData was successfully set.
 3892335	[VERBOSE]	XnDeviceBase.cpp	1419	Initializing stream 'Depth1'...
 3892550	[INFO]	XnProperty.cpp	151	Property Depth1.FPS was changed to 30.
 3892567	[INFO]	XnProperty.cpp	151	Property Depth1.OutputFormat was changed to 1.
 3892615	[INFO]	XnProperty.cpp	151	Property Depth1.BytesPerPixel was changed to 2.
 3892628	[INFO]	XnProperty.cpp	151	Property Depth1.RequiredDataSize was changed to 614400.
 3892651	[INFO]	XnProperty.cpp	151	Property Depth1.ParamCoeff was changed to 4.
 3892712	[INFO]	XnProperty.cpp	151	Property Depth1.ShiftScale was changed to 10.
 3892770	[VERBOSE]	XnHostProtocol.cpp	1203	Getting algorithm params 0x0 for resolution 1 and fps 30....
 3905198	[INFO]	XnProperty.cpp	151	Property Depth1.ConstShift was changed to 200.
 3905299	[INFO]	XnProperty.cpp	151	Property Depth1.ZPD was changed to 120.
 3905408	[INFO]	XnProperty.cpp	151	Property Depth1.ZPPS was changed to 0.104200.
 3905423	[INFO]	XnProperty.cpp	151	Property Depth1.LDDIS was changed to 7.500000.
 3905526	[INFO]	XnProperty.cpp	151	Property Depth1.Gain was changed to 30.
 3905566	[INFO]	XnProperty.cpp	151	Property Depth1.SupportedModesCount was changed to 9.
 3905592	[INFO]	XnDeviceBase.cpp	1458	Stream 'Depth1' was initialized.
 3905613	[INFO]	XnDeviceBase.cpp	1463	'Depth1' stream was created.
 3905639	[VERBOSE]	XnDeviceModule.cpp	417	Configuring module 'Depth1' from section 'Depth' in file './../../../data/openni/config//GlobalDefaultsKinect.ini'...
 3905819	[INFO]	XnDeviceModule.cpp	431	Module 'Depth1' configuration was loaded from file.
 3906002	[VERBOSE]	XnDeviceBase.cpp	359	Opening stream Depth1...
 3906035	[VERBOSE]	XnFirmwareStreams.cpp	202	FW Stream Depth was claimed by Depth1
 3906058	[VERBOSE]	XnSensorDepthStream.cpp	336	Creating USB depth read thread...
 3906077	[VERBOSE]	XnUSBLinux-x86.cpp	104	Starting libusb asynch thread...
 3906154	[WARNING]	Linux-x86Threads.cpp	166	Failed to set thread priority: Invalid argument
 3906175	[WARNING]	XnUSBLinux-x86.cpp	122	USB events thread: Failed to set thread priority to critical. This might cause loss of data...
 3906201	[VERBOSE]	XnUSBLinux-x86.cpp	1128	Starting a USB read thread...
 3907294	[INFO]	XnUSBLinux-x86.cpp	1220	USB read thread was started.
 3907338	[INFO]	XnProperty.cpp	151	Property Depth1.ActualReadData was changed to 1.
 3907368	[VERBOSE]	XnProperty.cpp	74	Setting Firmware.DepthFormat (18) to 3...
 3919771	[VERBOSE]	XnProperty.cpp	101	Firmware.DepthFormat (18) was successfully set.
 3919823	[VERBOSE]	XnProperty.cpp	74	Setting Firmware.DepthResolution (19) to 1...
 3932014	[VERBOSE]	XnProperty.cpp	101	Firmware.DepthResolution (19) was successfully set.
 3932065	[VERBOSE]	XnProperty.cpp	74	Setting Firmware.DepthFPS (20) to 30...
 3944297	[VERBOSE]	XnProperty.cpp	101	Firmware.DepthFPS (20) was successfully set.
 3944352	[VERBOSE]	XnProperty.cpp	74	Setting Firmware.DepthHoleFilter (22) to 1...
 3956624	[VERBOSE]	XnProperty.cpp	101	Firmware.DepthHoleFilter (22) was successfully set.
 3956670	[VERBOSE]	XnProperty.cpp	74	Setting Firmware.DepthGain (21) to 30...
 3969045	[VERBOSE]	XnProperty.cpp	101	Firmware.DepthGain (21) was successfully set.
 3969089	[VERBOSE]	XnProperty.cpp	74	Setting Firmware.DepthDecimation (24) to 0...
 3981261	[VERBOSE]	XnProperty.cpp	101	Firmware.DepthDecimation (24) was successfully set.
 3981314	[VERBOSE]	XnProperty.cpp	74	Setting Firmware.Registration (2) to 0...
 3993525	[VERBOSE]	XnProperty.cpp	101	Firmware.Registration (2) was successfully set.
 3993584	[VERBOSE]	XnProperty.cpp	74	Setting Firmware.DepthMirror (23) to 0...
 4006242	[VERBOSE]	XnProperty.cpp	101	Firmware.DepthMirror (23) was successfully set.
 4006309	[VERBOSE]	XnProperty.cpp	74	Setting Firmware.GMCMode (36) to 1...
 4018404	[VERBOSE]	XnProperty.cpp	101	Firmware.GMCMode (36) was successfully set.
 4018454	[VERBOSE]	XnProperty.cpp	74	Setting Firmware.DepthWhiteBalance (45) to 1...
 4030770	[VERBOSE]	XnProperty.cpp	101	Firmware.DepthWhiteBalance (45) was successfully set.
 4030820	[VERBOSE]	XnHostProtocol.cpp	1203	Getting algorithm params 0x6 for resolution 1 and fps 30....
 4055433	[VERBOSE]	XnFirmwareStreams.cpp	284	Firmware stream 'Depth' processor was replaced.
 4055486	[VERBOSE]	XnProperty.cpp	74	Setting Firmware.Stream1Mode (6) to 2...
 4154821	[VERBOSE]	XnOpenNI.cpp	588	[FPS] Depth1 (I:  0.00, O:  0.00) ReadCalls:  0.00
 4154919	[VERBOSE]	XnSensorFPS.cpp	86	[FPS] InputFrames - I:  0.00, D:  0.00, OutputFrames - I:  0.00, D:  0.00
 4367833	[VERBOSE]	XnProperty.cpp	151	Property Firmware.Stream1Mode (6) was changed to 2.
 4367877	[VERBOSE]	XnProperty.cpp	74	Setting Firmware.FrameSync (1) to 0...
 4380288	[VERBOSE]	XnProperty.cpp	101	Firmware.FrameSync (1) was successfully set.
 4380332	[VERBOSE]	XnProperty.cpp	101	Firmware.Stream1Mode (6) was successfully set.
 4380347	[VERBOSE]	XnProperty.cpp	74	Setting Firmware.DepthCropEnabled (55) to 0...
 4392635	[VERBOSE]	XnProperty.cpp	101	Firmware.DepthCropEnabled (55) was successfully set.
 4392693	[INFO]	XnProperty.cpp	151	Property Depth1.State was changed to 1.
 4392711	[INFO]	XnDeviceBase.cpp	370	Stream Depth1 is open.
 5016267	[VERBOSE]	XnOpenNI.cpp	588	[FPS] Depth1 (I: 30.18, O: 15.16) ReadCalls: 17.32
 5022764	[VERBOSE]	XnSensorFPS.cpp	86	[FPS] InputFrames - I:  0.00, D: 31.11, OutputFrames - I:  0.00, D: 14.95
 6011862	[VERBOSE]	XnOpenNI.cpp	588	[FPS] Depth1 (I: 30.16, O: 25.39) ReadCalls: 26.07
 6022799	[VERBOSE]	XnSensorFPS.cpp	86	[FPS] InputFrames - I:  0.00, D: 30.52, OutputFrames - I:  0.00, D: 25.20
 7012081	[VERBOSE]	XnOpenNI.cpp	588	[FPS] Depth1 (I: 30.10, O: 26.85) ReadCalls: 27.26
 7026727	[VERBOSE]	XnSensorFPS.cpp	86	[FPS] InputFrames - I:  0.00, D: 30.29, OutputFrames - I:  0.00, D: 26.70
 7260765	[WARNING]	XnDepthProcessor.cpp	133	Read: Depth buffer is corrupt. Size is 546928 (!= 614400)
 7260819	[WARNING]	XnFrameStreamProcessor.cpp	138	Depth frame is corrupt!
 8014451	[VERBOSE]	XnOpenNI.cpp	588	[FPS] Depth1 (I: 29.08, O: 28.75) ReadCalls: 29.02
 8024832	[VERBOSE]	XnSensorFPS.cpp	86	[FPS] InputFrames - I:  0.00, D: 29.29, OutputFrames - I:  0.00, D: 28.65
 9014511	[VERBOSE]	XnOpenNI.cpp	588	[FPS] Depth1 (I: 29.08, O: 28.75) ReadCalls: 28.96
 9028789	[VERBOSE]	XnSensorFPS.cpp	86	[FPS] InputFrames - I:  0.00, D: 29.29, OutputFrames - I:  0.00, D: 28.62
10018172	[VERBOSE]	XnOpenNI.cpp	588	[FPS] Depth1 (I: 29.08, O: 29.08) ReadCalls: 29.40
10028813	[VERBOSE]	XnSensorFPS.cpp	86	[FPS] InputFrames - I:  0.00, D: 29.29, OutputFrames - I:  0.00, D: 28.96
10692270	[INFO]	XnOpenNI.cpp	1458	Destroying node 'Depth1'
10692341	[INFO]	XnDeviceBase.cpp	1507	Destroying stream 'Depth1'...
10692376	[VERBOSE]	XnFirmwareStreams.cpp	225	Stream Depth1 released FW Stream Depth
10693064	[VERBOSE]	XnDeviceBase.cpp	1531	'Depth1' stream destroyed.
10693118	[INFO]	XnOpenNI.cpp	1458	Destroying node 'Device1'
10693151	[VERBOSE]	XnProperty.cpp	74	Setting Firmware.Stream0Mode (5) to 0...
10706525	[VERBOSE]	XnProperty.cpp	101	Firmware.Stream0Mode (5) was successfully set.
10706573	[VERBOSE]	XnProperty.cpp	74	Setting Firmware.Stream1Mode (6) to 0...
11018780	[VERBOSE]	XnProperty.cpp	151	Property Firmware.Stream1Mode (6) was changed to 0.
11018822	[VERBOSE]	XnProperty.cpp	74	Setting Firmware.FrameSync (1) to 0...
11030912	[VERBOSE]	XnProperty.cpp	101	Firmware.FrameSync (1) was successfully set.
11030953	[VERBOSE]	XnProperty.cpp	101	Firmware.Stream1Mode (6) was successfully set.
11030966	[VERBOSE]	XnProperty.cpp	74	Setting Firmware.Stream2Mode (7) to 0...
11044264	[VERBOSE]	XnProperty.cpp	101	Firmware.Stream2Mode (7) was successfully set.
11044319	[VERBOSE]	XnDeviceSensorIO.cpp	301	Shutting down USB depth read thread...
11044341	[VERBOSE]	XnDeviceSensorIO.cpp	311	Shutting down USB image read thread...
11049787	[VERBOSE]	XnDeviceSensorIO.cpp	358	Device closed successfully
11051420	[VERBOSE]	XnDeviceSensorIO.cpp	301	Shutting down USB depth read thread...
11051470	[VERBOSE]	XnDeviceSensorIO.cpp	311	Shutting down USB image read thread...
11051486	[VERBOSE]	XnDeviceSensorIO.cpp	358	Device closed successfully
