     540	[INFO]	XnLog.cpp	161	OpenNI version is 1.1.0 (Build 41)-MacOSX (Jul  9 2011 14:48:28)
     590	[INFO]	XnLog.cpp	169	Log system initialized. Console: 1, File: 1, Severity: VERBOSE, Masks: ALL
     622	[INFO]	XnLog.cpp	169	Log system initialized. Console: 1, File: 1, Severity: VERBOSE, Masks: ALL
     748	[VERBOSE]	XnModuleLoader.cpp	288	Checking ./../../../data/openni/lib/libnimMockNodes.dylib...
     881	[VERBOSE]	XnModuleLoader.cpp	446	Found exported production node. ProductionNode: OpenNI/Mock/1.1.0.41
     916	[VERBOSE]	XnModuleLoader.cpp	446	Found exported production node. Generator: OpenNI/Mock/1.1.0.41
     934	[VERBOSE]	XnModuleLoader.cpp	446	Found exported production node. MapGenerator: OpenNI/Mock/1.1.0.41
     950	[VERBOSE]	XnModuleLoader.cpp	446	Found exported production node. Device: OpenNI/Mock/1.1.0.41
     967	[VERBOSE]	XnModuleLoader.cpp	446	Found exported production node. Depth: OpenNI/Mock/1.1.0.41
     984	[VERBOSE]	XnModuleLoader.cpp	446	Found exported production node. IR: OpenNI/Mock/1.1.0.41
    1008	[VERBOSE]	XnModuleLoader.cpp	446	Found exported production node. Image: OpenNI/Mock/1.1.0.41
    1030	[VERBOSE]	XnModuleLoader.cpp	446	Found exported production node. Audio: OpenNI/Mock/1.1.0.41
    1050	[VERBOSE]	XnModuleLoader.cpp	288	Checking ./../../../data/openni/lib/libnimCodecs.dylib...
    1125	[VERBOSE]	XnModuleLoader.cpp	446	Found exported production node. Codec: OpenNI/16zP/1.1.0.41
    1151	[VERBOSE]	XnModuleLoader.cpp	446	Found exported production node. Codec: OpenNI/16zT/1.1.0.41
    1167	[VERBOSE]	XnModuleLoader.cpp	446	Found exported production node. Codec: OpenNI/Im8z/1.1.0.41
    1182	[VERBOSE]	XnModuleLoader.cpp	446	Found exported production node. Codec: OpenNI/JPEG/1.1.0.41
    1204	[VERBOSE]	XnModuleLoader.cpp	446	Found exported production node. Codec: OpenNI/NONE/1.1.0.41
    1220	[VERBOSE]	XnModuleLoader.cpp	288	Checking ./../../../data/openni/lib/libnimRecorder.dylib...
    1296	[VERBOSE]	XnModuleLoader.cpp	446	Found exported production node. Recorder: OpenNI/Recorder/1.1.0.41
    1323	[VERBOSE]	XnModuleLoader.cpp	446	Found exported production node. Player: OpenNI/Player/1.1.0.41
    1339	[VERBOSE]	XnModuleLoader.cpp	288	Checking ./../../../data/openni/lib/libXnDeviceSensorV2KM.dylib...
    1419	[VERBOSE]	XnModuleLoader.cpp	446	Found exported production node. Device: PrimeSense/SensorKinect/5.0.1.32
    1445	[VERBOSE]	XnModuleLoader.cpp	446	Found exported production node. Depth: PrimeSense/SensorKinect/5.0.1.32
    1464	[VERBOSE]	XnModuleLoader.cpp	446	Found exported production node. Image: PrimeSense/SensorKinect/5.0.1.32
    1487	[VERBOSE]	XnModuleLoader.cpp	446	Found exported production node. IR: PrimeSense/SensorKinect/5.0.1.32
    1508	[VERBOSE]	XnModuleLoader.cpp	446	Found exported production node. Audio: PrimeSense/SensorKinect/5.0.1.32
    1523	[VERBOSE]	XnModuleLoader.cpp	288	Checking ./../../../data/openni/lib/libXnVFeatures_1_3_1.dylib...
    1597	[VERBOSE]	XnModuleLoader.cpp	446	Found exported production node. Scene: PrimeSense/XnVSceneAnalyzer/1.3.1.4
    1619	[VERBOSE]	XnModuleLoader.cpp	446	Found exported production node. User: PrimeSense/XnVSkeletonGenerator/1.3.1.4
    1640	[VERBOSE]	XnModuleLoader.cpp	288	Checking ./../../../data/openni/lib/libXnVHandGenerator_1_3_1.dylib...
    1719	[VERBOSE]	XnModuleLoader.cpp	446	Found exported production node. Gesture: PrimeSense/XnVGestureGenrator/1.3.1.4
    1756	[VERBOSE]	XnModuleLoader.cpp	446	Found exported production node. Hands: PrimeSense/XnVHandTracker/1.3.1.4
    1932	[VERBOSE]	XnXmlConfig.cpp	736	Requested to create a node of type Depth...
    1989	[VERBOSE]	XnUSBLinux-x86.cpp	83	Initializing USB...
    2400	[INFO]	XnUSBLinux-x86.cpp	94	USB is initialized.
 1531188	[INFO]	XnOpenNI.cpp	1258	Creating node 'Device1' of type Device: PrimeSense/SensorKinect/5.0.1.32...
 1531636	[VERBOSE]	XnSensor.cpp	837	Global configuration file './../../../data/openni/config//GlobalDefaultsKinect.ini' was not found.
 1531666	[VERBOSE]	XnSensor.cpp	157	Initializing device sensor...
 1531759	[VERBOSE]	XnDeviceModule.cpp	417	Configuring module 'Device' from section 'Device' in file './../../../data/openni/config//GlobalDefaultsKinect.ini'...
 1531896	[INFO]	XnDeviceModule.cpp	431	Module 'Device' configuration was loaded from file.
 1531969	[VERBOSE]	XnDeviceSensorIO.cpp	76	Connecting to USB device...
 1531986	[VERBOSE]	XnDeviceSensorIO.cpp	94	Trying to open sensor '045e/02ae@250/10'...
 1990971	[VERBOSE]	XnDeviceSensorIO.cpp	107	Trying to open endpoint 0x4 for control out (for old firmwares)...
 1991023	[INFO]	XnDeviceSensorIO.cpp	128	Connected to USB device
 1991044	[INFO]	XnProperty.cpp	151	Property Device.USBPath was changed to 045e/02ae@250/10.
 1998089	[VERBOSE]	XnHostProtocol.cpp	706	Getting hardware versions...
 1999389	[INFO]	XnHostProtocol.cpp	859	Hardware versions: FW=5.1.4 (7) HW=4 Chip=2 Sensor=4 SYS=7
 2011768	[VERBOSE]	XnHostProtocol.cpp	869	Requesting KeepAlive...
 2024128	[VERBOSE]	XnHostProtocol.cpp	880	Got KeepAlive Reply.
 2024170	[VERBOSE]	XnHostProtocol.cpp	1156	Setting mode to 3...
 2836817	[VERBOSE]	XnHostProtocol.cpp	869	Requesting KeepAlive...
 2849297	[VERBOSE]	XnHostProtocol.cpp	880	Got KeepAlive Reply.
 2861855	[VERBOSE]	XnProperty.cpp	151	Property Firmware.ReferenceResolution was changed to 2.
 2861897	[VERBOSE]	XnSensorFirmwareParams.cpp	282	Reading all params from firmware...
 2935583	[VERBOSE]	XnProperty.cpp	151	Property Firmware.DepthHoleFilter (22) was changed to 1.
 2935637	[VERBOSE]	XnProperty.cpp	151	Property Firmware.ImageSharpness (76) was changed to 50.
 2960139	[VERBOSE]	XnProperty.cpp	151	Property Firmware.DepthGain (21) was changed to 30.
 2972407	[VERBOSE]	XnProperty.cpp	151	Property Firmware.GMCMode (36) was changed to 1.
 2997039	[VERBOSE]	XnProperty.cpp	151	Property Firmware.DepthFPS (20) was changed to 30.
 3009416	[VERBOSE]	XnProperty.cpp	151	Property Firmware.DepthWhiteBalance (45) was changed to 1.
 3022254	[VERBOSE]	XnProperty.cpp	151	Property Firmware.DepthResolution (19) was changed to 1.
 3034410	[VERBOSE]	XnProperty.cpp	151	Property Firmware.DepthFormat (18) was changed to 3.
 3183641	[VERBOSE]	XnProperty.cpp	151	Property Firmware.ImageFlicker (17) was changed to 1.
 3233085	[VERBOSE]	XnProperty.cpp	151	Property Firmware.ImageFPS (14) was changed to 30.
 3257533	[VERBOSE]	XnProperty.cpp	151	Property Firmware.ImageResolution (13) was changed to 1.
 3393701	[VERBOSE]	XnSensorFirmwareParams.cpp	291	Firmware params were updated.
 3393760	[VERBOSE]	XnHostProtocol.cpp	989	Getting the fixed params...
 3406725	[VERBOSE]	XnSensorFixedParams.cpp	54	Sensor serial number: 0
 3406784	[INFO]	XnProperty.cpp	151	Property Device.PhysicalDeviceName was changed to PrimeSense Sensor.
 3406806	[INFO]	XnProperty.cpp	151	Property Device.ID was changed to 0.
 3406839	[INFO]	XnSensor.cpp	185	Device sensor initialized
 3406944	[INFO]	XnOpenNI.cpp	1258	Creating node 'Depth1' of type Depth: PrimeSense/SensorKinect/5.0.1.32...
 3406983	[INFO]	XnDeviceBase.cpp	1383	Creating stream 'Depth1' of type 'Depth'...
 3407000	[INFO]	XnProperty.cpp	74	Setting Device.ReadData to 1...
 3407013	[VERBOSE]	XnDeviceSensorIO.cpp	160	Opening endpoints...
 3407024	[VERBOSE]	XnDeviceSensorIO.cpp	170	Opening endpoint 0x81 for depth...
 3407043	[VERBOSE]	XnDeviceSensorIO.cpp	194	Depth endpoint is isochronous.
 3407056	[VERBOSE]	XnDeviceSensorIO.cpp	220	Opening endpoint 0x82 for image...
 3407071	[VERBOSE]	XnDeviceSensorIO.cpp	233	Image endpoint is isochronous.
 3407082	[VERBOSE]	XnDeviceSensorIO.cpp	250	Opening endpoint 0x83 for misc...
 3407095	[VERBOSE]	XnDeviceSensorIO.cpp	264	Misc endpoint is not supported...
 3407105	[INFO]	XnDeviceSensorIO.cpp	291	Endpoints open
 3407116	[VERBOSE]	XnHostProtocol.cpp	1203	Getting algorithm params 0x80 for resolution 0 and fps 0....
 3419711	[INFO]	XnProperty.cpp	151	Property Device.ReadData was changed to 1.
 3419758	[INFO]	XnProperty.cpp	101	Device.ReadData was successfully set.
 3419900	[VERBOSE]	XnDeviceBase.cpp	1419	Initializing stream 'Depth1'...
 3420092	[INFO]	XnProperty.cpp	151	Property Depth1.FPS was changed to 30.
 3420113	[INFO]	XnProperty.cpp	151	Property Depth1.OutputFormat was changed to 1.
 3420165	[INFO]	XnProperty.cpp	151	Property Depth1.BytesPerPixel was changed to 2.
 3420178	[INFO]	XnProperty.cpp	151	Property Depth1.RequiredDataSize was changed to 614400.
 3420199	[INFO]	XnProperty.cpp	151	Property Depth1.ParamCoeff was changed to 4.
 3420260	[INFO]	XnProperty.cpp	151	Property Depth1.ShiftScale was changed to 10.
 3420319	[VERBOSE]	XnHostProtocol.cpp	1203	Getting algorithm params 0x0 for resolution 1 and fps 30....
 3432653	[INFO]	XnProperty.cpp	151	Property Depth1.ConstShift was changed to 200.
 3432754	[INFO]	XnProperty.cpp	151	Property Depth1.ZPD was changed to 120.
 3432864	[INFO]	XnProperty.cpp	151	Property Depth1.ZPPS was changed to 0.104200.
 3432879	[INFO]	XnProperty.cpp	151	Property Depth1.LDDIS was changed to 7.500000.
 3432984	[INFO]	XnProperty.cpp	151	Property Depth1.Gain was changed to 30.
 3433016	[INFO]	XnProperty.cpp	151	Property Depth1.SupportedModesCount was changed to 9.
 3433039	[INFO]	XnDeviceBase.cpp	1458	Stream 'Depth1' was initialized.
 3433053	[INFO]	XnDeviceBase.cpp	1463	'Depth1' stream was created.
 3433068	[VERBOSE]	XnDeviceModule.cpp	417	Configuring module 'Depth1' from section 'Depth' in file './../../../data/openni/config//GlobalDefaultsKinect.ini'...
 3433220	[INFO]	XnDeviceModule.cpp	431	Module 'Depth1' configuration was loaded from file.
 3433430	[VERBOSE]	XnDeviceBase.cpp	359	Opening stream Depth1...
 3433471	[VERBOSE]	XnFirmwareStreams.cpp	202	FW Stream Depth was claimed by Depth1
 3433494	[VERBOSE]	XnSensorDepthStream.cpp	336	Creating USB depth read thread...
 3433514	[VERBOSE]	XnUSBLinux-x86.cpp	104	Starting libusb asynch thread...
 3433593	[WARNING]	Linux-x86Threads.cpp	166	Failed to set thread priority: Invalid argument
 3433614	[WARNING]	XnUSBLinux-x86.cpp	122	USB events thread: Failed to set thread priority to critical. This might cause loss of data...
 3433639	[VERBOSE]	XnUSBLinux-x86.cpp	1128	Starting a USB read thread...
 3434595	[INFO]	XnUSBLinux-x86.cpp	1220	USB read thread was started.
 3434627	[INFO]	XnProperty.cpp	151	Property Depth1.ActualReadData was changed to 1.
 3434654	[VERBOSE]	XnProperty.cpp	74	Setting Firmware.DepthFormat (18) to 3...
 3447062	[VERBOSE]	XnProperty.cpp	101	Firmware.DepthFormat (18) was successfully set.
 3447109	[VERBOSE]	XnProperty.cpp	74	Setting Firmware.DepthResolution (19) to 1...
 3459417	[VERBOSE]	XnProperty.cpp	101	Firmware.DepthResolution (19) was successfully set.
 3459466	[VERBOSE]	XnProperty.cpp	74	Setting Firmware.DepthFPS (20) to 30...
 3471642	[VERBOSE]	XnProperty.cpp	101	Firmware.DepthFPS (20) was successfully set.
 3471681	[VERBOSE]	XnProperty.cpp	74	Setting Firmware.DepthHoleFilter (22) to 1...
 3483968	[VERBOSE]	XnProperty.cpp	101	Firmware.DepthHoleFilter (22) was successfully set.
 3484029	[VERBOSE]	XnProperty.cpp	74	Setting Firmware.DepthGain (21) to 30...
 3496159	[VERBOSE]	XnProperty.cpp	101	Firmware.DepthGain (21) was successfully set.
 3496209	[VERBOSE]	XnProperty.cpp	74	Setting Firmware.DepthDecimation (24) to 0...
 3508513	[VERBOSE]	XnProperty.cpp	101	Firmware.DepthDecimation (24) was successfully set.
 3508564	[VERBOSE]	XnProperty.cpp	74	Setting Firmware.Registration (2) to 0...
 3520798	[VERBOSE]	XnProperty.cpp	101	Firmware.Registration (2) was successfully set.
 3520853	[VERBOSE]	XnProperty.cpp	74	Setting Firmware.DepthMirror (23) to 0...
 3533046	[VERBOSE]	XnProperty.cpp	101	Firmware.DepthMirror (23) was successfully set.
 3533097	[VERBOSE]	XnProperty.cpp	74	Setting Firmware.GMCMode (36) to 1...
 3545322	[VERBOSE]	XnProperty.cpp	101	Firmware.GMCMode (36) was successfully set.
 3545365	[VERBOSE]	XnProperty.cpp	74	Setting Firmware.DepthWhiteBalance (45) to 1...
 3557665	[VERBOSE]	XnProperty.cpp	101	Firmware.DepthWhiteBalance (45) was successfully set.
 3557722	[VERBOSE]	XnHostProtocol.cpp	1203	Getting algorithm params 0x6 for resolution 1 and fps 30....
 3582249	[VERBOSE]	XnFirmwareStreams.cpp	284	Firmware stream 'Depth' processor was replaced.
 3582292	[VERBOSE]	XnProperty.cpp	74	Setting Firmware.Stream1Mode (6) to 2...
 3682425	[VERBOSE]	XnOpenNI.cpp	588	[FPS] Depth1 (I:  0.00, O:  0.00) ReadCalls:  0.00
 3682520	[VERBOSE]	XnSensorFPS.cpp	86	[FPS] InputFrames - I:  0.00, D:  0.00, OutputFrames - I:  0.00, D:  0.00
 3894393	[VERBOSE]	XnProperty.cpp	151	Property Firmware.Stream1Mode (6) was changed to 2.
 3894436	[VERBOSE]	XnProperty.cpp	74	Setting Firmware.FrameSync (1) to 0...
 3906533	[VERBOSE]	XnProperty.cpp	101	Firmware.FrameSync (1) was successfully set.
 3906576	[VERBOSE]	XnProperty.cpp	101	Firmware.Stream1Mode (6) was successfully set.
 3906592	[VERBOSE]	XnProperty.cpp	74	Setting Firmware.DepthCropEnabled (55) to 0...
 3918650	[VERBOSE]	XnProperty.cpp	101	Firmware.DepthCropEnabled (55) was successfully set.
 3918705	[INFO]	XnProperty.cpp	151	Property Depth1.State was changed to 1.
 3918724	[INFO]	XnDeviceBase.cpp	370	Stream Depth1 is open.
 4014500	[VERBOSE]	XnOpenNI.cpp	588	[FPS] Depth1 (I: 33.13, O:  0.00) ReadCalls:  0.00
 4014550	[VERBOSE]	XnSensorFPS.cpp	86	[FPS] InputFrames - I:  0.00, D: 33.13, OutputFrames - I:  0.00, D:  0.00
 5006279	[VERBOSE]	XnOpenNI.cpp	588	[FPS] Depth1 (I: 30.21, O: 26.75) ReadCalls: 27.74
 5018374	[VERBOSE]	XnSensorFPS.cpp	86	[FPS] InputFrames - I:  0.00, D: 30.69, OutputFrames - I:  0.00, D: 26.44
 6007865	[VERBOSE]	XnOpenNI.cpp	588	[FPS] Depth1 (I: 30.10, O: 28.35) ReadCalls: 28.84
 6018383	[VERBOSE]	XnSensorFPS.cpp	86	[FPS] InputFrames - I:  0.00, D: 30.40, OutputFrames - I:  0.00, D: 28.20
 6876624	[WARNING]	XnUSBLinux-x86.cpp	1076	Endpoint 0x82, Buffer 15: Asynch transfer failed (status: 1)
 6885462	[WARNING]	XnDepthProcessor.cpp	133	Read: Depth buffer is corrupt. Size is 248608 (!= 614400)
 6885521	[WARNING]	XnFrameStreamProcessor.cpp	138	Depth frame is corrupt!
 7006680	[VERBOSE]	XnOpenNI.cpp	588	[FPS] Depth1 (I: 29.41, O: 29.45) ReadCalls: 29.80
 7017473	[VERBOSE]	XnSensorFPS.cpp	86	[FPS] InputFrames - I:  0.00, D: 29.66, OutputFrames - I:  0.00, D: 29.34
 8012155	[VERBOSE]	XnOpenNI.cpp	588	[FPS] Depth1 (I: 29.39, O: 29.39) ReadCalls: 29.91
 8021385	[VERBOSE]	XnSensorFPS.cpp	86	[FPS] InputFrames - I:  0.00, D: 29.62, OutputFrames - I:  0.00, D: 29.47
 9010811	[VERBOSE]	XnOpenNI.cpp	588	[FPS] Depth1 (I: 29.41, O: 29.41) ReadCalls: 29.74
 9021450	[VERBOSE]	XnSensorFPS.cpp	86	[FPS] InputFrames - I:  0.00, D: 29.62, OutputFrames - I:  0.00, D: 29.30
10010523	[VERBOSE]	XnOpenNI.cpp	588	[FPS] Depth1 (I: 30.07, O: 30.07) ReadCalls: 30.29
10021454	[VERBOSE]	XnSensorFPS.cpp	86	[FPS] InputFrames - I:  0.00, D: 30.32, OutputFrames - I:  0.00, D: 29.99
11010706	[VERBOSE]	XnOpenNI.cpp	588	[FPS] Depth1 (I: 30.11, O: 30.11) ReadCalls: 30.47
11021519	[VERBOSE]	XnSensorFPS.cpp	86	[FPS] InputFrames - I:  0.00, D: 30.32, OutputFrames - I:  0.00, D: 30.02
12010929	[VERBOSE]	XnOpenNI.cpp	588	[FPS] Depth1 (I: 30.11, O: 30.11) ReadCalls: 30.32
12025422	[VERBOSE]	XnSensorFPS.cpp	86	[FPS] InputFrames - I:  0.00, D: 30.28, OutputFrames - I:  0.00, D: 29.95
12426808	[INFO]	XnOpenNI.cpp	1458	Destroying node 'Depth1'
12426873	[INFO]	XnDeviceBase.cpp	1507	Destroying stream 'Depth1'...
12426908	[VERBOSE]	XnFirmwareStreams.cpp	225	Stream Depth1 released FW Stream Depth
12427543	[VERBOSE]	XnDeviceBase.cpp	1531	'Depth1' stream destroyed.
12427603	[INFO]	XnOpenNI.cpp	1458	Destroying node 'Device1'
12427649	[VERBOSE]	XnProperty.cpp	74	Setting Firmware.Stream0Mode (5) to 0...
12441016	[VERBOSE]	XnProperty.cpp	101	Firmware.Stream0Mode (5) was successfully set.
12441070	[VERBOSE]	XnProperty.cpp	74	Setting Firmware.Stream1Mode (6) to 0...
12753525	[VERBOSE]	XnProperty.cpp	151	Property Firmware.Stream1Mode (6) was changed to 0.
12753565	[VERBOSE]	XnProperty.cpp	74	Setting Firmware.FrameSync (1) to 0...
12765671	[VERBOSE]	XnProperty.cpp	101	Firmware.FrameSync (1) was successfully set.
12765711	[VERBOSE]	XnProperty.cpp	101	Firmware.Stream1Mode (6) was successfully set.
12765725	[VERBOSE]	XnProperty.cpp	74	Setting Firmware.Stream2Mode (7) to 0...
12778909	[VERBOSE]	XnProperty.cpp	101	Firmware.Stream2Mode (7) was successfully set.
12778958	[VERBOSE]	XnDeviceSensorIO.cpp	301	Shutting down USB depth read thread...
12778979	[VERBOSE]	XnDeviceSensorIO.cpp	311	Shutting down USB image read thread...
12786732	[VERBOSE]	XnDeviceSensorIO.cpp	358	Device closed successfully
12788437	[VERBOSE]	XnDeviceSensorIO.cpp	301	Shutting down USB depth read thread...
12788472	[VERBOSE]	XnDeviceSensorIO.cpp	311	Shutting down USB image read thread...
12788484	[VERBOSE]	XnDeviceSensorIO.cpp	358	Device closed successfully
