   40422	[INFO]	XnLog.cpp	161	OpenNI version is 1.1.0 (Build 41)-MacOSX (Jul  9 2011 14:48:28)
   40556	[INFO]	XnLog.cpp	169	Log system initialized. Console: 1, File: 1, Severity: VERBOSE, Masks: ALL
   64126	[INFO]	XnLog.cpp	169	Log system initialized. Console: 1, File: 1, Severity: VERBOSE, Masks: ALL
   64538	[VERBOSE]	XnModuleLoader.cpp	288	Checking ./../../../data/openni/lib/libnimMockNodes.dylib...
   64760	[VERBOSE]	XnModuleLoader.cpp	446	Found exported production node. ProductionNode: OpenNI/Mock/1.1.0.41
   64805	[VERBOSE]	XnModuleLoader.cpp	446	Found exported production node. Generator: OpenNI/Mock/1.1.0.41
   64856	[VERBOSE]	XnModuleLoader.cpp	446	Found exported production node. MapGenerator: OpenNI/Mock/1.1.0.41
   64882	[VERBOSE]	XnModuleLoader.cpp	446	Found exported production node. Device: OpenNI/Mock/1.1.0.41
   64907	[VERBOSE]	XnModuleLoader.cpp	446	Found exported production node. Depth: OpenNI/Mock/1.1.0.41
   64932	[VERBOSE]	XnModuleLoader.cpp	446	Found exported production node. IR: OpenNI/Mock/1.1.0.41
   64956	[VERBOSE]	XnModuleLoader.cpp	446	Found exported production node. Image: OpenNI/Mock/1.1.0.41
   64996	[VERBOSE]	XnModuleLoader.cpp	446	Found exported production node. Audio: OpenNI/Mock/1.1.0.41
   65025	[VERBOSE]	XnModuleLoader.cpp	288	Checking ./../../../data/openni/lib/libnimCodecs.dylib...
   65122	[VERBOSE]	XnModuleLoader.cpp	446	Found exported production node. Codec: OpenNI/16zP/1.1.0.41
   65154	[VERBOSE]	XnModuleLoader.cpp	446	Found exported production node. Codec: OpenNI/16zT/1.1.0.41
   65178	[VERBOSE]	XnModuleLoader.cpp	446	Found exported production node. Codec: OpenNI/Im8z/1.1.0.41
   65199	[VERBOSE]	XnModuleLoader.cpp	446	Found exported production node. Codec: OpenNI/JPEG/1.1.0.41
   65222	[VERBOSE]	XnModuleLoader.cpp	446	Found exported production node. Codec: OpenNI/NONE/1.1.0.41
   65243	[VERBOSE]	XnModuleLoader.cpp	288	Checking ./../../../data/openni/lib/libnimRecorder.dylib...
   65338	[VERBOSE]	XnModuleLoader.cpp	446	Found exported production node. Recorder: OpenNI/Recorder/1.1.0.41
   65381	[VERBOSE]	XnModuleLoader.cpp	446	Found exported production node. Player: OpenNI/Player/1.1.0.41
   65405	[VERBOSE]	XnModuleLoader.cpp	288	Checking ./../../../data/openni/lib/libXnDeviceSensorV2KM.dylib...
   77838	[VERBOSE]	XnModuleLoader.cpp	446	Found exported production node. Device: PrimeSense/SensorKinect/5.0.1.32
   77930	[VERBOSE]	XnModuleLoader.cpp	446	Found exported production node. Depth: PrimeSense/SensorKinect/5.0.1.32
   77963	[VERBOSE]	XnModuleLoader.cpp	446	Found exported production node. Image: PrimeSense/SensorKinect/5.0.1.32
   77991	[VERBOSE]	XnModuleLoader.cpp	446	Found exported production node. IR: PrimeSense/SensorKinect/5.0.1.32
   78040	[VERBOSE]	XnModuleLoader.cpp	446	Found exported production node. Audio: PrimeSense/SensorKinect/5.0.1.32
   78067	[VERBOSE]	XnModuleLoader.cpp	288	Checking ./../../../data/openni/lib/libXnVFeatures_1_3_1.dylib...
   78280	[VERBOSE]	XnModuleLoader.cpp	446	Found exported production node. Scene: PrimeSense/XnVSceneAnalyzer/1.3.1.4
   78317	[VERBOSE]	XnModuleLoader.cpp	446	Found exported production node. User: PrimeSense/XnVSkeletonGenerator/1.3.1.4
   78350	[VERBOSE]	XnModuleLoader.cpp	288	Checking ./../../../data/openni/lib/libXnVHandGenerator_1_3_1.dylib...
   78472	[VERBOSE]	XnModuleLoader.cpp	446	Found exported production node. Gesture: PrimeSense/XnVGestureGenrator/1.3.1.4
   78517	[VERBOSE]	XnModuleLoader.cpp	446	Found exported production node. Hands: PrimeSense/XnVHandTracker/1.3.1.4
   99810	[VERBOSE]	XnXmlConfig.cpp	736	Requested to create a node of type Depth...
   99915	[VERBOSE]	XnUSBLinux-x86.cpp	83	Initializing USB...
  100382	[INFO]	XnUSBLinux-x86.cpp	94	USB is initialized.
 1206731	[INFO]	XnOpenNI.cpp	1258	Creating node 'Device1' of type Device: PrimeSense/SensorKinect/5.0.1.32...
 1231414	[VERBOSE]	XnSensor.cpp	837	Global configuration file './../../../data/openni/config//GlobalDefaultsKinect.ini' was not found.
 1231469	[VERBOSE]	XnSensor.cpp	157	Initializing device sensor...
 1231584	[VERBOSE]	XnDeviceModule.cpp	417	Configuring module 'Device' from section 'Device' in file './../../../data/openni/config//GlobalDefaultsKinect.ini'...
 1231699	[INFO]	XnDeviceModule.cpp	431	Module 'Device' configuration was loaded from file.
 1231754	[VERBOSE]	XnDeviceSensorIO.cpp	76	Connecting to USB device...
 1231771	[VERBOSE]	XnDeviceSensorIO.cpp	94	Trying to open sensor '045e/02ae@253/8'...
 1766451	[VERBOSE]	XnDeviceSensorIO.cpp	107	Trying to open endpoint 0x4 for control out (for old firmwares)...
 1766508	[INFO]	XnDeviceSensorIO.cpp	128	Connected to USB device
 1766528	[INFO]	XnProperty.cpp	151	Property Device.USBPath was changed to 045e/02ae@253/8.
 1869994	[VERBOSE]	XnHostProtocol.cpp	706	Getting hardware versions...
 1871302	[INFO]	XnHostProtocol.cpp	859	Hardware versions: FW=5.1.4 (7) HW=4 Chip=2 Sensor=4 SYS=7
 1883608	[VERBOSE]	XnHostProtocol.cpp	869	Requesting KeepAlive...
 1895937	[VERBOSE]	XnHostProtocol.cpp	880	Got KeepAlive Reply.
 1895999	[VERBOSE]	XnHostProtocol.cpp	1156	Setting mode to 3...
 2708457	[VERBOSE]	XnHostProtocol.cpp	869	Requesting KeepAlive...
 2720964	[VERBOSE]	XnHostProtocol.cpp	880	Got KeepAlive Reply.
 2733465	[VERBOSE]	XnProperty.cpp	151	Property Firmware.ReferenceResolution was changed to 2.
 2733503	[VERBOSE]	XnSensorFirmwareParams.cpp	282	Reading all params from firmware...
 2807752	[VERBOSE]	XnProperty.cpp	151	Property Firmware.DepthHoleFilter (22) was changed to 1.
 2807804	[VERBOSE]	XnProperty.cpp	151	Property Firmware.ImageSharpness (76) was changed to 50.
 2833087	[VERBOSE]	XnProperty.cpp	151	Property Firmware.DepthGain (21) was changed to 30.
 2845364	[VERBOSE]	XnProperty.cpp	151	Property Firmware.GMCMode (36) was changed to 1.
 2870244	[VERBOSE]	XnProperty.cpp	151	Property Firmware.DepthFPS (20) was changed to 30.
 2882574	[VERBOSE]	XnProperty.cpp	151	Property Firmware.DepthWhiteBalance (45) was changed to 1.
 2895084	[VERBOSE]	XnProperty.cpp	151	Property Firmware.DepthResolution (19) was changed to 1.
 2907473	[VERBOSE]	XnProperty.cpp	151	Property Firmware.DepthFormat (18) was changed to 3.
 3056655	[VERBOSE]	XnProperty.cpp	151	Property Firmware.ImageFlicker (17) was changed to 1.
 3106026	[VERBOSE]	XnProperty.cpp	151	Property Firmware.ImageFPS (14) was changed to 30.
 3130621	[VERBOSE]	XnProperty.cpp	151	Property Firmware.ImageResolution (13) was changed to 1.
 3267446	[VERBOSE]	XnSensorFirmwareParams.cpp	291	Firmware params were updated.
 3267529	[VERBOSE]	XnHostProtocol.cpp	989	Getting the fixed params...
 3280408	[VERBOSE]	XnSensorFixedParams.cpp	54	Sensor serial number: 0
 3280467	[INFO]	XnProperty.cpp	151	Property Device.PhysicalDeviceName was changed to PrimeSense Sensor.
 3280490	[INFO]	XnProperty.cpp	151	Property Device.ID was changed to 0.
 3280530	[INFO]	XnSensor.cpp	185	Device sensor initialized
 3280643	[INFO]	XnOpenNI.cpp	1258	Creating node 'Depth1' of type Depth: PrimeSense/SensorKinect/5.0.1.32...
 3280684	[INFO]	XnDeviceBase.cpp	1383	Creating stream 'Depth1' of type 'Depth'...
 3280701	[INFO]	XnProperty.cpp	74	Setting Device.ReadData to 1...
 3280713	[VERBOSE]	XnDeviceSensorIO.cpp	160	Opening endpoints...
 3280725	[VERBOSE]	XnDeviceSensorIO.cpp	170	Opening endpoint 0x81 for depth...
 3280743	[VERBOSE]	XnDeviceSensorIO.cpp	194	Depth endpoint is isochronous.
 3280756	[VERBOSE]	XnDeviceSensorIO.cpp	220	Opening endpoint 0x82 for image...
 3280772	[VERBOSE]	XnDeviceSensorIO.cpp	233	Image endpoint is isochronous.
 3280783	[VERBOSE]	XnDeviceSensorIO.cpp	250	Opening endpoint 0x83 for misc...
 3280796	[VERBOSE]	XnDeviceSensorIO.cpp	264	Misc endpoint is not supported...
 3280807	[INFO]	XnDeviceSensorIO.cpp	291	Endpoints open
 3280817	[VERBOSE]	XnHostProtocol.cpp	1203	Getting algorithm params 0x80 for resolution 0 and fps 0....
 3293394	[INFO]	XnProperty.cpp	151	Property Device.ReadData was changed to 1.
 3293437	[INFO]	XnProperty.cpp	101	Device.ReadData was successfully set.
 3293648	[VERBOSE]	XnDeviceBase.cpp	1419	Initializing stream 'Depth1'...
 3293910	[INFO]	XnProperty.cpp	151	Property Depth1.FPS was changed to 30.
 3293929	[INFO]	XnProperty.cpp	151	Property Depth1.OutputFormat was changed to 1.
 3293975	[INFO]	XnProperty.cpp	151	Property Depth1.BytesPerPixel was changed to 2.
 3293989	[INFO]	XnProperty.cpp	151	Property Depth1.RequiredDataSize was changed to 614400.
 3294013	[INFO]	XnProperty.cpp	151	Property Depth1.ParamCoeff was changed to 4.
 3294076	[INFO]	XnProperty.cpp	151	Property Depth1.ShiftScale was changed to 10.
 3294134	[VERBOSE]	XnHostProtocol.cpp	1203	Getting algorithm params 0x0 for resolution 1 and fps 30....
 3306824	[INFO]	XnProperty.cpp	151	Property Depth1.ConstShift was changed to 200.
 3306942	[INFO]	XnProperty.cpp	151	Property Depth1.ZPD was changed to 120.
 3307060	[INFO]	XnProperty.cpp	151	Property Depth1.ZPPS was changed to 0.104200.
 3307081	[INFO]	XnProperty.cpp	151	Property Depth1.LDDIS was changed to 7.500000.
 3307196	[INFO]	XnProperty.cpp	151	Property Depth1.Gain was changed to 30.
 3307238	[INFO]	XnProperty.cpp	151	Property Depth1.SupportedModesCount was changed to 9.
 3307269	[INFO]	XnDeviceBase.cpp	1458	Stream 'Depth1' was initialized.
 3307288	[INFO]	XnDeviceBase.cpp	1463	'Depth1' stream was created.
 3307309	[VERBOSE]	XnDeviceModule.cpp	417	Configuring module 'Depth1' from section 'Depth' in file './../../../data/openni/config//GlobalDefaultsKinect.ini'...
 3307501	[INFO]	XnDeviceModule.cpp	431	Module 'Depth1' configuration was loaded from file.
 3307702	[VERBOSE]	XnDeviceBase.cpp	359	Opening stream Depth1...
 3307740	[VERBOSE]	XnFirmwareStreams.cpp	202	FW Stream Depth was claimed by Depth1
 3307764	[VERBOSE]	XnSensorDepthStream.cpp	336	Creating USB depth read thread...
 3307784	[VERBOSE]	XnUSBLinux-x86.cpp	104	Starting libusb asynch thread...
 3307873	[WARNING]	Linux-x86Threads.cpp	166	Failed to set thread priority: Invalid argument
 3307897	[WARNING]	XnUSBLinux-x86.cpp	122	USB events thread: Failed to set thread priority to critical. This might cause loss of data...
 3307921	[VERBOSE]	XnUSBLinux-x86.cpp	1128	Starting a USB read thread...
 3309137	[INFO]	XnUSBLinux-x86.cpp	1220	USB read thread was started.
 3309182	[INFO]	XnProperty.cpp	151	Property Depth1.ActualReadData was changed to 1.
 3309216	[VERBOSE]	XnProperty.cpp	74	Setting Firmware.DepthFormat (18) to 3...
 3321393	[VERBOSE]	XnProperty.cpp	101	Firmware.DepthFormat (18) was successfully set.
 3321443	[VERBOSE]	XnProperty.cpp	74	Setting Firmware.DepthResolution (19) to 1...
 3333589	[VERBOSE]	XnProperty.cpp	101	Firmware.DepthResolution (19) was successfully set.
 3333643	[VERBOSE]	XnProperty.cpp	74	Setting Firmware.DepthFPS (20) to 30...
 3345857	[VERBOSE]	XnProperty.cpp	101	Firmware.DepthFPS (20) was successfully set.
 3345910	[VERBOSE]	XnProperty.cpp	74	Setting Firmware.DepthHoleFilter (22) to 1...
 3357957	[VERBOSE]	XnProperty.cpp	101	Firmware.DepthHoleFilter (22) was successfully set.
 3358019	[VERBOSE]	XnProperty.cpp	74	Setting Firmware.DepthGain (21) to 30...
 3370104	[VERBOSE]	XnProperty.cpp	101	Firmware.DepthGain (21) was successfully set.
 3370164	[VERBOSE]	XnProperty.cpp	74	Setting Firmware.DepthDecimation (24) to 0...
 3382461	[VERBOSE]	XnProperty.cpp	101	Firmware.DepthDecimation (24) was successfully set.
 3382515	[VERBOSE]	XnProperty.cpp	74	Setting Firmware.Registration (2) to 0...
 3394703	[VERBOSE]	XnProperty.cpp	101	Firmware.Registration (2) was successfully set.
 3394759	[VERBOSE]	XnProperty.cpp	74	Setting Firmware.DepthMirror (23) to 0...
 3406861	[VERBOSE]	XnProperty.cpp	101	Firmware.DepthMirror (23) was successfully set.
 3406935	[VERBOSE]	XnProperty.cpp	74	Setting Firmware.GMCMode (36) to 1...
 3419261	[VERBOSE]	XnProperty.cpp	101	Firmware.GMCMode (36) was successfully set.
 3419309	[VERBOSE]	XnProperty.cpp	74	Setting Firmware.DepthWhiteBalance (45) to 1...
 3431584	[VERBOSE]	XnProperty.cpp	101	Firmware.DepthWhiteBalance (45) was successfully set.
 3431635	[VERBOSE]	XnHostProtocol.cpp	1203	Getting algorithm params 0x6 for resolution 1 and fps 30....
 3456048	[VERBOSE]	XnFirmwareStreams.cpp	284	Firmware stream 'Depth' processor was replaced.
 3456092	[VERBOSE]	XnProperty.cpp	74	Setting Firmware.Stream1Mode (6) to 2...
 3556968	[VERBOSE]	XnOpenNI.cpp	588	[FPS] Depth1 (I:  0.00, O:  0.00) ReadCalls:  0.00
 3557095	[VERBOSE]	XnSensorFPS.cpp	86	[FPS] InputFrames - I:  0.00, D:  0.00, OutputFrames - I:  0.00, D:  0.00
 3768230	[VERBOSE]	XnProperty.cpp	151	Property Firmware.Stream1Mode (6) was changed to 2.
 3768274	[VERBOSE]	XnProperty.cpp	74	Setting Firmware.FrameSync (1) to 0...
 3780465	[VERBOSE]	XnProperty.cpp	101	Firmware.FrameSync (1) was successfully set.
 3780527	[VERBOSE]	XnProperty.cpp	101	Firmware.Stream1Mode (6) was successfully set.
 3780546	[VERBOSE]	XnProperty.cpp	74	Setting Firmware.DepthCropEnabled (55) to 0...
 3792903	[VERBOSE]	XnProperty.cpp	101	Firmware.DepthCropEnabled (55) was successfully set.
 3792973	[INFO]	XnProperty.cpp	151	Property Depth1.State was changed to 1.
 3792990	[INFO]	XnDeviceBase.cpp	370	Stream Depth1 is open.
 4024887	[VERBOSE]	XnOpenNI.cpp	588	[FPS] Depth1 (I: 32.06, O:  0.00) ReadCalls:  0.00
 4024933	[VERBOSE]	XnSensorFPS.cpp	86	[FPS] InputFrames - I:  0.00, D: 32.06, OutputFrames - I:  0.00, D:  0.00
 5024946	[VERBOSE]	XnOpenNI.cpp	588	[FPS] Depth1 (I: 30.65, O: 16.42) ReadCalls: 16.42
 5024997	[VERBOSE]	XnSensorFPS.cpp	86	[FPS] InputFrames - I:  0.00, D: 30.66, OutputFrames - I:  0.00, D: 16.42
 5735171	[INFO]	XnOpenNI.cpp	1458	Destroying node 'Depth1'
 5735253	[INFO]	XnDeviceBase.cpp	1507	Destroying stream 'Depth1'...
 5735300	[VERBOSE]	XnFirmwareStreams.cpp	225	Stream Depth1 released FW Stream Depth
 5736156	[VERBOSE]	XnDeviceBase.cpp	1531	'Depth1' stream destroyed.
 5736234	[INFO]	XnOpenNI.cpp	1458	Destroying node 'Device1'
 5736289	[VERBOSE]	XnProperty.cpp	74	Setting Firmware.Stream0Mode (5) to 0...
 5749648	[VERBOSE]	XnProperty.cpp	101	Firmware.Stream0Mode (5) was successfully set.
 5749698	[VERBOSE]	XnProperty.cpp	74	Setting Firmware.Stream1Mode (6) to 0...
 6061951	[VERBOSE]	XnProperty.cpp	151	Property Firmware.Stream1Mode (6) was changed to 0.
 6061994	[VERBOSE]	XnProperty.cpp	74	Setting Firmware.FrameSync (1) to 0...
 6074132	[VERBOSE]	XnProperty.cpp	101	Firmware.FrameSync (1) was successfully set.
 6074181	[VERBOSE]	XnProperty.cpp	101	Firmware.Stream1Mode (6) was successfully set.
 6074200	[VERBOSE]	XnProperty.cpp	74	Setting Firmware.Stream2Mode (7) to 0...
 6087302	[VERBOSE]	XnProperty.cpp	101	Firmware.Stream2Mode (7) was successfully set.
 6087348	[VERBOSE]	XnDeviceSensorIO.cpp	301	Shutting down USB depth read thread...
 6087374	[VERBOSE]	XnDeviceSensorIO.cpp	311	Shutting down USB image read thread...
 6093954	[VERBOSE]	XnDeviceSensorIO.cpp	358	Device closed successfully
 6095756	[VERBOSE]	XnDeviceSensorIO.cpp	301	Shutting down USB depth read thread...
 6095795	[VERBOSE]	XnDeviceSensorIO.cpp	311	Shutting down USB image read thread...
 6095806	[VERBOSE]	XnDeviceSensorIO.cpp	358	Device closed successfully
