     577	[INFO]	XnLog.cpp	161	OpenNI version is 1.1.0 (Build 41)-MacOSX (Jul  9 2011 14:48:28)
     633	[INFO]	XnLog.cpp	169	Log system initialized. Console: 1, File: 1, Severity: VERBOSE, Masks: ALL
     675	[INFO]	XnLog.cpp	169	Log system initialized. Console: 1, File: 1, Severity: VERBOSE, Masks: ALL
     814	[VERBOSE]	XnModuleLoader.cpp	288	Checking ./../../../data/openni/lib/libnimMockNodes.dylib...
     972	[VERBOSE]	XnModuleLoader.cpp	446	Found exported production node. ProductionNode: OpenNI/Mock/1.1.0.41
    1016	[VERBOSE]	XnModuleLoader.cpp	446	Found exported production node. Generator: OpenNI/Mock/1.1.0.41
    1046	[VERBOSE]	XnModuleLoader.cpp	446	Found exported production node. MapGenerator: OpenNI/Mock/1.1.0.41
    1072	[VERBOSE]	XnModuleLoader.cpp	446	Found exported production node. Device: OpenNI/Mock/1.1.0.41
    1097	[VERBOSE]	XnModuleLoader.cpp	446	Found exported production node. Depth: OpenNI/Mock/1.1.0.41
    1123	[VERBOSE]	XnModuleLoader.cpp	446	Found exported production node. IR: OpenNI/Mock/1.1.0.41
    1158	[VERBOSE]	XnModuleLoader.cpp	446	Found exported production node. Image: OpenNI/Mock/1.1.0.41
    1192	[VERBOSE]	XnModuleLoader.cpp	446	Found exported production node. Audio: OpenNI/Mock/1.1.0.41
    1222	[VERBOSE]	XnModuleLoader.cpp	288	Checking ./../../../data/openni/lib/libnimCodecs.dylib...
    1315	[VERBOSE]	XnModuleLoader.cpp	446	Found exported production node. Codec: OpenNI/16zP/1.1.0.41
    1357	[VERBOSE]	XnModuleLoader.cpp	446	Found exported production node. Codec: OpenNI/16zT/1.1.0.41
    1384	[VERBOSE]	XnModuleLoader.cpp	446	Found exported production node. Codec: OpenNI/Im8z/1.1.0.41
    1414	[VERBOSE]	XnModuleLoader.cpp	446	Found exported production node. Codec: OpenNI/JPEG/1.1.0.41
    1438	[VERBOSE]	XnModuleLoader.cpp	446	Found exported production node. Codec: OpenNI/NONE/1.1.0.41
    1460	[VERBOSE]	XnModuleLoader.cpp	288	Checking ./../../../data/openni/lib/libnimRecorder.dylib...
    1553	[VERBOSE]	XnModuleLoader.cpp	446	Found exported production node. Recorder: OpenNI/Recorder/1.1.0.41
    1585	[VERBOSE]	XnModuleLoader.cpp	446	Found exported production node. Player: OpenNI/Player/1.1.0.41
    1609	[VERBOSE]	XnModuleLoader.cpp	288	Checking ./../../../data/openni/lib/libXnDeviceSensorV2KM.dylib...
    1718	[VERBOSE]	XnModuleLoader.cpp	446	Found exported production node. Device: PrimeSense/SensorKinect/5.0.1.32
    1753	[VERBOSE]	XnModuleLoader.cpp	446	Found exported production node. Depth: PrimeSense/SensorKinect/5.0.1.32
    1777	[VERBOSE]	XnModuleLoader.cpp	446	Found exported production node. Image: PrimeSense/SensorKinect/5.0.1.32
    1825	[VERBOSE]	XnModuleLoader.cpp	446	Found exported production node. IR: PrimeSense/SensorKinect/5.0.1.32
    1855	[VERBOSE]	XnModuleLoader.cpp	446	Found exported production node. Audio: PrimeSense/SensorKinect/5.0.1.32
    1879	[VERBOSE]	XnModuleLoader.cpp	288	Checking ./../../../data/openni/lib/libXnVFeatures_1_3_1.dylib...
    1983	[VERBOSE]	XnModuleLoader.cpp	446	Found exported production node. Scene: PrimeSense/XnVSceneAnalyzer/1.3.1.4
    2015	[VERBOSE]	XnModuleLoader.cpp	446	Found exported production node. User: PrimeSense/XnVSkeletonGenerator/1.3.1.4
    2045	[VERBOSE]	XnModuleLoader.cpp	288	Checking ./../../../data/openni/lib/libXnVHandGenerator_1_3_1.dylib...
    2156	[VERBOSE]	XnModuleLoader.cpp	446	Found exported production node. Gesture: PrimeSense/XnVGestureGenrator/1.3.1.4
    2208	[VERBOSE]	XnModuleLoader.cpp	446	Found exported production node. Hands: PrimeSense/XnVHandTracker/1.3.1.4
    2467	[VERBOSE]	XnXmlConfig.cpp	736	Requested to create a node of type Depth...
    2550	[VERBOSE]	XnUSBLinux-x86.cpp	83	Initializing USB...
    2957	[INFO]	XnUSBLinux-x86.cpp	94	USB is initialized.
 1529751	[INFO]	XnOpenNI.cpp	1258	Creating node 'Device1' of type Device: PrimeSense/SensorKinect/5.0.1.32...
 1530231	[VERBOSE]	XnSensor.cpp	837	Global configuration file './../../../data/openni/config//GlobalDefaultsKinect.ini' was not found.
 1530266	[VERBOSE]	XnSensor.cpp	157	Initializing device sensor...
 1530380	[VERBOSE]	XnDeviceModule.cpp	417	Configuring module 'Device' from section 'Device' in file './../../../data/openni/config//GlobalDefaultsKinect.ini'...
 1530533	[INFO]	XnDeviceModule.cpp	431	Module 'Device' configuration was loaded from file.
 1530617	[VERBOSE]	XnDeviceSensorIO.cpp	76	Connecting to USB device...
 1530642	[VERBOSE]	XnDeviceSensorIO.cpp	94	Trying to open sensor '045e/02ae@250/10'...
 1991951	[VERBOSE]	XnDeviceSensorIO.cpp	107	Trying to open endpoint 0x4 for control out (for old firmwares)...
 1992003	[INFO]	XnDeviceSensorIO.cpp	128	Connected to USB device
 1992023	[INFO]	XnProperty.cpp	151	Property Device.USBPath was changed to 045e/02ae@250/10.
 1999081	[VERBOSE]	XnHostProtocol.cpp	706	Getting hardware versions...
 2000547	[INFO]	XnHostProtocol.cpp	859	Hardware versions: FW=5.1.4 (7) HW=4 Chip=2 Sensor=4 SYS=7
 2012882	[VERBOSE]	XnHostProtocol.cpp	869	Requesting KeepAlive...
 2025157	[VERBOSE]	XnHostProtocol.cpp	880	Got KeepAlive Reply.
 2025208	[VERBOSE]	XnHostProtocol.cpp	1156	Setting mode to 3...
 2837735	[VERBOSE]	XnHostProtocol.cpp	869	Requesting KeepAlive...
 2850054	[VERBOSE]	XnHostProtocol.cpp	880	Got KeepAlive Reply.
 2862546	[VERBOSE]	XnProperty.cpp	151	Property Firmware.ReferenceResolution was changed to 2.
 2862595	[VERBOSE]	XnSensorFirmwareParams.cpp	282	Reading all params from firmware...
 2912442	[VERBOSE]	XnProperty.cpp	151	Property Firmware.DepthMirror (23) was changed to 1.
 2937133	[VERBOSE]	XnProperty.cpp	151	Property Firmware.DepthHoleFilter (22) was changed to 1.
 2937178	[VERBOSE]	XnProperty.cpp	151	Property Firmware.ImageSharpness (76) was changed to 50.
 2962069	[VERBOSE]	XnProperty.cpp	151	Property Firmware.DepthGain (21) was changed to 30.
 2974308	[VERBOSE]	XnProperty.cpp	151	Property Firmware.GMCMode (36) was changed to 1.
 2998860	[VERBOSE]	XnProperty.cpp	151	Property Firmware.DepthFPS (20) was changed to 30.
 3011489	[VERBOSE]	XnProperty.cpp	151	Property Firmware.DepthWhiteBalance (45) was changed to 1.
 3023786	[VERBOSE]	XnProperty.cpp	151	Property Firmware.DepthResolution (19) was changed to 1.
 3036174	[VERBOSE]	XnProperty.cpp	151	Property Firmware.DepthFormat (18) was changed to 3.
 3186074	[VERBOSE]	XnProperty.cpp	151	Property Firmware.ImageFlicker (17) was changed to 1.
 3236138	[VERBOSE]	XnProperty.cpp	151	Property Firmware.ImageFPS (14) was changed to 30.
 3260760	[VERBOSE]	XnProperty.cpp	151	Property Firmware.ImageResolution (13) was changed to 1.
 3397543	[VERBOSE]	XnSensorFirmwareParams.cpp	291	Firmware params were updated.
 3397642	[VERBOSE]	XnHostProtocol.cpp	989	Getting the fixed params...
 3410882	[VERBOSE]	XnSensorFixedParams.cpp	54	Sensor serial number: 0
 3410951	[INFO]	XnProperty.cpp	151	Property Device.PhysicalDeviceName was changed to PrimeSense Sensor.
 3410977	[INFO]	XnProperty.cpp	151	Property Device.ID was changed to 0.
 3411018	[INFO]	XnSensor.cpp	185	Device sensor initialized
 3411160	[INFO]	XnOpenNI.cpp	1258	Creating node 'Depth1' of type Depth: PrimeSense/SensorKinect/5.0.1.32...
 3411211	[INFO]	XnDeviceBase.cpp	1383	Creating stream 'Depth1' of type 'Depth'...
 3411235	[INFO]	XnProperty.cpp	74	Setting Device.ReadData to 1...
 3411254	[VERBOSE]	XnDeviceSensorIO.cpp	160	Opening endpoints...
 3411269	[VERBOSE]	XnDeviceSensorIO.cpp	170	Opening endpoint 0x81 for depth...
 3411296	[VERBOSE]	XnDeviceSensorIO.cpp	194	Depth endpoint is isochronous.
 3411315	[VERBOSE]	XnDeviceSensorIO.cpp	220	Opening endpoint 0x82 for image...
 3411338	[VERBOSE]	XnDeviceSensorIO.cpp	233	Image endpoint is isochronous.
 3411354	[VERBOSE]	XnDeviceSensorIO.cpp	250	Opening endpoint 0x83 for misc...
 3411373	[VERBOSE]	XnDeviceSensorIO.cpp	264	Misc endpoint is not supported...
 3411389	[INFO]	XnDeviceSensorIO.cpp	291	Endpoints open
 3411404	[VERBOSE]	XnHostProtocol.cpp	1203	Getting algorithm params 0x80 for resolution 0 and fps 0....
 3424017	[INFO]	XnProperty.cpp	151	Property Device.ReadData was changed to 1.
 3424066	[INFO]	XnProperty.cpp	101	Device.ReadData was successfully set.
 3424305	[VERBOSE]	XnDeviceBase.cpp	1419	Initializing stream 'Depth1'...
 3424550	[INFO]	XnProperty.cpp	151	Property Depth1.FPS was changed to 30.
 3424607	[INFO]	XnProperty.cpp	151	Property Depth1.OutputFormat was changed to 1.
 3424623	[INFO]	XnProperty.cpp	151	Property Depth1.BytesPerPixel was changed to 2.
 3424638	[INFO]	XnProperty.cpp	151	Property Depth1.RequiredDataSize was changed to 614400.
 3424664	[INFO]	XnProperty.cpp	151	Property Depth1.ParamCoeff was changed to 4.
 3424740	[INFO]	XnProperty.cpp	151	Property Depth1.ShiftScale was changed to 10.
 3424813	[VERBOSE]	XnHostProtocol.cpp	1203	Getting algorithm params 0x0 for resolution 1 and fps 30....
 3437080	[INFO]	XnProperty.cpp	151	Property Depth1.ConstShift was changed to 200.
 3437208	[INFO]	XnProperty.cpp	151	Property Depth1.ZPD was changed to 120.
 3437357	[INFO]	XnProperty.cpp	151	Property Depth1.ZPPS was changed to 0.104200.
 3437382	[INFO]	XnProperty.cpp	151	Property Depth1.LDDIS was changed to 7.500000.
 3437523	[INFO]	XnProperty.cpp	151	Property Depth1.Gain was changed to 30.
 3437570	[INFO]	XnProperty.cpp	151	Property Depth1.SupportedModesCount was changed to 9.
 3437604	[INFO]	XnDeviceBase.cpp	1458	Stream 'Depth1' was initialized.
 3437625	[INFO]	XnDeviceBase.cpp	1463	'Depth1' stream was created.
 3437647	[VERBOSE]	XnDeviceModule.cpp	417	Configuring module 'Depth1' from section 'Depth' in file './../../../data/openni/config//GlobalDefaultsKinect.ini'...
 3437874	[INFO]	XnDeviceModule.cpp	431	Module 'Depth1' configuration was loaded from file.
 3438144	[INFO]	XnProperty.cpp	74	Setting Depth1.Mirror to 1...
 3438168	[INFO]	XnProperty.cpp	151	Property Depth1.FirmwareMirror was changed to 1.
 3438188	[INFO]	XnProperty.cpp	151	Property Depth1.Mirror was changed to 1.
 3438204	[INFO]	XnProperty.cpp	101	Depth1.Mirror was successfully set.
 3438225	[VERBOSE]	XnDeviceBase.cpp	359	Opening stream Depth1...
 3438258	[VERBOSE]	XnFirmwareStreams.cpp	202	FW Stream Depth was claimed by Depth1
 3438280	[VERBOSE]	XnSensorDepthStream.cpp	336	Creating USB depth read thread...
 3438299	[VERBOSE]	XnUSBLinux-x86.cpp	104	Starting libusb asynch thread...
 3438380	[WARNING]	Linux-x86Threads.cpp	166	Failed to set thread priority: Invalid argument
 3438405	[WARNING]	XnUSBLinux-x86.cpp	122	USB events thread: Failed to set thread priority to critical. This might cause loss of data...
 3438435	[VERBOSE]	XnUSBLinux-x86.cpp	1128	Starting a USB read thread...
 3439518	[INFO]	XnUSBLinux-x86.cpp	1220	USB read thread was started.
 3439564	[INFO]	XnProperty.cpp	151	Property Depth1.ActualReadData was changed to 1.
 3439592	[VERBOSE]	XnProperty.cpp	74	Setting Firmware.DepthFormat (18) to 3...
 3451673	[VERBOSE]	XnProperty.cpp	101	Firmware.DepthFormat (18) was successfully set.
 3451715	[VERBOSE]	XnProperty.cpp	74	Setting Firmware.DepthResolution (19) to 1...
 3463874	[VERBOSE]	XnProperty.cpp	101	Firmware.DepthResolution (19) was successfully set.
 3463922	[VERBOSE]	XnProperty.cpp	74	Setting Firmware.DepthFPS (20) to 30...
 3476156	[VERBOSE]	XnProperty.cpp	101	Firmware.DepthFPS (20) was successfully set.
 3476224	[VERBOSE]	XnProperty.cpp	74	Setting Firmware.DepthHoleFilter (22) to 1...
 3488273	[VERBOSE]	XnProperty.cpp	101	Firmware.DepthHoleFilter (22) was successfully set.
 3488340	[VERBOSE]	XnProperty.cpp	74	Setting Firmware.DepthGain (21) to 30...
 3500528	[VERBOSE]	XnProperty.cpp	101	Firmware.DepthGain (21) was successfully set.
 3500576	[VERBOSE]	XnProperty.cpp	74	Setting Firmware.DepthDecimation (24) to 0...
 3512687	[VERBOSE]	XnProperty.cpp	101	Firmware.DepthDecimation (24) was successfully set.
 3512730	[VERBOSE]	XnProperty.cpp	74	Setting Firmware.Registration (2) to 0...
 3524802	[VERBOSE]	XnProperty.cpp	101	Firmware.Registration (2) was successfully set.
 3524846	[VERBOSE]	XnProperty.cpp	74	Setting Firmware.DepthMirror (23) to 1...
 3537035	[VERBOSE]	XnProperty.cpp	101	Firmware.DepthMirror (23) was successfully set.
 3537082	[VERBOSE]	XnProperty.cpp	74	Setting Firmware.GMCMode (36) to 1...
 3549159	[VERBOSE]	XnProperty.cpp	101	Firmware.GMCMode (36) was successfully set.
 3549207	[VERBOSE]	XnProperty.cpp	74	Setting Firmware.DepthWhiteBalance (45) to 1...
 3561312	[VERBOSE]	XnProperty.cpp	101	Firmware.DepthWhiteBalance (45) was successfully set.
 3561393	[VERBOSE]	XnHostProtocol.cpp	1203	Getting algorithm params 0x6 for resolution 1 and fps 30....
 3585589	[VERBOSE]	XnFirmwareStreams.cpp	284	Firmware stream 'Depth' processor was replaced.
 3585629	[VERBOSE]	XnProperty.cpp	74	Setting Firmware.Stream1Mode (6) to 2...
 3686870	[VERBOSE]	XnOpenNI.cpp	588	[FPS] Depth1 (I:  0.00, O:  0.00) ReadCalls:  0.00
 3686932	[VERBOSE]	XnSensorFPS.cpp	86	[FPS] InputFrames - I:  0.00, D:  0.00, OutputFrames - I:  0.00, D:  0.00
 3897933	[VERBOSE]	XnProperty.cpp	151	Property Firmware.Stream1Mode (6) was changed to 2.
 3897976	[VERBOSE]	XnProperty.cpp	74	Setting Firmware.FrameSync (1) to 0...
 3910375	[VERBOSE]	XnProperty.cpp	101	Firmware.FrameSync (1) was successfully set.
 3910418	[VERBOSE]	XnProperty.cpp	101	Firmware.Stream1Mode (6) was successfully set.
 3910433	[VERBOSE]	XnProperty.cpp	74	Setting Firmware.DepthCropEnabled (55) to 0...
 3922666	[VERBOSE]	XnProperty.cpp	101	Firmware.DepthCropEnabled (55) was successfully set.
 3922718	[INFO]	XnProperty.cpp	151	Property Depth1.State was changed to 1.
 3922734	[INFO]	XnDeviceBase.cpp	370	Stream Depth1 is open.
 4018953	[VERBOSE]	XnOpenNI.cpp	588	[FPS] Depth1 (I: 33.12, O:  0.00) ReadCalls:  0.00
 4019029	[VERBOSE]	XnSensorFPS.cpp	86	[FPS] InputFrames - I:  0.00, D: 33.12, OutputFrames - I:  0.00, D:  0.00
 5018923	[VERBOSE]	XnOpenNI.cpp	588	[FPS] Depth1 (I: 30.78, O: 28.97) ReadCalls: 29.90
 5018975	[VERBOSE]	XnSensorFPS.cpp	86	[FPS] InputFrames - I:  0.00, D: 30.78, OutputFrames - I:  0.00, D: 28.97
 5672307	[INFO]	XnOpenNI.cpp	1458	Destroying node 'Depth1'
 5672405	[INFO]	XnDeviceBase.cpp	1507	Destroying stream 'Depth1'...
 5672461	[VERBOSE]	XnFirmwareStreams.cpp	225	Stream Depth1 released FW Stream Depth
 5673357	[VERBOSE]	XnDeviceBase.cpp	1531	'Depth1' stream destroyed.
 5673434	[INFO]	XnOpenNI.cpp	1458	Destroying node 'Device1'
 5673487	[VERBOSE]	XnProperty.cpp	74	Setting Firmware.Stream0Mode (5) to 0...
 5687014	[VERBOSE]	XnProperty.cpp	101	Firmware.Stream0Mode (5) was successfully set.
 5687050	[VERBOSE]	XnProperty.cpp	74	Setting Firmware.Stream1Mode (6) to 0...
 5999312	[VERBOSE]	XnProperty.cpp	151	Property Firmware.Stream1Mode (6) was changed to 0.
 5999364	[VERBOSE]	XnProperty.cpp	74	Setting Firmware.FrameSync (1) to 0...
 6011552	[VERBOSE]	XnProperty.cpp	101	Firmware.FrameSync (1) was successfully set.
 6011604	[VERBOSE]	XnProperty.cpp	101	Firmware.Stream1Mode (6) was successfully set.
 6011617	[VERBOSE]	XnProperty.cpp	74	Setting Firmware.Stream2Mode (7) to 0...
 6024839	[VERBOSE]	XnProperty.cpp	101	Firmware.Stream2Mode (7) was successfully set.
 6024879	[VERBOSE]	XnDeviceSensorIO.cpp	301	Shutting down USB depth read thread...
 6024901	[VERBOSE]	XnDeviceSensorIO.cpp	311	Shutting down USB image read thread...
 6032455	[VERBOSE]	XnDeviceSensorIO.cpp	358	Device closed successfully
 6034041	[VERBOSE]	XnDeviceSensorIO.cpp	301	Shutting down USB depth read thread...
 6034076	[VERBOSE]	XnDeviceSensorIO.cpp	311	Shutting down USB image read thread...
 6034090	[VERBOSE]	XnDeviceSensorIO.cpp	358	Device closed successfully
