   32111	[INFO]	XnLog.cpp	161	OpenNI version is 1.1.0 (Build 41)-MacOSX (Jul  9 2011 14:48:28)
   32229	[INFO]	XnLog.cpp	169	Log system initialized. Console: 1, File: 1, Severity: VERBOSE, Masks: ALL
   47102	[INFO]	XnLog.cpp	169	Log system initialized. Console: 1, File: 1, Severity: VERBOSE, Masks: ALL
   47676	[VERBOSE]	XnModuleLoader.cpp	288	Checking ./../../../data/openni/lib/libnimMockNodes.dylib...
   47906	[VERBOSE]	XnModuleLoader.cpp	446	Found exported production node. ProductionNode: OpenNI/Mock/1.1.0.41
   47963	[VERBOSE]	XnModuleLoader.cpp	446	Found exported production node. Generator: OpenNI/Mock/1.1.0.41
   47998	[VERBOSE]	XnModuleLoader.cpp	446	Found exported production node. MapGenerator: OpenNI/Mock/1.1.0.41
   48031	[VERBOSE]	XnModuleLoader.cpp	446	Found exported production node. Device: OpenNI/Mock/1.1.0.41
   48087	[VERBOSE]	XnModuleLoader.cpp	446	Found exported production node. Depth: OpenNI/Mock/1.1.0.41
   48121	[VERBOSE]	XnModuleLoader.cpp	446	Found exported production node. IR: OpenNI/Mock/1.1.0.41
   48152	[VERBOSE]	XnModuleLoader.cpp	446	Found exported production node. Image: OpenNI/Mock/1.1.0.41
   48193	[VERBOSE]	XnModuleLoader.cpp	446	Found exported production node. Audio: OpenNI/Mock/1.1.0.41
   48230	[VERBOSE]	XnModuleLoader.cpp	288	Checking ./../../../data/openni/lib/libnimCodecs.dylib...
   48357	[VERBOSE]	XnModuleLoader.cpp	446	Found exported production node. Codec: OpenNI/16zP/1.1.0.41
   48413	[VERBOSE]	XnModuleLoader.cpp	446	Found exported production node. Codec: OpenNI/16zT/1.1.0.41
   48446	[VERBOSE]	XnModuleLoader.cpp	446	Found exported production node. Codec: OpenNI/Im8z/1.1.0.41
   48478	[VERBOSE]	XnModuleLoader.cpp	446	Found exported production node. Codec: OpenNI/JPEG/1.1.0.41
   48511	[VERBOSE]	XnModuleLoader.cpp	446	Found exported production node. Codec: OpenNI/NONE/1.1.0.41
   48542	[VERBOSE]	XnModuleLoader.cpp	288	Checking ./../../../data/openni/lib/libnimRecorder.dylib...
   48668	[VERBOSE]	XnModuleLoader.cpp	446	Found exported production node. Recorder: OpenNI/Recorder/1.1.0.41
   48711	[VERBOSE]	XnModuleLoader.cpp	446	Found exported production node. Player: OpenNI/Player/1.1.0.41
   48739	[VERBOSE]	XnModuleLoader.cpp	288	Checking ./../../../data/openni/lib/libXnDeviceSensorV2KM.dylib...
   66222	[VERBOSE]	XnModuleLoader.cpp	446	Found exported production node. Device: PrimeSense/SensorKinect/5.0.1.32
   66310	[VERBOSE]	XnModuleLoader.cpp	446	Found exported production node. Depth: PrimeSense/SensorKinect/5.0.1.32
   66336	[VERBOSE]	XnModuleLoader.cpp	446	Found exported production node. Image: PrimeSense/SensorKinect/5.0.1.32
   66354	[VERBOSE]	XnModuleLoader.cpp	446	Found exported production node. IR: PrimeSense/SensorKinect/5.0.1.32
   66373	[VERBOSE]	XnModuleLoader.cpp	446	Found exported production node. Audio: PrimeSense/SensorKinect/5.0.1.32
   66391	[VERBOSE]	XnModuleLoader.cpp	288	Checking ./../../../data/openni/lib/libXnVFeatures_1_3_1.dylib...
   66536	[VERBOSE]	XnModuleLoader.cpp	446	Found exported production node. Scene: PrimeSense/XnVSceneAnalyzer/1.3.1.4
   66567	[VERBOSE]	XnModuleLoader.cpp	446	Found exported production node. User: PrimeSense/XnVSkeletonGenerator/1.3.1.4
   66591	[VERBOSE]	XnModuleLoader.cpp	288	Checking ./../../../data/openni/lib/libXnVHandGenerator_1_3_1.dylib...
   66677	[VERBOSE]	XnModuleLoader.cpp	446	Found exported production node. Gesture: PrimeSense/XnVGestureGenrator/1.3.1.4
   66710	[VERBOSE]	XnModuleLoader.cpp	446	Found exported production node. Hands: PrimeSense/XnVHandTracker/1.3.1.4
  117965	[VERBOSE]	XnXmlConfig.cpp	736	Requested to create a node of type Depth...
  118105	[VERBOSE]	XnUSBLinux-x86.cpp	83	Initializing USB...
  118623	[INFO]	XnUSBLinux-x86.cpp	94	USB is initialized.
 1652985	[INFO]	XnOpenNI.cpp	1258	Creating node 'Device1' of type Device: PrimeSense/SensorKinect/5.0.1.32...
 1664464	[VERBOSE]	XnSensor.cpp	837	Global configuration file './../../../data/openni/config//GlobalDefaultsKinect.ini' was not found.
 1664516	[VERBOSE]	XnSensor.cpp	157	Initializing device sensor...
 1664610	[VERBOSE]	XnDeviceModule.cpp	417	Configuring module 'Device' from section 'Device' in file './../../../data/openni/config//GlobalDefaultsKinect.ini'...
 1664712	[INFO]	XnDeviceModule.cpp	431	Module 'Device' configuration was loaded from file.
 1664751	[VERBOSE]	XnDeviceSensorIO.cpp	76	Connecting to USB device...
 1664765	[VERBOSE]	XnDeviceSensorIO.cpp	94	Trying to open sensor '045e/02ae@250/10'...
 2095526	[VERBOSE]	XnDeviceSensorIO.cpp	107	Trying to open endpoint 0x4 for control out (for old firmwares)...
 2095573	[INFO]	XnDeviceSensorIO.cpp	128	Connected to USB device
 2095593	[INFO]	XnProperty.cpp	151	Property Device.USBPath was changed to 045e/02ae@250/10.
 2132617	[VERBOSE]	XnHostProtocol.cpp	706	Getting hardware versions...
 2133901	[INFO]	XnHostProtocol.cpp	859	Hardware versions: FW=5.1.4 (7) HW=4 Chip=2 Sensor=4 SYS=7
 2146404	[VERBOSE]	XnHostProtocol.cpp	869	Requesting KeepAlive...
 2158944	[VERBOSE]	XnHostProtocol.cpp	880	Got KeepAlive Reply.
 2158989	[VERBOSE]	XnHostProtocol.cpp	1156	Setting mode to 3...
 2971396	[VERBOSE]	XnHostProtocol.cpp	869	Requesting KeepAlive...
 2983965	[VERBOSE]	XnHostProtocol.cpp	880	Got KeepAlive Reply.
 2996532	[VERBOSE]	XnProperty.cpp	151	Property Firmware.ReferenceResolution was changed to 2.
 2996572	[VERBOSE]	XnSensorFirmwareParams.cpp	282	Reading all params from firmware...
 3071313	[VERBOSE]	XnProperty.cpp	151	Property Firmware.DepthHoleFilter (22) was changed to 1.
 3071375	[VERBOSE]	XnProperty.cpp	151	Property Firmware.ImageSharpness (76) was changed to 50.
 3096180	[VERBOSE]	XnProperty.cpp	151	Property Firmware.DepthGain (21) was changed to 30.
 3108540	[VERBOSE]	XnProperty.cpp	151	Property Firmware.GMCMode (36) was changed to 1.
 3133530	[VERBOSE]	XnProperty.cpp	151	Property Firmware.DepthFPS (20) was changed to 30.
 3145963	[VERBOSE]	XnProperty.cpp	151	Property Firmware.DepthWhiteBalance (45) was changed to 1.
 3158337	[VERBOSE]	XnProperty.cpp	151	Property Firmware.DepthResolution (19) was changed to 1.
 3170865	[VERBOSE]	XnProperty.cpp	151	Property Firmware.DepthFormat (18) was changed to 3.
 3319583	[VERBOSE]	XnProperty.cpp	151	Property Firmware.ImageFlicker (17) was changed to 1.
 3368793	[VERBOSE]	XnProperty.cpp	151	Property Firmware.ImageFPS (14) was changed to 30.
 3393412	[VERBOSE]	XnProperty.cpp	151	Property Firmware.ImageResolution (13) was changed to 1.
 3529760	[VERBOSE]	XnSensorFirmwareParams.cpp	291	Firmware params were updated.
 3529840	[VERBOSE]	XnHostProtocol.cpp	989	Getting the fixed params...
 3542581	[VERBOSE]	XnSensorFixedParams.cpp	54	Sensor serial number: 0
 3542632	[INFO]	XnProperty.cpp	151	Property Device.PhysicalDeviceName was changed to PrimeSense Sensor.
 3542648	[INFO]	XnProperty.cpp	151	Property Device.ID was changed to 0.
 3542679	[INFO]	XnSensor.cpp	185	Device sensor initialized
 3542806	[INFO]	XnOpenNI.cpp	1258	Creating node 'Depth1' of type Depth: PrimeSense/SensorKinect/5.0.1.32...
 3542858	[INFO]	XnDeviceBase.cpp	1383	Creating stream 'Depth1' of type 'Depth'...
 3542886	[INFO]	XnProperty.cpp	74	Setting Device.ReadData to 1...
 3542905	[VERBOSE]	XnDeviceSensorIO.cpp	160	Opening endpoints...
 3542921	[VERBOSE]	XnDeviceSensorIO.cpp	170	Opening endpoint 0x81 for depth...
 3542948	[VERBOSE]	XnDeviceSensorIO.cpp	194	Depth endpoint is isochronous.
 3542970	[VERBOSE]	XnDeviceSensorIO.cpp	220	Opening endpoint 0x82 for image...
 3542994	[VERBOSE]	XnDeviceSensorIO.cpp	233	Image endpoint is isochronous.
 3543011	[VERBOSE]	XnDeviceSensorIO.cpp	250	Opening endpoint 0x83 for misc...
 3543032	[VERBOSE]	XnDeviceSensorIO.cpp	264	Misc endpoint is not supported...
 3543048	[INFO]	XnDeviceSensorIO.cpp	291	Endpoints open
 3543066	[VERBOSE]	XnHostProtocol.cpp	1203	Getting algorithm params 0x80 for resolution 0 and fps 0....
 3555748	[INFO]	XnProperty.cpp	151	Property Device.ReadData was changed to 1.
 3555795	[INFO]	XnProperty.cpp	101	Device.ReadData was successfully set.
 3555997	[VERBOSE]	XnDeviceBase.cpp	1419	Initializing stream 'Depth1'...
 3556203	[INFO]	XnProperty.cpp	151	Property Depth1.FPS was changed to 30.
 3556220	[INFO]	XnProperty.cpp	151	Property Depth1.OutputFormat was changed to 1.
 3591095	[INFO]	XnProperty.cpp	151	Property Depth1.BytesPerPixel was changed to 2.
 3591123	[INFO]	XnProperty.cpp	151	Property Depth1.RequiredDataSize was changed to 614400.
 3591174	[INFO]	XnProperty.cpp	151	Property Depth1.ParamCoeff was changed to 4.
 3591275	[INFO]	XnProperty.cpp	151	Property Depth1.ShiftScale was changed to 10.
 3591351	[VERBOSE]	XnHostProtocol.cpp	1203	Getting algorithm params 0x0 for resolution 1 and fps 30....
 3603728	[INFO]	XnProperty.cpp	151	Property Depth1.ConstShift was changed to 200.
 3603836	[INFO]	XnProperty.cpp	151	Property Depth1.ZPD was changed to 120.
 3603960	[INFO]	XnProperty.cpp	151	Property Depth1.ZPPS was changed to 0.104200.
 3603981	[INFO]	XnProperty.cpp	151	Property Depth1.LDDIS was changed to 7.500000.
 3604091	[INFO]	XnProperty.cpp	151	Property Depth1.Gain was changed to 30.
 3604129	[INFO]	XnProperty.cpp	151	Property Depth1.SupportedModesCount was changed to 9.
 3604164	[INFO]	XnDeviceBase.cpp	1458	Stream 'Depth1' was initialized.
 3604183	[INFO]	XnDeviceBase.cpp	1463	'Depth1' stream was created.
 3604205	[VERBOSE]	XnDeviceModule.cpp	417	Configuring module 'Depth1' from section 'Depth' in file './../../../data/openni/config//GlobalDefaultsKinect.ini'...
 3604364	[INFO]	XnDeviceModule.cpp	431	Module 'Depth1' configuration was loaded from file.
 3604536	[INFO]	XnProperty.cpp	74	Setting Depth1.Mirror to 1...
 3604557	[INFO]	XnProperty.cpp	151	Property Depth1.FirmwareMirror was changed to 1.
 3604575	[INFO]	XnProperty.cpp	151	Property Depth1.Mirror was changed to 1.
 3604592	[INFO]	XnProperty.cpp	101	Depth1.Mirror was successfully set.
 3604614	[VERBOSE]	XnDeviceBase.cpp	359	Opening stream Depth1...
 3604645	[VERBOSE]	XnFirmwareStreams.cpp	202	FW Stream Depth was claimed by Depth1
 3604670	[VERBOSE]	XnSensorDepthStream.cpp	336	Creating USB depth read thread...
 3604690	[VERBOSE]	XnUSBLinux-x86.cpp	104	Starting libusb asynch thread...
 3604759	[WARNING]	Linux-x86Threads.cpp	166	Failed to set thread priority: Invalid argument
 3604779	[WARNING]	XnUSBLinux-x86.cpp	122	USB events thread: Failed to set thread priority to critical. This might cause loss of data...
 3604822	[VERBOSE]	XnUSBLinux-x86.cpp	1128	Starting a USB read thread...
 3605765	[INFO]	XnUSBLinux-x86.cpp	1220	USB read thread was started.
 3605793	[INFO]	XnProperty.cpp	151	Property Depth1.ActualReadData was changed to 1.
 3605821	[VERBOSE]	XnProperty.cpp	74	Setting Firmware.DepthFormat (18) to 3...
 3618032	[VERBOSE]	XnProperty.cpp	101	Firmware.DepthFormat (18) was successfully set.
 3618089	[VERBOSE]	XnProperty.cpp	74	Setting Firmware.DepthResolution (19) to 1...
 3630043	[VERBOSE]	XnProperty.cpp	101	Firmware.DepthResolution (19) was successfully set.
 3630114	[VERBOSE]	XnProperty.cpp	74	Setting Firmware.DepthFPS (20) to 30...
 3642287	[VERBOSE]	XnProperty.cpp	101	Firmware.DepthFPS (20) was successfully set.
 3642335	[VERBOSE]	XnProperty.cpp	74	Setting Firmware.DepthHoleFilter (22) to 1...
 3654320	[VERBOSE]	XnProperty.cpp	101	Firmware.DepthHoleFilter (22) was successfully set.
 3654369	[VERBOSE]	XnProperty.cpp	74	Setting Firmware.DepthGain (21) to 30...
 3666408	[VERBOSE]	XnProperty.cpp	101	Firmware.DepthGain (21) was successfully set.
 3666467	[VERBOSE]	XnProperty.cpp	74	Setting Firmware.DepthDecimation (24) to 0...
 3678442	[VERBOSE]	XnProperty.cpp	101	Firmware.DepthDecimation (24) was successfully set.
 3678506	[VERBOSE]	XnProperty.cpp	74	Setting Firmware.Registration (2) to 0...
 3690699	[VERBOSE]	XnProperty.cpp	101	Firmware.Registration (2) was successfully set.
 3690751	[VERBOSE]	XnProperty.cpp	74	Setting Firmware.DepthMirror (23) to 1...
 3702799	[VERBOSE]	XnProperty.cpp	151	Property Firmware.DepthMirror (23) was changed to 1.
 3702843	[VERBOSE]	XnProperty.cpp	101	Firmware.DepthMirror (23) was successfully set.
 3702864	[VERBOSE]	XnProperty.cpp	74	Setting Firmware.GMCMode (36) to 1...
 3714917	[VERBOSE]	XnProperty.cpp	101	Firmware.GMCMode (36) was successfully set.
 3714985	[VERBOSE]	XnProperty.cpp	74	Setting Firmware.DepthWhiteBalance (45) to 1...
 3727159	[VERBOSE]	XnProperty.cpp	101	Firmware.DepthWhiteBalance (45) was successfully set.
 3727232	[VERBOSE]	XnHostProtocol.cpp	1203	Getting algorithm params 0x6 for resolution 1 and fps 30....
 3751455	[VERBOSE]	XnFirmwareStreams.cpp	284	Firmware stream 'Depth' processor was replaced.
 3751501	[VERBOSE]	XnProperty.cpp	74	Setting Firmware.Stream1Mode (6) to 2...
 3849748	[VERBOSE]	XnOpenNI.cpp	588	[FPS] Depth1 (I:  0.00, O:  0.00) ReadCalls:  0.00
 3849824	[VERBOSE]	XnSensorFPS.cpp	86	[FPS] InputFrames - I:  0.00, D:  0.00, OutputFrames - I:  0.00, D:  0.00
 4017540	[VERBOSE]	XnOpenNI.cpp	588	[FPS] Depth1 (I: 35.76, O:  0.00) ReadCalls:  0.00
 4017584	[VERBOSE]	XnSensorFPS.cpp	86	[FPS] InputFrames - I:  0.00, D: 35.76, OutputFrames - I:  0.00, D:  0.00
 4063820	[VERBOSE]	XnProperty.cpp	151	Property Firmware.Stream1Mode (6) was changed to 2.
 4063863	[VERBOSE]	XnProperty.cpp	74	Setting Firmware.FrameSync (1) to 0...
 4076062	[VERBOSE]	XnProperty.cpp	101	Firmware.FrameSync (1) was successfully set.
 4076104	[VERBOSE]	XnProperty.cpp	101	Firmware.Stream1Mode (6) was successfully set.
 4076119	[VERBOSE]	XnProperty.cpp	74	Setting Firmware.DepthCropEnabled (55) to 0...
 4088297	[VERBOSE]	XnProperty.cpp	101	Firmware.DepthCropEnabled (55) was successfully set.
 4088349	[INFO]	XnProperty.cpp	151	Property Depth1.State was changed to 1.
 4088363	[INFO]	XnDeviceBase.cpp	370	Stream Depth1 is open.
 5017566	[VERBOSE]	XnOpenNI.cpp	588	[FPS] Depth1 (I: 30.83, O: 22.48) ReadCalls: 23.66
 5017617	[VERBOSE]	XnSensorFPS.cpp	86	[FPS] InputFrames - I:  0.00, D: 30.83, OutputFrames - I:  0.00, D: 22.47
 6021519	[VERBOSE]	XnOpenNI.cpp	588	[FPS] Depth1 (I: 30.39, O: 26.50) ReadCalls: 27.04
 6021569	[VERBOSE]	XnSensorFPS.cpp	86	[FPS] InputFrames - I:  0.00, D: 30.39, OutputFrames - I:  0.00, D: 26.50
 7000520	[VERBOSE]	XnOpenNI.cpp	588	[FPS] Depth1 (I: 29.50, O: 26.87) ReadCalls: 27.22
 7000589	[VERBOSE]	XnSensorFPS.cpp	86	[FPS] InputFrames - I:  0.00, D: 29.50, OutputFrames - I:  0.00, D: 26.87
 7020579	[WARNING]	XnDepthProcessor.cpp	133	Read: Depth buffer is corrupt. Size is 363488 (!= 614400)
 7020629	[WARNING]	XnFrameStreamProcessor.cpp	138	Depth frame is corrupt!
 8024527	[VERBOSE]	XnOpenNI.cpp	588	[FPS] Depth1 (I: 29.62, O: 29.28) ReadCalls: 29.38
 8024576	[VERBOSE]	XnSensorFPS.cpp	86	[FPS] InputFrames - I:  0.00, D: 29.62, OutputFrames - I:  0.00, D: 29.28
 9024555	[VERBOSE]	XnOpenNI.cpp	588	[FPS] Depth1 (I: 29.62, O: 29.28) ReadCalls: 29.40
 9024604	[VERBOSE]	XnSensorFPS.cpp	86	[FPS] InputFrames - I:  0.00, D: 29.62, OutputFrames - I:  0.00, D: 29.28
10001474	[VERBOSE]	XnOpenNI.cpp	588	[FPS] Depth1 (I: 30.01, O: 30.11) ReadCalls: 30.25
10024588	[VERBOSE]	XnSensorFPS.cpp	86	[FPS] InputFrames - I:  0.00, D: 30.32, OutputFrames - I:  0.00, D: 29.99
11001135	[VERBOSE]	XnOpenNI.cpp	588	[FPS] Depth1 (I: 30.24, O: 30.24) ReadCalls: 30.33
11024620	[VERBOSE]	XnSensorFPS.cpp	86	[FPS] InputFrames - I:  0.00, D: 30.32, OutputFrames - I:  0.00, D: 29.99
12001366	[VERBOSE]	XnOpenNI.cpp	588	[FPS] Depth1 (I: 30.23, O: 30.23) ReadCalls: 30.33
12028568	[VERBOSE]	XnSensorFPS.cpp	86	[FPS] InputFrames - I:  0.00, D: 30.28, OutputFrames - I:  0.00, D: 29.95
13006704	[VERBOSE]	XnOpenNI.cpp	588	[FPS] Depth1 (I: 30.18, O: 29.85) ReadCalls: 29.93
13028614	[VERBOSE]	XnSensorFPS.cpp	86	[FPS] InputFrames - I:  0.00, D: 30.28, OutputFrames - I:  0.00, D: 29.61
14006953	[VERBOSE]	XnOpenNI.cpp	588	[FPS] Depth1 (I: 30.18, O: 29.84) ReadCalls: 29.93
14028621	[VERBOSE]	XnSensorFPS.cpp	86	[FPS] InputFrames - I:  0.00, D: 30.32, OutputFrames - I:  0.00, D: 29.65
15007006	[VERBOSE]	XnOpenNI.cpp	588	[FPS] Depth1 (I: 30.22, O: 29.88) ReadCalls: 29.98
15028697	[VERBOSE]	XnSensorFPS.cpp	86	[FPS] InputFrames - I:  0.00, D: 30.32, OutputFrames - I:  0.00, D: 29.65
16007061	[VERBOSE]	XnOpenNI.cpp	588	[FPS] Depth1 (I: 30.22, O: 30.22) ReadCalls: 30.32
16032630	[VERBOSE]	XnSensorFPS.cpp	86	[FPS] InputFrames - I:  0.00, D: 30.28, OutputFrames - I:  0.00, D: 29.95
17000619	[VERBOSE]	XnOpenNI.cpp	588	[FPS] Depth1 (I: 30.28, O: 29.95) ReadCalls: 30.06
17000672	[VERBOSE]	XnSensorFPS.cpp	86	[FPS] InputFrames - I:  0.00, D: 30.28, OutputFrames - I:  0.00, D: 29.95
18000642	[VERBOSE]	XnOpenNI.cpp	588	[FPS] Depth1 (I: 30.28, O: 29.95) ReadCalls: 30.06
18000691	[VERBOSE]	XnSensorFPS.cpp	86	[FPS] InputFrames - I:  0.00, D: 30.28, OutputFrames - I:  0.00, D: 29.95
19000679	[VERBOSE]	XnOpenNI.cpp	588	[FPS] Depth1 (I: 30.32, O: 29.99) ReadCalls: 30.06
19000729	[VERBOSE]	XnSensorFPS.cpp	86	[FPS] InputFrames - I:  0.00, D: 30.32, OutputFrames - I:  0.00, D: 29.99
20000715	[VERBOSE]	XnOpenNI.cpp	588	[FPS] Depth1 (I: 30.32, O: 30.00) ReadCalls: 30.11
20000765	[VERBOSE]	XnSensorFPS.cpp	86	[FPS] InputFrames - I:  0.00, D: 30.32, OutputFrames - I:  0.00, D: 29.99
21004667	[VERBOSE]	XnOpenNI.cpp	588	[FPS] Depth1 (I: 30.28, O: 29.95) ReadCalls: 30.07
21004717	[VERBOSE]	XnSensorFPS.cpp	86	[FPS] InputFrames - I:  0.00, D: 30.28, OutputFrames - I:  0.00, D: 29.95
22004697	[VERBOSE]	XnOpenNI.cpp	588	[FPS] Depth1 (I: 30.28, O: 29.95) ReadCalls: 30.07
22004747	[VERBOSE]	XnSensorFPS.cpp	86	[FPS] InputFrames - I:  0.00, D: 30.28, OutputFrames - I:  0.00, D: 29.95
23004743	[VERBOSE]	XnOpenNI.cpp	588	[FPS] Depth1 (I: 30.32, O: 29.99) ReadCalls: 30.11
23004793	[VERBOSE]	XnSensorFPS.cpp	86	[FPS] InputFrames - I:  0.00, D: 30.32, OutputFrames - I:  0.00, D: 29.99
23390114	[INFO]	XnOpenNI.cpp	1458	Destroying node 'Depth1'
23390187	[INFO]	XnDeviceBase.cpp	1507	Destroying stream 'Depth1'...
23390225	[VERBOSE]	XnFirmwareStreams.cpp	225	Stream Depth1 released FW Stream Depth
23391062	[VERBOSE]	XnDeviceBase.cpp	1531	'Depth1' stream destroyed.
23391131	[INFO]	XnOpenNI.cpp	1458	Destroying node 'Device1'
23391178	[VERBOSE]	XnProperty.cpp	74	Setting Firmware.Stream0Mode (5) to 0...
23404546	[VERBOSE]	XnProperty.cpp	101	Firmware.Stream0Mode (5) was successfully set.
23404595	[VERBOSE]	XnProperty.cpp	74	Setting Firmware.Stream1Mode (6) to 0...
23717022	[VERBOSE]	XnProperty.cpp	151	Property Firmware.Stream1Mode (6) was changed to 0.
23717063	[VERBOSE]	XnProperty.cpp	74	Setting Firmware.FrameSync (1) to 0...
23729268	[VERBOSE]	XnProperty.cpp	101	Firmware.FrameSync (1) was successfully set.
23729312	[VERBOSE]	XnProperty.cpp	101	Firmware.Stream1Mode (6) was successfully set.
23729325	[VERBOSE]	XnProperty.cpp	74	Setting Firmware.Stream2Mode (7) to 0...
23742423	[VERBOSE]	XnProperty.cpp	101	Firmware.Stream2Mode (7) was successfully set.
23742464	[VERBOSE]	XnDeviceSensorIO.cpp	301	Shutting down USB depth read thread...
23742485	[VERBOSE]	XnDeviceSensorIO.cpp	311	Shutting down USB image read thread...
23749836	[VERBOSE]	XnDeviceSensorIO.cpp	358	Device closed successfully
23751212	[VERBOSE]	XnDeviceSensorIO.cpp	301	Shutting down USB depth read thread...
23751253	[VERBOSE]	XnDeviceSensorIO.cpp	311	Shutting down USB image read thread...
23751264	[VERBOSE]	XnDeviceSensorIO.cpp	358	Device closed successfully
