     655	[INFO]	XnLog.cpp	161	OpenNI version is 1.1.0 (Build 41)-MacOSX (Jul  9 2011 14:48:28)
     708	[INFO]	XnLog.cpp	169	Log system initialized. Console: 1, File: 1, Severity: VERBOSE, Masks: ALL
     754	[INFO]	XnLog.cpp	169	Log system initialized. Console: 1, File: 1, Severity: VERBOSE, Masks: ALL
     902	[VERBOSE]	XnModuleLoader.cpp	288	Checking ./../../../data/openni/lib/libnimMockNodes.dylib...
    1051	[VERBOSE]	XnModuleLoader.cpp	446	Found exported production node. ProductionNode: OpenNI/Mock/1.1.0.41
    1093	[VERBOSE]	XnModuleLoader.cpp	446	Found exported production node. Generator: OpenNI/Mock/1.1.0.41
    1145	[VERBOSE]	XnModuleLoader.cpp	446	Found exported production node. MapGenerator: OpenNI/Mock/1.1.0.41
    1186	[VERBOSE]	XnModuleLoader.cpp	446	Found exported production node. Device: OpenNI/Mock/1.1.0.41
    1211	[VERBOSE]	XnModuleLoader.cpp	446	Found exported production node. Depth: OpenNI/Mock/1.1.0.41
    1228	[VERBOSE]	XnModuleLoader.cpp	446	Found exported production node. IR: OpenNI/Mock/1.1.0.41
    1245	[VERBOSE]	XnModuleLoader.cpp	446	Found exported production node. Image: OpenNI/Mock/1.1.0.41
    1270	[VERBOSE]	XnModuleLoader.cpp	446	Found exported production node. Audio: OpenNI/Mock/1.1.0.41
    1307	[VERBOSE]	XnModuleLoader.cpp	288	Checking ./../../../data/openni/lib/libnimCodecs.dylib...
    1407	[VERBOSE]	XnModuleLoader.cpp	446	Found exported production node. Codec: OpenNI/16zP/1.1.0.41
    1440	[VERBOSE]	XnModuleLoader.cpp	446	Found exported production node. Codec: OpenNI/16zT/1.1.0.41
    1465	[VERBOSE]	XnModuleLoader.cpp	446	Found exported production node. Codec: OpenNI/Im8z/1.1.0.41
    1488	[VERBOSE]	XnModuleLoader.cpp	446	Found exported production node. Codec: OpenNI/JPEG/1.1.0.41
    1511	[VERBOSE]	XnModuleLoader.cpp	446	Found exported production node. Codec: OpenNI/NONE/1.1.0.41
    1533	[VERBOSE]	XnModuleLoader.cpp	288	Checking ./../../../data/openni/lib/libnimRecorder.dylib...
    1626	[VERBOSE]	XnModuleLoader.cpp	446	Found exported production node. Recorder: OpenNI/Recorder/1.1.0.41
    1658	[VERBOSE]	XnModuleLoader.cpp	446	Found exported production node. Player: OpenNI/Player/1.1.0.41
    1692	[VERBOSE]	XnModuleLoader.cpp	288	Checking ./../../../data/openni/lib/libXnDeviceSensorV2KM.dylib...
    1794	[VERBOSE]	XnModuleLoader.cpp	446	Found exported production node. Device: PrimeSense/SensorKinect/5.0.1.32
    1827	[VERBOSE]	XnModuleLoader.cpp	446	Found exported production node. Depth: PrimeSense/SensorKinect/5.0.1.32
    1855	[VERBOSE]	XnModuleLoader.cpp	446	Found exported production node. Image: PrimeSense/SensorKinect/5.0.1.32
    1881	[VERBOSE]	XnModuleLoader.cpp	446	Found exported production node. IR: PrimeSense/SensorKinect/5.0.1.32
    1906	[VERBOSE]	XnModuleLoader.cpp	446	Found exported production node. Audio: PrimeSense/SensorKinect/5.0.1.32
    1938	[VERBOSE]	XnModuleLoader.cpp	288	Checking ./../../../data/openni/lib/libXnVFeatures_1_3_1.dylib...
    2047	[VERBOSE]	XnModuleLoader.cpp	446	Found exported production node. Scene: PrimeSense/XnVSceneAnalyzer/1.3.1.4
    2083	[VERBOSE]	XnModuleLoader.cpp	446	Found exported production node. User: PrimeSense/XnVSkeletonGenerator/1.3.1.4
    2116	[VERBOSE]	XnModuleLoader.cpp	288	Checking ./../../../data/openni/lib/libXnVHandGenerator_1_3_1.dylib...
    2231	[VERBOSE]	XnModuleLoader.cpp	446	Found exported production node. Gesture: PrimeSense/XnVGestureGenrator/1.3.1.4
    2273	[VERBOSE]	XnModuleLoader.cpp	446	Found exported production node. Hands: PrimeSense/XnVHandTracker/1.3.1.4
    2567	[VERBOSE]	XnXmlConfig.cpp	736	Requested to create a node of type Depth...
    2649	[VERBOSE]	XnUSBLinux-x86.cpp	83	Initializing USB...
    3100	[INFO]	XnUSBLinux-x86.cpp	94	USB is initialized.
 1532943	[INFO]	XnOpenNI.cpp	1258	Creating node 'Device1' of type Device: PrimeSense/SensorKinect/5.0.1.32...
 1533348	[VERBOSE]	XnSensor.cpp	837	Global configuration file './../../../data/openni/config//GlobalDefaultsKinect.ini' was not found.
 1533379	[VERBOSE]	XnSensor.cpp	157	Initializing device sensor...
 1533484	[VERBOSE]	XnDeviceModule.cpp	417	Configuring module 'Device' from section 'Device' in file './../../../data/openni/config//GlobalDefaultsKinect.ini'...
 1533616	[INFO]	XnDeviceModule.cpp	431	Module 'Device' configuration was loaded from file.
 1533686	[VERBOSE]	XnDeviceSensorIO.cpp	76	Connecting to USB device...
 1533705	[VERBOSE]	XnDeviceSensorIO.cpp	94	Trying to open sensor '045e/02ae@250/10'...
 1980635	[VERBOSE]	XnDeviceSensorIO.cpp	107	Trying to open endpoint 0x4 for control out (for old firmwares)...
 1980688	[INFO]	XnDeviceSensorIO.cpp	128	Connected to USB device
 1980708	[INFO]	XnProperty.cpp	151	Property Device.USBPath was changed to 045e/02ae@250/10.
 1988191	[VERBOSE]	XnHostProtocol.cpp	706	Getting hardware versions...
 1989476	[INFO]	XnHostProtocol.cpp	859	Hardware versions: FW=5.1.4 (7) HW=4 Chip=2 Sensor=4 SYS=7
 2001704	[VERBOSE]	XnHostProtocol.cpp	869	Requesting KeepAlive...
 2014087	[VERBOSE]	XnHostProtocol.cpp	880	Got KeepAlive Reply.
 2014147	[VERBOSE]	XnHostProtocol.cpp	1156	Setting mode to 3...
 2826597	[VERBOSE]	XnHostProtocol.cpp	869	Requesting KeepAlive...
 2838872	[VERBOSE]	XnHostProtocol.cpp	880	Got KeepAlive Reply.
 2851465	[VERBOSE]	XnProperty.cpp	151	Property Firmware.ReferenceResolution was changed to 2.
 2851507	[VERBOSE]	XnSensorFirmwareParams.cpp	282	Reading all params from firmware...
 2925203	[VERBOSE]	XnProperty.cpp	151	Property Firmware.DepthHoleFilter (22) was changed to 1.
 2925248	[VERBOSE]	XnProperty.cpp	151	Property Firmware.ImageSharpness (76) was changed to 50.
 2949929	[VERBOSE]	XnProperty.cpp	151	Property Firmware.DepthGain (21) was changed to 30.
 2962154	[VERBOSE]	XnProperty.cpp	151	Property Firmware.GMCMode (36) was changed to 1.
 2986906	[VERBOSE]	XnProperty.cpp	151	Property Firmware.DepthFPS (20) was changed to 30.
 2999300	[VERBOSE]	XnProperty.cpp	151	Property Firmware.DepthWhiteBalance (45) was changed to 1.
 3011737	[VERBOSE]	XnProperty.cpp	151	Property Firmware.DepthResolution (19) was changed to 1.
 3024085	[VERBOSE]	XnProperty.cpp	151	Property Firmware.DepthFormat (18) was changed to 3.
 3173258	[VERBOSE]	XnProperty.cpp	151	Property Firmware.ImageFlicker (17) was changed to 1.
 3222441	[VERBOSE]	XnProperty.cpp	151	Property Firmware.ImageFPS (14) was changed to 30.
 3246934	[VERBOSE]	XnProperty.cpp	151	Property Firmware.ImageResolution (13) was changed to 1.
 3384977	[VERBOSE]	XnSensorFirmwareParams.cpp	291	Firmware params were updated.
 3385046	[VERBOSE]	XnHostProtocol.cpp	989	Getting the fixed params...
 3398010	[VERBOSE]	XnSensorFixedParams.cpp	54	Sensor serial number: 0
 3398055	[INFO]	XnProperty.cpp	151	Property Device.PhysicalDeviceName was changed to PrimeSense Sensor.
 3398070	[INFO]	XnProperty.cpp	151	Property Device.ID was changed to 0.
 3398101	[INFO]	XnSensor.cpp	185	Device sensor initialized
 3398214	[INFO]	XnOpenNI.cpp	1258	Creating node 'Depth1' of type Depth: PrimeSense/SensorKinect/5.0.1.32...
 3398264	[INFO]	XnDeviceBase.cpp	1383	Creating stream 'Depth1' of type 'Depth'...
 3398288	[INFO]	XnProperty.cpp	74	Setting Device.ReadData to 1...
 3398303	[VERBOSE]	XnDeviceSensorIO.cpp	160	Opening endpoints...
 3398316	[VERBOSE]	XnDeviceSensorIO.cpp	170	Opening endpoint 0x81 for depth...
 3398339	[VERBOSE]	XnDeviceSensorIO.cpp	194	Depth endpoint is isochronous.
 3398357	[VERBOSE]	XnDeviceSensorIO.cpp	220	Opening endpoint 0x82 for image...
 3398377	[VERBOSE]	XnDeviceSensorIO.cpp	233	Image endpoint is isochronous.
 3398393	[VERBOSE]	XnDeviceSensorIO.cpp	250	Opening endpoint 0x83 for misc...
 3398413	[VERBOSE]	XnDeviceSensorIO.cpp	264	Misc endpoint is not supported...
 3398430	[INFO]	XnDeviceSensorIO.cpp	291	Endpoints open
 3398446	[VERBOSE]	XnHostProtocol.cpp	1203	Getting algorithm params 0x80 for resolution 0 and fps 0....
 3410860	[INFO]	XnProperty.cpp	151	Property Device.ReadData was changed to 1.
 3410901	[INFO]	XnProperty.cpp	101	Device.ReadData was successfully set.
 3411109	[VERBOSE]	XnDeviceBase.cpp	1419	Initializing stream 'Depth1'...
 3411336	[INFO]	XnProperty.cpp	151	Property Depth1.FPS was changed to 30.
 3411356	[INFO]	XnProperty.cpp	151	Property Depth1.OutputFormat was changed to 1.
 3411406	[INFO]	XnProperty.cpp	151	Property Depth1.BytesPerPixel was changed to 2.
 3411420	[INFO]	XnProperty.cpp	151	Property Depth1.RequiredDataSize was changed to 614400.
 3411442	[INFO]	XnProperty.cpp	151	Property Depth1.ParamCoeff was changed to 4.
 3411503	[INFO]	XnProperty.cpp	151	Property Depth1.ShiftScale was changed to 10.
 3411561	[VERBOSE]	XnHostProtocol.cpp	1203	Getting algorithm params 0x0 for resolution 1 and fps 30....
 3423963	[INFO]	XnProperty.cpp	151	Property Depth1.ConstShift was changed to 200.
 3424082	[INFO]	XnProperty.cpp	151	Property Depth1.ZPD was changed to 120.
 3424219	[INFO]	XnProperty.cpp	151	Property Depth1.ZPPS was changed to 0.104200.
 3424237	[INFO]	XnProperty.cpp	151	Property Depth1.LDDIS was changed to 7.500000.
 3424371	[INFO]	XnProperty.cpp	151	Property Depth1.Gain was changed to 30.
 3424409	[INFO]	XnProperty.cpp	151	Property Depth1.SupportedModesCount was changed to 9.
 3424436	[INFO]	XnDeviceBase.cpp	1458	Stream 'Depth1' was initialized.
 3424455	[INFO]	XnDeviceBase.cpp	1463	'Depth1' stream was created.
 3424473	[VERBOSE]	XnDeviceModule.cpp	417	Configuring module 'Depth1' from section 'Depth' in file './../../../data/openni/config//GlobalDefaultsKinect.ini'...
 3424675	[INFO]	XnDeviceModule.cpp	431	Module 'Depth1' configuration was loaded from file.
 3424848	[INFO]	XnProperty.cpp	74	Setting Depth1.Mirror to 1...
 3424870	[INFO]	XnProperty.cpp	151	Property Depth1.FirmwareMirror was changed to 1.
 3424886	[INFO]	XnProperty.cpp	151	Property Depth1.Mirror was changed to 1.
 3424900	[INFO]	XnProperty.cpp	101	Depth1.Mirror was successfully set.
 3424919	[VERBOSE]	XnDeviceBase.cpp	359	Opening stream Depth1...
 3424944	[VERBOSE]	XnFirmwareStreams.cpp	202	FW Stream Depth was claimed by Depth1
 3424963	[VERBOSE]	XnSensorDepthStream.cpp	336	Creating USB depth read thread...
 3424979	[VERBOSE]	XnUSBLinux-x86.cpp	104	Starting libusb asynch thread...
 3425063	[WARNING]	Linux-x86Threads.cpp	166	Failed to set thread priority: Invalid argument
 3425082	[WARNING]	XnUSBLinux-x86.cpp	122	USB events thread: Failed to set thread priority to critical. This might cause loss of data...
 3425105	[VERBOSE]	XnUSBLinux-x86.cpp	1128	Starting a USB read thread...
 3426195	[INFO]	XnUSBLinux-x86.cpp	1220	USB read thread was started.
 3426228	[INFO]	XnProperty.cpp	151	Property Depth1.ActualReadData was changed to 1.
 3426251	[VERBOSE]	XnProperty.cpp	74	Setting Firmware.DepthFormat (18) to 3...
 3438452	[VERBOSE]	XnProperty.cpp	101	Firmware.DepthFormat (18) was successfully set.
 3438504	[VERBOSE]	XnProperty.cpp	74	Setting Firmware.DepthResolution (19) to 1...
 3450827	[VERBOSE]	XnProperty.cpp	101	Firmware.DepthResolution (19) was successfully set.
 3450873	[VERBOSE]	XnProperty.cpp	74	Setting Firmware.DepthFPS (20) to 30...
 3463087	[VERBOSE]	XnProperty.cpp	101	Firmware.DepthFPS (20) was successfully set.
 3463134	[VERBOSE]	XnProperty.cpp	74	Setting Firmware.DepthHoleFilter (22) to 1...
 3475476	[VERBOSE]	XnProperty.cpp	101	Firmware.DepthHoleFilter (22) was successfully set.
 3475525	[VERBOSE]	XnProperty.cpp	74	Setting Firmware.DepthGain (21) to 30...
 3487820	[VERBOSE]	XnProperty.cpp	101	Firmware.DepthGain (21) was successfully set.
 3487862	[VERBOSE]	XnProperty.cpp	74	Setting Firmware.DepthDecimation (24) to 0...
 3500076	[VERBOSE]	XnProperty.cpp	101	Firmware.DepthDecimation (24) was successfully set.
 3500108	[VERBOSE]	XnProperty.cpp	74	Setting Firmware.Registration (2) to 0...
 3512366	[VERBOSE]	XnProperty.cpp	101	Firmware.Registration (2) was successfully set.
 3512427	[VERBOSE]	XnProperty.cpp	74	Setting Firmware.DepthMirror (23) to 1...
 3524766	[VERBOSE]	XnProperty.cpp	151	Property Firmware.DepthMirror (23) was changed to 1.
 3524809	[VERBOSE]	XnProperty.cpp	101	Firmware.DepthMirror (23) was successfully set.
 3524824	[VERBOSE]	XnProperty.cpp	74	Setting Firmware.GMCMode (36) to 1...
 3537127	[VERBOSE]	XnProperty.cpp	101	Firmware.GMCMode (36) was successfully set.
 3537171	[VERBOSE]	XnProperty.cpp	74	Setting Firmware.DepthWhiteBalance (45) to 1...
 3549464	[VERBOSE]	XnProperty.cpp	101	Firmware.DepthWhiteBalance (45) was successfully set.
 3549526	[VERBOSE]	XnHostProtocol.cpp	1203	Getting algorithm params 0x6 for resolution 1 and fps 30....
 3573864	[VERBOSE]	XnFirmwareStreams.cpp	284	Firmware stream 'Depth' processor was replaced.
 3573904	[VERBOSE]	XnProperty.cpp	74	Setting Firmware.Stream1Mode (6) to 2...
 3674359	[VERBOSE]	XnOpenNI.cpp	588	[FPS] Depth1 (I:  0.00, O:  0.00) ReadCalls:  0.00
 3674419	[VERBOSE]	XnSensorFPS.cpp	86	[FPS] InputFrames - I:  0.00, D:  0.00, OutputFrames - I:  0.00, D:  0.00
 3886307	[VERBOSE]	XnProperty.cpp	151	Property Firmware.Stream1Mode (6) was changed to 2.
 3886359	[VERBOSE]	XnProperty.cpp	74	Setting Firmware.FrameSync (1) to 0...
 3898746	[VERBOSE]	XnProperty.cpp	101	Firmware.FrameSync (1) was successfully set.
 3898788	[VERBOSE]	XnProperty.cpp	101	Firmware.Stream1Mode (6) was successfully set.
 3898803	[VERBOSE]	XnProperty.cpp	74	Setting Firmware.DepthCropEnabled (55) to 0...
 3911274	[VERBOSE]	XnProperty.cpp	101	Firmware.DepthCropEnabled (55) was successfully set.
 3911336	[INFO]	XnProperty.cpp	151	Property Depth1.State was changed to 1.
 3911355	[INFO]	XnDeviceBase.cpp	370	Stream Depth1 is open.
 4006504	[VERBOSE]	XnOpenNI.cpp	588	[FPS] Depth1 (I: 33.12, O:  0.00) ReadCalls:  0.00
 4006689	[VERBOSE]	XnSensorFPS.cpp	86	[FPS] InputFrames - I:  0.00, D: 33.11, OutputFrames - I:  0.00, D:  0.00
 5010307	[VERBOSE]	XnOpenNI.cpp	588	[FPS] Depth1 (I: 30.69, O: 26.56) ReadCalls: 27.55
 5010356	[VERBOSE]	XnSensorFPS.cpp	86	[FPS] InputFrames - I:  0.00, D: 30.69, OutputFrames - I:  0.00, D: 26.56
 6010314	[VERBOSE]	XnOpenNI.cpp	588	[FPS] Depth1 (I: 30.39, O: 28.27) ReadCalls: 28.76
 6010365	[VERBOSE]	XnSensorFPS.cpp	86	[FPS] InputFrames - I:  0.00, D: 30.39, OutputFrames - I:  0.00, D: 28.27
 7012323	[VERBOSE]	XnOpenNI.cpp	588	[FPS] Depth1 (I: 29.63, O: 29.51) ReadCalls: 29.86
 7012372	[VERBOSE]	XnSensorFPS.cpp	86	[FPS] InputFrames - I:  0.00, D: 29.63, OutputFrames - I:  0.00, D: 29.51
 8006484	[VERBOSE]	XnOpenNI.cpp	588	[FPS] Depth1 (I: 29.37, O: 29.37) ReadCalls: 29.61
 8012401	[VERBOSE]	XnSensorFPS.cpp	86	[FPS] InputFrames - I:  0.00, D: 29.63, OutputFrames - I:  0.00, D: 29.29
 9001397	[VERBOSE]	XnOpenNI.cpp	588	[FPS] Depth1 (I: 29.42, O: 29.42) ReadCalls: 29.68
 9012415	[VERBOSE]	XnSensorFPS.cpp	86	[FPS] InputFrames - I:  0.00, D: 29.63, OutputFrames - I:  0.00, D: 29.29
10002348	[VERBOSE]	XnOpenNI.cpp	588	[FPS] Depth1 (I: 30.10, O: 30.10) ReadCalls: 30.32
10012462	[VERBOSE]	XnSensorFPS.cpp	86	[FPS] InputFrames - I:  0.00, D: 30.32, OutputFrames - I:  0.00, D: 29.99
11001312	[VERBOSE]	XnOpenNI.cpp	588	[FPS] Depth1 (I: 30.11, O: 30.11) ReadCalls: 30.41
11016386	[VERBOSE]	XnSensorFPS.cpp	86	[FPS] InputFrames - I:  0.00, D: 30.28, OutputFrames - I:  0.00, D: 29.95
12006291	[VERBOSE]	XnOpenNI.cpp	588	[FPS] Depth1 (I: 30.06, O: 30.06) ReadCalls: 30.30
12016417	[VERBOSE]	XnSensorFPS.cpp	86	[FPS] InputFrames - I:  0.00, D: 30.28, OutputFrames - I:  0.00, D: 29.95
13006798	[VERBOSE]	XnOpenNI.cpp	588	[FPS] Depth1 (I: 30.06, O: 30.06) ReadCalls: 30.32
13016474	[VERBOSE]	XnSensorFPS.cpp	86	[FPS] InputFrames - I:  0.00, D: 30.32, OutputFrames - I:  0.00, D: 29.99
14008752	[VERBOSE]	XnOpenNI.cpp	588	[FPS] Depth1 (I: 30.08, O: 30.08) ReadCalls: 30.31
14016504	[VERBOSE]	XnSensorFPS.cpp	86	[FPS] InputFrames - I:  0.00, D: 30.32, OutputFrames - I:  0.00, D: 29.99
15007047	[VERBOSE]	XnOpenNI.cpp	588	[FPS] Depth1 (I: 30.09, O: 30.09) ReadCalls: 30.36
15020442	[VERBOSE]	XnSensorFPS.cpp	86	[FPS] InputFrames - I:  0.00, D: 30.28, OutputFrames - I:  0.00, D: 29.95
16013278	[VERBOSE]	XnOpenNI.cpp	588	[FPS] Depth1 (I: 30.03, O: 30.03) ReadCalls: 30.31
16020484	[VERBOSE]	XnSensorFPS.cpp	86	[FPS] InputFrames - I:  0.00, D: 30.32, OutputFrames - I:  0.00, D: 29.99
17011093	[VERBOSE]	XnOpenNI.cpp	588	[FPS] Depth1 (I: 30.05, O: 30.05) ReadCalls: 30.35
17020471	[VERBOSE]	XnSensorFPS.cpp	86	[FPS] InputFrames - I:  0.00, D: 30.32, OutputFrames - I:  0.00, D: 29.99
18016654	[VERBOSE]	XnOpenNI.cpp	588	[FPS] Depth1 (I: 30.04, O: 30.04) ReadCalls: 30.31
18024739	[VERBOSE]	XnSensorFPS.cpp	86	[FPS] InputFrames - I:  0.00, D: 30.28, OutputFrames - I:  0.00, D: 29.94
18789856	[INFO]	XnOpenNI.cpp	1458	Destroying node 'Depth1'
18789928	[INFO]	XnDeviceBase.cpp	1507	Destroying stream 'Depth1'...
18789963	[VERBOSE]	XnFirmwareStreams.cpp	225	Stream Depth1 released FW Stream Depth
18790607	[VERBOSE]	XnDeviceBase.cpp	1531	'Depth1' stream destroyed.
18790658	[INFO]	XnOpenNI.cpp	1458	Destroying node 'Device1'
18790690	[VERBOSE]	XnProperty.cpp	74	Setting Firmware.Stream0Mode (5) to 0...
18804032	[VERBOSE]	XnProperty.cpp	101	Firmware.Stream0Mode (5) was successfully set.
18804080	[VERBOSE]	XnProperty.cpp	74	Setting Firmware.Stream1Mode (6) to 0...
19116309	[VERBOSE]	XnProperty.cpp	151	Property Firmware.Stream1Mode (6) was changed to 0.
19116350	[VERBOSE]	XnProperty.cpp	74	Setting Firmware.FrameSync (1) to 0...
19128527	[VERBOSE]	XnProperty.cpp	101	Firmware.FrameSync (1) was successfully set.
19128579	[VERBOSE]	XnProperty.cpp	101	Firmware.Stream1Mode (6) was successfully set.
19128600	[VERBOSE]	XnProperty.cpp	74	Setting Firmware.Stream2Mode (7) to 0...
19141807	[VERBOSE]	XnProperty.cpp	101	Firmware.Stream2Mode (7) was successfully set.
19141857	[VERBOSE]	XnDeviceSensorIO.cpp	301	Shutting down USB depth read thread...
19141879	[VERBOSE]	XnDeviceSensorIO.cpp	311	Shutting down USB image read thread...
19149803	[VERBOSE]	XnDeviceSensorIO.cpp	358	Device closed successfully
19151320	[VERBOSE]	XnDeviceSensorIO.cpp	301	Shutting down USB depth read thread...
19151354	[VERBOSE]	XnDeviceSensorIO.cpp	311	Shutting down USB image read thread...
19151364	[VERBOSE]	XnDeviceSensorIO.cpp	358	Device closed successfully
