     548	[INFO]	XnLog.cpp	161	OpenNI version is 1.1.0 (Build 41)-MacOSX (Jul  9 2011 14:48:28)
     602	[INFO]	XnLog.cpp	169	Log system initialized. Console: 1, File: 1, Severity: VERBOSE, Masks: ALL
     637	[INFO]	XnLog.cpp	169	Log system initialized. Console: 1, File: 1, Severity: VERBOSE, Masks: ALL
     779	[VERBOSE]	XnModuleLoader.cpp	288	Checking ./../../../data/openni/lib/libnimMockNodes.dylib...
     910	[VERBOSE]	XnModuleLoader.cpp	446	Found exported production node. ProductionNode: OpenNI/Mock/1.1.0.41
     945	[VERBOSE]	XnModuleLoader.cpp	446	Found exported production node. Generator: OpenNI/Mock/1.1.0.41
     973	[VERBOSE]	XnModuleLoader.cpp	446	Found exported production node. MapGenerator: OpenNI/Mock/1.1.0.41
     993	[VERBOSE]	XnModuleLoader.cpp	446	Found exported production node. Device: OpenNI/Mock/1.1.0.41
    1009	[VERBOSE]	XnModuleLoader.cpp	446	Found exported production node. Depth: OpenNI/Mock/1.1.0.41
    1027	[VERBOSE]	XnModuleLoader.cpp	446	Found exported production node. IR: OpenNI/Mock/1.1.0.41
    1043	[VERBOSE]	XnModuleLoader.cpp	446	Found exported production node. Image: OpenNI/Mock/1.1.0.41
    1064	[VERBOSE]	XnModuleLoader.cpp	446	Found exported production node. Audio: OpenNI/Mock/1.1.0.41
    1089	[VERBOSE]	XnModuleLoader.cpp	288	Checking ./../../../data/openni/lib/libnimCodecs.dylib...
    1165	[VERBOSE]	XnModuleLoader.cpp	446	Found exported production node. Codec: OpenNI/16zP/1.1.0.41
    1192	[VERBOSE]	XnModuleLoader.cpp	446	Found exported production node. Codec: OpenNI/16zT/1.1.0.41
    1208	[VERBOSE]	XnModuleLoader.cpp	446	Found exported production node. Codec: OpenNI/Im8z/1.1.0.41
    1223	[VERBOSE]	XnModuleLoader.cpp	446	Found exported production node. Codec: OpenNI/JPEG/1.1.0.41
    1238	[VERBOSE]	XnModuleLoader.cpp	446	Found exported production node. Codec: OpenNI/NONE/1.1.0.41
    1253	[VERBOSE]	XnModuleLoader.cpp	288	Checking ./../../../data/openni/lib/libnimRecorder.dylib...
    1328	[VERBOSE]	XnModuleLoader.cpp	446	Found exported production node. Recorder: OpenNI/Recorder/1.1.0.41
    1361	[VERBOSE]	XnModuleLoader.cpp	446	Found exported production node. Player: OpenNI/Player/1.1.0.41
    1377	[VERBOSE]	XnModuleLoader.cpp	288	Checking ./../../../data/openni/lib/libXnDeviceSensorV2KM.dylib...
    1459	[VERBOSE]	XnModuleLoader.cpp	446	Found exported production node. Device: PrimeSense/SensorKinect/5.0.1.32
    1485	[VERBOSE]	XnModuleLoader.cpp	446	Found exported production node. Depth: PrimeSense/SensorKinect/5.0.1.32
    1504	[VERBOSE]	XnModuleLoader.cpp	446	Found exported production node. Image: PrimeSense/SensorKinect/5.0.1.32
    1520	[VERBOSE]	XnModuleLoader.cpp	446	Found exported production node. IR: PrimeSense/SensorKinect/5.0.1.32
    1537	[VERBOSE]	XnModuleLoader.cpp	446	Found exported production node. Audio: PrimeSense/SensorKinect/5.0.1.32
    1558	[VERBOSE]	XnModuleLoader.cpp	288	Checking ./../../../data/openni/lib/libXnVFeatures_1_3_1.dylib...
    1633	[VERBOSE]	XnModuleLoader.cpp	446	Found exported production node. Scene: PrimeSense/XnVSceneAnalyzer/1.3.1.4
    1655	[VERBOSE]	XnModuleLoader.cpp	446	Found exported production node. User: PrimeSense/XnVSkeletonGenerator/1.3.1.4
    1677	[VERBOSE]	XnModuleLoader.cpp	288	Checking ./../../../data/openni/lib/libXnVHandGenerator_1_3_1.dylib...
    1755	[VERBOSE]	XnModuleLoader.cpp	446	Found exported production node. Gesture: PrimeSense/XnVGestureGenrator/1.3.1.4
    1785	[VERBOSE]	XnModuleLoader.cpp	446	Found exported production node. Hands: PrimeSense/XnVHandTracker/1.3.1.4
    1958	[VERBOSE]	XnXmlConfig.cpp	736	Requested to create a node of type Depth...
    2016	[VERBOSE]	XnUSBLinux-x86.cpp	83	Initializing USB...
    2426	[INFO]	XnUSBLinux-x86.cpp	94	USB is initialized.
 1527280	[INFO]	XnOpenNI.cpp	1258	Creating node 'Device1' of type Device: PrimeSense/SensorKinect/5.0.1.32...
 1527672	[VERBOSE]	XnSensor.cpp	837	Global configuration file './../../../data/openni/config//GlobalDefaultsKinect.ini' was not found.
 1527707	[VERBOSE]	XnSensor.cpp	157	Initializing device sensor...
 1527823	[VERBOSE]	XnDeviceModule.cpp	417	Configuring module 'Device' from section 'Device' in file './../../../data/openni/config//GlobalDefaultsKinect.ini'...
 1527962	[INFO]	XnDeviceModule.cpp	431	Module 'Device' configuration was loaded from file.
 1528033	[VERBOSE]	XnDeviceSensorIO.cpp	76	Connecting to USB device...
 1528055	[VERBOSE]	XnDeviceSensorIO.cpp	94	Trying to open sensor '045e/02ae@250/10'...
 1961567	[VERBOSE]	XnDeviceSensorIO.cpp	107	Trying to open endpoint 0x4 for control out (for old firmwares)...
 1961623	[INFO]	XnDeviceSensorIO.cpp	128	Connected to USB device
 1961646	[INFO]	XnProperty.cpp	151	Property Device.USBPath was changed to 045e/02ae@250/10.
 1968748	[VERBOSE]	XnHostProtocol.cpp	706	Getting hardware versions...
 1970011	[INFO]	XnHostProtocol.cpp	859	Hardware versions: FW=5.1.4 (7) HW=4 Chip=2 Sensor=4 SYS=7
 1982619	[VERBOSE]	XnHostProtocol.cpp	869	Requesting KeepAlive...
 1995011	[VERBOSE]	XnHostProtocol.cpp	880	Got KeepAlive Reply.
 1995058	[VERBOSE]	XnHostProtocol.cpp	1156	Setting mode to 3...
 2807297	[VERBOSE]	XnHostProtocol.cpp	869	Requesting KeepAlive...
 2819783	[VERBOSE]	XnHostProtocol.cpp	880	Got KeepAlive Reply.
 2832324	[VERBOSE]	XnProperty.cpp	151	Property Firmware.ReferenceResolution was changed to 2.
 2832379	[VERBOSE]	XnSensorFirmwareParams.cpp	282	Reading all params from firmware...
 2907302	[VERBOSE]	XnProperty.cpp	151	Property Firmware.DepthHoleFilter (22) was changed to 1.
 2907353	[VERBOSE]	XnProperty.cpp	151	Property Firmware.ImageSharpness (76) was changed to 50.
 2932243	[VERBOSE]	XnProperty.cpp	151	Property Firmware.DepthGain (21) was changed to 30.
 2944797	[VERBOSE]	XnProperty.cpp	151	Property Firmware.GMCMode (36) was changed to 1.
 2969790	[VERBOSE]	XnProperty.cpp	151	Property Firmware.DepthFPS (20) was changed to 30.
 2982186	[VERBOSE]	XnProperty.cpp	151	Property Firmware.DepthWhiteBalance (45) was changed to 1.
 2994502	[VERBOSE]	XnProperty.cpp	151	Property Firmware.DepthResolution (19) was changed to 1.
 3006926	[VERBOSE]	XnProperty.cpp	151	Property Firmware.DepthFormat (18) was changed to 3.
 3206282	[VERBOSE]	XnProperty.cpp	151	Property Firmware.ImageFPS (14) was changed to 30.
 3231336	[VERBOSE]	XnProperty.cpp	151	Property Firmware.ImageResolution (13) was changed to 1.
 3368806	[VERBOSE]	XnSensorFirmwareParams.cpp	291	Firmware params were updated.
 3368878	[VERBOSE]	XnHostProtocol.cpp	989	Getting the fixed params...
 3381675	[VERBOSE]	XnSensorFixedParams.cpp	54	Sensor serial number: 0
 3381729	[INFO]	XnProperty.cpp	151	Property Device.PhysicalDeviceName was changed to PrimeSense Sensor.
 3381754	[INFO]	XnProperty.cpp	151	Property Device.ID was changed to 0.
 3381850	[INFO]	XnSensor.cpp	185	Device sensor initialized
 3382005	[INFO]	XnOpenNI.cpp	1258	Creating node 'Depth1' of type Depth: PrimeSense/SensorKinect/5.0.1.32...
 3382057	[INFO]	XnDeviceBase.cpp	1383	Creating stream 'Depth1' of type 'Depth'...
 3382081	[INFO]	XnProperty.cpp	74	Setting Device.ReadData to 1...
 3382105	[VERBOSE]	XnDeviceSensorIO.cpp	160	Opening endpoints...
 3382126	[VERBOSE]	XnDeviceSensorIO.cpp	170	Opening endpoint 0x81 for depth...
 3382156	[VERBOSE]	XnDeviceSensorIO.cpp	194	Depth endpoint is isochronous.
 3382179	[VERBOSE]	XnDeviceSensorIO.cpp	220	Opening endpoint 0x82 for image...
 3382204	[VERBOSE]	XnDeviceSensorIO.cpp	233	Image endpoint is isochronous.
 3382229	[VERBOSE]	XnDeviceSensorIO.cpp	250	Opening endpoint 0x83 for misc...
 3382253	[VERBOSE]	XnDeviceSensorIO.cpp	264	Misc endpoint is not supported...
 3382272	[INFO]	XnDeviceSensorIO.cpp	291	Endpoints open
 3382292	[VERBOSE]	XnHostProtocol.cpp	1203	Getting algorithm params 0x80 for resolution 0 and fps 0....
 3394632	[INFO]	XnProperty.cpp	151	Property Device.ReadData was changed to 1.
 3394693	[INFO]	XnProperty.cpp	101	Device.ReadData was successfully set.
 3394996	[VERBOSE]	XnDeviceBase.cpp	1419	Initializing stream 'Depth1'...
 3395306	[INFO]	XnProperty.cpp	151	Property Depth1.FPS was changed to 30.
 3395357	[INFO]	XnProperty.cpp	151	Property Depth1.OutputFormat was changed to 1.
 3395381	[INFO]	XnProperty.cpp	151	Property Depth1.BytesPerPixel was changed to 2.
 3395397	[INFO]	XnProperty.cpp	151	Property Depth1.RequiredDataSize was changed to 614400.
 3395462	[INFO]	XnProperty.cpp	151	Property Depth1.ParamCoeff was changed to 4.
 3395540	[INFO]	XnProperty.cpp	151	Property Depth1.ShiftScale was changed to 10.
 3395614	[VERBOSE]	XnHostProtocol.cpp	1203	Getting algorithm params 0x0 for resolution 1 and fps 30....
 3407910	[INFO]	XnProperty.cpp	151	Property Depth1.ConstShift was changed to 200.
 3408032	[INFO]	XnProperty.cpp	151	Property Depth1.ZPD was changed to 120.
 3408170	[INFO]	XnProperty.cpp	151	Property Depth1.ZPPS was changed to 0.104200.
 3408188	[INFO]	XnProperty.cpp	151	Property Depth1.LDDIS was changed to 7.500000.
 3408326	[INFO]	XnProperty.cpp	151	Property Depth1.Gain was changed to 30.
 3408364	[INFO]	XnProperty.cpp	151	Property Depth1.SupportedModesCount was changed to 9.
 3408390	[INFO]	XnDeviceBase.cpp	1458	Stream 'Depth1' was initialized.
 3408406	[INFO]	XnDeviceBase.cpp	1463	'Depth1' stream was created.
 3408422	[VERBOSE]	XnDeviceModule.cpp	417	Configuring module 'Depth1' from section 'Depth' in file './../../../data/openni/config//GlobalDefaultsKinect.ini'...
 3408614	[INFO]	XnDeviceModule.cpp	431	Module 'Depth1' configuration was loaded from file.
 3408806	[VERBOSE]	XnDeviceBase.cpp	359	Opening stream Depth1...
 3408837	[VERBOSE]	XnFirmwareStreams.cpp	202	FW Stream Depth was claimed by Depth1
 3408857	[VERBOSE]	XnSensorDepthStream.cpp	336	Creating USB depth read thread...
 3408872	[VERBOSE]	XnUSBLinux-x86.cpp	104	Starting libusb asynch thread...
 3408947	[WARNING]	Linux-x86Threads.cpp	166	Failed to set thread priority: Invalid argument
 3408964	[WARNING]	XnUSBLinux-x86.cpp	122	USB events thread: Failed to set thread priority to critical. This might cause loss of data...
 3410312	[VERBOSE]	XnUSBLinux-x86.cpp	1128	Starting a USB read thread...
 3411666	[INFO]	XnUSBLinux-x86.cpp	1220	USB read thread was started.
 3411724	[INFO]	XnProperty.cpp	151	Property Depth1.ActualReadData was changed to 1.
 3411755	[VERBOSE]	XnProperty.cpp	74	Setting Firmware.DepthFormat (18) to 3...
 3423940	[VERBOSE]	XnProperty.cpp	101	Firmware.DepthFormat (18) was successfully set.
 3423985	[VERBOSE]	XnProperty.cpp	74	Setting Firmware.DepthResolution (19) to 1...
 3436026	[VERBOSE]	XnProperty.cpp	101	Firmware.DepthResolution (19) was successfully set.
 3436098	[VERBOSE]	XnProperty.cpp	74	Setting Firmware.DepthFPS (20) to 30...
 3448172	[VERBOSE]	XnProperty.cpp	101	Firmware.DepthFPS (20) was successfully set.
 3448217	[VERBOSE]	XnProperty.cpp	74	Setting Firmware.DepthHoleFilter (22) to 1...
 3460443	[VERBOSE]	XnProperty.cpp	101	Firmware.DepthHoleFilter (22) was successfully set.
 3460488	[VERBOSE]	XnProperty.cpp	74	Setting Firmware.DepthGain (21) to 30...
 3472583	[VERBOSE]	XnProperty.cpp	101	Firmware.DepthGain (21) was successfully set.
 3472635	[VERBOSE]	XnProperty.cpp	74	Setting Firmware.DepthDecimation (24) to 0...
 3484684	[VERBOSE]	XnProperty.cpp	101	Firmware.DepthDecimation (24) was successfully set.
 3484756	[VERBOSE]	XnProperty.cpp	74	Setting Firmware.Registration (2) to 0...
 3496950	[VERBOSE]	XnProperty.cpp	101	Firmware.Registration (2) was successfully set.
 3496991	[VERBOSE]	XnProperty.cpp	74	Setting Firmware.DepthMirror (23) to 0...
 3509081	[VERBOSE]	XnProperty.cpp	101	Firmware.DepthMirror (23) was successfully set.
 3509123	[VERBOSE]	XnProperty.cpp	74	Setting Firmware.GMCMode (36) to 1...
 3521280	[VERBOSE]	XnProperty.cpp	101	Firmware.GMCMode (36) was successfully set.
 3521341	[VERBOSE]	XnProperty.cpp	74	Setting Firmware.DepthWhiteBalance (45) to 1...
 3533540	[VERBOSE]	XnProperty.cpp	101	Firmware.DepthWhiteBalance (45) was successfully set.
 3533610	[VERBOSE]	XnHostProtocol.cpp	1203	Getting algorithm params 0x6 for resolution 1 and fps 30....
 3558232	[VERBOSE]	XnFirmwareStreams.cpp	284	Firmware stream 'Depth' processor was replaced.
 3558274	[VERBOSE]	XnProperty.cpp	74	Setting Firmware.Stream1Mode (6) to 2...
 3659037	[VERBOSE]	XnOpenNI.cpp	588	[FPS] Depth1 (I:  0.00, O:  0.00) ReadCalls:  0.00
 3659098	[VERBOSE]	XnSensorFPS.cpp	86	[FPS] InputFrames - I:  0.00, D:  0.00, OutputFrames - I:  0.00, D:  0.00
 3870537	[VERBOSE]	XnProperty.cpp	151	Property Firmware.Stream1Mode (6) was changed to 2.
 3870585	[VERBOSE]	XnProperty.cpp	74	Setting Firmware.FrameSync (1) to 0...
 3883024	[VERBOSE]	XnProperty.cpp	101	Firmware.FrameSync (1) was successfully set.
 3883076	[VERBOSE]	XnProperty.cpp	101	Firmware.Stream1Mode (6) was successfully set.
 3883099	[VERBOSE]	XnProperty.cpp	74	Setting Firmware.DepthCropEnabled (55) to 0...
 3895455	[VERBOSE]	XnProperty.cpp	101	Firmware.DepthCropEnabled (55) was successfully set.
 3895527	[INFO]	XnProperty.cpp	151	Property Depth1.State was changed to 1.
 3895553	[INFO]	XnDeviceBase.cpp	370	Stream Depth1 is open.
 4026964	[VERBOSE]	XnOpenNI.cpp	588	[FPS] Depth1 (I: 32.61, O:  0.00) ReadCalls:  0.00
 4027012	[VERBOSE]	XnSensorFPS.cpp	86	[FPS] InputFrames - I:  0.00, D: 32.62, OutputFrames - I:  0.00, D:  0.00
 4714639	[VERBOSE]	XnHostProtocol.cpp	1546	Getting Cmos 0 VBlanking...
 4727146	[INFO]	XnHostProtocol.cpp	1561	Cmos 0 VBlanking: 9
 4727221	[INFO]	XnOpenNI.cpp	1258	Creating node 'Image1' of type Image: PrimeSense/SensorKinect/5.0.1.32...
 4727250	[INFO]	XnDeviceBase.cpp	1383	Creating stream 'Image1' of type 'Image'...
 4727430	[VERBOSE]	XnDeviceBase.cpp	1419	Initializing stream 'Image1'...
 4727603	[INFO]	XnProperty.cpp	151	Property Image1.FPS was changed to 30.
 4727626	[INFO]	XnProperty.cpp	151	Property Image1.OutputFormat was changed to 5.
 4727641	[INFO]	XnProperty.cpp	151	Property Image1.BytesPerPixel was changed to 3.
 4727658	[INFO]	XnProperty.cpp	151	Property Image1.RequiredDataSize was changed to 921600.
 4727693	[INFO]	XnProperty.cpp	151	Property Image1.SupportedModesCount was changed to 7.
 4727713	[INFO]	XnDeviceBase.cpp	1458	Stream 'Image1' was initialized.
 4727729	[INFO]	XnDeviceBase.cpp	1463	'Image1' stream was created.
 4727744	[VERBOSE]	XnDeviceModule.cpp	417	Configuring module 'Image1' from section 'Image' in file './../../../data/openni/config//GlobalDefaultsKinect.ini'...
 4727888	[INFO]	XnDeviceModule.cpp	431	Module 'Image1' configuration was loaded from file.
 4728993	[VERBOSE]	XnDeviceBase.cpp	359	Opening stream Image1...
 4729042	[VERBOSE]	XnFirmwareStreams.cpp	202	FW Stream Image was claimed by Image1
 4729058	[VERBOSE]	XnSensorImageStream.cpp	373	Creating USB image read thread...
 4729073	[VERBOSE]	XnUSBLinux-x86.cpp	1128	Starting a USB read thread...
 4730194	[INFO]	XnUSBLinux-x86.cpp	1220	USB read thread was started.
 4730226	[INFO]	XnProperty.cpp	151	Property Image1.ActualReadData was changed to 1.
 4730247	[VERBOSE]	XnProperty.cpp	74	Setting Firmware.ImageFormat (12) to 6...
 4742416	[VERBOSE]	XnProperty.cpp	101	Firmware.ImageFormat (12) was successfully set.
 4742466	[VERBOSE]	XnProperty.cpp	74	Setting Firmware.ImageResolution (13) to 1...
 4754786	[VERBOSE]	XnProperty.cpp	101	Firmware.ImageResolution (13) was successfully set.
 4754845	[VERBOSE]	XnProperty.cpp	74	Setting Firmware.ImageFPS (14) to 30...
 4767031	[VERBOSE]	XnProperty.cpp	101	Firmware.ImageFPS (14) was successfully set.
 4767086	[VERBOSE]	XnProperty.cpp	74	Setting Firmware.ImageFlicker (17) to 0...
 4791028	[WARNING]	XnDepthProcessor.cpp	133	Read: Depth buffer is corrupt. Size is 596320 (!= 614400)
 4791081	[WARNING]	XnFrameStreamProcessor.cpp	138	Depth frame is corrupt!
 4926944	[WARNING]	XnDepthProcessor.cpp	133	Read: Depth buffer is corrupt. Size is 571888 (!= 614400)
 4926994	[WARNING]	XnFrameStreamProcessor.cpp	138	Depth frame is corrupt!
 5026980	[VERBOSE]	XnOpenNI.cpp	588	[FPS] Depth1 (I: 29.24, O:  0.00) Image1 (I:  0.00, O:  0.00) ReadCalls:  0.00
 5027023	[VERBOSE]	XnSensorFPS.cpp	86	[FPS] InputFrames - I:  0.00, D: 29.24, OutputFrames - I:  0.00, D:  0.00
 6026997	[VERBOSE]	XnOpenNI.cpp	588	[FPS] Depth1 (I: 29.56, O:  0.00) Image1 (I:  0.00, O:  0.00) ReadCalls:  0.00
 6027042	[VERBOSE]	XnSensorFPS.cpp	86	[FPS] InputFrames - I:  0.00, D: 29.56, OutputFrames - I:  0.00, D:  0.00
 6861995	[WARNING]	XnDepthProcessor.cpp	133	Read: Depth buffer is corrupt. Size is 329088 (!= 614400)
 6862036	[WARNING]	XnFrameStreamProcessor.cpp	138	Depth frame is corrupt!
 7030011	[VERBOSE]	XnOpenNI.cpp	588	[FPS] Depth1 (I: 28.95, O:  0.00) Image1 (I:  0.00, O:  0.00) ReadCalls:  0.00
 7030083	[VERBOSE]	XnSensorFPS.cpp	86	[FPS] InputFrames - I:  0.00, D: 28.95, OutputFrames - I:  0.00, D:  0.00
 7779461	[VERBOSE]	XnProperty.cpp	101	Firmware.ImageFlicker (17) was successfully set.
 7779505	[VERBOSE]	XnProperty.cpp	74	Setting Firmware.ImageMirror (71) to 0...
 7791710	[VERBOSE]	XnProperty.cpp	101	Firmware.ImageMirror (71) was successfully set.
 7792555	[VERBOSE]	XnFirmwareStreams.cpp	284	Firmware stream 'Image' processor was replaced.
 7792595	[VERBOSE]	XnProperty.cpp	74	Setting Firmware.Stream0Mode (5) to 1...
 7906594	[VERBOSE]	XnProperty.cpp	151	Property Firmware.Stream0Mode (5) was changed to 1.
 7906636	[VERBOSE]	XnProperty.cpp	74	Setting Firmware.FrameSync (1) to 0...
 7919185	[VERBOSE]	XnProperty.cpp	101	Firmware.FrameSync (1) was successfully set.
 7919237	[VERBOSE]	XnProperty.cpp	101	Firmware.Stream0Mode (5) was successfully set.
 7919260	[VERBOSE]	XnProperty.cpp	74	Setting Firmware.ImageCropEnabled (50) to 0...
 7931562	[VERBOSE]	XnProperty.cpp	101	Firmware.ImageCropEnabled (50) was successfully set.
 7931609	[INFO]	XnProperty.cpp	151	Property Image1.State was changed to 1.
 7931626	[INFO]	XnDeviceBase.cpp	370	Stream Image1 is open.
 8012242	[VERBOSE]	XnOpenNI.cpp	588	[FPS] Depth1 (I: 29.48, O:  0.00) Image1 (I: 32.30, O:  0.00) ReadCalls:  0.00
 8012334	[VERBOSE]	XnSensorFPS.cpp	86	[FPS] InputFrames - I: 32.28, D: 29.48, OutputFrames - I:  0.00, D:  0.00
 9017036	[VERBOSE]	XnOpenNI.cpp	588	[FPS] Depth1 (I: 29.43, O: 25.88) Image1 (I: 30.18, O: 26.87) ReadCalls: 33.84
 9017130	[VERBOSE]	XnSensorFPS.cpp	86	[FPS] InputFrames - I: 30.18, D: 29.43, OutputFrames - I: 26.87, D: 26.87
10000594	[VERBOSE]	XnOpenNI.cpp	588	[FPS] Depth1 (I: 30.30, O: 28.17) Image1 (I: 30.33, O: 28.17) ReadCalls: 38.73
10000684	[VERBOSE]	XnSensorFPS.cpp	86	[FPS] InputFrames - I: 30.33, D: 30.30, OutputFrames - I: 28.16, D: 28.67
11019836	[VERBOSE]	XnOpenNI.cpp	588	[FPS] Depth1 (I: 30.10, O: 30.26) Image1 (I: 30.05, O: 30.26) ReadCalls: 44.42
11024763	[VERBOSE]	XnSensorFPS.cpp	86	[FPS] InputFrames - I: 30.34, D: 30.05, OutputFrames - I: 30.20, D: 30.20
12002096	[VERBOSE]	XnOpenNI.cpp	588	[FPS] Depth1 (I: 30.28, O: 30.15) Image1 (I: 30.24, O: 30.19) ReadCalls: 44.97
12002157	[VERBOSE]	XnSensorFPS.cpp	86	[FPS] InputFrames - I: 30.24, D: 30.28, OutputFrames - I: 30.19, D: 30.15
13002127	[VERBOSE]	XnOpenNI.cpp	588	[FPS] Depth1 (I: 30.28, O: 30.11) Image1 (I: 30.23, O: 30.23) ReadCalls: 45.40
13002187	[VERBOSE]	XnSensorFPS.cpp	86	[FPS] InputFrames - I: 30.23, D: 30.28, OutputFrames - I: 30.23, D: 30.10
14000821	[VERBOSE]	XnOpenNI.cpp	588	[FPS] Depth1 (I: 30.00, O: 30.21) Image1 (I: 30.24, O: 29.91) ReadCalls: 45.17
14000922	[VERBOSE]	XnSensorFPS.cpp	86	[FPS] InputFrames - I: 30.24, D: 30.00, OutputFrames - I: 30.24, D: 30.21
15002297	[VERBOSE]	XnOpenNI.cpp	588	[FPS] Depth1 (I: 30.32, O: 30.06) Image1 (I: 30.23, O: 30.06) ReadCalls: 44.46
15002360	[VERBOSE]	XnSensorFPS.cpp	86	[FPS] InputFrames - I: 30.23, D: 30.32, OutputFrames - I: 30.06, D: 30.06
16000136	[VERBOSE]	XnOpenNI.cpp	588	[FPS] Depth1 (I: 30.02, O: 30.25) Image1 (I: 30.26, O: 30.14) ReadCalls: 45.60
16000225	[VERBOSE]	XnSensorFPS.cpp	86	[FPS] InputFrames - I: 30.25, D: 30.02, OutputFrames - I: 30.47, D: 30.25
17006203	[VERBOSE]	XnOpenNI.cpp	588	[FPS] Depth1 (I: 30.28, O: 30.21) Image1 (I: 30.19, O: 29.87) ReadCalls: 45.50
17006259	[VERBOSE]	XnSensorFPS.cpp	86	[FPS] InputFrames - I: 30.19, D: 30.28, OutputFrames - I: 29.87, D: 30.21
18006250	[VERBOSE]	XnOpenNI.cpp	588	[FPS] Depth1 (I: 30.32, O: 30.10) Image1 (I: 30.19, O: 30.22) ReadCalls: 44.86
18006312	[VERBOSE]	XnSensorFPS.cpp	86	[FPS] InputFrames - I: 30.19, D: 30.32, OutputFrames - I: 30.22, D: 30.10
18840768	[INFO]	XnOpenNI.cpp	1458	Destroying node 'Depth1'
18840932	[INFO]	XnDeviceBase.cpp	1507	Destroying stream 'Depth1'...
18840990	[VERBOSE]	XnFirmwareStreams.cpp	225	Stream Depth1 released FW Stream Depth
18841894	[VERBOSE]	XnDeviceBase.cpp	1531	'Depth1' stream destroyed.
18842016	[INFO]	XnOpenNI.cpp	1458	Destroying node 'Image1'
18842111	[INFO]	XnDeviceBase.cpp	1507	Destroying stream 'Image1'...
18842519	[VERBOSE]	XnFirmwareStreams.cpp	225	Stream Image1 released FW Stream Image
18843528	[VERBOSE]	XnDeviceBase.cpp	1531	'Image1' stream destroyed.
18843578	[INFO]	XnOpenNI.cpp	1458	Destroying node 'Device1'
18843629	[VERBOSE]	XnProperty.cpp	74	Setting Firmware.Stream0Mode (5) to 0...
18957605	[VERBOSE]	XnProperty.cpp	151	Property Firmware.Stream0Mode (5) was changed to 0.
18957645	[VERBOSE]	XnProperty.cpp	74	Setting Firmware.FrameSync (1) to 0...
18969971	[VERBOSE]	XnProperty.cpp	101	Firmware.FrameSync (1) was successfully set.
18970024	[VERBOSE]	XnProperty.cpp	101	Firmware.Stream0Mode (5) was successfully set.
18970045	[VERBOSE]	XnProperty.cpp	74	Setting Firmware.Stream1Mode (6) to 0...
19282496	[VERBOSE]	XnProperty.cpp	151	Property Firmware.Stream1Mode (6) was changed to 0.
19282536	[VERBOSE]	XnProperty.cpp	74	Setting Firmware.FrameSync (1) to 0...
19294625	[VERBOSE]	XnProperty.cpp	101	Firmware.FrameSync (1) was successfully set.
19294680	[VERBOSE]	XnProperty.cpp	101	Firmware.Stream1Mode (6) was successfully set.
19294694	[VERBOSE]	XnProperty.cpp	74	Setting Firmware.Stream2Mode (7) to 0...
19307864	[VERBOSE]	XnProperty.cpp	101	Firmware.Stream2Mode (7) was successfully set.
19307914	[VERBOSE]	XnDeviceSensorIO.cpp	301	Shutting down USB depth read thread...
19313577	[VERBOSE]	XnDeviceSensorIO.cpp	311	Shutting down USB image read thread...
19319111	[VERBOSE]	XnDeviceSensorIO.cpp	358	Device closed successfully
19320484	[VERBOSE]	XnDeviceSensorIO.cpp	301	Shutting down USB depth read thread...
19320510	[VERBOSE]	XnDeviceSensorIO.cpp	311	Shutting down USB image read thread...
19320521	[VERBOSE]	XnDeviceSensorIO.cpp	358	Device closed successfully
