     548	[INFO]	XnLog.cpp	161	OpenNI version is 1.1.0 (Build 41)-MacOSX (Jul  9 2011 14:48:28)
     599	[INFO]	XnLog.cpp	169	Log system initialized. Console: 1, File: 1, Severity: VERBOSE, Masks: ALL
     631	[INFO]	XnLog.cpp	169	Log system initialized. Console: 1, File: 1, Severity: VERBOSE, Masks: ALL
     753	[VERBOSE]	XnModuleLoader.cpp	288	Checking ./../../../data/openni/lib/libnimMockNodes.dylib...
     881	[VERBOSE]	XnModuleLoader.cpp	446	Found exported production node. ProductionNode: OpenNI/Mock/1.1.0.41
     915	[VERBOSE]	XnModuleLoader.cpp	446	Found exported production node. Generator: OpenNI/Mock/1.1.0.41
     942	[VERBOSE]	XnModuleLoader.cpp	446	Found exported production node. MapGenerator: OpenNI/Mock/1.1.0.41
     961	[VERBOSE]	XnModuleLoader.cpp	446	Found exported production node. Device: OpenNI/Mock/1.1.0.41
     978	[VERBOSE]	XnModuleLoader.cpp	446	Found exported production node. Depth: OpenNI/Mock/1.1.0.41
     995	[VERBOSE]	XnModuleLoader.cpp	446	Found exported production node. IR: OpenNI/Mock/1.1.0.41
    1011	[VERBOSE]	XnModuleLoader.cpp	446	Found exported production node. Image: OpenNI/Mock/1.1.0.41
    1033	[VERBOSE]	XnModuleLoader.cpp	446	Found exported production node. Audio: OpenNI/Mock/1.1.0.41
    1058	[VERBOSE]	XnModuleLoader.cpp	288	Checking ./../../../data/openni/lib/libnimCodecs.dylib...
    1135	[VERBOSE]	XnModuleLoader.cpp	446	Found exported production node. Codec: OpenNI/16zP/1.1.0.41
    1161	[VERBOSE]	XnModuleLoader.cpp	446	Found exported production node. Codec: OpenNI/16zT/1.1.0.41
    1177	[VERBOSE]	XnModuleLoader.cpp	446	Found exported production node. Codec: OpenNI/Im8z/1.1.0.41
    1192	[VERBOSE]	XnModuleLoader.cpp	446	Found exported production node. Codec: OpenNI/JPEG/1.1.0.41
    1207	[VERBOSE]	XnModuleLoader.cpp	446	Found exported production node. Codec: OpenNI/NONE/1.1.0.41
    1222	[VERBOSE]	XnModuleLoader.cpp	288	Checking ./../../../data/openni/lib/libnimRecorder.dylib...
    1296	[VERBOSE]	XnModuleLoader.cpp	446	Found exported production node. Recorder: OpenNI/Recorder/1.1.0.41
    1322	[VERBOSE]	XnModuleLoader.cpp	446	Found exported production node. Player: OpenNI/Player/1.1.0.41
    1346	[VERBOSE]	XnModuleLoader.cpp	288	Checking ./../../../data/openni/lib/libXnDeviceSensorV2KM.dylib...
    1427	[VERBOSE]	XnModuleLoader.cpp	446	Found exported production node. Device: PrimeSense/SensorKinect/5.0.1.32
    1454	[VERBOSE]	XnModuleLoader.cpp	446	Found exported production node. Depth: PrimeSense/SensorKinect/5.0.1.32
    1472	[VERBOSE]	XnModuleLoader.cpp	446	Found exported production node. Image: PrimeSense/SensorKinect/5.0.1.32
    1489	[VERBOSE]	XnModuleLoader.cpp	446	Found exported production node. IR: PrimeSense/SensorKinect/5.0.1.32
    1506	[VERBOSE]	XnModuleLoader.cpp	446	Found exported production node. Audio: PrimeSense/SensorKinect/5.0.1.32
    1528	[VERBOSE]	XnModuleLoader.cpp	288	Checking ./../../../data/openni/lib/libXnVFeatures_1_3_1.dylib...
    1602	[VERBOSE]	XnModuleLoader.cpp	446	Found exported production node. Scene: PrimeSense/XnVSceneAnalyzer/1.3.1.4
    1625	[VERBOSE]	XnModuleLoader.cpp	446	Found exported production node. User: PrimeSense/XnVSkeletonGenerator/1.3.1.4
    1646	[VERBOSE]	XnModuleLoader.cpp	288	Checking ./../../../data/openni/lib/libXnVHandGenerator_1_3_1.dylib...
    1727	[VERBOSE]	XnModuleLoader.cpp	446	Found exported production node. Gesture: PrimeSense/XnVGestureGenrator/1.3.1.4
    1757	[VERBOSE]	XnModuleLoader.cpp	446	Found exported production node. Hands: PrimeSense/XnVHandTracker/1.3.1.4
    1930	[VERBOSE]	XnXmlConfig.cpp	736	Requested to create a node of type Depth...
    1986	[VERBOSE]	XnUSBLinux-x86.cpp	83	Initializing USB...
    2438	[INFO]	XnUSBLinux-x86.cpp	94	USB is initialized.
 1536684	[INFO]	XnOpenNI.cpp	1258	Creating node 'Device1' of type Device: PrimeSense/SensorKinect/5.0.1.32...
 1537090	[VERBOSE]	XnSensor.cpp	837	Global configuration file './../../../data/openni/config//GlobalDefaultsKinect.ini' was not found.
 1537120	[VERBOSE]	XnSensor.cpp	157	Initializing device sensor...
 1537224	[VERBOSE]	XnDeviceModule.cpp	417	Configuring module 'Device' from section 'Device' in file './../../../data/openni/config//GlobalDefaultsKinect.ini'...
 1537355	[INFO]	XnDeviceModule.cpp	431	Module 'Device' configuration was loaded from file.
 1537412	[VERBOSE]	XnDeviceSensorIO.cpp	76	Connecting to USB device...
 1537430	[VERBOSE]	XnDeviceSensorIO.cpp	94	Trying to open sensor '045e/02ae@250/10'...
 1997568	[VERBOSE]	XnDeviceSensorIO.cpp	107	Trying to open endpoint 0x4 for control out (for old firmwares)...
 1997618	[INFO]	XnDeviceSensorIO.cpp	128	Connected to USB device
 1997643	[INFO]	XnProperty.cpp	151	Property Device.USBPath was changed to 045e/02ae@250/10.
 2005695	[VERBOSE]	XnHostProtocol.cpp	706	Getting hardware versions...
 2007019	[INFO]	XnHostProtocol.cpp	859	Hardware versions: FW=5.1.4 (7) HW=4 Chip=2 Sensor=4 SYS=7
 2019403	[VERBOSE]	XnHostProtocol.cpp	869	Requesting KeepAlive...
 2032206	[VERBOSE]	XnHostProtocol.cpp	880	Got KeepAlive Reply.
 2032272	[VERBOSE]	XnHostProtocol.cpp	1156	Setting mode to 3...
 2844825	[VERBOSE]	XnHostProtocol.cpp	869	Requesting KeepAlive...
 2857252	[VERBOSE]	XnHostProtocol.cpp	880	Got KeepAlive Reply.
 2869751	[VERBOSE]	XnProperty.cpp	151	Property Firmware.ReferenceResolution was changed to 2.
 2869804	[VERBOSE]	XnSensorFirmwareParams.cpp	282	Reading all params from firmware...
 2944687	[VERBOSE]	XnProperty.cpp	151	Property Firmware.DepthHoleFilter (22) was changed to 1.
 2944733	[VERBOSE]	XnProperty.cpp	151	Property Firmware.ImageSharpness (76) was changed to 50.
 2969363	[VERBOSE]	XnProperty.cpp	151	Property Firmware.DepthGain (21) was changed to 30.
 2981773	[VERBOSE]	XnProperty.cpp	151	Property Firmware.GMCMode (36) was changed to 1.
 3006514	[VERBOSE]	XnProperty.cpp	151	Property Firmware.DepthFPS (20) was changed to 30.
 3018846	[VERBOSE]	XnProperty.cpp	151	Property Firmware.DepthWhiteBalance (45) was changed to 1.
 3031221	[VERBOSE]	XnProperty.cpp	151	Property Firmware.DepthResolution (19) was changed to 1.
 3043951	[VERBOSE]	XnProperty.cpp	151	Property Firmware.DepthFormat (18) was changed to 3.
 3243566	[VERBOSE]	XnProperty.cpp	151	Property Firmware.ImageFPS (14) was changed to 30.
 3268506	[VERBOSE]	XnProperty.cpp	151	Property Firmware.ImageResolution (13) was changed to 1.
 3406045	[VERBOSE]	XnSensorFirmwareParams.cpp	291	Firmware params were updated.
 3406112	[VERBOSE]	XnHostProtocol.cpp	989	Getting the fixed params...
 3418916	[VERBOSE]	XnSensorFixedParams.cpp	54	Sensor serial number: 0
 3418986	[INFO]	XnProperty.cpp	151	Property Device.PhysicalDeviceName was changed to PrimeSense Sensor.
 3419009	[INFO]	XnProperty.cpp	151	Property Device.ID was changed to 0.
 3419057	[INFO]	XnSensor.cpp	185	Device sensor initialized
 3419192	[INFO]	XnOpenNI.cpp	1258	Creating node 'Depth1' of type Depth: PrimeSense/SensorKinect/5.0.1.32...
 3419245	[INFO]	XnDeviceBase.cpp	1383	Creating stream 'Depth1' of type 'Depth'...
 3419272	[INFO]	XnProperty.cpp	74	Setting Device.ReadData to 1...
 3419294	[VERBOSE]	XnDeviceSensorIO.cpp	160	Opening endpoints...
 3419311	[VERBOSE]	XnDeviceSensorIO.cpp	170	Opening endpoint 0x81 for depth...
 3419341	[VERBOSE]	XnDeviceSensorIO.cpp	194	Depth endpoint is isochronous.
 3419362	[VERBOSE]	XnDeviceSensorIO.cpp	220	Opening endpoint 0x82 for image...
 3419387	[VERBOSE]	XnDeviceSensorIO.cpp	233	Image endpoint is isochronous.
 3419406	[VERBOSE]	XnDeviceSensorIO.cpp	250	Opening endpoint 0x83 for misc...
 3419426	[VERBOSE]	XnDeviceSensorIO.cpp	264	Misc endpoint is not supported...
 3419440	[INFO]	XnDeviceSensorIO.cpp	291	Endpoints open
 3419459	[VERBOSE]	XnHostProtocol.cpp	1203	Getting algorithm params 0x80 for resolution 0 and fps 0....
 3431574	[INFO]	XnProperty.cpp	151	Property Device.ReadData was changed to 1.
 3431616	[INFO]	XnProperty.cpp	101	Device.ReadData was successfully set.
 3431886	[VERBOSE]	XnDeviceBase.cpp	1419	Initializing stream 'Depth1'...
 3432153	[INFO]	XnProperty.cpp	151	Property Depth1.FPS was changed to 30.
 3432179	[INFO]	XnProperty.cpp	151	Property Depth1.OutputFormat was changed to 1.
 3432198	[INFO]	XnProperty.cpp	151	Property Depth1.BytesPerPixel was changed to 2.
 3432216	[INFO]	XnProperty.cpp	151	Property Depth1.RequiredDataSize was changed to 614400.
 3432291	[INFO]	XnProperty.cpp	151	Property Depth1.ParamCoeff was changed to 4.
 3432365	[INFO]	XnProperty.cpp	151	Property Depth1.ShiftScale was changed to 10.
 3432438	[VERBOSE]	XnHostProtocol.cpp	1203	Getting algorithm params 0x0 for resolution 1 and fps 30....
 3444814	[INFO]	XnProperty.cpp	151	Property Depth1.ConstShift was changed to 200.
 3444910	[INFO]	XnProperty.cpp	151	Property Depth1.ZPD was changed to 120.
 3445021	[INFO]	XnProperty.cpp	151	Property Depth1.ZPPS was changed to 0.104200.
 3445036	[INFO]	XnProperty.cpp	151	Property Depth1.LDDIS was changed to 7.500000.
 3445141	[INFO]	XnProperty.cpp	151	Property Depth1.Gain was changed to 30.
 3445174	[INFO]	XnProperty.cpp	151	Property Depth1.SupportedModesCount was changed to 9.
 3445197	[INFO]	XnDeviceBase.cpp	1458	Stream 'Depth1' was initialized.
 3445211	[INFO]	XnDeviceBase.cpp	1463	'Depth1' stream was created.
 3445225	[VERBOSE]	XnDeviceModule.cpp	417	Configuring module 'Depth1' from section 'Depth' in file './../../../data/openni/config//GlobalDefaultsKinect.ini'...
 3445373	[INFO]	XnDeviceModule.cpp	431	Module 'Depth1' configuration was loaded from file.
 3445556	[VERBOSE]	XnDeviceBase.cpp	359	Opening stream Depth1...
 3445586	[VERBOSE]	XnFirmwareStreams.cpp	202	FW Stream Depth was claimed by Depth1
 3445602	[VERBOSE]	XnSensorDepthStream.cpp	336	Creating USB depth read thread...
 3445615	[VERBOSE]	XnUSBLinux-x86.cpp	104	Starting libusb asynch thread...
 3445684	[WARNING]	Linux-x86Threads.cpp	166	Failed to set thread priority: Invalid argument
 3445700	[WARNING]	XnUSBLinux-x86.cpp	122	USB events thread: Failed to set thread priority to critical. This might cause loss of data...
 3445719	[VERBOSE]	XnUSBLinux-x86.cpp	1128	Starting a USB read thread...
 3446664	[INFO]	XnUSBLinux-x86.cpp	1220	USB read thread was started.
 3446690	[INFO]	XnProperty.cpp	151	Property Depth1.ActualReadData was changed to 1.
 3446710	[VERBOSE]	XnProperty.cpp	74	Setting Firmware.DepthFormat (18) to 3...
 3459016	[VERBOSE]	XnProperty.cpp	101	Firmware.DepthFormat (18) was successfully set.
 3459068	[VERBOSE]	XnProperty.cpp	74	Setting Firmware.DepthResolution (19) to 1...
 3471064	[VERBOSE]	XnProperty.cpp	101	Firmware.DepthResolution (19) was successfully set.
 3471102	[VERBOSE]	XnProperty.cpp	74	Setting Firmware.DepthFPS (20) to 30...
 3483194	[VERBOSE]	XnProperty.cpp	101	Firmware.DepthFPS (20) was successfully set.
 3483238	[VERBOSE]	XnProperty.cpp	74	Setting Firmware.DepthHoleFilter (22) to 1...
 3495320	[VERBOSE]	XnProperty.cpp	101	Firmware.DepthHoleFilter (22) was successfully set.
 3495369	[VERBOSE]	XnProperty.cpp	74	Setting Firmware.DepthGain (21) to 30...
 3507392	[VERBOSE]	XnProperty.cpp	101	Firmware.DepthGain (21) was successfully set.
 3507450	[VERBOSE]	XnProperty.cpp	74	Setting Firmware.DepthDecimation (24) to 0...
 3519658	[VERBOSE]	XnProperty.cpp	101	Firmware.DepthDecimation (24) was successfully set.
 3519713	[VERBOSE]	XnProperty.cpp	74	Setting Firmware.Registration (2) to 0...
 3531815	[VERBOSE]	XnProperty.cpp	101	Firmware.Registration (2) was successfully set.
 3531860	[VERBOSE]	XnProperty.cpp	74	Setting Firmware.DepthMirror (23) to 0...
 3543935	[VERBOSE]	XnProperty.cpp	101	Firmware.DepthMirror (23) was successfully set.
 3543980	[VERBOSE]	XnProperty.cpp	74	Setting Firmware.GMCMode (36) to 1...
 3556174	[VERBOSE]	XnProperty.cpp	101	Firmware.GMCMode (36) was successfully set.
 3556236	[VERBOSE]	XnProperty.cpp	74	Setting Firmware.DepthWhiteBalance (45) to 1...
 3568261	[VERBOSE]	XnProperty.cpp	101	Firmware.DepthWhiteBalance (45) was successfully set.
 3568320	[VERBOSE]	XnHostProtocol.cpp	1203	Getting algorithm params 0x6 for resolution 1 and fps 30....
 3592669	[VERBOSE]	XnFirmwareStreams.cpp	284	Firmware stream 'Depth' processor was replaced.
 3592711	[VERBOSE]	XnProperty.cpp	74	Setting Firmware.Stream1Mode (6) to 2...
 3694448	[VERBOSE]	XnOpenNI.cpp	588	[FPS] Depth1 (I:  0.00, O:  0.00) ReadCalls:  0.00
 3694512	[VERBOSE]	XnSensorFPS.cpp	86	[FPS] InputFrames - I:  0.00, D:  0.00, OutputFrames - I:  0.00, D:  0.00
 3905055	[VERBOSE]	XnProperty.cpp	151	Property Firmware.Stream1Mode (6) was changed to 2.
 3905098	[VERBOSE]	XnProperty.cpp	74	Setting Firmware.FrameSync (1) to 0...
 3917546	[VERBOSE]	XnProperty.cpp	101	Firmware.FrameSync (1) was successfully set.
 3917588	[VERBOSE]	XnProperty.cpp	101	Firmware.Stream1Mode (6) was successfully set.
 3917603	[VERBOSE]	XnProperty.cpp	74	Setting Firmware.DepthCropEnabled (55) to 0...
 3929939	[VERBOSE]	XnProperty.cpp	101	Firmware.DepthCropEnabled (55) was successfully set.
 3929992	[INFO]	XnProperty.cpp	151	Property Depth1.State was changed to 1.
 3930005	[INFO]	XnDeviceBase.cpp	370	Stream Depth1 is open.
 4011040	[VERBOSE]	XnOpenNI.cpp	588	[FPS] Depth1 (I: 31.59, O:  0.00) ReadCalls:  0.00
 4011131	[VERBOSE]	XnSensorFPS.cpp	86	[FPS] InputFrames - I:  0.00, D: 31.58, OutputFrames - I:  0.00, D:  0.00
 5016932	[VERBOSE]	XnOpenNI.cpp	588	[FPS] Depth1 (I: 30.25, O: 27.84) ReadCalls: 28.83
 5026538	[VERBOSE]	XnSensorFPS.cpp	86	[FPS] InputFrames - I:  0.00, D: 30.78, OutputFrames - I:  0.00, D: 27.58
 6018541	[VERBOSE]	XnOpenNI.cpp	588	[FPS] Depth1 (I: 30.12, O: 28.89) ReadCalls: 29.39
 6030473	[VERBOSE]	XnSensorFPS.cpp	86	[FPS] InputFrames - I:  0.00, D: 30.39, OutputFrames - I:  0.00, D: 28.72
 6871124	[WARNING]	XnUSBLinux-x86.cpp	1076	Endpoint 0x82, Buffer 10: Asynch transfer failed (status: 1)
 6894639	[WARNING]	XnDepthProcessor.cpp	133	Read: Depth buffer is corrupt. Size is 462432 (!= 614400)
 6894691	[WARNING]	XnFrameStreamProcessor.cpp	138	Depth frame is corrupt!
 7017175	[VERBOSE]	XnOpenNI.cpp	588	[FPS] Depth1 (I: 29.09, O: 29.11) ReadCalls: 29.46
 7030486	[VERBOSE]	XnSensorFPS.cpp	86	[FPS] InputFrames - I:  0.00, D: 29.27, OutputFrames - I:  0.00, D: 28.98
 8024177	[VERBOSE]	XnOpenNI.cpp	588	[FPS] Depth1 (I: 29.02, O: 29.02) ReadCalls: 29.29
 8030536	[VERBOSE]	XnSensorFPS.cpp	86	[FPS] InputFrames - I:  0.00, D: 29.31, OutputFrames - I:  0.00, D: 28.98
 9021223	[VERBOSE]	XnOpenNI.cpp	588	[FPS] Depth1 (I: 29.09, O: 29.09) ReadCalls: 29.33
 9030547	[VERBOSE]	XnSensorFPS.cpp	86	[FPS] InputFrames - I:  0.00, D: 29.31, OutputFrames - I:  0.00, D: 28.98
10020735	[VERBOSE]	XnOpenNI.cpp	588	[FPS] Depth1 (I: 30.10, O: 30.10) ReadCalls: 30.37
10034583	[VERBOSE]	XnSensorFPS.cpp	86	[FPS] InputFrames - I:  0.00, D: 30.28, OutputFrames - I:  0.00, D: 29.95
11002529	[VERBOSE]	XnOpenNI.cpp	588	[FPS] Depth1 (I: 30.28, O: 29.95) ReadCalls: 30.22
11002577	[VERBOSE]	XnSensorFPS.cpp	86	[FPS] InputFrames - I:  0.00, D: 30.28, OutputFrames - I:  0.00, D: 29.95
12002558	[VERBOSE]	XnOpenNI.cpp	588	[FPS] Depth1 (I: 30.28, O: 29.95) ReadCalls: 30.19
12002606	[VERBOSE]	XnSensorFPS.cpp	86	[FPS] InputFrames - I:  0.00, D: 30.28, OutputFrames - I:  0.00, D: 29.95
13002542	[VERBOSE]	XnOpenNI.cpp	588	[FPS] Depth1 (I: 30.32, O: 29.99) ReadCalls: 30.18
13002596	[VERBOSE]	XnSensorFPS.cpp	86	[FPS] InputFrames - I:  0.00, D: 30.32, OutputFrames - I:  0.00, D: 29.99
14002580	[VERBOSE]	XnOpenNI.cpp	588	[FPS] Depth1 (I: 30.32, O: 30.00) ReadCalls: 30.28
14002631	[VERBOSE]	XnSensorFPS.cpp	86	[FPS] InputFrames - I:  0.00, D: 30.32, OutputFrames - I:  0.00, D: 29.99
15006568	[VERBOSE]	XnOpenNI.cpp	588	[FPS] Depth1 (I: 30.28, O: 29.95) ReadCalls: 30.26
15006616	[VERBOSE]	XnSensorFPS.cpp	86	[FPS] InputFrames - I:  0.00, D: 30.28, OutputFrames - I:  0.00, D: 29.95
16006555	[VERBOSE]	XnOpenNI.cpp	588	[FPS] Depth1 (I: 30.28, O: 29.95) ReadCalls: 30.28
16006604	[VERBOSE]	XnSensorFPS.cpp	86	[FPS] InputFrames - I:  0.00, D: 30.28, OutputFrames - I:  0.00, D: 29.95
17006584	[VERBOSE]	XnOpenNI.cpp	588	[FPS] Depth1 (I: 30.32, O: 29.99) ReadCalls: 30.20
17006635	[VERBOSE]	XnSensorFPS.cpp	86	[FPS] InputFrames - I:  0.00, D: 30.32, OutputFrames - I:  0.00, D: 29.99
18006622	[VERBOSE]	XnOpenNI.cpp	588	[FPS] Depth1 (I: 30.32, O: 30.00) ReadCalls: 30.31
18006672	[VERBOSE]	XnSensorFPS.cpp	86	[FPS] InputFrames - I:  0.00, D: 30.32, OutputFrames - I:  0.00, D: 29.99
19010600	[VERBOSE]	XnOpenNI.cpp	588	[FPS] Depth1 (I: 30.28, O: 29.95) ReadCalls: 30.21
19010649	[VERBOSE]	XnSensorFPS.cpp	86	[FPS] InputFrames - I:  0.00, D: 30.28, OutputFrames - I:  0.00, D: 29.95
20006109	[VERBOSE]	XnOpenNI.cpp	588	[FPS] Depth1 (I: 30.00, O: 30.01) ReadCalls: 30.25
20010676	[VERBOSE]	XnSensorFPS.cpp	86	[FPS] InputFrames - I:  0.00, D: 30.28, OutputFrames - I:  0.00, D: 29.95
21001601	[VERBOSE]	XnOpenNI.cpp	588	[FPS] Depth1 (I: 30.05, O: 30.05) ReadCalls: 30.29
21010688	[VERBOSE]	XnSensorFPS.cpp	86	[FPS] InputFrames - I:  0.00, D: 30.32, OutputFrames - I:  0.00, D: 29.99
22001202	[VERBOSE]	XnOpenNI.cpp	588	[FPS] Depth1 (I: 30.09, O: 30.10) ReadCalls: 30.43
22010810	[VERBOSE]	XnSensorFPS.cpp	86	[FPS] InputFrames - I:  0.00, D: 30.32, OutputFrames - I:  0.00, D: 30.00
23001129	[VERBOSE]	XnOpenNI.cpp	588	[FPS] Depth1 (I: 30.10, O: 30.10) ReadCalls: 30.32
23014659	[VERBOSE]	XnSensorFPS.cpp	86	[FPS] InputFrames - I:  0.00, D: 30.28, OutputFrames - I:  0.00, D: 29.95
24005057	[VERBOSE]	XnOpenNI.cpp	588	[FPS] Depth1 (I: 30.06, O: 30.06) ReadCalls: 30.43
24014651	[VERBOSE]	XnSensorFPS.cpp	86	[FPS] InputFrames - I:  0.00, D: 30.32, OutputFrames - I:  0.00, D: 29.99
25005246	[VERBOSE]	XnOpenNI.cpp	588	[FPS] Depth1 (I: 30.06, O: 30.06) ReadCalls: 30.30
25014718	[VERBOSE]	XnSensorFPS.cpp	86	[FPS] InputFrames - I:  0.00, D: 30.32, OutputFrames - I:  0.00, D: 29.99
26004935	[VERBOSE]	XnOpenNI.cpp	588	[FPS] Depth1 (I: 30.10, O: 30.10) ReadCalls: 30.34
26018667	[VERBOSE]	XnSensorFPS.cpp	86	[FPS] InputFrames - I:  0.00, D: 30.28, OutputFrames - I:  0.00, D: 29.95
27005465	[VERBOSE]	XnOpenNI.cpp	588	[FPS] Depth1 (I: 30.09, O: 30.09) ReadCalls: 30.34
27018699	[VERBOSE]	XnSensorFPS.cpp	86	[FPS] InputFrames - I:  0.00, D: 30.28, OutputFrames - I:  0.00, D: 29.95
28009063	[VERBOSE]	XnOpenNI.cpp	588	[FPS] Depth1 (I: 30.06, O: 30.06) ReadCalls: 30.29
28018739	[VERBOSE]	XnSensorFPS.cpp	86	[FPS] InputFrames - I:  0.00, D: 30.32, OutputFrames - I:  0.00, D: 29.99
29009274	[VERBOSE]	XnOpenNI.cpp	588	[FPS] Depth1 (I: 30.09, O: 30.09) ReadCalls: 30.33
29018774	[VERBOSE]	XnSensorFPS.cpp	86	[FPS] InputFrames - I:  0.00, D: 30.32, OutputFrames - I:  0.00, D: 29.99
30009275	[VERBOSE]	XnOpenNI.cpp	588	[FPS] Depth1 (I: 30.09, O: 30.09) ReadCalls: 30.33
30022710	[VERBOSE]	XnSensorFPS.cpp	86	[FPS] InputFrames - I:  0.00, D: 30.28, OutputFrames - I:  0.00, D: 29.95
31013730	[VERBOSE]	XnOpenNI.cpp	588	[FPS] Depth1 (I: 30.05, O: 30.05) ReadCalls: 30.29
31022739	[VERBOSE]	XnSensorFPS.cpp	86	[FPS] InputFrames - I:  0.00, D: 30.28, OutputFrames - I:  0.00, D: 29.95
32013205	[VERBOSE]	XnOpenNI.cpp	588	[FPS] Depth1 (I: 30.06, O: 30.06) ReadCalls: 30.31
32022771	[VERBOSE]	XnSensorFPS.cpp	86	[FPS] InputFrames - I:  0.00, D: 30.32, OutputFrames - I:  0.00, D: 29.99
33013779	[VERBOSE]	XnOpenNI.cpp	588	[FPS] Depth1 (I: 30.09, O: 30.09) ReadCalls: 30.32
33022807	[VERBOSE]	XnSensorFPS.cpp	86	[FPS] InputFrames - I:  0.00, D: 30.32, OutputFrames - I:  0.00, D: 29.99
34013628	[VERBOSE]	XnOpenNI.cpp	588	[FPS] Depth1 (I: 30.09, O: 30.09) ReadCalls: 30.34
34026763	[VERBOSE]	XnSensorFPS.cpp	86	[FPS] InputFrames - I:  0.00, D: 30.28, OutputFrames - I:  0.00, D: 29.95
35018729	[VERBOSE]	XnOpenNI.cpp	588	[FPS] Depth1 (I: 30.04, O: 30.04) ReadCalls: 30.30
35026808	[VERBOSE]	XnSensorFPS.cpp	86	[FPS] InputFrames - I:  0.00, D: 30.32, OutputFrames - I:  0.00, D: 29.99
36018349	[VERBOSE]	XnOpenNI.cpp	588	[FPS] Depth1 (I: 30.04, O: 30.05) ReadCalls: 30.32
36026814	[VERBOSE]	XnSensorFPS.cpp	86	[FPS] InputFrames - I:  0.00, D: 30.32, OutputFrames - I:  0.00, D: 29.99
37017879	[VERBOSE]	XnOpenNI.cpp	588	[FPS] Depth1 (I: 30.09, O: 30.09) ReadCalls: 30.35
37030777	[VERBOSE]	XnSensorFPS.cpp	86	[FPS] InputFrames - I:  0.00, D: 30.28, OutputFrames - I:  0.00, D: 29.95
38017606	[VERBOSE]	XnOpenNI.cpp	588	[FPS] Depth1 (I: 30.09, O: 30.09) ReadCalls: 30.36
38030985	[VERBOSE]	XnSensorFPS.cpp	86	[FPS] InputFrames - I:  0.00, D: 30.28, OutputFrames - I:  0.00, D: 29.94
39024098	[VERBOSE]	XnOpenNI.cpp	588	[FPS] Depth1 (I: 30.03, O: 30.03) ReadCalls: 30.32
39030816	[VERBOSE]	XnSensorFPS.cpp	86	[FPS] InputFrames - I:  0.00, D: 30.32, OutputFrames - I:  0.00, D: 29.99
40022376	[VERBOSE]	XnOpenNI.cpp	588	[FPS] Depth1 (I: 30.08, O: 30.08) ReadCalls: 30.35
40030871	[VERBOSE]	XnSensorFPS.cpp	86	[FPS] InputFrames - I:  0.00, D: 30.32, OutputFrames - I:  0.00, D: 29.99
41021412	[VERBOSE]	XnOpenNI.cpp	588	[FPS] Depth1 (I: 30.10, O: 30.10) ReadCalls: 30.38
41034840	[VERBOSE]	XnSensorFPS.cpp	86	[FPS] InputFrames - I:  0.00, D: 30.28, OutputFrames - I:  0.00, D: 29.95
42002804	[VERBOSE]	XnOpenNI.cpp	588	[FPS] Depth1 (I: 30.28, O: 29.95) ReadCalls: 30.21
42002852	[VERBOSE]	XnSensorFPS.cpp	86	[FPS] InputFrames - I:  0.00, D: 30.28, OutputFrames - I:  0.00, D: 29.95
43002809	[VERBOSE]	XnOpenNI.cpp	588	[FPS] Depth1 (I: 30.28, O: 29.95) ReadCalls: 30.20
43002856	[VERBOSE]	XnSensorFPS.cpp	86	[FPS] InputFrames - I:  0.00, D: 30.28, OutputFrames - I:  0.00, D: 29.95
44002857	[VERBOSE]	XnOpenNI.cpp	588	[FPS] Depth1 (I: 30.32, O: 29.99) ReadCalls: 30.19
44002929	[VERBOSE]	XnSensorFPS.cpp	86	[FPS] InputFrames - I:  0.00, D: 30.32, OutputFrames - I:  0.00, D: 29.99
45002883	[VERBOSE]	XnOpenNI.cpp	588	[FPS] Depth1 (I: 30.32, O: 30.00) ReadCalls: 30.29
45002942	[VERBOSE]	XnSensorFPS.cpp	86	[FPS] InputFrames - I:  0.00, D: 30.32, OutputFrames - I:  0.00, D: 29.99
46006844	[VERBOSE]	XnOpenNI.cpp	588	[FPS] Depth1 (I: 30.28, O: 29.95) ReadCalls: 30.27
46006892	[VERBOSE]	XnSensorFPS.cpp	86	[FPS] InputFrames - I:  0.00, D: 30.28, OutputFrames - I:  0.00, D: 29.95
47006865	[VERBOSE]	XnOpenNI.cpp	588	[FPS] Depth1 (I: 30.28, O: 29.95) ReadCalls: 30.21
47006935	[VERBOSE]	XnSensorFPS.cpp	86	[FPS] InputFrames - I:  0.00, D: 30.28, OutputFrames - I:  0.00, D: 29.95
48006861	[VERBOSE]	XnOpenNI.cpp	588	[FPS] Depth1 (I: 30.32, O: 29.99) ReadCalls: 30.20
48006911	[VERBOSE]	XnSensorFPS.cpp	86	[FPS] InputFrames - I:  0.00, D: 30.32, OutputFrames - I:  0.00, D: 29.99
49000257	[VERBOSE]	XnOpenNI.cpp	588	[FPS] Depth1 (I: 30.07, O: 30.07) ReadCalls: 30.39
49006956	[VERBOSE]	XnSensorFPS.cpp	86	[FPS] InputFrames - I:  0.00, D: 30.32, OutputFrames - I:  0.00, D: 29.99
50010872	[VERBOSE]	XnOpenNI.cpp	588	[FPS] Depth1 (I: 30.28, O: 29.95) ReadCalls: 30.20
50010951	[VERBOSE]	XnSensorFPS.cpp	86	[FPS] InputFrames - I:  0.00, D: 30.28, OutputFrames - I:  0.00, D: 29.95
50077726	[INFO]	XnOpenNI.cpp	1458	Destroying node 'Depth1'
50077812	[INFO]	XnDeviceBase.cpp	1507	Destroying stream 'Depth1'...
50077860	[VERBOSE]	XnFirmwareStreams.cpp	225	Stream Depth1 released FW Stream Depth
50078752	[VERBOSE]	XnDeviceBase.cpp	1531	'Depth1' stream destroyed.
50078836	[INFO]	XnOpenNI.cpp	1458	Destroying node 'Device1'
50078885	[VERBOSE]	XnProperty.cpp	74	Setting Firmware.Stream0Mode (5) to 0...
50092203	[VERBOSE]	XnProperty.cpp	101	Firmware.Stream0Mode (5) was successfully set.
50092246	[VERBOSE]	XnProperty.cpp	74	Setting Firmware.Stream1Mode (6) to 0...
50404607	[VERBOSE]	XnProperty.cpp	151	Property Firmware.Stream1Mode (6) was changed to 0.
50404648	[VERBOSE]	XnProperty.cpp	74	Setting Firmware.FrameSync (1) to 0...
50416821	[VERBOSE]	XnProperty.cpp	101	Firmware.FrameSync (1) was successfully set.
50416866	[VERBOSE]	XnProperty.cpp	101	Firmware.Stream1Mode (6) was successfully set.
50416884	[VERBOSE]	XnProperty.cpp	74	Setting Firmware.Stream2Mode (7) to 0...
50430199	[VERBOSE]	XnProperty.cpp	101	Firmware.Stream2Mode (7) was successfully set.
50430251	[VERBOSE]	XnDeviceSensorIO.cpp	301	Shutting down USB depth read thread...
50430279	[VERBOSE]	XnDeviceSensorIO.cpp	311	Shutting down USB image read thread...
50435886	[VERBOSE]	XnDeviceSensorIO.cpp	358	Device closed successfully
50437619	[VERBOSE]	XnDeviceSensorIO.cpp	301	Shutting down USB depth read thread...
50437659	[VERBOSE]	XnDeviceSensorIO.cpp	311	Shutting down USB image read thread...
50437674	[VERBOSE]	XnDeviceSensorIO.cpp	358	Device closed successfully
