     542	[INFO]	XnLog.cpp	161	OpenNI version is 1.1.0 (Build 41)-MacOSX (Jul  9 2011 14:48:28)
     596	[INFO]	XnLog.cpp	169	Log system initialized. Console: 1, File: 1, Severity: VERBOSE, Masks: ALL
     625	[INFO]	XnLog.cpp	169	Log system initialized. Console: 1, File: 1, Severity: VERBOSE, Masks: ALL
     741	[VERBOSE]	XnModuleLoader.cpp	288	Checking ./../../../data/openni/lib/libnimMockNodes.dylib...
     871	[VERBOSE]	XnModuleLoader.cpp	446	Found exported production node. ProductionNode: OpenNI/Mock/1.1.0.41
     906	[VERBOSE]	XnModuleLoader.cpp	446	Found exported production node. Generator: OpenNI/Mock/1.1.0.41
     925	[VERBOSE]	XnModuleLoader.cpp	446	Found exported production node. MapGenerator: OpenNI/Mock/1.1.0.41
     941	[VERBOSE]	XnModuleLoader.cpp	446	Found exported production node. Device: OpenNI/Mock/1.1.0.41
     958	[VERBOSE]	XnModuleLoader.cpp	446	Found exported production node. Depth: OpenNI/Mock/1.1.0.41
     985	[VERBOSE]	XnModuleLoader.cpp	446	Found exported production node. IR: OpenNI/Mock/1.1.0.41
    1001	[VERBOSE]	XnModuleLoader.cpp	446	Found exported production node. Image: OpenNI/Mock/1.1.0.41
    1023	[VERBOSE]	XnModuleLoader.cpp	446	Found exported production node. Audio: OpenNI/Mock/1.1.0.41
    1042	[VERBOSE]	XnModuleLoader.cpp	288	Checking ./../../../data/openni/lib/libnimCodecs.dylib...
    1117	[VERBOSE]	XnModuleLoader.cpp	446	Found exported production node. Codec: OpenNI/16zP/1.1.0.41
    1144	[VERBOSE]	XnModuleLoader.cpp	446	Found exported production node. Codec: OpenNI/16zT/1.1.0.41
    1169	[VERBOSE]	XnModuleLoader.cpp	446	Found exported production node. Codec: OpenNI/Im8z/1.1.0.41
    1185	[VERBOSE]	XnModuleLoader.cpp	446	Found exported production node. Codec: OpenNI/JPEG/1.1.0.41
    1200	[VERBOSE]	XnModuleLoader.cpp	446	Found exported production node. Codec: OpenNI/NONE/1.1.0.41
    1214	[VERBOSE]	XnModuleLoader.cpp	288	Checking ./../../../data/openni/lib/libnimRecorder.dylib...
    1291	[VERBOSE]	XnModuleLoader.cpp	446	Found exported production node. Recorder: OpenNI/Recorder/1.1.0.41
    1318	[VERBOSE]	XnModuleLoader.cpp	446	Found exported production node. Player: OpenNI/Player/1.1.0.41
    1333	[VERBOSE]	XnModuleLoader.cpp	288	Checking ./../../../data/openni/lib/libXnDeviceSensorV2KM.dylib...
    1413	[VERBOSE]	XnModuleLoader.cpp	446	Found exported production node. Device: PrimeSense/SensorKinect/5.0.1.32
    1440	[VERBOSE]	XnModuleLoader.cpp	446	Found exported production node. Depth: PrimeSense/SensorKinect/5.0.1.32
    1465	[VERBOSE]	XnModuleLoader.cpp	446	Found exported production node. Image: PrimeSense/SensorKinect/5.0.1.32
    1483	[VERBOSE]	XnModuleLoader.cpp	446	Found exported production node. IR: PrimeSense/SensorKinect/5.0.1.32
    1500	[VERBOSE]	XnModuleLoader.cpp	446	Found exported production node. Audio: PrimeSense/SensorKinect/5.0.1.32
    1514	[VERBOSE]	XnModuleLoader.cpp	288	Checking ./../../../data/openni/lib/libXnVFeatures_1_3_1.dylib...
    1600	[VERBOSE]	XnModuleLoader.cpp	446	Found exported production node. Scene: PrimeSense/XnVSceneAnalyzer/1.3.1.4
    1632	[VERBOSE]	XnModuleLoader.cpp	446	Found exported production node. User: PrimeSense/XnVSkeletonGenerator/1.3.1.4
    1670	[VERBOSE]	XnModuleLoader.cpp	288	Checking ./../../../data/openni/lib/libXnVHandGenerator_1_3_1.dylib...
    1771	[VERBOSE]	XnModuleLoader.cpp	446	Found exported production node. Gesture: PrimeSense/XnVGestureGenrator/1.3.1.4
    1803	[VERBOSE]	XnModuleLoader.cpp	446	Found exported production node. Hands: PrimeSense/XnVHandTracker/1.3.1.4
    1986	[VERBOSE]	XnXmlConfig.cpp	736	Requested to create a node of type Depth...
    2044	[VERBOSE]	XnUSBLinux-x86.cpp	83	Initializing USB...
    2510	[INFO]	XnUSBLinux-x86.cpp	94	USB is initialized.
 1528887	[INFO]	XnOpenNI.cpp	1258	Creating node 'Device1' of type Device: PrimeSense/SensorKinect/5.0.1.32...
 1529252	[VERBOSE]	XnSensor.cpp	837	Global configuration file './../../../data/openni/config//GlobalDefaultsKinect.ini' was not found.
 1529284	[VERBOSE]	XnSensor.cpp	157	Initializing device sensor...
 1529384	[VERBOSE]	XnDeviceModule.cpp	417	Configuring module 'Device' from section 'Device' in file './../../../data/openni/config//GlobalDefaultsKinect.ini'...
 1529527	[INFO]	XnDeviceModule.cpp	431	Module 'Device' configuration was loaded from file.
 1529600	[VERBOSE]	XnDeviceSensorIO.cpp	76	Connecting to USB device...
 1529622	[VERBOSE]	XnDeviceSensorIO.cpp	94	Trying to open sensor '045e/02ae@250/10'...
 1978251	[VERBOSE]	XnDeviceSensorIO.cpp	107	Trying to open endpoint 0x4 for control out (for old firmwares)...
 1978300	[INFO]	XnDeviceSensorIO.cpp	128	Connected to USB device
 1978319	[INFO]	XnProperty.cpp	151	Property Device.USBPath was changed to 045e/02ae@250/10.
 1985171	[VERBOSE]	XnHostProtocol.cpp	706	Getting hardware versions...
 1986494	[INFO]	XnHostProtocol.cpp	859	Hardware versions: FW=5.1.4 (7) HW=4 Chip=2 Sensor=4 SYS=7
 1998959	[VERBOSE]	XnHostProtocol.cpp	869	Requesting KeepAlive...
 2011458	[VERBOSE]	XnHostProtocol.cpp	880	Got KeepAlive Reply.
 2011507	[VERBOSE]	XnHostProtocol.cpp	1156	Setting mode to 3...
 2823977	[VERBOSE]	XnHostProtocol.cpp	869	Requesting KeepAlive...
 2836674	[VERBOSE]	XnHostProtocol.cpp	880	Got KeepAlive Reply.
 2849454	[VERBOSE]	XnProperty.cpp	151	Property Firmware.ReferenceResolution was changed to 2.
 2849498	[VERBOSE]	XnSensorFirmwareParams.cpp	282	Reading all params from firmware...
 2899296	[VERBOSE]	XnProperty.cpp	151	Property Firmware.DepthMirror (23) was changed to 1.
 2924031	[VERBOSE]	XnProperty.cpp	151	Property Firmware.DepthHoleFilter (22) was changed to 1.
 2924080	[VERBOSE]	XnProperty.cpp	151	Property Firmware.ImageSharpness (76) was changed to 50.
 2949121	[VERBOSE]	XnProperty.cpp	151	Property Firmware.DepthGain (21) was changed to 30.
 2961370	[VERBOSE]	XnProperty.cpp	151	Property Firmware.GMCMode (36) was changed to 1.
 2986172	[VERBOSE]	XnProperty.cpp	151	Property Firmware.DepthFPS (20) was changed to 30.
 2998663	[VERBOSE]	XnProperty.cpp	151	Property Firmware.DepthWhiteBalance (45) was changed to 1.
 3011081	[VERBOSE]	XnProperty.cpp	151	Property Firmware.DepthResolution (19) was changed to 1.
 3023694	[VERBOSE]	XnProperty.cpp	151	Property Firmware.DepthFormat (18) was changed to 3.
 3172313	[VERBOSE]	XnProperty.cpp	151	Property Firmware.ImageFlicker (17) was changed to 1.
 3221519	[VERBOSE]	XnProperty.cpp	151	Property Firmware.ImageFPS (14) was changed to 30.
 3246445	[VERBOSE]	XnProperty.cpp	151	Property Firmware.ImageResolution (13) was changed to 1.
 3382360	[VERBOSE]	XnSensorFirmwareParams.cpp	291	Firmware params were updated.
 3382422	[VERBOSE]	XnHostProtocol.cpp	989	Getting the fixed params...
 3395342	[VERBOSE]	XnSensorFixedParams.cpp	54	Sensor serial number: 0
 3395400	[INFO]	XnProperty.cpp	151	Property Device.PhysicalDeviceName was changed to PrimeSense Sensor.
 3395422	[INFO]	XnProperty.cpp	151	Property Device.ID was changed to 0.
 3395462	[INFO]	XnSensor.cpp	185	Device sensor initialized
 3395582	[INFO]	XnOpenNI.cpp	1258	Creating node 'Depth1' of type Depth: PrimeSense/SensorKinect/5.0.1.32...
 3395628	[INFO]	XnDeviceBase.cpp	1383	Creating stream 'Depth1' of type 'Depth'...
 3395651	[INFO]	XnProperty.cpp	74	Setting Device.ReadData to 1...
 3395668	[VERBOSE]	XnDeviceSensorIO.cpp	160	Opening endpoints...
 3395684	[VERBOSE]	XnDeviceSensorIO.cpp	170	Opening endpoint 0x81 for depth...
 3395711	[VERBOSE]	XnDeviceSensorIO.cpp	194	Depth endpoint is isochronous.
 3395731	[VERBOSE]	XnDeviceSensorIO.cpp	220	Opening endpoint 0x82 for image...
 3395753	[VERBOSE]	XnDeviceSensorIO.cpp	233	Image endpoint is isochronous.
 3395768	[VERBOSE]	XnDeviceSensorIO.cpp	250	Opening endpoint 0x83 for misc...
 3395787	[VERBOSE]	XnDeviceSensorIO.cpp	264	Misc endpoint is not supported...
 3395802	[INFO]	XnDeviceSensorIO.cpp	291	Endpoints open
 3395817	[VERBOSE]	XnHostProtocol.cpp	1203	Getting algorithm params 0x80 for resolution 0 and fps 0....
 3408550	[INFO]	XnProperty.cpp	151	Property Device.ReadData was changed to 1.
 3408593	[INFO]	XnProperty.cpp	101	Device.ReadData was successfully set.
 3408813	[VERBOSE]	XnDeviceBase.cpp	1419	Initializing stream 'Depth1'...
 3409033	[INFO]	XnProperty.cpp	151	Property Depth1.FPS was changed to 30.
 3409094	[INFO]	XnProperty.cpp	151	Property Depth1.OutputFormat was changed to 1.
 3409113	[INFO]	XnProperty.cpp	151	Property Depth1.BytesPerPixel was changed to 2.
 3409134	[INFO]	XnProperty.cpp	151	Property Depth1.RequiredDataSize was changed to 614400.
 3409172	[INFO]	XnProperty.cpp	151	Property Depth1.ParamCoeff was changed to 4.
 3409259	[INFO]	XnProperty.cpp	151	Property Depth1.ShiftScale was changed to 10.
 3409341	[VERBOSE]	XnHostProtocol.cpp	1203	Getting algorithm params 0x0 for resolution 1 and fps 30....
 3421535	[INFO]	XnProperty.cpp	151	Property Depth1.ConstShift was changed to 200.
 3421646	[INFO]	XnProperty.cpp	151	Property Depth1.ZPD was changed to 120.
 3421768	[INFO]	XnProperty.cpp	151	Property Depth1.ZPPS was changed to 0.104200.
 3421784	[INFO]	XnProperty.cpp	151	Property Depth1.LDDIS was changed to 7.500000.
 3421916	[INFO]	XnProperty.cpp	151	Property Depth1.Gain was changed to 30.
 3421952	[INFO]	XnProperty.cpp	151	Property Depth1.SupportedModesCount was changed to 9.
 3421979	[INFO]	XnDeviceBase.cpp	1458	Stream 'Depth1' was initialized.
 3421994	[INFO]	XnDeviceBase.cpp	1463	'Depth1' stream was created.
 3422011	[VERBOSE]	XnDeviceModule.cpp	417	Configuring module 'Depth1' from section 'Depth' in file './../../../data/openni/config//GlobalDefaultsKinect.ini'...
 3422371	[INFO]	XnDeviceModule.cpp	431	Module 'Depth1' configuration was loaded from file.
 3422610	[INFO]	XnProperty.cpp	74	Setting Depth1.Mirror to 1...
 3422639	[INFO]	XnProperty.cpp	151	Property Depth1.FirmwareMirror was changed to 1.
 3422660	[INFO]	XnProperty.cpp	151	Property Depth1.Mirror was changed to 1.
 3422679	[INFO]	XnProperty.cpp	101	Depth1.Mirror was successfully set.
 3422702	[VERBOSE]	XnDeviceBase.cpp	359	Opening stream Depth1...
 3422736	[VERBOSE]	XnFirmwareStreams.cpp	202	FW Stream Depth was claimed by Depth1
 3422761	[VERBOSE]	XnSensorDepthStream.cpp	336	Creating USB depth read thread...
 3422780	[VERBOSE]	XnUSBLinux-x86.cpp	104	Starting libusb asynch thread...
 3422857	[WARNING]	Linux-x86Threads.cpp	166	Failed to set thread priority: Invalid argument
 3422880	[WARNING]	XnUSBLinux-x86.cpp	122	USB events thread: Failed to set thread priority to critical. This might cause loss of data...
 3422908	[VERBOSE]	XnUSBLinux-x86.cpp	1128	Starting a USB read thread...
 3424062	[INFO]	XnUSBLinux-x86.cpp	1220	USB read thread was started.
 3424105	[INFO]	XnProperty.cpp	151	Property Depth1.ActualReadData was changed to 1.
 3424138	[VERBOSE]	XnProperty.cpp	74	Setting Firmware.DepthFormat (18) to 3...
 3439546	[VERBOSE]	XnProperty.cpp	101	Firmware.DepthFormat (18) was successfully set.
 3439605	[VERBOSE]	XnProperty.cpp	74	Setting Firmware.DepthResolution (19) to 1...
 3451879	[VERBOSE]	XnProperty.cpp	101	Firmware.DepthResolution (19) was successfully set.
 3451932	[VERBOSE]	XnProperty.cpp	74	Setting Firmware.DepthFPS (20) to 30...
 3464371	[VERBOSE]	XnProperty.cpp	101	Firmware.DepthFPS (20) was successfully set.
 3464419	[VERBOSE]	XnProperty.cpp	74	Setting Firmware.DepthHoleFilter (22) to 1...
 3476378	[VERBOSE]	XnProperty.cpp	101	Firmware.DepthHoleFilter (22) was successfully set.
 3476426	[VERBOSE]	XnProperty.cpp	74	Setting Firmware.DepthGain (21) to 30...
 3488546	[VERBOSE]	XnProperty.cpp	101	Firmware.DepthGain (21) was successfully set.
 3488601	[VERBOSE]	XnProperty.cpp	74	Setting Firmware.DepthDecimation (24) to 0...
 3500666	[VERBOSE]	XnProperty.cpp	101	Firmware.DepthDecimation (24) was successfully set.
 3500713	[VERBOSE]	XnProperty.cpp	74	Setting Firmware.Registration (2) to 0...
 3512814	[VERBOSE]	XnProperty.cpp	101	Firmware.Registration (2) was successfully set.
 3512869	[VERBOSE]	XnProperty.cpp	74	Setting Firmware.DepthMirror (23) to 1...
 3524995	[VERBOSE]	XnProperty.cpp	101	Firmware.DepthMirror (23) was successfully set.
 3525029	[VERBOSE]	XnProperty.cpp	74	Setting Firmware.GMCMode (36) to 1...
 3537039	[VERBOSE]	XnProperty.cpp	101	Firmware.GMCMode (36) was successfully set.
 3537100	[VERBOSE]	XnProperty.cpp	74	Setting Firmware.DepthWhiteBalance (45) to 1...
 3549190	[VERBOSE]	XnProperty.cpp	101	Firmware.DepthWhiteBalance (45) was successfully set.
 3549267	[VERBOSE]	XnHostProtocol.cpp	1203	Getting algorithm params 0x6 for resolution 1 and fps 30....
 3573316	[VERBOSE]	XnFirmwareStreams.cpp	284	Firmware stream 'Depth' processor was replaced.
 3573357	[VERBOSE]	XnProperty.cpp	74	Setting Firmware.Stream1Mode (6) to 2...
 3671750	[VERBOSE]	XnOpenNI.cpp	588	[FPS] Depth1 (I:  0.00, O:  0.00) ReadCalls:  0.00
 3671812	[VERBOSE]	XnSensorFPS.cpp	86	[FPS] InputFrames - I:  0.00, D:  0.00, OutputFrames - I:  0.00, D:  0.00
 3885682	[VERBOSE]	XnProperty.cpp	151	Property Firmware.Stream1Mode (6) was changed to 2.
 3885720	[VERBOSE]	XnProperty.cpp	74	Setting Firmware.FrameSync (1) to 0...
 3898008	[VERBOSE]	XnProperty.cpp	101	Firmware.FrameSync (1) was successfully set.
 3898052	[VERBOSE]	XnProperty.cpp	101	Firmware.Stream1Mode (6) was successfully set.
 3898071	[VERBOSE]	XnProperty.cpp	74	Setting Firmware.DepthCropEnabled (55) to 0...
 3910259	[VERBOSE]	XnProperty.cpp	101	Firmware.DepthCropEnabled (55) was successfully set.
 3910312	[INFO]	XnProperty.cpp	151	Property Depth1.State was changed to 1.
 3910330	[INFO]	XnDeviceBase.cpp	370	Stream Depth1 is open.
 4007654	[VERBOSE]	XnOpenNI.cpp	588	[FPS] Depth1 (I: 32.75, O:  0.00) ReadCalls:  0.00
 4007704	[VERBOSE]	XnSensorFPS.cpp	86	[FPS] InputFrames - I:  0.00, D: 32.75, OutputFrames - I:  0.00, D:  0.00
 5007640	[VERBOSE]	XnOpenNI.cpp	588	[FPS] Depth1 (I: 30.69, O: 28.01) ReadCalls: 28.94
 5007690	[VERBOSE]	XnSensorFPS.cpp	86	[FPS] InputFrames - I:  0.00, D: 30.69, OutputFrames - I:  0.00, D: 28.01
 6007653	[VERBOSE]	XnOpenNI.cpp	588	[FPS] Depth1 (I: 30.40, O: 28.97) ReadCalls: 29.45
 6007704	[VERBOSE]	XnSensorFPS.cpp	86	[FPS] InputFrames - I:  0.00, D: 30.40, OutputFrames - I:  0.00, D: 28.97
 6878601	[WARNING]	XnDepthProcessor.cpp	133	Read: Depth buffer is corrupt. Size is 247040 (!= 614400)
 6878662	[WARNING]	XnFrameStreamProcessor.cpp	138	Depth frame is corrupt!
 7010642	[VERBOSE]	XnOpenNI.cpp	588	[FPS] Depth1 (I: 29.62, O: 29.35) ReadCalls: 29.69
 7010692	[VERBOSE]	XnSensorFPS.cpp	86	[FPS] InputFrames - I:  0.00, D: 29.62, OutputFrames - I:  0.00, D: 29.35
 8010622	[VERBOSE]	XnOpenNI.cpp	588	[FPS] Depth1 (I: 29.62, O: 29.28) ReadCalls: 29.40
 8010674	[VERBOSE]	XnSensorFPS.cpp	86	[FPS] InputFrames - I:  0.00, D: 29.62, OutputFrames - I:  0.00, D: 29.28
 9010705	[VERBOSE]	XnOpenNI.cpp	588	[FPS] Depth1 (I: 29.66, O: 29.32) ReadCalls: 29.44
 9010753	[VERBOSE]	XnSensorFPS.cpp	86	[FPS] InputFrames - I:  0.00, D: 29.66, OutputFrames - I:  0.00, D: 29.32
10014656	[VERBOSE]	XnOpenNI.cpp	588	[FPS] Depth1 (I: 30.28, O: 29.95) ReadCalls: 30.09
10014702	[VERBOSE]	XnSensorFPS.cpp	86	[FPS] InputFrames - I:  0.00, D: 30.28, OutputFrames - I:  0.00, D: 29.95
11014681	[VERBOSE]	XnOpenNI.cpp	588	[FPS] Depth1 (I: 30.32, O: 29.99) ReadCalls: 30.10
11014731	[VERBOSE]	XnSensorFPS.cpp	86	[FPS] InputFrames - I:  0.00, D: 30.32, OutputFrames - I:  0.00, D: 29.99
12014716	[VERBOSE]	XnOpenNI.cpp	588	[FPS] Depth1 (I: 30.32, O: 29.99) ReadCalls: 30.12
12014766	[VERBOSE]	XnSensorFPS.cpp	86	[FPS] InputFrames - I:  0.00, D: 30.32, OutputFrames - I:  0.00, D: 29.99
13018659	[VERBOSE]	XnOpenNI.cpp	588	[FPS] Depth1 (I: 30.28, O: 29.95) ReadCalls: 30.10
13018710	[VERBOSE]	XnSensorFPS.cpp	86	[FPS] InputFrames - I:  0.00, D: 30.28, OutputFrames - I:  0.00, D: 29.95
14018696	[VERBOSE]	XnOpenNI.cpp	588	[FPS] Depth1 (I: 30.28, O: 29.95) ReadCalls: 30.12
14018754	[VERBOSE]	XnSensorFPS.cpp	86	[FPS] InputFrames - I:  0.00, D: 30.28, OutputFrames - I:  0.00, D: 29.95
15018728	[VERBOSE]	XnOpenNI.cpp	588	[FPS] Depth1 (I: 30.32, O: 29.99) ReadCalls: 30.05
15018778	[VERBOSE]	XnSensorFPS.cpp	86	[FPS] InputFrames - I:  0.00, D: 30.32, OutputFrames - I:  0.00, D: 29.99
16018759	[VERBOSE]	XnOpenNI.cpp	588	[FPS] Depth1 (I: 30.32, O: 30.00) ReadCalls: 30.16
16018807	[VERBOSE]	XnSensorFPS.cpp	86	[FPS] InputFrames - I:  0.00, D: 30.32, OutputFrames - I:  0.00, D: 29.99
17022714	[VERBOSE]	XnOpenNI.cpp	588	[FPS] Depth1 (I: 30.28, O: 29.95) ReadCalls: 30.14
17022762	[VERBOSE]	XnSensorFPS.cpp	86	[FPS] InputFrames - I:  0.00, D: 30.28, OutputFrames - I:  0.00, D: 29.95
18001110	[VERBOSE]	XnOpenNI.cpp	588	[FPS] Depth1 (I: 30.18, O: 30.18) ReadCalls: 30.29
18022749	[VERBOSE]	XnSensorFPS.cpp	86	[FPS] InputFrames - I:  0.00, D: 30.28, OutputFrames - I:  0.00, D: 29.95
18472747	[INFO]	XnOpenNI.cpp	1458	Destroying node 'Depth1'
18472823	[INFO]	XnDeviceBase.cpp	1507	Destroying stream 'Depth1'...
18472863	[VERBOSE]	XnFirmwareStreams.cpp	225	Stream Depth1 released FW Stream Depth
18473666	[VERBOSE]	XnDeviceBase.cpp	1531	'Depth1' stream destroyed.
18473720	[INFO]	XnOpenNI.cpp	1458	Destroying node 'Device1'
18473756	[VERBOSE]	XnProperty.cpp	74	Setting Firmware.Stream0Mode (5) to 0...
18488616	[VERBOSE]	XnProperty.cpp	101	Firmware.Stream0Mode (5) was successfully set.
18488683	[VERBOSE]	XnProperty.cpp	74	Setting Firmware.Stream1Mode (6) to 0...
18801205	[VERBOSE]	XnProperty.cpp	151	Property Firmware.Stream1Mode (6) was changed to 0.
18801241	[VERBOSE]	XnProperty.cpp	74	Setting Firmware.FrameSync (1) to 0...
18813426	[VERBOSE]	XnProperty.cpp	101	Firmware.FrameSync (1) was successfully set.
18813467	[VERBOSE]	XnProperty.cpp	101	Firmware.Stream1Mode (6) was successfully set.
18813480	[VERBOSE]	XnProperty.cpp	74	Setting Firmware.Stream2Mode (7) to 0...
18826813	[VERBOSE]	XnProperty.cpp	101	Firmware.Stream2Mode (7) was successfully set.
18826854	[VERBOSE]	XnDeviceSensorIO.cpp	301	Shutting down USB depth read thread...
18826876	[VERBOSE]	XnDeviceSensorIO.cpp	311	Shutting down USB image read thread...
18835823	[VERBOSE]	XnDeviceSensorIO.cpp	358	Device closed successfully
18837356	[VERBOSE]	XnDeviceSensorIO.cpp	301	Shutting down USB depth read thread...
18837390	[VERBOSE]	XnDeviceSensorIO.cpp	311	Shutting down USB image read thread...
18837401	[VERBOSE]	XnDeviceSensorIO.cpp	358	Device closed successfully
