     709	[INFO]	XnLog.cpp	161	OpenNI version is 1.1.0 (Build 41)-MacOSX (Jul  9 2011 14:48:28)
     770	[INFO]	XnLog.cpp	169	Log system initialized. Console: 1, File: 1, Severity: VERBOSE, Masks: ALL
     810	[INFO]	XnLog.cpp	169	Log system initialized. Console: 1, File: 1, Severity: VERBOSE, Masks: ALL
     991	[VERBOSE]	XnModuleLoader.cpp	288	Checking ./../../../data/openni/lib/libnimMockNodes.dylib...
    1637	[VERBOSE]	XnModuleLoader.cpp	446	Found exported production node. ProductionNode: OpenNI/Mock/1.1.0.41
    1696	[VERBOSE]	XnModuleLoader.cpp	446	Found exported production node. Generator: OpenNI/Mock/1.1.0.41
    1722	[VERBOSE]	XnModuleLoader.cpp	446	Found exported production node. MapGenerator: OpenNI/Mock/1.1.0.41
    1746	[VERBOSE]	XnModuleLoader.cpp	446	Found exported production node. Device: OpenNI/Mock/1.1.0.41
    1768	[VERBOSE]	XnModuleLoader.cpp	446	Found exported production node. Depth: OpenNI/Mock/1.1.0.41
    1791	[VERBOSE]	XnModuleLoader.cpp	446	Found exported production node. IR: OpenNI/Mock/1.1.0.41
    1812	[VERBOSE]	XnModuleLoader.cpp	446	Found exported production node. Image: OpenNI/Mock/1.1.0.41
    1854	[VERBOSE]	XnModuleLoader.cpp	446	Found exported production node. Audio: OpenNI/Mock/1.1.0.41
    1883	[VERBOSE]	XnModuleLoader.cpp	288	Checking ./../../../data/openni/lib/libnimCodecs.dylib...
    2033	[VERBOSE]	XnModuleLoader.cpp	446	Found exported production node. Codec: OpenNI/16zP/1.1.0.41
    2067	[VERBOSE]	XnModuleLoader.cpp	446	Found exported production node. Codec: OpenNI/16zT/1.1.0.41
    2089	[VERBOSE]	XnModuleLoader.cpp	446	Found exported production node. Codec: OpenNI/Im8z/1.1.0.41
    2109	[VERBOSE]	XnModuleLoader.cpp	446	Found exported production node. Codec: OpenNI/JPEG/1.1.0.41
    2130	[VERBOSE]	XnModuleLoader.cpp	446	Found exported production node. Codec: OpenNI/NONE/1.1.0.41
    2150	[VERBOSE]	XnModuleLoader.cpp	288	Checking ./../../../data/openni/lib/libnimRecorder.dylib...
    2252	[VERBOSE]	XnModuleLoader.cpp	446	Found exported production node. Recorder: OpenNI/Recorder/1.1.0.41
    2294	[VERBOSE]	XnModuleLoader.cpp	446	Found exported production node. Player: OpenNI/Player/1.1.0.41
    2315	[VERBOSE]	XnModuleLoader.cpp	288	Checking ./../../../data/openni/lib/libXnDeviceSensorV2KM.dylib...
    2461	[VERBOSE]	XnModuleLoader.cpp	446	Found exported production node. Device: PrimeSense/SensorKinect/5.0.1.32
    2501	[VERBOSE]	XnModuleLoader.cpp	446	Found exported production node. Depth: PrimeSense/SensorKinect/5.0.1.32
    2527	[VERBOSE]	XnModuleLoader.cpp	446	Found exported production node. Image: PrimeSense/SensorKinect/5.0.1.32
    2553	[VERBOSE]	XnModuleLoader.cpp	446	Found exported production node. IR: PrimeSense/SensorKinect/5.0.1.32
    2577	[VERBOSE]	XnModuleLoader.cpp	446	Found exported production node. Audio: PrimeSense/SensorKinect/5.0.1.32
    2599	[VERBOSE]	XnModuleLoader.cpp	288	Checking ./../../../data/openni/lib/libXnVFeatures_1_3_1.dylib...
    2714	[VERBOSE]	XnModuleLoader.cpp	446	Found exported production node. Scene: PrimeSense/XnVSceneAnalyzer/1.3.1.4
    2744	[VERBOSE]	XnModuleLoader.cpp	446	Found exported production node. User: PrimeSense/XnVSkeletonGenerator/1.3.1.4
    2784	[VERBOSE]	XnModuleLoader.cpp	288	Checking ./../../../data/openni/lib/libXnVHandGenerator_1_3_1.dylib...
    2894	[VERBOSE]	XnModuleLoader.cpp	446	Found exported production node. Gesture: PrimeSense/XnVGestureGenrator/1.3.1.4
    2933	[VERBOSE]	XnModuleLoader.cpp	446	Found exported production node. Hands: PrimeSense/XnVHandTracker/1.3.1.4
    3194	[VERBOSE]	XnXmlConfig.cpp	736	Requested to create a node of type Depth...
    3272	[VERBOSE]	XnUSBLinux-x86.cpp	83	Initializing USB...
    3782	[INFO]	XnUSBLinux-x86.cpp	94	USB is initialized.
 1531743	[INFO]	XnOpenNI.cpp	1258	Creating node 'Device1' of type Device: PrimeSense/SensorKinect/5.0.1.32...
 1532253	[VERBOSE]	XnSensor.cpp	837	Global configuration file './../../../data/openni/config//GlobalDefaultsKinect.ini' was not found.
 1532293	[VERBOSE]	XnSensor.cpp	157	Initializing device sensor...
 1532426	[VERBOSE]	XnDeviceModule.cpp	417	Configuring module 'Device' from section 'Device' in file './../../../data/openni/config//GlobalDefaultsKinect.ini'...
 1532592	[INFO]	XnDeviceModule.cpp	431	Module 'Device' configuration was loaded from file.
 1532679	[VERBOSE]	XnDeviceSensorIO.cpp	76	Connecting to USB device...
 1532705	[VERBOSE]	XnDeviceSensorIO.cpp	94	Trying to open sensor '045e/02ae@250/10'...
 1980470	[VERBOSE]	XnDeviceSensorIO.cpp	107	Trying to open endpoint 0x4 for control out (for old firmwares)...
 1980529	[INFO]	XnDeviceSensorIO.cpp	128	Connected to USB device
 1980557	[INFO]	XnProperty.cpp	151	Property Device.USBPath was changed to 045e/02ae@250/10.
 1987889	[VERBOSE]	XnHostProtocol.cpp	706	Getting hardware versions...
 1989225	[INFO]	XnHostProtocol.cpp	859	Hardware versions: FW=5.1.4 (7) HW=4 Chip=2 Sensor=4 SYS=7
 2001590	[VERBOSE]	XnHostProtocol.cpp	869	Requesting KeepAlive...
 2013838	[VERBOSE]	XnHostProtocol.cpp	880	Got KeepAlive Reply.
 2013878	[VERBOSE]	XnHostProtocol.cpp	1156	Setting mode to 3...
 2826239	[VERBOSE]	XnHostProtocol.cpp	869	Requesting KeepAlive...
 2839009	[VERBOSE]	XnHostProtocol.cpp	880	Got KeepAlive Reply.
 2851509	[VERBOSE]	XnProperty.cpp	151	Property Firmware.ReferenceResolution was changed to 2.
 2851554	[VERBOSE]	XnSensorFirmwareParams.cpp	282	Reading all params from firmware...
 2901449	[VERBOSE]	XnProperty.cpp	151	Property Firmware.DepthMirror (23) was changed to 1.
 2926309	[VERBOSE]	XnProperty.cpp	151	Property Firmware.DepthHoleFilter (22) was changed to 1.
 2926356	[VERBOSE]	XnProperty.cpp	151	Property Firmware.ImageSharpness (76) was changed to 50.
 2951210	[VERBOSE]	XnProperty.cpp	151	Property Firmware.DepthGain (21) was changed to 30.
 2963476	[VERBOSE]	XnProperty.cpp	151	Property Firmware.GMCMode (36) was changed to 1.
 2988666	[VERBOSE]	XnProperty.cpp	151	Property Firmware.DepthFPS (20) was changed to 30.
 3001018	[VERBOSE]	XnProperty.cpp	151	Property Firmware.DepthWhiteBalance (45) was changed to 1.
 3013223	[VERBOSE]	XnProperty.cpp	151	Property Firmware.DepthResolution (19) was changed to 1.
 3025699	[VERBOSE]	XnProperty.cpp	151	Property Firmware.DepthFormat (18) was changed to 3.
 3175391	[VERBOSE]	XnProperty.cpp	151	Property Firmware.ImageFlicker (17) was changed to 1.
 3225394	[VERBOSE]	XnProperty.cpp	151	Property Firmware.ImageFPS (14) was changed to 30.
 3250544	[VERBOSE]	XnProperty.cpp	151	Property Firmware.ImageResolution (13) was changed to 1.
 3388390	[VERBOSE]	XnSensorFirmwareParams.cpp	291	Firmware params were updated.
 3388459	[VERBOSE]	XnHostProtocol.cpp	989	Getting the fixed params...
 3401177	[VERBOSE]	XnSensorFixedParams.cpp	54	Sensor serial number: 0
 3401229	[INFO]	XnProperty.cpp	151	Property Device.PhysicalDeviceName was changed to PrimeSense Sensor.
 3401253	[INFO]	XnProperty.cpp	151	Property Device.ID was changed to 0.
 3401294	[INFO]	XnSensor.cpp	185	Device sensor initialized
 3401424	[INFO]	XnOpenNI.cpp	1258	Creating node 'Depth1' of type Depth: PrimeSense/SensorKinect/5.0.1.32...
 3401474	[INFO]	XnDeviceBase.cpp	1383	Creating stream 'Depth1' of type 'Depth'...
 3401500	[INFO]	XnProperty.cpp	74	Setting Device.ReadData to 1...
 3401518	[VERBOSE]	XnDeviceSensorIO.cpp	160	Opening endpoints...
 3401534	[VERBOSE]	XnDeviceSensorIO.cpp	170	Opening endpoint 0x81 for depth...
 3401560	[VERBOSE]	XnDeviceSensorIO.cpp	194	Depth endpoint is isochronous.
 3401582	[VERBOSE]	XnDeviceSensorIO.cpp	220	Opening endpoint 0x82 for image...
 3401605	[VERBOSE]	XnDeviceSensorIO.cpp	233	Image endpoint is isochronous.
 3401621	[VERBOSE]	XnDeviceSensorIO.cpp	250	Opening endpoint 0x83 for misc...
 3401640	[VERBOSE]	XnDeviceSensorIO.cpp	264	Misc endpoint is not supported...
 3401655	[INFO]	XnDeviceSensorIO.cpp	291	Endpoints open
 3401670	[VERBOSE]	XnHostProtocol.cpp	1203	Getting algorithm params 0x80 for resolution 0 and fps 0....
 3414134	[INFO]	XnProperty.cpp	151	Property Device.ReadData was changed to 1.
 3414191	[INFO]	XnProperty.cpp	101	Device.ReadData was successfully set.
 3414385	[VERBOSE]	XnDeviceBase.cpp	1419	Initializing stream 'Depth1'...
 3414605	[INFO]	XnProperty.cpp	151	Property Depth1.FPS was changed to 30.
 3414655	[INFO]	XnProperty.cpp	151	Property Depth1.OutputFormat was changed to 1.
 3414668	[INFO]	XnProperty.cpp	151	Property Depth1.BytesPerPixel was changed to 2.
 3414680	[INFO]	XnProperty.cpp	151	Property Depth1.RequiredDataSize was changed to 614400.
 3414712	[INFO]	XnProperty.cpp	151	Property Depth1.ParamCoeff was changed to 4.
 3414785	[INFO]	XnProperty.cpp	151	Property Depth1.ShiftScale was changed to 10.
 3414846	[VERBOSE]	XnHostProtocol.cpp	1203	Getting algorithm params 0x0 for resolution 1 and fps 30....
 3427097	[INFO]	XnProperty.cpp	151	Property Depth1.ConstShift was changed to 200.
 3427198	[INFO]	XnProperty.cpp	151	Property Depth1.ZPD was changed to 120.
 3427317	[INFO]	XnProperty.cpp	151	Property Depth1.ZPPS was changed to 0.104200.
 3427337	[INFO]	XnProperty.cpp	151	Property Depth1.LDDIS was changed to 7.500000.
 3427492	[INFO]	XnProperty.cpp	151	Property Depth1.Gain was changed to 30.
 3427552	[INFO]	XnProperty.cpp	151	Property Depth1.SupportedModesCount was changed to 9.
 3427596	[INFO]	XnDeviceBase.cpp	1458	Stream 'Depth1' was initialized.
 3427626	[INFO]	XnDeviceBase.cpp	1463	'Depth1' stream was created.
 3427656	[VERBOSE]	XnDeviceModule.cpp	417	Configuring module 'Depth1' from section 'Depth' in file './../../../data/openni/config//GlobalDefaultsKinect.ini'...
 3427910	[INFO]	XnDeviceModule.cpp	431	Module 'Depth1' configuration was loaded from file.
 3428118	[INFO]	XnProperty.cpp	74	Setting Depth1.Mirror to 1...
 3428145	[INFO]	XnProperty.cpp	151	Property Depth1.FirmwareMirror was changed to 1.
 3428169	[INFO]	XnProperty.cpp	151	Property Depth1.Mirror was changed to 1.
 3428189	[INFO]	XnProperty.cpp	101	Depth1.Mirror was successfully set.
 3428212	[VERBOSE]	XnDeviceBase.cpp	359	Opening stream Depth1...
 3428246	[VERBOSE]	XnFirmwareStreams.cpp	202	FW Stream Depth was claimed by Depth1
 3428273	[VERBOSE]	XnSensorDepthStream.cpp	336	Creating USB depth read thread...
 3428291	[VERBOSE]	XnUSBLinux-x86.cpp	104	Starting libusb asynch thread...
 3428380	[WARNING]	Linux-x86Threads.cpp	166	Failed to set thread priority: Invalid argument
 3428401	[WARNING]	XnUSBLinux-x86.cpp	122	USB events thread: Failed to set thread priority to critical. This might cause loss of data...
 3428428	[VERBOSE]	XnUSBLinux-x86.cpp	1128	Starting a USB read thread...
 3429457	[INFO]	XnUSBLinux-x86.cpp	1220	USB read thread was started.
 3429509	[INFO]	XnProperty.cpp	151	Property Depth1.ActualReadData was changed to 1.
 3429544	[VERBOSE]	XnProperty.cpp	74	Setting Firmware.DepthFormat (18) to 3...
 3441600	[VERBOSE]	XnProperty.cpp	101	Firmware.DepthFormat (18) was successfully set.
 3441668	[VERBOSE]	XnProperty.cpp	74	Setting Firmware.DepthResolution (19) to 1...
 3453753	[VERBOSE]	XnProperty.cpp	101	Firmware.DepthResolution (19) was successfully set.
 3453798	[VERBOSE]	XnProperty.cpp	74	Setting Firmware.DepthFPS (20) to 30...
 3466025	[VERBOSE]	XnProperty.cpp	101	Firmware.DepthFPS (20) was successfully set.
 3466076	[VERBOSE]	XnProperty.cpp	74	Setting Firmware.DepthHoleFilter (22) to 1...
 3478094	[VERBOSE]	XnProperty.cpp	101	Firmware.DepthHoleFilter (22) was successfully set.
 3478124	[VERBOSE]	XnProperty.cpp	74	Setting Firmware.DepthGain (21) to 30...
 3490263	[VERBOSE]	XnProperty.cpp	101	Firmware.DepthGain (21) was successfully set.
 3490329	[VERBOSE]	XnProperty.cpp	74	Setting Firmware.DepthDecimation (24) to 0...
 3502384	[VERBOSE]	XnProperty.cpp	101	Firmware.DepthDecimation (24) was successfully set.
 3502437	[VERBOSE]	XnProperty.cpp	74	Setting Firmware.Registration (2) to 0...
 3514623	[VERBOSE]	XnProperty.cpp	101	Firmware.Registration (2) was successfully set.
 3514687	[VERBOSE]	XnProperty.cpp	74	Setting Firmware.DepthMirror (23) to 1...
 3526708	[VERBOSE]	XnProperty.cpp	101	Firmware.DepthMirror (23) was successfully set.
 3526740	[VERBOSE]	XnProperty.cpp	74	Setting Firmware.GMCMode (36) to 1...
 3538842	[VERBOSE]	XnProperty.cpp	101	Firmware.GMCMode (36) was successfully set.
 3538900	[VERBOSE]	XnProperty.cpp	74	Setting Firmware.DepthWhiteBalance (45) to 1...
 3550995	[VERBOSE]	XnProperty.cpp	101	Firmware.DepthWhiteBalance (45) was successfully set.
 3551085	[VERBOSE]	XnHostProtocol.cpp	1203	Getting algorithm params 0x6 for resolution 1 and fps 30....
 3575432	[VERBOSE]	XnFirmwareStreams.cpp	284	Firmware stream 'Depth' processor was replaced.
 3575473	[VERBOSE]	XnProperty.cpp	74	Setting Firmware.Stream1Mode (6) to 2...
 3676977	[VERBOSE]	XnOpenNI.cpp	588	[FPS] Depth1 (I:  0.00, O:  0.00) ReadCalls:  0.00
 3677044	[VERBOSE]	XnSensorFPS.cpp	86	[FPS] InputFrames - I:  0.00, D:  0.00, OutputFrames - I:  0.00, D:  0.00
 3887776	[VERBOSE]	XnProperty.cpp	151	Property Firmware.Stream1Mode (6) was changed to 2.
 3887841	[VERBOSE]	XnProperty.cpp	74	Setting Firmware.FrameSync (1) to 0...
 3900232	[VERBOSE]	XnProperty.cpp	101	Firmware.FrameSync (1) was successfully set.
 3900276	[VERBOSE]	XnProperty.cpp	101	Firmware.Stream1Mode (6) was successfully set.
 3900297	[VERBOSE]	XnProperty.cpp	74	Setting Firmware.DepthCropEnabled (55) to 0...
 3912622	[VERBOSE]	XnProperty.cpp	101	Firmware.DepthCropEnabled (55) was successfully set.
 3912680	[INFO]	XnProperty.cpp	151	Property Depth1.State was changed to 1.
 3912699	[INFO]	XnDeviceBase.cpp	370	Stream Depth1 is open.
 4008988	[VERBOSE]	XnOpenNI.cpp	588	[FPS] Depth1 (I: 33.13, O:  0.00) ReadCalls:  0.00
 4009043	[VERBOSE]	XnSensorFPS.cpp	86	[FPS] InputFrames - I:  0.00, D: 33.13, OutputFrames - I:  0.00, D:  0.00
 5009003	[VERBOSE]	XnOpenNI.cpp	588	[FPS] Depth1 (I: 30.78, O: 27.74) ReadCalls: 28.73
 5009055	[VERBOSE]	XnSensorFPS.cpp	86	[FPS] InputFrames - I:  0.00, D: 30.78, OutputFrames - I:  0.00, D: 27.74
 6000277	[VERBOSE]	XnOpenNI.cpp	588	[FPS] Depth1 (I: 30.13, O: 28.99) ReadCalls: 29.49
 6012920	[VERBOSE]	XnSensorFPS.cpp	86	[FPS] InputFrames - I:  0.00, D: 30.40, OutputFrames - I:  0.00, D: 28.81
 6878029	[WARNING]	XnDepthProcessor.cpp	133	Read: Depth buffer is corrupt. Size is 288672 (!= 614400)
 6878078	[WARNING]	XnFrameStreamProcessor.cpp	138	Depth frame is corrupt!
 7013962	[VERBOSE]	XnOpenNI.cpp	588	[FPS] Depth1 (I: 29.60, O: 29.49) ReadCalls: 29.84
 7014011	[VERBOSE]	XnSensorFPS.cpp	86	[FPS] InputFrames - I:  0.00, D: 29.60, OutputFrames - I:  0.00, D: 29.49
 8005416	[VERBOSE]	XnOpenNI.cpp	588	[FPS] Depth1 (I: 29.37, O: 29.37) ReadCalls: 29.70
 8014132	[VERBOSE]	XnSensorFPS.cpp	86	[FPS] InputFrames - I:  0.00, D: 29.30, OutputFrames - I:  0.00, D: 29.64
 9002703	[VERBOSE]	XnOpenNI.cpp	588	[FPS] Depth1 (I: 29.43, O: 29.43) ReadCalls: 29.81
 9014037	[VERBOSE]	XnSensorFPS.cpp	86	[FPS] InputFrames - I:  0.00, D: 29.64, OutputFrames - I:  0.00, D: 29.36
10006254	[VERBOSE]	XnOpenNI.cpp	588	[FPS] Depth1 (I: 30.08, O: 30.08) ReadCalls: 30.38
10014102	[VERBOSE]	XnSensorFPS.cpp	86	[FPS] InputFrames - I:  0.00, D: 30.32, OutputFrames - I:  0.00, D: 29.99
11003165	[VERBOSE]	XnOpenNI.cpp	588	[FPS] Depth1 (I: 30.11, O: 30.11) ReadCalls: 30.43
11018029	[VERBOSE]	XnSensorFPS.cpp	86	[FPS] InputFrames - I:  0.00, D: 30.46, OutputFrames - I:  0.00, D: 29.95
12007853	[VERBOSE]	XnOpenNI.cpp	588	[FPS] Depth1 (I: 30.06, O: 30.06) ReadCalls: 30.28
12018045	[VERBOSE]	XnSensorFPS.cpp	86	[FPS] InputFrames - I:  0.00, D: 30.28, OutputFrames - I:  0.00, D: 29.95
13008677	[VERBOSE]	XnOpenNI.cpp	588	[FPS] Depth1 (I: 30.05, O: 30.05) ReadCalls: 30.41
13018095	[VERBOSE]	XnSensorFPS.cpp	86	[FPS] InputFrames - I:  0.00, D: 30.32, OutputFrames - I:  0.00, D: 29.99
14008800	[VERBOSE]	XnOpenNI.cpp	588	[FPS] Depth1 (I: 30.09, O: 30.09) ReadCalls: 30.32
14018137	[VERBOSE]	XnSensorFPS.cpp	86	[FPS] InputFrames - I:  0.00, D: 30.32, OutputFrames - I:  0.00, D: 29.99
15008410	[VERBOSE]	XnOpenNI.cpp	588	[FPS] Depth1 (I: 30.10, O: 30.10) ReadCalls: 30.33
15022045	[VERBOSE]	XnSensorFPS.cpp	86	[FPS] InputFrames - I:  0.00, D: 30.28, OutputFrames - I:  0.00, D: 29.95
16013306	[VERBOSE]	XnOpenNI.cpp	588	[FPS] Depth1 (I: 30.05, O: 30.05) ReadCalls: 30.28
16022098	[VERBOSE]	XnSensorFPS.cpp	86	[FPS] InputFrames - I:  0.00, D: 30.32, OutputFrames - I:  0.00, D: 29.99
17012170	[VERBOSE]	XnOpenNI.cpp	588	[FPS] Depth1 (I: 30.06, O: 30.06) ReadCalls: 30.30
17022147	[VERBOSE]	XnSensorFPS.cpp	86	[FPS] InputFrames - I:  0.00, D: 30.32, OutputFrames - I:  0.00, D: 29.99
18013593	[VERBOSE]	XnOpenNI.cpp	588	[FPS] Depth1 (I: 30.08, O: 30.09) ReadCalls: 30.33
18026077	[VERBOSE]	XnSensorFPS.cpp	86	[FPS] InputFrames - I:  0.00, D: 30.28, OutputFrames - I:  0.00, D: 29.95
19012631	[VERBOSE]	XnOpenNI.cpp	588	[FPS] Depth1 (I: 30.09, O: 30.10) ReadCalls: 30.36
19026159	[VERBOSE]	XnSensorFPS.cpp	86	[FPS] InputFrames - I:  0.00, D: 30.28, OutputFrames - I:  0.00, D: 29.95
20017433	[VERBOSE]	XnOpenNI.cpp	588	[FPS] Depth1 (I: 30.05, O: 30.05) ReadCalls: 30.31
20026148	[VERBOSE]	XnSensorFPS.cpp	86	[FPS] InputFrames - I:  0.00, D: 30.32, OutputFrames - I:  0.00, D: 29.99
21017106	[VERBOSE]	XnOpenNI.cpp	588	[FPS] Depth1 (I: 30.09, O: 30.09) ReadCalls: 30.35
21026215	[VERBOSE]	XnSensorFPS.cpp	86	[FPS] InputFrames - I:  0.00, D: 30.32, OutputFrames - I:  0.00, D: 29.99
22018884	[VERBOSE]	XnOpenNI.cpp	588	[FPS] Depth1 (I: 30.07, O: 30.07) ReadCalls: 30.30
22030113	[VERBOSE]	XnSensorFPS.cpp	86	[FPS] InputFrames - I:  0.00, D: 30.28, OutputFrames - I:  0.00, D: 29.95
23020515	[VERBOSE]	XnOpenNI.cpp	588	[FPS] Depth1 (I: 30.06, O: 30.06) ReadCalls: 30.32
23030188	[VERBOSE]	XnSensorFPS.cpp	86	[FPS] InputFrames - I:  0.00, D: 30.28, OutputFrames - I:  0.00, D: 29.95
24024491	[VERBOSE]	XnOpenNI.cpp	588	[FPS] Depth1 (I: 30.02, O: 30.02) ReadCalls: 30.27
24030361	[VERBOSE]	XnSensorFPS.cpp	86	[FPS] InputFrames - I:  0.00, D: 30.32, OutputFrames - I:  0.00, D: 29.98
25020455	[VERBOSE]	XnOpenNI.cpp	588	[FPS] Depth1 (I: 30.10, O: 30.10) ReadCalls: 30.36
25030222	[VERBOSE]	XnSensorFPS.cpp	86	[FPS] InputFrames - I:  0.00, D: 30.32, OutputFrames - I:  0.00, D: 29.99
26024187	[VERBOSE]	XnOpenNI.cpp	588	[FPS] Depth1 (I: 30.06, O: 30.06) ReadCalls: 30.34
26034223	[VERBOSE]	XnSensorFPS.cpp	86	[FPS] InputFrames - I:  0.00, D: 30.28, OutputFrames - I:  0.00, D: 29.95
27002209	[VERBOSE]	XnOpenNI.cpp	588	[FPS] Depth1 (I: 30.28, O: 29.95) ReadCalls: 30.22
27002256	[VERBOSE]	XnSensorFPS.cpp	86	[FPS] InputFrames - I:  0.00, D: 30.28, OutputFrames - I:  0.00, D: 29.95
28002252	[VERBOSE]	XnOpenNI.cpp	588	[FPS] Depth1 (I: 30.28, O: 29.95) ReadCalls: 30.18
28002304	[VERBOSE]	XnSensorFPS.cpp	86	[FPS] InputFrames - I:  0.00, D: 30.28, OutputFrames - I:  0.00, D: 29.95
29002271	[VERBOSE]	XnOpenNI.cpp	588	[FPS] Depth1 (I: 30.32, O: 29.99) ReadCalls: 30.22
29002321	[VERBOSE]	XnSensorFPS.cpp	86	[FPS] InputFrames - I:  0.00, D: 30.32, OutputFrames - I:  0.00, D: 29.99
30002308	[VERBOSE]	XnOpenNI.cpp	588	[FPS] Depth1 (I: 30.32, O: 29.99) ReadCalls: 30.26
30002366	[VERBOSE]	XnSensorFPS.cpp	86	[FPS] InputFrames - I:  0.00, D: 30.32, OutputFrames - I:  0.00, D: 29.99
31006229	[VERBOSE]	XnOpenNI.cpp	588	[FPS] Depth1 (I: 30.28, O: 29.95) ReadCalls: 30.24
31006290	[VERBOSE]	XnSensorFPS.cpp	86	[FPS] InputFrames - I:  0.00, D: 30.28, OutputFrames - I:  0.00, D: 29.95
32000723	[VERBOSE]	XnOpenNI.cpp	588	[FPS] Depth1 (I: 30.02, O: 30.02) ReadCalls: 30.31
32006354	[VERBOSE]	XnSensorFPS.cpp	86	[FPS] InputFrames - I:  0.00, D: 30.32, OutputFrames - I:  0.00, D: 29.99
33006329	[VERBOSE]	XnOpenNI.cpp	588	[FPS] Depth1 (I: 30.32, O: 29.99) ReadCalls: 30.27
33006378	[VERBOSE]	XnSensorFPS.cpp	86	[FPS] InputFrames - I:  0.00, D: 30.32, OutputFrames - I:  0.00, D: 29.99
34000271	[VERBOSE]	XnOpenNI.cpp	588	[FPS] Depth1 (I: 30.06, O: 30.06) ReadCalls: 30.35
34010238	[VERBOSE]	XnSensorFPS.cpp	86	[FPS] InputFrames - I:  0.00, D: 30.28, OutputFrames - I:  0.00, D: 29.95
35010315	[VERBOSE]	XnOpenNI.cpp	588	[FPS] Depth1 (I: 30.28, O: 29.95) ReadCalls: 30.27
35010363	[VERBOSE]	XnSensorFPS.cpp	86	[FPS] InputFrames - I:  0.00, D: 30.28, OutputFrames - I:  0.00, D: 29.95
36004482	[VERBOSE]	XnOpenNI.cpp	588	[FPS] Depth1 (I: 30.02, O: 30.02) ReadCalls: 30.24
36010362	[VERBOSE]	XnSensorFPS.cpp	86	[FPS] InputFrames - I:  0.00, D: 30.32, OutputFrames - I:  0.00, D: 29.99
37002479	[VERBOSE]	XnOpenNI.cpp	588	[FPS] Depth1 (I: 30.08, O: 30.08) ReadCalls: 30.38
37010358	[VERBOSE]	XnSensorFPS.cpp	86	[FPS] InputFrames - I:  0.00, D: 30.32, OutputFrames - I:  0.00, D: 29.99
38001448	[VERBOSE]	XnOpenNI.cpp	588	[FPS] Depth1 (I: 30.09, O: 30.09) ReadCalls: 30.32
38014292	[VERBOSE]	XnSensorFPS.cpp	86	[FPS] InputFrames - I:  0.00, D: 30.28, OutputFrames - I:  0.00, D: 29.95
39004963	[VERBOSE]	XnOpenNI.cpp	588	[FPS] Depth1 (I: 30.05, O: 30.05) ReadCalls: 30.39
39014370	[VERBOSE]	XnSensorFPS.cpp	86	[FPS] InputFrames - I:  0.00, D: 30.28, OutputFrames - I:  0.00, D: 29.95
40009074	[VERBOSE]	XnOpenNI.cpp	588	[FPS] Depth1 (I: 30.01, O: 30.01) ReadCalls: 30.36
40014426	[VERBOSE]	XnSensorFPS.cpp	86	[FPS] InputFrames - I:  0.00, D: 30.32, OutputFrames - I:  0.00, D: 29.99
41004783	[VERBOSE]	XnOpenNI.cpp	588	[FPS] Depth1 (I: 30.10, O: 30.10) ReadCalls: 30.42
41014445	[VERBOSE]	XnSensorFPS.cpp	86	[FPS] InputFrames - I:  0.00, D: 30.32, OutputFrames - I:  0.00, D: 29.99
42006866	[VERBOSE]	XnOpenNI.cpp	588	[FPS] Depth1 (I: 30.08, O: 30.08) ReadCalls: 30.42
42018400	[VERBOSE]	XnSensorFPS.cpp	86	[FPS] InputFrames - I:  0.00, D: 30.28, OutputFrames - I:  0.00, D: 29.96
43009015	[VERBOSE]	XnOpenNI.cpp	588	[FPS] Depth1 (I: 30.05, O: 30.05) ReadCalls: 30.41
43018424	[VERBOSE]	XnSensorFPS.cpp	86	[FPS] InputFrames - I:  0.00, D: 30.28, OutputFrames - I:  0.00, D: 29.98
44010987	[VERBOSE]	XnOpenNI.cpp	588	[FPS] Depth1 (I: 30.03, O: 30.04) ReadCalls: 30.27
44018423	[VERBOSE]	XnSensorFPS.cpp	86	[FPS] InputFrames - I:  0.00, D: 30.32, OutputFrames - I:  0.00, D: 29.99
45008698	[VERBOSE]	XnOpenNI.cpp	588	[FPS] Depth1 (I: 30.10, O: 30.10) ReadCalls: 30.45
45018502	[VERBOSE]	XnSensorFPS.cpp	86	[FPS] InputFrames - I:  0.00, D: 30.32, OutputFrames - I:  0.00, D: 30.01
46011841	[VERBOSE]	XnOpenNI.cpp	588	[FPS] Depth1 (I: 30.07, O: 30.07) ReadCalls: 30.29
46022444	[VERBOSE]	XnSensorFPS.cpp	86	[FPS] InputFrames - I:  0.00, D: 30.28, OutputFrames - I:  0.00, D: 29.95
47013075	[VERBOSE]	XnOpenNI.cpp	588	[FPS] Depth1 (I: 30.05, O: 30.05) ReadCalls: 30.33
47022482	[VERBOSE]	XnSensorFPS.cpp	86	[FPS] InputFrames - I:  0.00, D: 30.32, OutputFrames - I:  0.00, D: 29.99
48015959	[VERBOSE]	XnOpenNI.cpp	588	[FPS] Depth1 (I: 30.03, O: 30.03) ReadCalls: 30.26
48022518	[VERBOSE]	XnSensorFPS.cpp	86	[FPS] InputFrames - I:  0.00, D: 30.32, OutputFrames - I:  0.00, D: 29.99
49013526	[VERBOSE]	XnOpenNI.cpp	588	[FPS] Depth1 (I: 30.09, O: 30.09) ReadCalls: 30.47
49026488	[VERBOSE]	XnSensorFPS.cpp	86	[FPS] InputFrames - I:  0.00, D: 30.28, OutputFrames - I:  0.00, D: 30.00
50016140	[VERBOSE]	XnOpenNI.cpp	588	[FPS] Depth1 (I: 30.06, O: 30.06) ReadCalls: 30.30
50026444	[VERBOSE]	XnSensorFPS.cpp	86	[FPS] InputFrames - I:  0.00, D: 30.28, OutputFrames - I:  0.00, D: 29.95
51017231	[VERBOSE]	XnOpenNI.cpp	588	[FPS] Depth1 (I: 30.05, O: 30.05) ReadCalls: 30.32
51026546	[VERBOSE]	XnSensorFPS.cpp	86	[FPS] InputFrames - I:  0.00, D: 30.32, OutputFrames - I:  0.00, D: 29.99
52022455	[VERBOSE]	XnOpenNI.cpp	588	[FPS] Depth1 (I: 30.04, O: 30.04) ReadCalls: 30.30
52026645	[VERBOSE]	XnSensorFPS.cpp	86	[FPS] InputFrames - I:  0.00, D: 30.32, OutputFrames - I:  0.00, D: 29.99
53017068	[VERBOSE]	XnOpenNI.cpp	588	[FPS] Depth1 (I: 30.09, O: 30.09) ReadCalls: 30.36
53030525	[VERBOSE]	XnSensorFPS.cpp	86	[FPS] InputFrames - I:  0.00, D: 30.28, OutputFrames - I:  0.00, D: 29.95
53197186	[INFO]	XnOpenNI.cpp	1458	Destroying node 'Depth1'
53197257	[INFO]	XnDeviceBase.cpp	1507	Destroying stream 'Depth1'...
53197295	[VERBOSE]	XnFirmwareStreams.cpp	225	Stream Depth1 released FW Stream Depth
53198128	[VERBOSE]	XnDeviceBase.cpp	1531	'Depth1' stream destroyed.
53198200	[INFO]	XnOpenNI.cpp	1458	Destroying node 'Device1'
53198249	[VERBOSE]	XnProperty.cpp	74	Setting Firmware.Stream0Mode (5) to 0...
53211702	[VERBOSE]	XnProperty.cpp	101	Firmware.Stream0Mode (5) was successfully set.
53211746	[VERBOSE]	XnProperty.cpp	74	Setting Firmware.Stream1Mode (6) to 0...
53524119	[VERBOSE]	XnProperty.cpp	151	Property Firmware.Stream1Mode (6) was changed to 0.
53524160	[VERBOSE]	XnProperty.cpp	74	Setting Firmware.FrameSync (1) to 0...
53536213	[VERBOSE]	XnProperty.cpp	101	Firmware.FrameSync (1) was successfully set.
53536263	[VERBOSE]	XnProperty.cpp	101	Firmware.Stream1Mode (6) was successfully set.
53536276	[VERBOSE]	XnProperty.cpp	74	Setting Firmware.Stream2Mode (7) to 0...
53549458	[VERBOSE]	XnProperty.cpp	101	Firmware.Stream2Mode (7) was successfully set.
53549557	[VERBOSE]	XnDeviceSensorIO.cpp	301	Shutting down USB depth read thread...
53549585	[VERBOSE]	XnDeviceSensorIO.cpp	311	Shutting down USB image read thread...
53555484	[VERBOSE]	XnDeviceSensorIO.cpp	358	Device closed successfully
53557101	[VERBOSE]	XnDeviceSensorIO.cpp	301	Shutting down USB depth read thread...
53557138	[VERBOSE]	XnDeviceSensorIO.cpp	311	Shutting down USB image read thread...
53557149	[VERBOSE]	XnDeviceSensorIO.cpp	358	Device closed successfully
