     512	[INFO]	XnLog.cpp	161	OpenNI version is 1.1.0 (Build 41)-MacOSX (Jul  9 2011 14:48:28)
     565	[INFO]	XnLog.cpp	169	Log system initialized. Console: 1, File: 1, Severity: VERBOSE, Masks: ALL
     594	[INFO]	XnLog.cpp	169	Log system initialized. Console: 1, File: 1, Severity: VERBOSE, Masks: ALL
     722	[VERBOSE]	XnModuleLoader.cpp	288	Checking ./../../../data/openni/lib/libnimMockNodes.dylib...
     847	[VERBOSE]	XnModuleLoader.cpp	446	Found exported production node. ProductionNode: OpenNI/Mock/1.1.0.41
     881	[VERBOSE]	XnModuleLoader.cpp	446	Found exported production node. Generator: OpenNI/Mock/1.1.0.41
     902	[VERBOSE]	XnModuleLoader.cpp	446	Found exported production node. MapGenerator: OpenNI/Mock/1.1.0.41
     929	[VERBOSE]	XnModuleLoader.cpp	446	Found exported production node. Device: OpenNI/Mock/1.1.0.41
     949	[VERBOSE]	XnModuleLoader.cpp	446	Found exported production node. Depth: OpenNI/Mock/1.1.0.41
     966	[VERBOSE]	XnModuleLoader.cpp	446	Found exported production node. IR: OpenNI/Mock/1.1.0.41
     983	[VERBOSE]	XnModuleLoader.cpp	446	Found exported production node. Image: OpenNI/Mock/1.1.0.41
    1004	[VERBOSE]	XnModuleLoader.cpp	446	Found exported production node. Audio: OpenNI/Mock/1.1.0.41
    1029	[VERBOSE]	XnModuleLoader.cpp	288	Checking ./../../../data/openni/lib/libnimCodecs.dylib...
    1104	[VERBOSE]	XnModuleLoader.cpp	446	Found exported production node. Codec: OpenNI/16zP/1.1.0.41
    1130	[VERBOSE]	XnModuleLoader.cpp	446	Found exported production node. Codec: OpenNI/16zT/1.1.0.41
    1146	[VERBOSE]	XnModuleLoader.cpp	446	Found exported production node. Codec: OpenNI/Im8z/1.1.0.41
    1161	[VERBOSE]	XnModuleLoader.cpp	446	Found exported production node. Codec: OpenNI/JPEG/1.1.0.41
    1176	[VERBOSE]	XnModuleLoader.cpp	446	Found exported production node. Codec: OpenNI/NONE/1.1.0.41
    1191	[VERBOSE]	XnModuleLoader.cpp	288	Checking ./../../../data/openni/lib/libnimRecorder.dylib...
    1266	[VERBOSE]	XnModuleLoader.cpp	446	Found exported production node. Recorder: OpenNI/Recorder/1.1.0.41
    1292	[VERBOSE]	XnModuleLoader.cpp	446	Found exported production node. Player: OpenNI/Player/1.1.0.41
    1316	[VERBOSE]	XnModuleLoader.cpp	288	Checking ./../../../data/openni/lib/libXnDeviceSensorV2KM.dylib...
    1397	[VERBOSE]	XnModuleLoader.cpp	446	Found exported production node. Device: PrimeSense/SensorKinect/5.0.1.32
    1423	[VERBOSE]	XnModuleLoader.cpp	446	Found exported production node. Depth: PrimeSense/SensorKinect/5.0.1.32
    1441	[VERBOSE]	XnModuleLoader.cpp	446	Found exported production node. Image: PrimeSense/SensorKinect/5.0.1.32
    1458	[VERBOSE]	XnModuleLoader.cpp	446	Found exported production node. IR: PrimeSense/SensorKinect/5.0.1.32
    1474	[VERBOSE]	XnModuleLoader.cpp	446	Found exported production node. Audio: PrimeSense/SensorKinect/5.0.1.32
    1497	[VERBOSE]	XnModuleLoader.cpp	288	Checking ./../../../data/openni/lib/libXnVFeatures_1_3_1.dylib...
    1571	[VERBOSE]	XnModuleLoader.cpp	446	Found exported production node. Scene: PrimeSense/XnVSceneAnalyzer/1.3.1.4
    1594	[VERBOSE]	XnModuleLoader.cpp	446	Found exported production node. User: PrimeSense/XnVSkeletonGenerator/1.3.1.4
    1615	[VERBOSE]	XnModuleLoader.cpp	288	Checking ./../../../data/openni/lib/libXnVHandGenerator_1_3_1.dylib...
    1695	[VERBOSE]	XnModuleLoader.cpp	446	Found exported production node. Gesture: PrimeSense/XnVGestureGenrator/1.3.1.4
    1725	[VERBOSE]	XnModuleLoader.cpp	446	Found exported production node. Hands: PrimeSense/XnVHandTracker/1.3.1.4
    1897	[VERBOSE]	XnXmlConfig.cpp	736	Requested to create a node of type Depth...
    1953	[VERBOSE]	XnUSBLinux-x86.cpp	83	Initializing USB...
    2454	[INFO]	XnUSBLinux-x86.cpp	94	USB is initialized.
 1529830	[INFO]	XnOpenNI.cpp	1258	Creating node 'Device1' of type Device: PrimeSense/SensorKinect/5.0.1.32...
 1530210	[VERBOSE]	XnSensor.cpp	837	Global configuration file './../../../data/openni/config//GlobalDefaultsKinect.ini' was not found.
 1530245	[VERBOSE]	XnSensor.cpp	157	Initializing device sensor...
 1530351	[VERBOSE]	XnDeviceModule.cpp	417	Configuring module 'Device' from section 'Device' in file './../../../data/openni/config//GlobalDefaultsKinect.ini'...
 1530490	[INFO]	XnDeviceModule.cpp	431	Module 'Device' configuration was loaded from file.
 1530539	[VERBOSE]	XnDeviceSensorIO.cpp	76	Connecting to USB device...
 1530560	[VERBOSE]	XnDeviceSensorIO.cpp	94	Trying to open sensor '045e/02ae@250/10'...
 1961448	[VERBOSE]	XnDeviceSensorIO.cpp	107	Trying to open endpoint 0x4 for control out (for old firmwares)...
 1961504	[INFO]	XnDeviceSensorIO.cpp	128	Connected to USB device
 1961529	[INFO]	XnProperty.cpp	151	Property Device.USBPath was changed to 045e/02ae@250/10.
 1969019	[VERBOSE]	XnHostProtocol.cpp	706	Getting hardware versions...
 1970261	[INFO]	XnHostProtocol.cpp	859	Hardware versions: FW=5.1.4 (7) HW=4 Chip=2 Sensor=4 SYS=7
 1982755	[VERBOSE]	XnHostProtocol.cpp	869	Requesting KeepAlive...
 1995212	[VERBOSE]	XnHostProtocol.cpp	880	Got KeepAlive Reply.
 1995263	[VERBOSE]	XnHostProtocol.cpp	1156	Setting mode to 3...
 2807747	[VERBOSE]	XnHostProtocol.cpp	869	Requesting KeepAlive...
 2820258	[VERBOSE]	XnHostProtocol.cpp	880	Got KeepAlive Reply.
 2832610	[VERBOSE]	XnProperty.cpp	151	Property Firmware.ReferenceResolution was changed to 2.
 2832655	[VERBOSE]	XnSensorFirmwareParams.cpp	282	Reading all params from firmware...
 2905892	[VERBOSE]	XnProperty.cpp	151	Property Firmware.DepthHoleFilter (22) was changed to 1.
 2905939	[VERBOSE]	XnProperty.cpp	151	Property Firmware.ImageSharpness (76) was changed to 50.
 2930793	[VERBOSE]	XnProperty.cpp	151	Property Firmware.DepthGain (21) was changed to 30.
 2943143	[VERBOSE]	XnProperty.cpp	151	Property Firmware.GMCMode (36) was changed to 1.
 2968026	[VERBOSE]	XnProperty.cpp	151	Property Firmware.DepthFPS (20) was changed to 30.
 2980455	[VERBOSE]	XnProperty.cpp	151	Property Firmware.DepthWhiteBalance (45) was changed to 1.
 2992746	[VERBOSE]	XnProperty.cpp	151	Property Firmware.DepthResolution (19) was changed to 1.
 3005263	[VERBOSE]	XnProperty.cpp	151	Property Firmware.DepthFormat (18) was changed to 3.
 3203257	[VERBOSE]	XnProperty.cpp	151	Property Firmware.ImageFPS (14) was changed to 30.
 3227646	[VERBOSE]	XnProperty.cpp	151	Property Firmware.ImageResolution (13) was changed to 1.
 3364184	[VERBOSE]	XnSensorFirmwareParams.cpp	291	Firmware params were updated.
 3364261	[VERBOSE]	XnHostProtocol.cpp	989	Getting the fixed params...
 3377083	[VERBOSE]	XnSensorFixedParams.cpp	54	Sensor serial number: 0
 3377136	[INFO]	XnProperty.cpp	151	Property Device.PhysicalDeviceName was changed to PrimeSense Sensor.
 3377156	[INFO]	XnProperty.cpp	151	Property Device.ID was changed to 0.
 3377191	[INFO]	XnSensor.cpp	185	Device sensor initialized
 3377297	[INFO]	XnOpenNI.cpp	1258	Creating node 'Depth1' of type Depth: PrimeSense/SensorKinect/5.0.1.32...
 3377344	[INFO]	XnDeviceBase.cpp	1383	Creating stream 'Depth1' of type 'Depth'...
 3377370	[INFO]	XnProperty.cpp	74	Setting Device.ReadData to 1...
 3377386	[VERBOSE]	XnDeviceSensorIO.cpp	160	Opening endpoints...
 3377402	[VERBOSE]	XnDeviceSensorIO.cpp	170	Opening endpoint 0x81 for depth...
 3377426	[VERBOSE]	XnDeviceSensorIO.cpp	194	Depth endpoint is isochronous.
 3377443	[VERBOSE]	XnDeviceSensorIO.cpp	220	Opening endpoint 0x82 for image...
 3377459	[VERBOSE]	XnDeviceSensorIO.cpp	233	Image endpoint is isochronous.
 3377470	[VERBOSE]	XnDeviceSensorIO.cpp	250	Opening endpoint 0x83 for misc...
 3377482	[VERBOSE]	XnDeviceSensorIO.cpp	264	Misc endpoint is not supported...
 3377493	[INFO]	XnDeviceSensorIO.cpp	291	Endpoints open
 3377503	[VERBOSE]	XnHostProtocol.cpp	1203	Getting algorithm params 0x80 for resolution 0 and fps 0....
 3389581	[INFO]	XnProperty.cpp	151	Property Device.ReadData was changed to 1.
 3389634	[INFO]	XnProperty.cpp	101	Device.ReadData was successfully set.
 3389865	[VERBOSE]	XnDeviceBase.cpp	1419	Initializing stream 'Depth1'...
 3390090	[INFO]	XnProperty.cpp	151	Property Depth1.FPS was changed to 30.
 3390109	[INFO]	XnProperty.cpp	151	Property Depth1.OutputFormat was changed to 1.
 3390127	[INFO]	XnProperty.cpp	151	Property Depth1.BytesPerPixel was changed to 2.
 3390144	[INFO]	XnProperty.cpp	151	Property Depth1.RequiredDataSize was changed to 614400.
 3390214	[INFO]	XnProperty.cpp	151	Property Depth1.ParamCoeff was changed to 4.
 3390282	[INFO]	XnProperty.cpp	151	Property Depth1.ShiftScale was changed to 10.
 3390349	[VERBOSE]	XnHostProtocol.cpp	1203	Getting algorithm params 0x0 for resolution 1 and fps 30....
 3402483	[INFO]	XnProperty.cpp	151	Property Depth1.ConstShift was changed to 200.
 3402591	[INFO]	XnProperty.cpp	151	Property Depth1.ZPD was changed to 120.
 3402713	[INFO]	XnProperty.cpp	151	Property Depth1.ZPPS was changed to 0.104200.
 3402732	[INFO]	XnProperty.cpp	151	Property Depth1.LDDIS was changed to 7.500000.
 3402846	[INFO]	XnProperty.cpp	151	Property Depth1.Gain was changed to 30.
 3402885	[INFO]	XnProperty.cpp	151	Property Depth1.SupportedModesCount was changed to 9.
 3402919	[INFO]	XnDeviceBase.cpp	1458	Stream 'Depth1' was initialized.
 3402939	[INFO]	XnDeviceBase.cpp	1463	'Depth1' stream was created.
 3402958	[VERBOSE]	XnDeviceModule.cpp	417	Configuring module 'Depth1' from section 'Depth' in file './../../../data/openni/config//GlobalDefaultsKinect.ini'...
 3403115	[INFO]	XnDeviceModule.cpp	431	Module 'Depth1' configuration was loaded from file.
 3403304	[VERBOSE]	XnDeviceBase.cpp	359	Opening stream Depth1...
 3403342	[VERBOSE]	XnFirmwareStreams.cpp	202	FW Stream Depth was claimed by Depth1
 3403363	[VERBOSE]	XnSensorDepthStream.cpp	336	Creating USB depth read thread...
 3403381	[VERBOSE]	XnUSBLinux-x86.cpp	104	Starting libusb asynch thread...
 3403457	[WARNING]	Linux-x86Threads.cpp	166	Failed to set thread priority: Invalid argument
 3403478	[WARNING]	XnUSBLinux-x86.cpp	122	USB events thread: Failed to set thread priority to critical. This might cause loss of data...
 3403500	[VERBOSE]	XnUSBLinux-x86.cpp	1128	Starting a USB read thread...
 3404470	[INFO]	XnUSBLinux-x86.cpp	1220	USB read thread was started.
 3404500	[INFO]	XnProperty.cpp	151	Property Depth1.ActualReadData was changed to 1.
 3404529	[VERBOSE]	XnProperty.cpp	74	Setting Firmware.DepthFormat (18) to 3...
 3416690	[VERBOSE]	XnProperty.cpp	101	Firmware.DepthFormat (18) was successfully set.
 3416734	[VERBOSE]	XnProperty.cpp	74	Setting Firmware.DepthResolution (19) to 1...
 3428821	[VERBOSE]	XnProperty.cpp	101	Firmware.DepthResolution (19) was successfully set.
 3428871	[VERBOSE]	XnProperty.cpp	74	Setting Firmware.DepthFPS (20) to 30...
 3441011	[VERBOSE]	XnProperty.cpp	101	Firmware.DepthFPS (20) was successfully set.
 3441069	[VERBOSE]	XnProperty.cpp	74	Setting Firmware.DepthHoleFilter (22) to 1...
 3453254	[VERBOSE]	XnProperty.cpp	101	Firmware.DepthHoleFilter (22) was successfully set.
 3453292	[VERBOSE]	XnProperty.cpp	74	Setting Firmware.DepthGain (21) to 30...
 3465380	[VERBOSE]	XnProperty.cpp	101	Firmware.DepthGain (21) was successfully set.
 3465431	[VERBOSE]	XnProperty.cpp	74	Setting Firmware.DepthDecimation (24) to 0...
 3477513	[VERBOSE]	XnProperty.cpp	101	Firmware.DepthDecimation (24) was successfully set.
 3477565	[VERBOSE]	XnProperty.cpp	74	Setting Firmware.Registration (2) to 0...
 3489559	[VERBOSE]	XnProperty.cpp	101	Firmware.Registration (2) was successfully set.
 3489618	[VERBOSE]	XnProperty.cpp	74	Setting Firmware.DepthMirror (23) to 0...
 3501751	[VERBOSE]	XnProperty.cpp	101	Firmware.DepthMirror (23) was successfully set.
 3501807	[VERBOSE]	XnProperty.cpp	74	Setting Firmware.GMCMode (36) to 1...
 3514033	[VERBOSE]	XnProperty.cpp	101	Firmware.GMCMode (36) was successfully set.
 3514081	[VERBOSE]	XnProperty.cpp	74	Setting Firmware.DepthWhiteBalance (45) to 1...
 3526281	[VERBOSE]	XnProperty.cpp	101	Firmware.DepthWhiteBalance (45) was successfully set.
 3526335	[VERBOSE]	XnHostProtocol.cpp	1203	Getting algorithm params 0x6 for resolution 1 and fps 30....
 3550736	[VERBOSE]	XnFirmwareStreams.cpp	284	Firmware stream 'Depth' processor was replaced.
 3550781	[VERBOSE]	XnProperty.cpp	74	Setting Firmware.Stream1Mode (6) to 2...
 3652249	[VERBOSE]	XnOpenNI.cpp	588	[FPS] Depth1 (I:  0.00, O:  0.00) ReadCalls:  0.00
 3652315	[VERBOSE]	XnSensorFPS.cpp	86	[FPS] InputFrames - I:  0.00, D:  0.00, OutputFrames - I:  0.00, D:  0.00
 3862920	[VERBOSE]	XnProperty.cpp	151	Property Firmware.Stream1Mode (6) was changed to 2.
 3862961	[VERBOSE]	XnProperty.cpp	74	Setting Firmware.FrameSync (1) to 0...
 3875150	[VERBOSE]	XnProperty.cpp	101	Firmware.FrameSync (1) was successfully set.
 3875196	[VERBOSE]	XnProperty.cpp	101	Firmware.Stream1Mode (6) was successfully set.
 3875211	[VERBOSE]	XnProperty.cpp	74	Setting Firmware.DepthCropEnabled (55) to 0...
 3887397	[VERBOSE]	XnProperty.cpp	101	Firmware.DepthCropEnabled (55) was successfully set.
 3887462	[INFO]	XnProperty.cpp	151	Property Depth1.State was changed to 1.
 3887483	[INFO]	XnDeviceBase.cpp	370	Stream Depth1 is open.
 4016336	[VERBOSE]	XnOpenNI.cpp	588	[FPS] Depth1 (I: 32.96, O:  0.00) ReadCalls:  0.00
 4016391	[VERBOSE]	XnSensorFPS.cpp	86	[FPS] InputFrames - I:  0.00, D: 32.96, OutputFrames - I:  0.00, D:  0.00
 5008685	[VERBOSE]	XnOpenNI.cpp	588	[FPS] Depth1 (I: 30.23, O: 28.78) ReadCalls: 29.74
 5020287	[VERBOSE]	XnSensorFPS.cpp	86	[FPS] InputFrames - I:  0.00, D: 30.70, OutputFrames - I:  0.00, D: 28.46
 6010989	[VERBOSE]	XnOpenNI.cpp	588	[FPS] Depth1 (I: 30.10, O: 29.34) ReadCalls: 29.83
 6020314	[VERBOSE]	XnSensorFPS.cpp	86	[FPS] InputFrames - I:  0.00, D: 30.41, OutputFrames - I:  0.00, D: 29.21
 7011145	[VERBOSE]	XnOpenNI.cpp	588	[FPS] Depth1 (I: 29.38, O: 29.55) ReadCalls: 29.89
 7020355	[VERBOSE]	XnSensorFPS.cpp	86	[FPS] InputFrames - I:  0.00, D: 29.65, OutputFrames - I:  0.00, D: 29.46
 8016260	[VERBOSE]	XnOpenNI.cpp	588	[FPS] Depth1 (I: 29.37, O: 29.37) ReadCalls: 29.71
 8020366	[VERBOSE]	XnSensorFPS.cpp	86	[FPS] InputFrames - I:  0.00, D: 29.65, OutputFrames - I:  0.00, D: 29.33
 9015073	[VERBOSE]	XnOpenNI.cpp	588	[FPS] Depth1 (I: 29.38, O: 28.72) ReadCalls: 29.06
 9015165	[VERBOSE]	XnSensorFPS.cpp	86	[FPS] InputFrames - I:  0.00, D: 29.38, OutputFrames - I:  0.00, D: 29.05
10014679	[VERBOSE]	XnOpenNI.cpp	588	[FPS] Depth1 (I: 30.06, O: 29.72) ReadCalls: 29.96
10024311	[VERBOSE]	XnSensorFPS.cpp	86	[FPS] InputFrames - I:  0.00, D: 30.32, OutputFrames - I:  0.00, D: 29.65
11017285	[VERBOSE]	XnOpenNI.cpp	588	[FPS] Depth1 (I: 30.03, O: 29.70) ReadCalls: 29.96
11024355	[VERBOSE]	XnSensorFPS.cpp	86	[FPS] InputFrames - I:  0.00, D: 30.32, OutputFrames - I:  0.00, D: 29.65
12015626	[VERBOSE]	XnOpenNI.cpp	588	[FPS] Depth1 (I: 30.09, O: 30.27) ReadCalls: 30.50
12028276	[VERBOSE]	XnSensorFPS.cpp	86	[FPS] InputFrames - I:  0.00, D: 30.28, OutputFrames - I:  0.00, D: 30.15
13017146	[VERBOSE]	XnOpenNI.cpp	588	[FPS] Depth1 (I: 30.07, O: 30.07) ReadCalls: 30.33
13028296	[VERBOSE]	XnSensorFPS.cpp	86	[FPS] InputFrames - I:  0.00, D: 30.28, OutputFrames - I:  0.00, D: 29.95
14019120	[VERBOSE]	XnOpenNI.cpp	588	[FPS] Depth1 (I: 30.05, O: 30.05) ReadCalls: 30.29
14028336	[VERBOSE]	XnSensorFPS.cpp	86	[FPS] InputFrames - I:  0.00, D: 30.32, OutputFrames - I:  0.00, D: 29.99
15024742	[VERBOSE]	XnOpenNI.cpp	588	[FPS] Depth1 (I: 30.04, O: 30.04) ReadCalls: 30.28
15028448	[VERBOSE]	XnSensorFPS.cpp	86	[FPS] InputFrames - I:  0.00, D: 30.32, OutputFrames - I:  0.00, D: 29.99
16021024	[VERBOSE]	XnOpenNI.cpp	588	[FPS] Depth1 (I: 30.07, O: 30.07) ReadCalls: 30.31
16032294	[VERBOSE]	XnSensorFPS.cpp	86	[FPS] InputFrames - I:  0.00, D: 30.28, OutputFrames - I:  0.00, D: 29.95
17000354	[VERBOSE]	XnOpenNI.cpp	588	[FPS] Depth1 (I: 30.28, O: 29.95) ReadCalls: 30.19
17000407	[VERBOSE]	XnSensorFPS.cpp	86	[FPS] InputFrames - I:  0.00, D: 30.28, OutputFrames - I:  0.00, D: 29.95
18000356	[VERBOSE]	XnOpenNI.cpp	588	[FPS] Depth1 (I: 30.28, O: 29.95) ReadCalls: 30.25
18000405	[VERBOSE]	XnSensorFPS.cpp	86	[FPS] InputFrames - I:  0.00, D: 30.28, OutputFrames - I:  0.00, D: 29.95
19000417	[VERBOSE]	XnOpenNI.cpp	588	[FPS] Depth1 (I: 30.32, O: 29.99) ReadCalls: 30.21
19000478	[VERBOSE]	XnSensorFPS.cpp	86	[FPS] InputFrames - I:  0.00, D: 30.32, OutputFrames - I:  0.00, D: 29.99
20000434	[VERBOSE]	XnOpenNI.cpp	588	[FPS] Depth1 (I: 30.32, O: 30.00) ReadCalls: 30.26
20000486	[VERBOSE]	XnSensorFPS.cpp	86	[FPS] InputFrames - I:  0.00, D: 30.32, OutputFrames - I:  0.00, D: 30.00
21004376	[VERBOSE]	XnOpenNI.cpp	588	[FPS] Depth1 (I: 30.28, O: 29.95) ReadCalls: 30.21
21004461	[VERBOSE]	XnSensorFPS.cpp	86	[FPS] InputFrames - I:  0.00, D: 30.28, OutputFrames - I:  0.00, D: 29.95
22004392	[VERBOSE]	XnOpenNI.cpp	588	[FPS] Depth1 (I: 30.28, O: 29.95) ReadCalls: 30.23
22004469	[VERBOSE]	XnSensorFPS.cpp	86	[FPS] InputFrames - I:  0.00, D: 30.28, OutputFrames - I:  0.00, D: 29.95
23004421	[VERBOSE]	XnOpenNI.cpp	588	[FPS] Depth1 (I: 30.32, O: 29.99) ReadCalls: 30.24
23004469	[VERBOSE]	XnSensorFPS.cpp	86	[FPS] InputFrames - I:  0.00, D: 30.32, OutputFrames - I:  0.00, D: 29.99
24004424	[VERBOSE]	XnOpenNI.cpp	588	[FPS] Depth1 (I: 30.32, O: 30.00) ReadCalls: 30.26
24004476	[VERBOSE]	XnSensorFPS.cpp	86	[FPS] InputFrames - I:  0.00, D: 30.32, OutputFrames - I:  0.00, D: 30.00
25008378	[VERBOSE]	XnOpenNI.cpp	588	[FPS] Depth1 (I: 30.28, O: 29.95) ReadCalls: 30.24
25008427	[VERBOSE]	XnSensorFPS.cpp	86	[FPS] InputFrames - I:  0.00, D: 30.28, OutputFrames - I:  0.00, D: 29.95
26008442	[VERBOSE]	XnOpenNI.cpp	588	[FPS] Depth1 (I: 30.28, O: 29.95) ReadCalls: 30.25
26008494	[VERBOSE]	XnSensorFPS.cpp	86	[FPS] InputFrames - I:  0.00, D: 30.28, OutputFrames - I:  0.00, D: 29.95
27000107	[VERBOSE]	XnOpenNI.cpp	588	[FPS] Depth1 (I: 30.04, O: 30.04) ReadCalls: 30.28
27008509	[VERBOSE]	XnSensorFPS.cpp	86	[FPS] InputFrames - I:  0.00, D: 30.32, OutputFrames - I:  0.00, D: 29.99
28008519	[VERBOSE]	XnOpenNI.cpp	588	[FPS] Depth1 (I: 30.32, O: 30.00) ReadCalls: 30.29
28008572	[VERBOSE]	XnSensorFPS.cpp	86	[FPS] InputFrames - I:  0.00, D: 30.32, OutputFrames - I:  0.00, D: 30.00
29002408	[VERBOSE]	XnOpenNI.cpp	588	[FPS] Depth1 (I: 30.06, O: 30.06) ReadCalls: 30.36
29012484	[VERBOSE]	XnSensorFPS.cpp	86	[FPS] InputFrames - I:  0.00, D: 30.28, OutputFrames - I:  0.00, D: 29.95
30003259	[VERBOSE]	XnOpenNI.cpp	588	[FPS] Depth1 (I: 30.05, O: 30.05) ReadCalls: 30.37
30012498	[VERBOSE]	XnSensorFPS.cpp	86	[FPS] InputFrames - I:  0.00, D: 30.32, OutputFrames - I:  0.00, D: 29.99
31003955	[VERBOSE]	XnOpenNI.cpp	588	[FPS] Depth1 (I: 30.05, O: 30.05) ReadCalls: 30.31
31012534	[VERBOSE]	XnSensorFPS.cpp	86	[FPS] InputFrames - I:  0.00, D: 30.32, OutputFrames - I:  0.00, D: 29.99
32003221	[VERBOSE]	XnOpenNI.cpp	588	[FPS] Depth1 (I: 30.09, O: 30.09) ReadCalls: 30.42
32016444	[VERBOSE]	XnSensorFPS.cpp	86	[FPS] InputFrames - I:  0.00, D: 30.28, OutputFrames - I:  0.00, D: 29.95
33006046	[VERBOSE]	XnOpenNI.cpp	588	[FPS] Depth1 (I: 30.06, O: 30.07) ReadCalls: 30.40
33016576	[VERBOSE]	XnSensorFPS.cpp	86	[FPS] InputFrames - I:  0.00, D: 30.28, OutputFrames - I:  0.00, D: 29.95
33717615	[INFO]	XnOpenNI.cpp	1458	Destroying node 'Depth1'
33717684	[INFO]	XnDeviceBase.cpp	1507	Destroying stream 'Depth1'...
33717718	[VERBOSE]	XnFirmwareStreams.cpp	225	Stream Depth1 released FW Stream Depth
33718576	[VERBOSE]	XnDeviceBase.cpp	1531	'Depth1' stream destroyed.
33718652	[INFO]	XnOpenNI.cpp	1458	Destroying node 'Device1'
33718700	[VERBOSE]	XnProperty.cpp	74	Setting Firmware.Stream0Mode (5) to 0...
33732062	[VERBOSE]	XnProperty.cpp	101	Firmware.Stream0Mode (5) was successfully set.
33732111	[VERBOSE]	XnProperty.cpp	74	Setting Firmware.Stream1Mode (6) to 0...
34044398	[VERBOSE]	XnProperty.cpp	151	Property Firmware.Stream1Mode (6) was changed to 0.
34044441	[VERBOSE]	XnProperty.cpp	74	Setting Firmware.FrameSync (1) to 0...
34056523	[VERBOSE]	XnProperty.cpp	101	Firmware.FrameSync (1) was successfully set.
34056571	[VERBOSE]	XnProperty.cpp	101	Firmware.Stream1Mode (6) was successfully set.
34056588	[VERBOSE]	XnProperty.cpp	74	Setting Firmware.Stream2Mode (7) to 0...
34069781	[VERBOSE]	XnProperty.cpp	101	Firmware.Stream2Mode (7) was successfully set.
34069825	[VERBOSE]	XnDeviceSensorIO.cpp	301	Shutting down USB depth read thread...
34069852	[VERBOSE]	XnDeviceSensorIO.cpp	311	Shutting down USB image read thread...
34077792	[VERBOSE]	XnDeviceSensorIO.cpp	358	Device closed successfully
34079220	[VERBOSE]	XnDeviceSensorIO.cpp	301	Shutting down USB depth read thread...
34079255	[VERBOSE]	XnDeviceSensorIO.cpp	311	Shutting down USB image read thread...
34079265	[VERBOSE]	XnDeviceSensorIO.cpp	358	Device closed successfully
