     685	[INFO]	XnLog.cpp	161	OpenNI version is 1.1.0 (Build 41)-MacOSX (Jul  9 2011 14:48:28)
     742	[INFO]	XnLog.cpp	169	Log system initialized. Console: 1, File: 1, Severity: VERBOSE, Masks: ALL
     781	[INFO]	XnLog.cpp	169	Log system initialized. Console: 1, File: 1, Severity: VERBOSE, Masks: ALL
     919	[VERBOSE]	XnModuleLoader.cpp	288	Checking ./../../../data/openni/lib/libnimMockNodes.dylib...
    1069	[VERBOSE]	XnModuleLoader.cpp	446	Found exported production node. ProductionNode: OpenNI/Mock/1.1.0.41
    1112	[VERBOSE]	XnModuleLoader.cpp	446	Found exported production node. Generator: OpenNI/Mock/1.1.0.41
    1139	[VERBOSE]	XnModuleLoader.cpp	446	Found exported production node. MapGenerator: OpenNI/Mock/1.1.0.41
    1164	[VERBOSE]	XnModuleLoader.cpp	446	Found exported production node. Device: OpenNI/Mock/1.1.0.41
    1189	[VERBOSE]	XnModuleLoader.cpp	446	Found exported production node. Depth: OpenNI/Mock/1.1.0.41
    1214	[VERBOSE]	XnModuleLoader.cpp	446	Found exported production node. IR: OpenNI/Mock/1.1.0.41
    1239	[VERBOSE]	XnModuleLoader.cpp	446	Found exported production node. Image: OpenNI/Mock/1.1.0.41
    1271	[VERBOSE]	XnModuleLoader.cpp	446	Found exported production node. Audio: OpenNI/Mock/1.1.0.41
    1298	[VERBOSE]	XnModuleLoader.cpp	288	Checking ./../../../data/openni/lib/libnimCodecs.dylib...
    1392	[VERBOSE]	XnModuleLoader.cpp	446	Found exported production node. Codec: OpenNI/16zP/1.1.0.41
    1425	[VERBOSE]	XnModuleLoader.cpp	446	Found exported production node. Codec: OpenNI/16zT/1.1.0.41
    1450	[VERBOSE]	XnModuleLoader.cpp	446	Found exported production node. Codec: OpenNI/Im8z/1.1.0.41
    1473	[VERBOSE]	XnModuleLoader.cpp	446	Found exported production node. Codec: OpenNI/JPEG/1.1.0.41
    1496	[VERBOSE]	XnModuleLoader.cpp	446	Found exported production node. Codec: OpenNI/NONE/1.1.0.41
    1517	[VERBOSE]	XnModuleLoader.cpp	288	Checking ./../../../data/openni/lib/libnimRecorder.dylib...
    1610	[VERBOSE]	XnModuleLoader.cpp	446	Found exported production node. Recorder: OpenNI/Recorder/1.1.0.41
    1643	[VERBOSE]	XnModuleLoader.cpp	446	Found exported production node. Player: OpenNI/Player/1.1.0.41
    1666	[VERBOSE]	XnModuleLoader.cpp	288	Checking ./../../../data/openni/lib/libXnDeviceSensorV2KM.dylib...
    1766	[VERBOSE]	XnModuleLoader.cpp	446	Found exported production node. Device: PrimeSense/SensorKinect/5.0.1.32
    1804	[VERBOSE]	XnModuleLoader.cpp	446	Found exported production node. Depth: PrimeSense/SensorKinect/5.0.1.32
    1831	[VERBOSE]	XnModuleLoader.cpp	446	Found exported production node. Image: PrimeSense/SensorKinect/5.0.1.32
    1876	[VERBOSE]	XnModuleLoader.cpp	446	Found exported production node. IR: PrimeSense/SensorKinect/5.0.1.32
    1904	[VERBOSE]	XnModuleLoader.cpp	446	Found exported production node. Audio: PrimeSense/SensorKinect/5.0.1.32
    1927	[VERBOSE]	XnModuleLoader.cpp	288	Checking ./../../../data/openni/lib/libXnVFeatures_1_3_1.dylib...
    2018	[VERBOSE]	XnModuleLoader.cpp	446	Found exported production node. Scene: PrimeSense/XnVSceneAnalyzer/1.3.1.4
    2042	[VERBOSE]	XnModuleLoader.cpp	446	Found exported production node. User: PrimeSense/XnVSkeletonGenerator/1.3.1.4
    2065	[VERBOSE]	XnModuleLoader.cpp	288	Checking ./../../../data/openni/lib/libXnVHandGenerator_1_3_1.dylib...
    2149	[VERBOSE]	XnModuleLoader.cpp	446	Found exported production node. Gesture: PrimeSense/XnVGestureGenrator/1.3.1.4
    2180	[VERBOSE]	XnModuleLoader.cpp	446	Found exported production node. Hands: PrimeSense/XnVHandTracker/1.3.1.4
    2362	[VERBOSE]	XnXmlConfig.cpp	736	Requested to create a node of type Depth...
    2420	[VERBOSE]	XnUSBLinux-x86.cpp	83	Initializing USB...
    2917	[INFO]	XnUSBLinux-x86.cpp	94	USB is initialized.
 1526746	[INFO]	XnOpenNI.cpp	1258	Creating node 'Device1' of type Device: PrimeSense/SensorKinect/5.0.1.32...
 1527055	[VERBOSE]	XnSensor.cpp	837	Global configuration file './../../../data/openni/config//GlobalDefaultsKinect.ini' was not found.
 1527088	[VERBOSE]	XnSensor.cpp	157	Initializing device sensor...
 1527207	[VERBOSE]	XnDeviceModule.cpp	417	Configuring module 'Device' from section 'Device' in file './../../../data/openni/config//GlobalDefaultsKinect.ini'...
 1527355	[INFO]	XnDeviceModule.cpp	431	Module 'Device' configuration was loaded from file.
 1527407	[VERBOSE]	XnDeviceSensorIO.cpp	76	Connecting to USB device...
 1527428	[VERBOSE]	XnDeviceSensorIO.cpp	94	Trying to open sensor '045e/02ae@250/10'...
 1981357	[VERBOSE]	XnDeviceSensorIO.cpp	107	Trying to open endpoint 0x4 for control out (for old firmwares)...
 1981408	[INFO]	XnDeviceSensorIO.cpp	128	Connected to USB device
 1981429	[INFO]	XnProperty.cpp	151	Property Device.USBPath was changed to 045e/02ae@250/10.
 1989264	[VERBOSE]	XnHostProtocol.cpp	706	Getting hardware versions...
 1990618	[INFO]	XnHostProtocol.cpp	859	Hardware versions: FW=5.1.4 (7) HW=4 Chip=2 Sensor=4 SYS=7
 2003111	[VERBOSE]	XnHostProtocol.cpp	869	Requesting KeepAlive...
 2015867	[VERBOSE]	XnHostProtocol.cpp	880	Got KeepAlive Reply.
 2015910	[VERBOSE]	XnHostProtocol.cpp	1156	Setting mode to 3...
 2828458	[VERBOSE]	XnHostProtocol.cpp	869	Requesting KeepAlive...
 2841251	[VERBOSE]	XnHostProtocol.cpp	880	Got KeepAlive Reply.
 2853782	[VERBOSE]	XnProperty.cpp	151	Property Firmware.ReferenceResolution was changed to 2.
 2853823	[VERBOSE]	XnSensorFirmwareParams.cpp	282	Reading all params from firmware...
 2928396	[VERBOSE]	XnProperty.cpp	151	Property Firmware.DepthHoleFilter (22) was changed to 1.
 2928446	[VERBOSE]	XnProperty.cpp	151	Property Firmware.ImageSharpness (76) was changed to 50.
 2952969	[VERBOSE]	XnProperty.cpp	151	Property Firmware.DepthGain (21) was changed to 30.
 2965298	[VERBOSE]	XnProperty.cpp	151	Property Firmware.GMCMode (36) was changed to 1.
 2990281	[VERBOSE]	XnProperty.cpp	151	Property Firmware.DepthFPS (20) was changed to 30.
 3002759	[VERBOSE]	XnProperty.cpp	151	Property Firmware.DepthWhiteBalance (45) was changed to 1.
 3015100	[VERBOSE]	XnProperty.cpp	151	Property Firmware.DepthResolution (19) was changed to 1.
 3027971	[VERBOSE]	XnProperty.cpp	151	Property Firmware.DepthFormat (18) was changed to 3.
 3176950	[VERBOSE]	XnProperty.cpp	151	Property Firmware.ImageFlicker (17) was changed to 1.
 3227074	[VERBOSE]	XnProperty.cpp	151	Property Firmware.ImageFPS (14) was changed to 30.
 3251900	[VERBOSE]	XnProperty.cpp	151	Property Firmware.ImageResolution (13) was changed to 1.
 3388671	[VERBOSE]	XnSensorFirmwareParams.cpp	291	Firmware params were updated.
 3388750	[VERBOSE]	XnHostProtocol.cpp	989	Getting the fixed params...
 3401563	[VERBOSE]	XnSensorFixedParams.cpp	54	Sensor serial number: 0
 3401618	[INFO]	XnProperty.cpp	151	Property Device.PhysicalDeviceName was changed to PrimeSense Sensor.
 3401637	[INFO]	XnProperty.cpp	151	Property Device.ID was changed to 0.
 3401668	[INFO]	XnSensor.cpp	185	Device sensor initialized
 3401777	[INFO]	XnOpenNI.cpp	1258	Creating node 'Depth1' of type Depth: PrimeSense/SensorKinect/5.0.1.32...
 3401816	[INFO]	XnDeviceBase.cpp	1383	Creating stream 'Depth1' of type 'Depth'...
 3401833	[INFO]	XnProperty.cpp	74	Setting Device.ReadData to 1...
 3401845	[VERBOSE]	XnDeviceSensorIO.cpp	160	Opening endpoints...
 3401857	[VERBOSE]	XnDeviceSensorIO.cpp	170	Opening endpoint 0x81 for depth...
 3401883	[VERBOSE]	XnDeviceSensorIO.cpp	194	Depth endpoint is isochronous.
 3401904	[VERBOSE]	XnDeviceSensorIO.cpp	220	Opening endpoint 0x82 for image...
 3401929	[VERBOSE]	XnDeviceSensorIO.cpp	233	Image endpoint is isochronous.
 3401943	[VERBOSE]	XnDeviceSensorIO.cpp	250	Opening endpoint 0x83 for misc...
 3401957	[VERBOSE]	XnDeviceSensorIO.cpp	264	Misc endpoint is not supported...
 3401968	[INFO]	XnDeviceSensorIO.cpp	291	Endpoints open
 3401978	[VERBOSE]	XnHostProtocol.cpp	1203	Getting algorithm params 0x80 for resolution 0 and fps 0....
 3414160	[INFO]	XnProperty.cpp	151	Property Device.ReadData was changed to 1.
 3414208	[INFO]	XnProperty.cpp	101	Device.ReadData was successfully set.
 3414421	[VERBOSE]	XnDeviceBase.cpp	1419	Initializing stream 'Depth1'...
 3414631	[INFO]	XnProperty.cpp	151	Property Depth1.FPS was changed to 30.
 3414649	[INFO]	XnProperty.cpp	151	Property Depth1.OutputFormat was changed to 1.
 3414696	[INFO]	XnProperty.cpp	151	Property Depth1.BytesPerPixel was changed to 2.
 3414709	[INFO]	XnProperty.cpp	151	Property Depth1.RequiredDataSize was changed to 614400.
 3414731	[INFO]	XnProperty.cpp	151	Property Depth1.ParamCoeff was changed to 4.
 3414793	[INFO]	XnProperty.cpp	151	Property Depth1.ShiftScale was changed to 10.
 3414855	[VERBOSE]	XnHostProtocol.cpp	1203	Getting algorithm params 0x0 for resolution 1 and fps 30....
 3427178	[INFO]	XnProperty.cpp	151	Property Depth1.ConstShift was changed to 200.
 3427280	[INFO]	XnProperty.cpp	151	Property Depth1.ZPD was changed to 120.
 3427390	[INFO]	XnProperty.cpp	151	Property Depth1.ZPPS was changed to 0.104200.
 3427405	[INFO]	XnProperty.cpp	151	Property Depth1.LDDIS was changed to 7.500000.
 3427509	[INFO]	XnProperty.cpp	151	Property Depth1.Gain was changed to 30.
 3427542	[INFO]	XnProperty.cpp	151	Property Depth1.SupportedModesCount was changed to 9.
 3427565	[INFO]	XnDeviceBase.cpp	1458	Stream 'Depth1' was initialized.
 3427578	[INFO]	XnDeviceBase.cpp	1463	'Depth1' stream was created.
 3427593	[VERBOSE]	XnDeviceModule.cpp	417	Configuring module 'Depth1' from section 'Depth' in file './../../../data/openni/config//GlobalDefaultsKinect.ini'...
 3427742	[INFO]	XnDeviceModule.cpp	431	Module 'Depth1' configuration was loaded from file.
 3427886	[INFO]	XnProperty.cpp	74	Setting Depth1.Mirror to 1...
 3427905	[INFO]	XnProperty.cpp	151	Property Depth1.FirmwareMirror was changed to 1.
 3427918	[INFO]	XnProperty.cpp	151	Property Depth1.Mirror was changed to 1.
 3427929	[INFO]	XnProperty.cpp	101	Depth1.Mirror was successfully set.
 3427944	[VERBOSE]	XnDeviceBase.cpp	359	Opening stream Depth1...
 3427966	[VERBOSE]	XnFirmwareStreams.cpp	202	FW Stream Depth was claimed by Depth1
 3427981	[VERBOSE]	XnSensorDepthStream.cpp	336	Creating USB depth read thread...
 3427994	[VERBOSE]	XnUSBLinux-x86.cpp	104	Starting libusb asynch thread...
 3428073	[WARNING]	Linux-x86Threads.cpp	166	Failed to set thread priority: Invalid argument
 3428090	[WARNING]	XnUSBLinux-x86.cpp	122	USB events thread: Failed to set thread priority to critical. This might cause loss of data...
 3428108	[VERBOSE]	XnUSBLinux-x86.cpp	1128	Starting a USB read thread...
 3429090	[INFO]	XnUSBLinux-x86.cpp	1220	USB read thread was started.
 3429114	[INFO]	XnProperty.cpp	151	Property Depth1.ActualReadData was changed to 1.
 3429134	[VERBOSE]	XnProperty.cpp	74	Setting Firmware.DepthFormat (18) to 3...
 3441475	[VERBOSE]	XnProperty.cpp	101	Firmware.DepthFormat (18) was successfully set.
 3441522	[VERBOSE]	XnProperty.cpp	74	Setting Firmware.DepthResolution (19) to 1...
 3453587	[VERBOSE]	XnProperty.cpp	101	Firmware.DepthResolution (19) was successfully set.
 3453658	[VERBOSE]	XnProperty.cpp	74	Setting Firmware.DepthFPS (20) to 30...
 3465759	[VERBOSE]	XnProperty.cpp	101	Firmware.DepthFPS (20) was successfully set.
 3465799	[VERBOSE]	XnProperty.cpp	74	Setting Firmware.DepthHoleFilter (22) to 1...
 3477907	[VERBOSE]	XnProperty.cpp	101	Firmware.DepthHoleFilter (22) was successfully set.
 3477956	[VERBOSE]	XnProperty.cpp	74	Setting Firmware.DepthGain (21) to 30...
 3490034	[VERBOSE]	XnProperty.cpp	101	Firmware.DepthGain (21) was successfully set.
 3490077	[VERBOSE]	XnProperty.cpp	74	Setting Firmware.DepthDecimation (24) to 0...
 3502497	[VERBOSE]	XnProperty.cpp	101	Firmware.DepthDecimation (24) was successfully set.
 3502558	[VERBOSE]	XnProperty.cpp	74	Setting Firmware.Registration (2) to 0...
 3514721	[VERBOSE]	XnProperty.cpp	101	Firmware.Registration (2) was successfully set.
 3514771	[VERBOSE]	XnProperty.cpp	74	Setting Firmware.DepthMirror (23) to 1...
 3526850	[VERBOSE]	XnProperty.cpp	151	Property Firmware.DepthMirror (23) was changed to 1.
 3526895	[VERBOSE]	XnProperty.cpp	101	Firmware.DepthMirror (23) was successfully set.
 3526915	[VERBOSE]	XnProperty.cpp	74	Setting Firmware.GMCMode (36) to 1...
 3539091	[VERBOSE]	XnProperty.cpp	101	Firmware.GMCMode (36) was successfully set.
 3539144	[VERBOSE]	XnProperty.cpp	74	Setting Firmware.DepthWhiteBalance (45) to 1...
 3551226	[VERBOSE]	XnProperty.cpp	101	Firmware.DepthWhiteBalance (45) was successfully set.
 3551329	[VERBOSE]	XnHostProtocol.cpp	1203	Getting algorithm params 0x6 for resolution 1 and fps 30....
 3575633	[VERBOSE]	XnFirmwareStreams.cpp	284	Firmware stream 'Depth' processor was replaced.
 3575681	[VERBOSE]	XnProperty.cpp	74	Setting Firmware.Stream1Mode (6) to 2...
 3677289	[VERBOSE]	XnOpenNI.cpp	588	[FPS] Depth1 (I:  0.00, O:  0.00) ReadCalls:  0.00
 3677359	[VERBOSE]	XnSensorFPS.cpp	86	[FPS] InputFrames - I:  0.00, D:  0.00, OutputFrames - I:  0.00, D:  0.00
 3888011	[VERBOSE]	XnProperty.cpp	151	Property Firmware.Stream1Mode (6) was changed to 2.
 3888053	[VERBOSE]	XnProperty.cpp	74	Setting Firmware.FrameSync (1) to 0...
 3900370	[VERBOSE]	XnProperty.cpp	101	Firmware.FrameSync (1) was successfully set.
 3900412	[VERBOSE]	XnProperty.cpp	101	Firmware.Stream1Mode (6) was successfully set.
 3900427	[VERBOSE]	XnProperty.cpp	74	Setting Firmware.DepthCropEnabled (55) to 0...
 3912749	[VERBOSE]	XnProperty.cpp	101	Firmware.DepthCropEnabled (55) was successfully set.
 3912807	[INFO]	XnProperty.cpp	151	Property Depth1.State was changed to 1.
 3912820	[INFO]	XnDeviceBase.cpp	370	Stream Depth1 is open.
 4009315	[VERBOSE]	XnOpenNI.cpp	588	[FPS] Depth1 (I: 33.13, O:  0.00) ReadCalls:  0.00
 4009377	[VERBOSE]	XnSensorFPS.cpp	86	[FPS] InputFrames - I:  0.00, D: 33.13, OutputFrames - I:  0.00, D:  0.00
 5009364	[VERBOSE]	XnOpenNI.cpp	588	[FPS] Depth1 (I: 30.78, O: 26.56) ReadCalls: 27.54
 5009414	[VERBOSE]	XnSensorFPS.cpp	86	[FPS] InputFrames - I:  0.00, D: 30.78, OutputFrames - I:  0.00, D: 26.56
 6013315	[VERBOSE]	XnOpenNI.cpp	588	[FPS] Depth1 (I: 30.39, O: 28.21) ReadCalls: 28.71
 6013368	[VERBOSE]	XnSensorFPS.cpp	86	[FPS] InputFrames - I:  0.00, D: 30.39, OutputFrames - I:  0.00, D: 28.21
 6873557	[WARNING]	XnUSBLinux-x86.cpp	1076	Endpoint 0x82, Buffer 15: Asynch transfer failed (status: 1)
 6878448	[WARNING]	XnDepthProcessor.cpp	133	Read: Depth buffer is corrupt. Size is 207472 (!= 614400)
 6878502	[WARNING]	XnFrameStreamProcessor.cpp	138	Depth frame is corrupt!
 7014335	[VERBOSE]	XnOpenNI.cpp	588	[FPS] Depth1 (I: 29.60, O: 29.38) ReadCalls: 29.73
 7014384	[VERBOSE]	XnSensorFPS.cpp	86	[FPS] InputFrames - I:  0.00, D: 29.60, OutputFrames - I:  0.00, D: 29.38
 8000148	[VERBOSE]	XnOpenNI.cpp	588	[FPS] Depth1 (I: 29.42, O: 29.42) ReadCalls: 29.66
 8014343	[VERBOSE]	XnSensorFPS.cpp	86	[FPS] InputFrames - I:  0.00, D: 29.64, OutputFrames - I:  0.00, D: 29.30
 9003383	[VERBOSE]	XnOpenNI.cpp	588	[FPS] Depth1 (I: 29.43, O: 29.43) ReadCalls: 29.65
 9014401	[VERBOSE]	XnSensorFPS.cpp	86	[FPS] InputFrames - I:  0.00, D: 29.64, OutputFrames - I:  0.00, D: 29.30
10003335	[VERBOSE]	XnOpenNI.cpp	588	[FPS] Depth1 (I: 30.11, O: 30.11) ReadCalls: 30.34
10014447	[VERBOSE]	XnSensorFPS.cpp	86	[FPS] InputFrames - I:  0.00, D: 30.32, OutputFrames - I:  0.00, D: 29.99
11003359	[VERBOSE]	XnOpenNI.cpp	588	[FPS] Depth1 (I: 30.11, O: 30.11) ReadCalls: 30.38
11018395	[VERBOSE]	XnSensorFPS.cpp	86	[FPS] InputFrames - I:  0.00, D: 30.28, OutputFrames - I:  0.00, D: 29.95
12007606	[VERBOSE]	XnOpenNI.cpp	588	[FPS] Depth1 (I: 30.07, O: 30.07) ReadCalls: 30.29
12018428	[VERBOSE]	XnSensorFPS.cpp	86	[FPS] InputFrames - I:  0.00, D: 30.28, OutputFrames - I:  0.00, D: 29.95
13008924	[VERBOSE]	XnOpenNI.cpp	588	[FPS] Depth1 (I: 30.06, O: 30.06) ReadCalls: 30.30
13018468	[VERBOSE]	XnSensorFPS.cpp	86	[FPS] InputFrames - I:  0.00, D: 30.32, OutputFrames - I:  0.00, D: 29.99
14009465	[VERBOSE]	XnOpenNI.cpp	588	[FPS] Depth1 (I: 30.09, O: 30.09) ReadCalls: 30.32
14018486	[VERBOSE]	XnSensorFPS.cpp	86	[FPS] InputFrames - I:  0.00, D: 30.32, OutputFrames - I:  0.00, D: 29.99
15009613	[VERBOSE]	XnOpenNI.cpp	588	[FPS] Depth1 (I: 30.09, O: 30.09) ReadCalls: 30.33
15022456	[VERBOSE]	XnSensorFPS.cpp	86	[FPS] InputFrames - I:  0.00, D: 30.28, OutputFrames - I:  0.00, D: 29.95
16015810	[VERBOSE]	XnOpenNI.cpp	588	[FPS] Depth1 (I: 30.03, O: 30.03) ReadCalls: 30.29
16022483	[VERBOSE]	XnSensorFPS.cpp	86	[FPS] InputFrames - I:  0.00, D: 30.32, OutputFrames - I:  0.00, D: 29.99
17014071	[VERBOSE]	XnOpenNI.cpp	588	[FPS] Depth1 (I: 30.04, O: 30.04) ReadCalls: 30.32
17022469	[VERBOSE]	XnSensorFPS.cpp	86	[FPS] InputFrames - I:  0.00, D: 30.32, OutputFrames - I:  0.00, D: 29.99
18019281	[VERBOSE]	XnOpenNI.cpp	588	[FPS] Depth1 (I: 30.03, O: 30.03) ReadCalls: 30.29
18026446	[VERBOSE]	XnSensorFPS.cpp	86	[FPS] InputFrames - I:  0.00, D: 30.28, OutputFrames - I:  0.00, D: 29.95
19012977	[VERBOSE]	XnOpenNI.cpp	588	[FPS] Depth1 (I: 30.10, O: 30.10) ReadCalls: 30.37
19026469	[VERBOSE]	XnSensorFPS.cpp	86	[FPS] InputFrames - I:  0.00, D: 30.28, OutputFrames - I:  0.00, D: 29.95
20017414	[VERBOSE]	XnOpenNI.cpp	588	[FPS] Depth1 (I: 30.05, O: 30.05) ReadCalls: 30.34
20026529	[VERBOSE]	XnSensorFPS.cpp	86	[FPS] InputFrames - I:  0.00, D: 30.32, OutputFrames - I:  0.00, D: 29.99
21016165	[VERBOSE]	XnOpenNI.cpp	588	[FPS] Depth1 (I: 30.10, O: 30.10) ReadCalls: 30.37
21026565	[VERBOSE]	XnSensorFPS.cpp	86	[FPS] InputFrames - I:  0.00, D: 30.32, OutputFrames - I:  0.00, D: 29.99
22020160	[VERBOSE]	XnOpenNI.cpp	588	[FPS] Depth1 (I: 30.06, O: 30.06) ReadCalls: 30.35
22030551	[VERBOSE]	XnSensorFPS.cpp	86	[FPS] InputFrames - I:  0.00, D: 30.28, OutputFrames - I:  0.00, D: 29.95
23024146	[VERBOSE]	XnOpenNI.cpp	588	[FPS] Depth1 (I: 30.02, O: 30.02) ReadCalls: 30.33
23030641	[VERBOSE]	XnSensorFPS.cpp	86	[FPS] InputFrames - I:  0.00, D: 30.28, OutputFrames - I:  0.00, D: 29.95
24020366	[VERBOSE]	XnOpenNI.cpp	588	[FPS] Depth1 (I: 30.06, O: 30.06) ReadCalls: 30.29
24030582	[VERBOSE]	XnSensorFPS.cpp	86	[FPS] InputFrames - I:  0.00, D: 30.33, OutputFrames - I:  0.00, D: 29.99
25025454	[VERBOSE]	XnOpenNI.cpp	588	[FPS] Depth1 (I: 30.05, O: 30.05) ReadCalls: 30.30
25030631	[VERBOSE]	XnSensorFPS.cpp	86	[FPS] InputFrames - I:  0.00, D: 30.32, OutputFrames - I:  0.00, D: 29.99
26025243	[VERBOSE]	XnOpenNI.cpp	588	[FPS] Depth1 (I: 30.05, O: 30.05) ReadCalls: 30.31
26034542	[VERBOSE]	XnSensorFPS.cpp	86	[FPS] InputFrames - I:  0.00, D: 30.28, OutputFrames - I:  0.00, D: 29.95
27002541	[VERBOSE]	XnOpenNI.cpp	588	[FPS] Depth1 (I: 30.28, O: 29.95) ReadCalls: 30.18
27002597	[VERBOSE]	XnSensorFPS.cpp	86	[FPS] InputFrames - I:  0.00, D: 30.28, OutputFrames - I:  0.00, D: 29.95
28002604	[VERBOSE]	XnOpenNI.cpp	588	[FPS] Depth1 (I: 30.28, O: 29.61) ReadCalls: 29.89
28002651	[VERBOSE]	XnSensorFPS.cpp	86	[FPS] InputFrames - I:  0.00, D: 30.28, OutputFrames - I:  0.00, D: 29.61
29002637	[VERBOSE]	XnOpenNI.cpp	588	[FPS] Depth1 (I: 30.32, O: 29.65) ReadCalls: 29.89
29002684	[VERBOSE]	XnSensorFPS.cpp	86	[FPS] InputFrames - I:  0.00, D: 30.32, OutputFrames - I:  0.00, D: 29.65
30002724	[VERBOSE]	XnOpenNI.cpp	588	[FPS] Depth1 (I: 30.32, O: 29.65) ReadCalls: 29.90
30002788	[VERBOSE]	XnSensorFPS.cpp	86	[FPS] InputFrames - I:  0.00, D: 30.32, OutputFrames - I:  0.00, D: 29.65
31006633	[VERBOSE]	XnOpenNI.cpp	588	[FPS] Depth1 (I: 30.28, O: 29.95) ReadCalls: 30.18
31006679	[VERBOSE]	XnSensorFPS.cpp	86	[FPS] InputFrames - I:  0.00, D: 30.28, OutputFrames - I:  0.00, D: 29.95
32006846	[VERBOSE]	XnOpenNI.cpp	588	[FPS] Depth1 (I: 30.28, O: 29.94) ReadCalls: 29.84
32006916	[VERBOSE]	XnSensorFPS.cpp	86	[FPS] InputFrames - I:  0.00, D: 30.28, OutputFrames - I:  0.00, D: 29.94
33006668	[VERBOSE]	XnOpenNI.cpp	588	[FPS] Depth1 (I: 30.32, O: 29.99) ReadCalls: 30.20
33006751	[VERBOSE]	XnSensorFPS.cpp	86	[FPS] InputFrames - I:  0.00, D: 30.32, OutputFrames - I:  0.00, D: 29.99
34006726	[VERBOSE]	XnOpenNI.cpp	588	[FPS] Depth1 (I: 30.32, O: 29.99) ReadCalls: 30.22
34006774	[VERBOSE]	XnSensorFPS.cpp	86	[FPS] InputFrames - I:  0.00, D: 30.32, OutputFrames - I:  0.00, D: 29.99
35000795	[VERBOSE]	XnOpenNI.cpp	588	[FPS] Depth1 (I: 30.06, O: 30.08) ReadCalls: 30.34
35010668	[VERBOSE]	XnSensorFPS.cpp	86	[FPS] InputFrames - I:  0.00, D: 30.28, OutputFrames - I:  0.00, D: 29.95
36010785	[VERBOSE]	XnOpenNI.cpp	588	[FPS] Depth1 (I: 30.32, O: 29.99) ReadCalls: 29.88
36010841	[VERBOSE]	XnSensorFPS.cpp	86	[FPS] InputFrames - I:  0.00, D: 30.32, OutputFrames - I:  0.00, D: 29.98
37010779	[VERBOSE]	XnOpenNI.cpp	588	[FPS] Depth1 (I: 30.32, O: 29.99) ReadCalls: 29.84
37010828	[VERBOSE]	XnSensorFPS.cpp	86	[FPS] InputFrames - I:  0.00, D: 30.32, OutputFrames - I:  0.00, D: 29.99
38004465	[VERBOSE]	XnOpenNI.cpp	588	[FPS] Depth1 (I: 30.06, O: 30.06) ReadCalls: 30.44
38014651	[VERBOSE]	XnSensorFPS.cpp	86	[FPS] InputFrames - I:  0.00, D: 30.28, OutputFrames - I:  0.00, D: 30.00
39003489	[VERBOSE]	XnOpenNI.cpp	588	[FPS] Depth1 (I: 30.07, O: 30.29) ReadCalls: 30.63
39014703	[VERBOSE]	XnSensorFPS.cpp	86	[FPS] InputFrames - I:  0.00, D: 30.28, OutputFrames - I:  0.00, D: 30.18
40004094	[VERBOSE]	XnOpenNI.cpp	588	[FPS] Depth1 (I: 30.07, O: 30.29) ReadCalls: 30.65
40014742	[VERBOSE]	XnSensorFPS.cpp	86	[FPS] InputFrames - I:  0.00, D: 30.32, OutputFrames - I:  0.00, D: 30.18
41005409	[VERBOSE]	XnOpenNI.cpp	588	[FPS] Depth1 (I: 30.09, O: 30.09) ReadCalls: 30.34
41014858	[VERBOSE]	XnSensorFPS.cpp	86	[FPS] InputFrames - I:  0.00, D: 30.32, OutputFrames - I:  0.00, D: 29.99
42005482	[VERBOSE]	XnOpenNI.cpp	588	[FPS] Depth1 (I: 30.09, O: 30.09) ReadCalls: 30.33
42018759	[VERBOSE]	XnSensorFPS.cpp	86	[FPS] InputFrames - I:  0.00, D: 30.28, OutputFrames - I:  0.00, D: 29.95
43009381	[VERBOSE]	XnOpenNI.cpp	588	[FPS] Depth1 (I: 30.05, O: 30.05) ReadCalls: 30.28
43018749	[VERBOSE]	XnSensorFPS.cpp	86	[FPS] InputFrames - I:  0.00, D: 30.28, OutputFrames - I:  0.00, D: 29.95
44014167	[VERBOSE]	XnOpenNI.cpp	588	[FPS] Depth1 (I: 30.01, O: 30.01) ReadCalls: 30.24
44018869	[VERBOSE]	XnSensorFPS.cpp	86	[FPS] InputFrames - I:  0.00, D: 30.32, OutputFrames - I:  0.00, D: 29.99
45010254	[VERBOSE]	XnOpenNI.cpp	588	[FPS] Depth1 (I: 30.09, O: 30.09) ReadCalls: 30.32
45018864	[VERBOSE]	XnSensorFPS.cpp	86	[FPS] InputFrames - I:  0.00, D: 30.32, OutputFrames - I:  0.00, D: 29.99
45689920	[INFO]	XnOpenNI.cpp	1458	Destroying node 'Depth1'
45690008	[INFO]	XnDeviceBase.cpp	1507	Destroying stream 'Depth1'...
45690056	[VERBOSE]	XnFirmwareStreams.cpp	225	Stream Depth1 released FW Stream Depth
45691023	[VERBOSE]	XnDeviceBase.cpp	1531	'Depth1' stream destroyed.
45691101	[INFO]	XnOpenNI.cpp	1458	Destroying node 'Device1'
45691153	[VERBOSE]	XnProperty.cpp	74	Setting Firmware.Stream0Mode (5) to 0...
45704724	[VERBOSE]	XnProperty.cpp	101	Firmware.Stream0Mode (5) was successfully set.
45704775	[VERBOSE]	XnProperty.cpp	74	Setting Firmware.Stream1Mode (6) to 0...
46017151	[VERBOSE]	XnProperty.cpp	151	Property Firmware.Stream1Mode (6) was changed to 0.
46017191	[VERBOSE]	XnProperty.cpp	74	Setting Firmware.FrameSync (1) to 0...
46029260	[VERBOSE]	XnProperty.cpp	101	Firmware.FrameSync (1) was successfully set.
46029313	[VERBOSE]	XnProperty.cpp	101	Firmware.Stream1Mode (6) was successfully set.
46029327	[VERBOSE]	XnProperty.cpp	74	Setting Firmware.Stream2Mode (7) to 0...
46042385	[VERBOSE]	XnProperty.cpp	101	Firmware.Stream2Mode (7) was successfully set.
46042432	[VERBOSE]	XnDeviceSensorIO.cpp	301	Shutting down USB depth read thread...
46042453	[VERBOSE]	XnDeviceSensorIO.cpp	311	Shutting down USB image read thread...
46048098	[VERBOSE]	XnDeviceSensorIO.cpp	358	Device closed successfully
46049578	[VERBOSE]	XnDeviceSensorIO.cpp	301	Shutting down USB depth read thread...
46049623	[VERBOSE]	XnDeviceSensorIO.cpp	311	Shutting down USB image read thread...
46049634	[VERBOSE]	XnDeviceSensorIO.cpp	358	Device closed successfully
