     654	[INFO]	XnLog.cpp	161	OpenNI version is 1.1.0 (Build 41)-MacOSX (Jul  9 2011 14:48:28)
     709	[INFO]	XnLog.cpp	169	Log system initialized. Console: 1, File: 1, Severity: VERBOSE, Masks: ALL
     739	[INFO]	XnLog.cpp	169	Log system initialized. Console: 1, File: 1, Severity: VERBOSE, Masks: ALL
     858	[VERBOSE]	XnModuleLoader.cpp	288	Checking ./../../../data/openni/lib/libnimMockNodes.dylib...
    1077	[VERBOSE]	XnModuleLoader.cpp	446	Found exported production node. ProductionNode: OpenNI/Mock/1.1.0.41
    1129	[VERBOSE]	XnModuleLoader.cpp	446	Found exported production node. Generator: OpenNI/Mock/1.1.0.41
    1160	[VERBOSE]	XnModuleLoader.cpp	446	Found exported production node. MapGenerator: OpenNI/Mock/1.1.0.41
    1187	[VERBOSE]	XnModuleLoader.cpp	446	Found exported production node. Device: OpenNI/Mock/1.1.0.41
    1231	[VERBOSE]	XnModuleLoader.cpp	446	Found exported production node. Depth: OpenNI/Mock/1.1.0.41
    1262	[VERBOSE]	XnModuleLoader.cpp	446	Found exported production node. IR: OpenNI/Mock/1.1.0.41
    1290	[VERBOSE]	XnModuleLoader.cpp	446	Found exported production node. Image: OpenNI/Mock/1.1.0.41
    1327	[VERBOSE]	XnModuleLoader.cpp	446	Found exported production node. Audio: OpenNI/Mock/1.1.0.41
    1358	[VERBOSE]	XnModuleLoader.cpp	288	Checking ./../../../data/openni/lib/libnimCodecs.dylib...
    1470	[VERBOSE]	XnModuleLoader.cpp	446	Found exported production node. Codec: OpenNI/16zP/1.1.0.41
    1517	[VERBOSE]	XnModuleLoader.cpp	446	Found exported production node. Codec: OpenNI/16zT/1.1.0.41
    1543	[VERBOSE]	XnModuleLoader.cpp	446	Found exported production node. Codec: OpenNI/Im8z/1.1.0.41
    1566	[VERBOSE]	XnModuleLoader.cpp	446	Found exported production node. Codec: OpenNI/JPEG/1.1.0.41
    1588	[VERBOSE]	XnModuleLoader.cpp	446	Found exported production node. Codec: OpenNI/NONE/1.1.0.41
    1610	[VERBOSE]	XnModuleLoader.cpp	288	Checking ./../../../data/openni/lib/libnimRecorder.dylib...
    1714	[VERBOSE]	XnModuleLoader.cpp	446	Found exported production node. Recorder: OpenNI/Recorder/1.1.0.41
    1751	[VERBOSE]	XnModuleLoader.cpp	446	Found exported production node. Player: OpenNI/Player/1.1.0.41
    1775	[VERBOSE]	XnModuleLoader.cpp	288	Checking ./../../../data/openni/lib/libXnDeviceSensorV2KM.dylib...
    1886	[VERBOSE]	XnModuleLoader.cpp	446	Found exported production node. Device: PrimeSense/SensorKinect/5.0.1.32
    1935	[VERBOSE]	XnModuleLoader.cpp	446	Found exported production node. Depth: PrimeSense/SensorKinect/5.0.1.32
    1967	[VERBOSE]	XnModuleLoader.cpp	446	Found exported production node. Image: PrimeSense/SensorKinect/5.0.1.32
    1996	[VERBOSE]	XnModuleLoader.cpp	446	Found exported production node. IR: PrimeSense/SensorKinect/5.0.1.32
    2026	[VERBOSE]	XnModuleLoader.cpp	446	Found exported production node. Audio: PrimeSense/SensorKinect/5.0.1.32
    2051	[VERBOSE]	XnModuleLoader.cpp	288	Checking ./../../../data/openni/lib/libXnVFeatures_1_3_1.dylib...
    2159	[VERBOSE]	XnModuleLoader.cpp	446	Found exported production node. Scene: PrimeSense/XnVSceneAnalyzer/1.3.1.4
    2205	[VERBOSE]	XnModuleLoader.cpp	446	Found exported production node. User: PrimeSense/XnVSkeletonGenerator/1.3.1.4
    2242	[VERBOSE]	XnModuleLoader.cpp	288	Checking ./../../../data/openni/lib/libXnVHandGenerator_1_3_1.dylib...
    2359	[VERBOSE]	XnModuleLoader.cpp	446	Found exported production node. Gesture: PrimeSense/XnVGestureGenrator/1.3.1.4
    2400	[VERBOSE]	XnModuleLoader.cpp	446	Found exported production node. Hands: PrimeSense/XnVHandTracker/1.3.1.4
    2683	[VERBOSE]	XnXmlConfig.cpp	736	Requested to create a node of type Depth...
    2760	[VERBOSE]	XnUSBLinux-x86.cpp	83	Initializing USB...
    3278	[INFO]	XnUSBLinux-x86.cpp	94	USB is initialized.
 1528198	[INFO]	XnOpenNI.cpp	1258	Creating node 'Device1' of type Device: PrimeSense/SensorKinect/5.0.1.32...
 1528522	[VERBOSE]	XnSensor.cpp	837	Global configuration file './../../../data/openni/config//GlobalDefaultsKinect.ini' was not found.
 1528546	[VERBOSE]	XnSensor.cpp	157	Initializing device sensor...
 1528621	[VERBOSE]	XnDeviceModule.cpp	417	Configuring module 'Device' from section 'Device' in file './../../../data/openni/config//GlobalDefaultsKinect.ini'...
 1528738	[INFO]	XnDeviceModule.cpp	431	Module 'Device' configuration was loaded from file.
 1528790	[VERBOSE]	XnDeviceSensorIO.cpp	76	Connecting to USB device...
 1528804	[VERBOSE]	XnDeviceSensorIO.cpp	94	Trying to open sensor '045e/02ae@250/10'...
 1983409	[VERBOSE]	XnDeviceSensorIO.cpp	107	Trying to open endpoint 0x4 for control out (for old firmwares)...
 1983456	[INFO]	XnDeviceSensorIO.cpp	128	Connected to USB device
 1983482	[INFO]	XnProperty.cpp	151	Property Device.USBPath was changed to 045e/02ae@250/10.
 1990979	[VERBOSE]	XnHostProtocol.cpp	706	Getting hardware versions...
 1992238	[INFO]	XnHostProtocol.cpp	859	Hardware versions: FW=5.1.4 (7) HW=4 Chip=2 Sensor=4 SYS=7
 2004639	[VERBOSE]	XnHostProtocol.cpp	869	Requesting KeepAlive...
 2017032	[VERBOSE]	XnHostProtocol.cpp	880	Got KeepAlive Reply.
 2017080	[VERBOSE]	XnHostProtocol.cpp	1156	Setting mode to 3...
 2829636	[VERBOSE]	XnHostProtocol.cpp	869	Requesting KeepAlive...
 2842109	[VERBOSE]	XnHostProtocol.cpp	880	Got KeepAlive Reply.
 2854445	[VERBOSE]	XnProperty.cpp	151	Property Firmware.ReferenceResolution was changed to 2.
 2854489	[VERBOSE]	XnSensorFirmwareParams.cpp	282	Reading all params from firmware...
 2928530	[VERBOSE]	XnProperty.cpp	151	Property Firmware.DepthHoleFilter (22) was changed to 1.
 2928564	[VERBOSE]	XnProperty.cpp	151	Property Firmware.ImageSharpness (76) was changed to 50.
 2953325	[VERBOSE]	XnProperty.cpp	151	Property Firmware.DepthGain (21) was changed to 30.
 2965704	[VERBOSE]	XnProperty.cpp	151	Property Firmware.GMCMode (36) was changed to 1.
 2990421	[VERBOSE]	XnProperty.cpp	151	Property Firmware.DepthFPS (20) was changed to 30.
 3002844	[VERBOSE]	XnProperty.cpp	151	Property Firmware.DepthWhiteBalance (45) was changed to 1.
 3015345	[VERBOSE]	XnProperty.cpp	151	Property Firmware.DepthResolution (19) was changed to 1.
 3027700	[VERBOSE]	XnProperty.cpp	151	Property Firmware.DepthFormat (18) was changed to 3.
 3175484	[VERBOSE]	XnProperty.cpp	151	Property Firmware.ImageFlicker (17) was changed to 1.
 3225494	[VERBOSE]	XnProperty.cpp	151	Property Firmware.ImageFPS (14) was changed to 30.
 3250713	[VERBOSE]	XnProperty.cpp	151	Property Firmware.ImageResolution (13) was changed to 1.
 3387228	[VERBOSE]	XnSensorFirmwareParams.cpp	291	Firmware params were updated.
 3387289	[VERBOSE]	XnHostProtocol.cpp	989	Getting the fixed params...
 3400238	[VERBOSE]	XnSensorFixedParams.cpp	54	Sensor serial number: 0
 3400287	[INFO]	XnProperty.cpp	151	Property Device.PhysicalDeviceName was changed to PrimeSense Sensor.
 3400303	[INFO]	XnProperty.cpp	151	Property Device.ID was changed to 0.
 3400335	[INFO]	XnSensor.cpp	185	Device sensor initialized
 3400446	[INFO]	XnOpenNI.cpp	1258	Creating node 'Depth1' of type Depth: PrimeSense/SensorKinect/5.0.1.32...
 3400495	[INFO]	XnDeviceBase.cpp	1383	Creating stream 'Depth1' of type 'Depth'...
 3400517	[INFO]	XnProperty.cpp	74	Setting Device.ReadData to 1...
 3400534	[VERBOSE]	XnDeviceSensorIO.cpp	160	Opening endpoints...
 3400550	[VERBOSE]	XnDeviceSensorIO.cpp	170	Opening endpoint 0x81 for depth...
 3400576	[VERBOSE]	XnDeviceSensorIO.cpp	194	Depth endpoint is isochronous.
 3400597	[VERBOSE]	XnDeviceSensorIO.cpp	220	Opening endpoint 0x82 for image...
 3400620	[VERBOSE]	XnDeviceSensorIO.cpp	233	Image endpoint is isochronous.
 3400637	[VERBOSE]	XnDeviceSensorIO.cpp	250	Opening endpoint 0x83 for misc...
 3400655	[VERBOSE]	XnDeviceSensorIO.cpp	264	Misc endpoint is not supported...
 3400670	[INFO]	XnDeviceSensorIO.cpp	291	Endpoints open
 3400684	[VERBOSE]	XnHostProtocol.cpp	1203	Getting algorithm params 0x80 for resolution 0 and fps 0....
 3413053	[INFO]	XnProperty.cpp	151	Property Device.ReadData was changed to 1.
 3413093	[INFO]	XnProperty.cpp	101	Device.ReadData was successfully set.
 3413241	[VERBOSE]	XnDeviceBase.cpp	1419	Initializing stream 'Depth1'...
 3413425	[INFO]	XnProperty.cpp	151	Property Depth1.FPS was changed to 30.
 3413444	[INFO]	XnProperty.cpp	151	Property Depth1.OutputFormat was changed to 1.
 3413494	[INFO]	XnProperty.cpp	151	Property Depth1.BytesPerPixel was changed to 2.
 3413507	[INFO]	XnProperty.cpp	151	Property Depth1.RequiredDataSize was changed to 614400.
 3413529	[INFO]	XnProperty.cpp	151	Property Depth1.ParamCoeff was changed to 4.
 3413597	[INFO]	XnProperty.cpp	151	Property Depth1.ShiftScale was changed to 10.
 3413659	[VERBOSE]	XnHostProtocol.cpp	1203	Getting algorithm params 0x0 for resolution 1 and fps 30....
 3426142	[INFO]	XnProperty.cpp	151	Property Depth1.ConstShift was changed to 200.
 3426289	[INFO]	XnProperty.cpp	151	Property Depth1.ZPD was changed to 120.
 3426447	[INFO]	XnProperty.cpp	151	Property Depth1.ZPPS was changed to 0.104200.
 3426473	[INFO]	XnProperty.cpp	151	Property Depth1.LDDIS was changed to 7.500000.
 3426615	[INFO]	XnProperty.cpp	151	Property Depth1.Gain was changed to 30.
 3426656	[INFO]	XnProperty.cpp	151	Property Depth1.SupportedModesCount was changed to 9.
 3426687	[INFO]	XnDeviceBase.cpp	1458	Stream 'Depth1' was initialized.
 3426702	[INFO]	XnDeviceBase.cpp	1463	'Depth1' stream was created.
 3426719	[VERBOSE]	XnDeviceModule.cpp	417	Configuring module 'Depth1' from section 'Depth' in file './../../../data/openni/config//GlobalDefaultsKinect.ini'...
 3426924	[INFO]	XnDeviceModule.cpp	431	Module 'Depth1' configuration was loaded from file.
 3427117	[VERBOSE]	XnDeviceBase.cpp	359	Opening stream Depth1...
 3427158	[VERBOSE]	XnFirmwareStreams.cpp	202	FW Stream Depth was claimed by Depth1
 3427176	[VERBOSE]	XnSensorDepthStream.cpp	336	Creating USB depth read thread...
 3427191	[VERBOSE]	XnUSBLinux-x86.cpp	104	Starting libusb asynch thread...
 3427555	[WARNING]	Linux-x86Threads.cpp	166	Failed to set thread priority: Invalid argument
 3427580	[WARNING]	XnUSBLinux-x86.cpp	122	USB events thread: Failed to set thread priority to critical. This might cause loss of data...
 3427644	[VERBOSE]	XnUSBLinux-x86.cpp	1128	Starting a USB read thread...
 3428601	[INFO]	XnUSBLinux-x86.cpp	1220	USB read thread was started.
 3428650	[INFO]	XnProperty.cpp	151	Property Depth1.ActualReadData was changed to 1.
 3428684	[VERBOSE]	XnProperty.cpp	74	Setting Firmware.DepthFormat (18) to 3...
 3441018	[VERBOSE]	XnProperty.cpp	101	Firmware.DepthFormat (18) was successfully set.
 3441080	[VERBOSE]	XnProperty.cpp	74	Setting Firmware.DepthResolution (19) to 1...
 3453390	[VERBOSE]	XnProperty.cpp	101	Firmware.DepthResolution (19) was successfully set.
 3453445	[VERBOSE]	XnProperty.cpp	74	Setting Firmware.DepthFPS (20) to 30...
 3465682	[VERBOSE]	XnProperty.cpp	101	Firmware.DepthFPS (20) was successfully set.
 3465741	[VERBOSE]	XnProperty.cpp	74	Setting Firmware.DepthHoleFilter (22) to 1...
 3477923	[VERBOSE]	XnProperty.cpp	101	Firmware.DepthHoleFilter (22) was successfully set.
 3477967	[VERBOSE]	XnProperty.cpp	74	Setting Firmware.DepthGain (21) to 30...
 3490147	[VERBOSE]	XnProperty.cpp	101	Firmware.DepthGain (21) was successfully set.
 3490201	[VERBOSE]	XnProperty.cpp	74	Setting Firmware.DepthDecimation (24) to 0...
 3502290	[VERBOSE]	XnProperty.cpp	101	Firmware.DepthDecimation (24) was successfully set.
 3502349	[VERBOSE]	XnProperty.cpp	74	Setting Firmware.Registration (2) to 0...
 3514410	[VERBOSE]	XnProperty.cpp	101	Firmware.Registration (2) was successfully set.
 3514492	[VERBOSE]	XnProperty.cpp	74	Setting Firmware.DepthMirror (23) to 0...
 3526542	[VERBOSE]	XnProperty.cpp	101	Firmware.DepthMirror (23) was successfully set.
 3526585	[VERBOSE]	XnProperty.cpp	74	Setting Firmware.GMCMode (36) to 1...
 3538773	[VERBOSE]	XnProperty.cpp	101	Firmware.GMCMode (36) was successfully set.
 3538825	[VERBOSE]	XnProperty.cpp	74	Setting Firmware.DepthWhiteBalance (45) to 1...
 3551040	[VERBOSE]	XnProperty.cpp	101	Firmware.DepthWhiteBalance (45) was successfully set.
 3551095	[VERBOSE]	XnHostProtocol.cpp	1203	Getting algorithm params 0x6 for resolution 1 and fps 30....
 3575237	[VERBOSE]	XnFirmwareStreams.cpp	284	Firmware stream 'Depth' processor was replaced.
 3575286	[VERBOSE]	XnProperty.cpp	74	Setting Firmware.Stream1Mode (6) to 2...
 3676503	[VERBOSE]	XnOpenNI.cpp	588	[FPS] Depth1 (I:  0.00, O:  0.00) ReadCalls:  0.00
 3676597	[VERBOSE]	XnSensorFPS.cpp	86	[FPS] InputFrames - I:  0.00, D:  0.00, OutputFrames - I:  0.00, D:  0.00
 3887391	[VERBOSE]	XnProperty.cpp	151	Property Firmware.Stream1Mode (6) was changed to 2.
 3887454	[VERBOSE]	XnProperty.cpp	74	Setting Firmware.FrameSync (1) to 0...
 3899758	[VERBOSE]	XnProperty.cpp	101	Firmware.FrameSync (1) was successfully set.
 3899803	[VERBOSE]	XnProperty.cpp	101	Firmware.Stream1Mode (6) was successfully set.
 3899825	[VERBOSE]	XnProperty.cpp	74	Setting Firmware.DepthCropEnabled (55) to 0...
 3912145	[VERBOSE]	XnProperty.cpp	101	Firmware.DepthCropEnabled (55) was successfully set.
 3912202	[INFO]	XnProperty.cpp	151	Property Depth1.State was changed to 1.
 3912223	[INFO]	XnDeviceBase.cpp	370	Stream Depth1 is open.
 4001662	[VERBOSE]	XnOpenNI.cpp	588	[FPS] Depth1 (I: 30.75, O:  0.00) ReadCalls:  0.00
 4001755	[VERBOSE]	XnSensorFPS.cpp	86	[FPS] InputFrames - I:  0.00, D: 30.75, OutputFrames - I:  0.00, D:  0.00
 5008542	[VERBOSE]	XnOpenNI.cpp	588	[FPS] Depth1 (I: 30.78, O: 26.82) ReadCalls: 27.81
 5008594	[VERBOSE]	XnSensorFPS.cpp	86	[FPS] InputFrames - I:  0.00, D: 30.78, OutputFrames - I:  0.00, D: 26.82
 6001314	[VERBOSE]	XnOpenNI.cpp	588	[FPS] Depth1 (I: 30.11, O: 28.51) ReadCalls: 29.00
 6012556	[VERBOSE]	XnSensorFPS.cpp	86	[FPS] InputFrames - I:  0.00, D: 30.39, OutputFrames - I:  0.00, D: 28.35
 6873462	[WARNING]	XnUSBLinux-x86.cpp	1076	Endpoint 0x82, Buffer 15: Asynch transfer failed (status: 1)
 6877572	[WARNING]	XnDepthProcessor.cpp	133	Read: Depth buffer is corrupt. Size is 219712 (!= 614400)
 6877623	[WARNING]	XnFrameStreamProcessor.cpp	138	Depth frame is corrupt!
 7000446	[VERBOSE]	XnOpenNI.cpp	588	[FPS] Depth1 (I: 29.41, O: 28.35) ReadCalls: 28.68
 7013509	[VERBOSE]	XnSensorFPS.cpp	86	[FPS] InputFrames - I:  0.00, D: 29.60, OutputFrames - I:  0.00, D: 29.33
 8004194	[VERBOSE]	XnOpenNI.cpp	588	[FPS] Depth1 (I: 29.38, O: 29.38) ReadCalls: 29.73
 8013563	[VERBOSE]	XnSensorFPS.cpp	86	[FPS] InputFrames - I:  0.00, D: 29.64, OutputFrames - I:  0.00, D: 29.30
 9002994	[VERBOSE]	XnOpenNI.cpp	588	[FPS] Depth1 (I: 29.43, O: 29.43) ReadCalls: 29.74
 9013572	[VERBOSE]	XnSensorFPS.cpp	86	[FPS] InputFrames - I:  0.00, D: 29.64, OutputFrames - I:  0.00, D: 29.30
10005267	[VERBOSE]	XnOpenNI.cpp	588	[FPS] Depth1 (I: 30.08, O: 30.08) ReadCalls: 30.41
10013609	[VERBOSE]	XnSensorFPS.cpp	86	[FPS] InputFrames - I:  0.00, D: 30.32, OutputFrames - I:  0.00, D: 29.99
11003180	[VERBOSE]	XnOpenNI.cpp	588	[FPS] Depth1 (I: 30.10, O: 30.10) ReadCalls: 30.45
11017556	[VERBOSE]	XnSensorFPS.cpp	86	[FPS] InputFrames - I:  0.00, D: 30.28, OutputFrames - I:  0.00, D: 29.97
12010832	[VERBOSE]	XnOpenNI.cpp	588	[FPS] Depth1 (I: 30.03, O: 30.03) ReadCalls: 30.25
12017616	[VERBOSE]	XnSensorFPS.cpp	86	[FPS] InputFrames - I:  0.00, D: 30.32, OutputFrames - I:  0.00, D: 29.99
13008268	[VERBOSE]	XnOpenNI.cpp	588	[FPS] Depth1 (I: 30.05, O: 30.05) ReadCalls: 30.27
13017635	[VERBOSE]	XnSensorFPS.cpp	86	[FPS] InputFrames - I:  0.00, D: 30.32, OutputFrames - I:  0.00, D: 29.99
14009649	[VERBOSE]	XnOpenNI.cpp	588	[FPS] Depth1 (I: 30.08, O: 30.08) ReadCalls: 30.32
14021579	[VERBOSE]	XnSensorFPS.cpp	86	[FPS] InputFrames - I:  0.00, D: 30.28, OutputFrames - I:  0.00, D: 29.95
15008715	[VERBOSE]	XnOpenNI.cpp	588	[FPS] Depth1 (I: 30.09, O: 30.09) ReadCalls: 30.31
15021638	[VERBOSE]	XnSensorFPS.cpp	86	[FPS] InputFrames - I:  0.00, D: 30.28, OutputFrames - I:  0.00, D: 29.95
16015054	[VERBOSE]	XnOpenNI.cpp	588	[FPS] Depth1 (I: 30.03, O: 30.03) ReadCalls: 30.27
16021624	[VERBOSE]	XnSensorFPS.cpp	86	[FPS] InputFrames - I:  0.00, D: 30.32, OutputFrames - I:  0.00, D: 29.99
17012667	[VERBOSE]	XnOpenNI.cpp	588	[FPS] Depth1 (I: 30.09, O: 30.09) ReadCalls: 30.34
17021709	[VERBOSE]	XnSensorFPS.cpp	86	[FPS] InputFrames - I:  0.00, D: 30.32, OutputFrames - I:  0.00, D: 29.99
18015104	[VERBOSE]	XnOpenNI.cpp	588	[FPS] Depth1 (I: 30.07, O: 30.07) ReadCalls: 30.32
18025628	[VERBOSE]	XnSensorFPS.cpp	86	[FPS] InputFrames - I:  0.00, D: 30.28, OutputFrames - I:  0.00, D: 29.95
19016481	[VERBOSE]	XnOpenNI.cpp	588	[FPS] Depth1 (I: 30.05, O: 30.05) ReadCalls: 30.30
19025673	[VERBOSE]	XnSensorFPS.cpp	86	[FPS] InputFrames - I:  0.00, D: 30.28, OutputFrames - I:  0.00, D: 29.95
20019502	[VERBOSE]	XnOpenNI.cpp	588	[FPS] Depth1 (I: 30.02, O: 30.02) ReadCalls: 30.28
20025735	[VERBOSE]	XnSensorFPS.cpp	86	[FPS] InputFrames - I:  0.00, D: 30.33, OutputFrames - I:  0.00, D: 29.99
21016612	[VERBOSE]	XnOpenNI.cpp	588	[FPS] Depth1 (I: 30.09, O: 30.09) ReadCalls: 30.33
21025752	[VERBOSE]	XnSensorFPS.cpp	86	[FPS] InputFrames - I:  0.00, D: 30.32, OutputFrames - I:  0.00, D: 29.99
22018099	[VERBOSE]	XnOpenNI.cpp	588	[FPS] Depth1 (I: 30.08, O: 30.08) ReadCalls: 30.33
22029695	[VERBOSE]	XnSensorFPS.cpp	86	[FPS] InputFrames - I:  0.00, D: 30.28, OutputFrames - I:  0.00, D: 29.95
23020613	[VERBOSE]	XnOpenNI.cpp	588	[FPS] Depth1 (I: 30.05, O: 30.05) ReadCalls: 30.32
23029726	[VERBOSE]	XnSensorFPS.cpp	86	[FPS] InputFrames - I:  0.00, D: 30.28, OutputFrames - I:  0.00, D: 29.95
24023724	[VERBOSE]	XnOpenNI.cpp	588	[FPS] Depth1 (I: 30.02, O: 30.02) ReadCalls: 30.30
24029763	[VERBOSE]	XnSensorFPS.cpp	86	[FPS] InputFrames - I:  0.00, D: 30.32, OutputFrames - I:  0.00, D: 29.99
25020766	[VERBOSE]	XnOpenNI.cpp	588	[FPS] Depth1 (I: 30.09, O: 30.09) ReadCalls: 30.35
25029792	[VERBOSE]	XnSensorFPS.cpp	86	[FPS] InputFrames - I:  0.00, D: 30.32, OutputFrames - I:  0.00, D: 29.99
25933431	[INFO]	XnOpenNI.cpp	1458	Destroying node 'Depth1'
25933515	[INFO]	XnDeviceBase.cpp	1507	Destroying stream 'Depth1'...
25933559	[VERBOSE]	XnFirmwareStreams.cpp	225	Stream Depth1 released FW Stream Depth
25934444	[VERBOSE]	XnDeviceBase.cpp	1531	'Depth1' stream destroyed.
25934514	[INFO]	XnOpenNI.cpp	1458	Destroying node 'Device1'
25934561	[VERBOSE]	XnProperty.cpp	74	Setting Firmware.Stream0Mode (5) to 0...
25947958	[VERBOSE]	XnProperty.cpp	101	Firmware.Stream0Mode (5) was successfully set.
25948011	[VERBOSE]	XnProperty.cpp	74	Setting Firmware.Stream1Mode (6) to 0...
26260420	[VERBOSE]	XnProperty.cpp	151	Property Firmware.Stream1Mode (6) was changed to 0.
26260460	[VERBOSE]	XnProperty.cpp	74	Setting Firmware.FrameSync (1) to 0...
26272530	[VERBOSE]	XnProperty.cpp	101	Firmware.FrameSync (1) was successfully set.
26272581	[VERBOSE]	XnProperty.cpp	101	Firmware.Stream1Mode (6) was successfully set.
26272602	[VERBOSE]	XnProperty.cpp	74	Setting Firmware.Stream2Mode (7) to 0...
26285651	[VERBOSE]	XnProperty.cpp	101	Firmware.Stream2Mode (7) was successfully set.
26285702	[VERBOSE]	XnDeviceSensorIO.cpp	301	Shutting down USB depth read thread...
26285723	[VERBOSE]	XnDeviceSensorIO.cpp	311	Shutting down USB image read thread...
26294682	[VERBOSE]	XnDeviceSensorIO.cpp	358	Device closed successfully
26296367	[VERBOSE]	XnDeviceSensorIO.cpp	301	Shutting down USB depth read thread...
26296409	[VERBOSE]	XnDeviceSensorIO.cpp	311	Shutting down USB image read thread...
26296424	[VERBOSE]	XnDeviceSensorIO.cpp	358	Device closed successfully
